Log file open, 04/10/16 15:51:25
LogInit:Display: Running engine for game: ELECTRONICASSETS
LogPlatformFile: Not using cached read wrapper
LogInit:Display: RandInit(-278331314) SRandInit(-278331309).
LogTaskGraph: Started task graph with 4 named threads and 5 total threads.
LogStats: Stats thread started at 0.122916
LogInit: Version: 4.11.1-2934540+++UE4+Release-4.11
LogInit: API Version: 2927265
LogInit: Compiled (64-bit): Apr  6 2016 02:14:16
LogInit: Compiled with Visual C++: 19.00.23026.00
LogInit: Build Configuration: Development
LogInit: Branch Name: ++UE4+Release-4.11
LogInit: Command line: -EpicPortal 
LogInit: Base directory: C:/Program Files (x86)/Epic Games/4.11/Engine/Binaries/Win64/
LogInit: Installed Engine Build: 1
LogInit: Using libcurl 7.41.0
LogInit:  - built for x86_64-pc-win32
LogInit:  - supports SSL with WinSSL
LogInit:  - other features:
LogInit:      CURL_VERSION_SSL
LogInit:      CURL_VERSION_IPV6
LogInit:      CURL_VERSION_ASYNCHDNS
LogInit:      CURL_VERSION_LARGEFILE
LogInit:      CURL_VERSION_IDN
LogInit:  CurlRequestOptions (configurable via config and command line):
LogInit:  - bVerifyPeer = true  - Libcurl will verify peer certificate
LogInit:  - bUseHttpProxy = false  - Libcurl will NOT use HTTP proxy
LogInit:  - bDontReuseConnections = false  - Libcurl will reuse connections
LogInit:  - CertBundlePath = nullptr  - Libcurl will use whatever was configured at build time.
LogInit: Presizing for max 16777216 objects, including 0 objects not considered by GC, pre-allocating 0 bytes for permanent pool.
LogInit: Object subsystem initialized
[2016.04.10-20.51.25:748][  0]LogInit: Selected Device Profile: [Windows]
[2016.04.10-20.51.25:748][  0]LogInit: Applying CVar settings loaded from the selected device profile: [Windows]
[2016.04.10-20.51.25:809][  0]LogInit: Computer: ISOQA
[2016.04.10-20.51.25:809][  0]LogInit: User: 3c0z
[2016.04.10-20.51.25:809][  0]LogInit: CPU Page size=65536, Cores=2
[2016.04.10-20.51.25:809][  0]LogInit: High frequency timer resolution =2.539091 MHz
[2016.04.10-20.51.25:810][  0]LogMemory: Memory total: Physical=4.0GB (4GB approx)
[2016.04.10-20.51.25:810][  0]LogMemory: Platform Memory Stats for Windows
[2016.04.10-20.51.25:810][  0]LogMemory: Process Physical Memory: 311.92 MB used, 311.92 MB peak
[2016.04.10-20.51.25:810][  0]LogMemory: Process Virtual Memory: 316.00 MB used, 316.00 MB peak
[2016.04.10-20.51.25:810][  0]LogMemory: Physical Memory: 3177.93 MB used, 4094.49 MB total
[2016.04.10-20.51.25:810][  0]LogMemory: Virtual Memory: 619.42 MB used, 8388608.00 MB total
[2016.04.10-20.51.26:088][  0]LogTextLocalizationManager: No specific translations for ('es-MX') exist, so ('es') translations will be used.
[2016.04.10-20.51.27:780][  0]LogD3D11RHI: D3D11 adapters:
[2016.04.10-20.51.27:862][  0]LogD3D11RHI:    0. 'NVIDIA GeForce GTX 750 Ti' (Feature Level 11_0)
[2016.04.10-20.51.27:862][  0]LogD3D11RHI:       1993MB of dedicated video memory, 0MB of dedicated system memory, and 1791MB of shared system memory, 1 output[s]
[2016.04.10-20.51.27:862][  0]LogD3D11RHI: Chosen D3D11 Adapter: 0
[2016.04.10-20.51.27:876][  0]LogD3D11RHI: Creating new Direct3DDevice
[2016.04.10-20.51.27:877][  0]LogD3D11RHI:     Adapter Name: NVIDIA GeForce GTX 750 Ti
[2016.04.10-20.51.27:877][  0]LogD3D11RHI:   Driver Version: Unknown (internal Unknown)
[2016.04.10-20.51.27:877][  0]LogD3D11RHI:      Driver Date: Unknown
[2016.04.10-20.51.27:877][  0]LogRHI: Texture pool is 1361 MB (70% of 1945 MB)
[2016.04.10-20.51.28:018][  0]LogD3D11RHI: Async texture creation enabled
[2016.04.10-20.51.28:198][  0]LogShaderCompilers: Guid format shader working directory is -35 characters bigger than the processId version (../../../../../../Users/3c0z/Documents/GitHub/UnrealAssets/ELECTRONICASSETS 4.11/Intermediate/Shaders/WorkingDirectory/4608/).
[2016.04.10-20.51.28:198][  0]LogShaderCompilers: Cleaned the shader compiler working directory 'C:/Users/3c0z/AppData/Local/Temp/UnrealShaderWorkingDir/8C6323114103A39D0829B097B64D28EC/'.
[2016.04.10-20.51.28:198][  0]LogShaderCompilers:Display: Using Local Shader Compiler.
[2016.04.10-20.51.38:093][  0]LogTemp:Display: Loaded TP AllDesktopTargetPlatform
[2016.04.10-20.51.38:101][  0]LogTemp:Display: Loaded TP WindowsClientTargetPlatform
[2016.04.10-20.51.38:114][  0]LogTemp:Display: Loaded TP WindowsNoEditorTargetPlatform
[2016.04.10-20.51.38:128][  0]LogTemp:Display: Loaded TP WindowsServerTargetPlatform
[2016.04.10-20.51.38:135][  0]LogTemp:Display: Loaded TP WindowsTargetPlatform
[2016.04.10-20.51.38:143][  0]LogTemp:Display: Loaded TP AndroidTargetPlatform
[2016.04.10-20.51.38:149][  0]LogTemp:Display: Loaded TP Android_ASTCTargetPlatform
[2016.04.10-20.51.38:158][  0]LogTemp:Display: Loaded TP Android_ATCTargetPlatform
[2016.04.10-20.51.38:167][  0]LogTemp:Display: Loaded TP Android_DXTTargetPlatform
[2016.04.10-20.51.38:175][  0]LogTemp:Display: Loaded TP Android_ETC1TargetPlatform
[2016.04.10-20.51.38:182][  0]LogTemp:Display: Loaded TP Android_ETC2TargetPlatform
[2016.04.10-20.51.38:199][  0]LogTemp:Display: Loaded TP Android_MultiTargetPlatform
[2016.04.10-20.51.38:199][  0]LogTemp:Display: Loaded TP Android_PVRTCTargetPlatform
[2016.04.10-20.51.38:201][  0]LogTemp:Display: Loaded TP HTML5TargetPlatform
[2016.04.10-20.51.38:224][  0]LogTemp:Display: Loaded TP IOSTargetPlatform
[2016.04.10-20.51.38:230][  0]LogTemp:Display: Loaded TP TVOSTargetPlatform
[2016.04.10-20.51.38:236][  0]LogTemp:Display: Loaded TP LinuxNoEditorTargetPlatform
[2016.04.10-20.51.38:243][  0]LogTemp:Display: Loaded TP LinuxServerTargetPlatform
[2016.04.10-20.51.38:251][  0]LogTemp:Display: Loaded TP LinuxTargetPlatform
[2016.04.10-20.51.38:251][  0]LogTargetPlatformManager:Display: Building Assets For Windows
[2016.04.10-20.51.38:465][  0]LogDerivedDataCache:Display: Max Cache Size: 512 MB
[2016.04.10-20.51.38:737][  0]LogDerivedDataCache: Loaded boot cache 0.27s 58MB C:/Users/3c0z/AppData/Local/UnrealEngine/4.11/DerivedDataCache/Boot.ddc.
[2016.04.10-20.51.38:737][  0]LogDerivedDataCache:Display: Loaded Boot cache: C:/Users/3c0z/AppData/Local/UnrealEngine/4.11/DerivedDataCache/Boot.ddc
[2016.04.10-20.51.38:737][  0]LogDerivedDataCache: FDerivedDataBackendGraph:  Pak pak cache file ../../../../../../Users/3c0z/Documents/GitHub/UnrealAssets/ELECTRONICASSETS 4.11/DerivedDataCache/DDC.ddp not found, will not use a pak cache.
[2016.04.10-20.51.38:737][  0]LogDerivedDataCache: Unable to find inner node Pak for hierarchical cache Hierarchy.
[2016.04.10-20.51.38:738][  0]LogDerivedDataCache: FDerivedDataBackendGraph:  CompressedPak pak cache file ../../../../../../Users/3c0z/Documents/GitHub/UnrealAssets/ELECTRONICASSETS 4.11/DerivedDataCache/Compressed.ddp not found, will not use a pak cache.
[2016.04.10-20.51.38:738][  0]LogDerivedDataCache: Unable to find inner node CompressedPak for hierarchical cache Hierarchy.
[2016.04.10-20.51.38:797][  0]LogDerivedDataCache:Display: Pak cache opened for reading ../../../Engine/DerivedDataCache/Compressed.ddp.
[2016.04.10-20.51.38:811][  0]LogDerivedDataCache: Using Local data cache path C:/Users/3c0z/AppData/Local/UnrealEngine/Common/DerivedDataCache: Writable
[2016.04.10-20.51.39:536][  0]LogInit: Selected Device Profile: [Windows]
[2016.04.10-20.51.39:616][  0]LogContentStreaming: Texture pool size is 0.00 MB
[2016.04.10-20.51.39:748][  0]LogMaterial: Uniform references updated for custom material expression Custom.
[2016.04.10-20.51.40:922][  0]LogMeshUtilities: No automatic mesh reduction module available
[2016.04.10-20.51.40:922][  0]LogMeshUtilities: No automatic mesh merging module available
[2016.04.10-20.51.40:922][  0]LogMeshUtilities: No distributed automatic mesh merging module available
[2016.04.10-20.51.44:978][  0]LogUObjectArray: 27678 objects as part of root set at end of initial load.
[2016.04.10-20.51.44:978][  0]LogUObjectAllocator: 5591392 out of 0 bytes used by permanent object pool.
[2016.04.10-20.51.44:978][  0]LogUObjectArray: CloseDisregardForGC: 0/0 objects in disregard for GC pool
[2016.04.10-20.51.45:014][  0]LogInit: WinSock: version 1.1 (2.2), MaxSocks=32767, MaxUdp=65467
[2016.04.10-20.51.45:290][  0]LogSlate: SlateFontCache - WITH_FREETYPE: 1, WITH_HARFBUZZ: 1
[2016.04.10-20.51.45:290][  0]LogSlate: SlateFontCache - WITH_FREETYPE: 1, WITH_HARFBUZZ: 1
[2016.04.10-20.51.45:684][  0]LogStreaming:Warning: Failed to read file '../../../Engine/Content/Editor/Slate/Common/Selection_16x.png' error.
[2016.04.10-20.51.45:684][  0]LogSlate: Could not find file for Slate resource: ../../../Engine/Content/Editor/Slate/Common/Selection_16x.png
[2016.04.10-20.51.45:684][  0]LogStreaming:Warning: Failed to read file '../../../Engine/Content/Editor/Slate/Common/Selection_16x.png' error.
[2016.04.10-20.51.45:684][  0]LogSlate: Could not find file for Slate resource: ../../../Engine/Content/Editor/Slate/Common/Selection_16x.png
[2016.04.10-20.51.45:684][  0]LogStreaming:Warning: Failed to read file '../../../Engine/Content/Editor/Slate/Common/Selection_16x.png' error.
[2016.04.10-20.51.45:684][  0]LogSlate: Could not find file for Slate resource: ../../../Engine/Content/Editor/Slate/Common/Selection_16x.png
[2016.04.10-20.51.47:264][  0]LogUdpMessaging: Initializing bridge on interface 0.0.0.0:0 to multicast group 230.0.0.1:6666.
[2016.04.10-20.51.47:636][  0]LogAssetRegistry: FAssetRegistry took 0.0460 seconds to start up
[2016.04.10-20.51.48:270][  0]SourceControl: Información El control de código fuente está desactivado
[2016.04.10-20.51.48:293][  0]SourceControl: Información El control de código fuente está desactivado
[2016.04.10-20.51.48:314][  0]SourceControl: Información El control de código fuente está desactivado
[2016.04.10-20.51.48:335][  0]SourceControl: Información El control de código fuente está desactivado
[2016.04.10-20.51.48:979][  0]LogEngine: Initializing Engine...
[2016.04.10-20.51.48:981][  0]LogHMD: SteamVR failed to initialize.  Err: 110
[2016.04.10-20.51.48:984][  0]LogHMD: SteamVR failed to initialize.  Err: 110
[2016.04.10-20.51.49:869][  0]LogAIModule: Creating AISystem for world NewWorld
[2016.04.10-20.51.49:907][  0]LogInit: XAudio2 using 'Speakers (Realtek High Definition Audio)' : 2 channels at 48 kHz using 32 bits per sample (channel mask 0x3)
[2016.04.10-20.51.50:119][  0]LogInit: FAudioDevice initialized.
[2016.04.10-20.51.50:212][  0]LogDerivedDataCache: Saved boot cache 0.09s 46MB C:/Users/3c0z/AppData/Local/UnrealEngine/4.11/DerivedDataCache/Boot.ddc.
[2016.04.10-20.51.50:249][  0]LogInit: Texture streaming: Enabled
[2016.04.10-20.51.50:515][  0]LogInit: Transaction tracking system initialized
[2016.04.10-20.51.50:586][  0]BlueprintLog: New page: Cargar el editor
[2016.04.10-20.51.50:816][  0]LocalizationService: Información Localization service is disabled
[2016.04.10-20.51.50:996][  0]LogConsoleResponse:Display: 
[2016.04.10-20.51.51:532][  0]LogCook:Display: Max memory allowance for cook 8192mb
[2016.04.10-20.51.51:532][  0]LogCook:Display: Mobile HDR setting 1
[2016.04.10-20.51.51:532][  0]LogCook:Display: Done creating registry. It took  0.00s.
[2016.04.10-20.51.51:559][  0]LogFileCache: Scanning file cache for directory 'C:/Users/3c0z/Documents/GitHub/UnrealAssets/ELECTRONICASSETS 4.11/Content/' took 0.07s
[2016.04.10-20.51.51:689][  0]SourceControl: Información El control de código fuente está desactivado
[2016.04.10-20.51.51:689][  0]Cmd: MAP LOAD FILE="../../../Engine/Content/Maps/Templates/Template_Default.umap" TEMPLATE=1 SHOWPROGRESS=1 FEATURELEVEL=3
[2016.04.10-20.51.51:691][  0]LightingResults: New page: Diseñar la iluminación
[2016.04.10-20.51.51:699][  0]MapCheck: New page: Revisión del mapa
[2016.04.10-20.51.51:699][  0]LightingResults: New page: Diseñar la iluminación
[2016.04.10-20.51.53:519][  0]LogAIModule: Creating AISystem for world Untitled_1
[2016.04.10-20.51.53:543][  0]LogEditorServer: Finished looking for orphan Actors (0.000 secs)
[2016.04.10-20.51.53:557][  0]Cmd: MAP CHECKDEP NOCLEARLOG
[2016.04.10-20.51.53:660][  0]MapCheck: Información Map check complete: 0 Error(s), 0 Warning(s), took 103.078ms to complete.
[2016.04.10-20.51.53:660][  0]LogFileHelpers: Loading map 'Template_Default' took 1.972
[2016.04.10-20.51.56:918][  0]LogCollectionManager: Loaded 0 collections in 0.014183 seconds
[2016.04.10-20.51.58:778][  0]LogFileCache: Scanning file cache for directory 'C:/Users/3c0z/Documents/GitHub/UnrealAssets/ELECTRONICASSETS 4.11/Saved/Collections/' took 0.02s
[2016.04.10-20.51.58:778][  0]LogFileCache: Scanning file cache for directory 'C:/Users/3c0z/Documents/GitHub/UnrealAssets/ELECTRONICASSETS 4.11/Content/Developers/3c0z/Collections/' took 0.00s
[2016.04.10-20.51.58:778][  0]LogFileCache: Scanning file cache for directory 'C:/Users/3c0z/Documents/GitHub/UnrealAssets/ELECTRONICASSETS 4.11/Content/Collections/' took 0.01s
[2016.04.10-20.51.58:778][  0]LogCollectionManager: Rebuilt the GUID cache for 0 collections in 0.000004 seconds
[2016.04.10-20.51.58:876][  0]LogContentBrowser: Native class hierarchy populated in 0.0409 seconds. Added 1979 classes and 343 folders.
[2016.04.10-20.51.59:221][  0]LogStats: UGameplayTagsManager::ConstructGameplayTagTree: Construct from data asset -  0.000 s
[2016.04.10-20.51.59:221][  0]LogStats: UGameplayTagsManager::ConstructGameplayTagTree: GameplayTagTreeChangedEvent.Broadcast -  0.000 s
[2016.04.10-20.51.59:235][  0]LogContentBrowser: Native class hierarchy updated for 'GameplayTags' in 0.0008 seconds. Added 12 classes and 0 folders.
[2016.04.10-20.51.59:385][  0]LogContentBrowser: Native class hierarchy updated for 'WidgetCarousel' in 0.0012 seconds. Added 0 classes and 0 folders.
[2016.04.10-20.52.01:462][  0]LogContentBrowser: Native class hierarchy updated for 'SuperSearch' in 0.0008 seconds. Added 1 classes and 2 folders.
[2016.04.10-20.52.07:431][  0]LogContentBrowser: Native class hierarchy updated for 'AddContentDialog' in 0.0011 seconds. Added 0 classes and 0 folders.
[2016.04.10-20.52.07:781][  0]LogContentBrowser: Native class hierarchy updated for 'SceneOutliner' in 0.0012 seconds. Added 1 classes and 2 folders.
[2016.04.10-20.52.10:798][  0]LogCrashTracker: Crashtracker disabled due to settings.
[2016.04.10-20.52.11:154][  0]LogUObjectGlobals:Warning: Error al encontrar el objeto 'Class Ninguno.'
[2016.04.10-20.52.11:216][  0]LogContentBrowser: Native class hierarchy updated for 'HierarchicalLODOutliner' in 0.0013 seconds. Added 1 classes and 2 folders.
[2016.04.10-20.52.11:217][  0]LogLoad: Full Startup: 48.01 seconds (BP compile: 0.13 seconds)
[2016.04.10-20.52.11:217][  0]LogExternalProfiler:Warning: No registered external profiler was matched with a command-line switch (or the DLL could not be loaded).  External profiling features will not be available.
[2016.04.10-20.52.11:557][  0]LogOcInput: OculusInput pre-init called
[2016.04.10-20.52.12:952][  0]LogContentStreaming: Texture pool size now 1000 MB
[2016.04.10-20.52.15:068][  0]LogRenderer: Reallocating scene render targets to support 1208x576 (Frame:2).
[2016.04.10-20.52.27:803][ 37]LogAssetRegistry: Asset discovery search completed in 40.2119 seconds
[2016.04.10-20.52.27:803][ 37]LogCollectionManager: Rebuilt the object cache for 0 collections in 0.000001 seconds (found 0 objects)
[2016.04.10-20.52.27:803][ 37]LogCollectionManager: Fixed up redirectors for 0 collections in 0.000071 seconds (updated 0 objects)
[2016.04.10-20.54.09:361][262]LogEditorViewport: Clicking on Actor (LMB): StaticMeshActor (Floor)
[2016.04.10-20.54.50:661][786]Cmd: QUIT_EDITOR
[2016.04.10-20.54.51:075][786]LogExit: Preparing to exit.
[2016.04.10-20.54.51:829][786]LogExit: Editor shut down
[2016.04.10-20.54.51:829][786]LogExit: Transaction tracking system shut down
[2016.04.10-20.54.52:169][786]LogObj: Freed 0b from 0 cluster array pools.
[2016.04.10-20.54.52:171][786]LogExit: Object subsystem successfully closed.
[2016.04.10-20.54.52:218][786]LogD3D11RHI: Shutdown
[2016.04.10-20.54.52:218][786]LogD3D11RHI: CleanupD3DDevice
[2016.04.10-20.54.52:366][786]LogD3D11RHI: ~FD3D11DynamicRHI
[2016.04.10-20.54.52:422][786]LogDerivedDataCache: Shutdown
[2016.04.10-20.54.52:423][786]LogModuleManager: Shutting down and abandoning module HierarchicalLODOutliner (203)
[2016.04.10-20.54.52:423][786]LogModuleManager: Shutting down and abandoning module CrashTracker (202)
[2016.04.10-20.54.52:423][786]LogModuleManager: Shutting down and abandoning module SceneOutliner (201)
[2016.04.10-20.54.52:423][786]LogModuleManager: Shutting down and abandoning module SuperSearch (200)
[2016.04.10-20.54.52:423][786]LogModuleManager: Shutting down and abandoning module WidgetCarousel (199)
[2016.04.10-20.54.52:423][786]LogModuleManager: Shutting down and abandoning module AddContentDialog (198)
[2016.04.10-20.54.52:429][786]LogModuleManager: Shutting down and abandoning module GameplayTags (197)
[2016.04.10-20.54.52:429][786]LogModuleManager: Shutting down and abandoning module EditorWidgets (196)
[2016.04.10-20.54.52:429][786]LogModuleManager: Shutting down and abandoning module CollectionManager (195)
[2016.04.10-20.54.52:429][786]LogModuleManager: Shutting down and abandoning module StatsViewer (194)
[2016.04.10-20.54.52:429][786]LogModuleManager: Shutting down and abandoning module FoliageEdit (193)
[2016.04.10-20.54.52:430][786]LogModuleManager: Shutting down and abandoning module LandscapeEditor (192)
[2016.04.10-20.54.52:430][786]LogModuleManager: Shutting down and abandoning module ActorPickerMode (191)
[2016.04.10-20.54.52:430][786]LogModuleManager: Shutting down and abandoning module GeometryMode (190)
[2016.04.10-20.54.52:430][786]LogModuleManager: Shutting down and abandoning module TextureAlignMode (189)
[2016.04.10-20.54.52:430][786]LogModuleManager: Shutting down and abandoning module BspMode (188)
[2016.04.10-20.54.52:430][786]LogModuleManager: Shutting down and abandoning module PlacementMode (187)
[2016.04.10-20.54.52:430][786]LogModuleManager: Shutting down and abandoning module AutomationWorker (186)
[2016.04.10-20.54.52:430][786]LogModuleManager: Shutting down and abandoning module CharacterAI (185)
[2016.04.10-20.54.52:430][786]LogModuleManager: Shutting down and abandoning module SmartSnapping (184)
[2016.04.10-20.54.52:430][786]LogModuleManager: Shutting down and abandoning module ViewportSnapping (183)
[2016.04.10-20.54.52:430][786]LogModuleManager: Shutting down and abandoning module LogVisualizer (182)
[2016.04.10-20.54.52:431][786]LogModuleManager: Shutting down and abandoning module GameProjectGeneration (181)
[2016.04.10-20.54.52:431][786]LogModuleManager: Shutting down and abandoning module IntroTutorials (180)
[2016.04.10-20.54.52:431][786]LogModuleManager: Shutting down and abandoning module EditorLiveStreaming (179)
[2016.04.10-20.54.52:431][786]LogModuleManager: Shutting down and abandoning module IOSPlatformEditor (178)
[2016.04.10-20.54.52:431][786]LogModuleManager: Shutting down and abandoning module HTML5PlatformEditor (177)
[2016.04.10-20.54.52:431][786]LogModuleManager: Shutting down and abandoning module AndroidDeviceDetection (176)
[2016.04.10-20.54.52:722][786]LogModuleManager: Shutting down and abandoning module AndroidPlatformEditor (175)
[2016.04.10-20.54.52:723][786]LogModuleManager: Shutting down and abandoning module IOSRuntimeSettings (174)
[2016.04.10-20.54.52:723][786]LogModuleManager: Shutting down and abandoning module AndroidRuntimeSettings (173)
[2016.04.10-20.54.52:723][786]LogModuleManager: Shutting down and abandoning module MergeActors (172)
[2016.04.10-20.54.52:723][786]LogModuleManager: Shutting down and abandoning module SizeMap (171)
[2016.04.10-20.54.52:723][786]LogModuleManager: Shutting down and abandoning module TreeMap (170)
[2016.04.10-20.54.52:723][786]LogModuleManager: Shutting down and abandoning module ReferenceViewer (169)
[2016.04.10-20.54.52:723][786]LogModuleManager: Shutting down and abandoning module LocalizationService (168)
[2016.04.10-20.54.52:723][786]LogModuleManager: Shutting down and abandoning module LocalizationDashboard (167)
[2016.04.10-20.54.52:723][786]LogModuleManager: Shutting down and abandoning module HardwareTargeting (166)
[2016.04.10-20.54.52:723][786]LogModuleManager: Shutting down and abandoning module DeviceProfileEditor (165)
[2016.04.10-20.54.52:723][786]LogModuleManager: Shutting down and abandoning module UndoHistory (164)
[2016.04.10-20.54.52:723][786]LogModuleManager: Shutting down and abandoning module UserFeedback (163)
[2016.04.10-20.54.52:723][786]LogModuleManager: Shutting down and abandoning module XmlParser (162)
[2016.04.10-20.54.52:723][786]LogModuleManager: Shutting down and abandoning module Blutility (161)
[2016.04.10-20.54.52:723][786]LogModuleManager: Shutting down and abandoning module ProjectTargetPlatformEditor (160)
[2016.04.10-20.54.52:723][786]LogModuleManager: Shutting down and abandoning module ProjectSettingsViewer (159)
[2016.04.10-20.54.52:723][786]LogModuleManager: Shutting down and abandoning module InputBindingEditor (158)
[2016.04.10-20.54.52:725][786]LogModuleManager: Shutting down and abandoning module EditorSettingsViewer (157)
[2016.04.10-20.54.52:725][786]LogModuleManager: Shutting down and abandoning module SettingsEditor (156)
[2016.04.10-20.54.52:725][786]LogModuleManager: Shutting down and abandoning module ProjectLauncher (155)
[2016.04.10-20.54.52:725][786]LogModuleManager: Shutting down and abandoning module SessionFrontend (154)
[2016.04.10-20.54.52:725][786]LogModuleManager: Shutting down and abandoning module ProfilerClient (153)
[2016.04.10-20.54.52:725][786]LogModuleManager: Shutting down and abandoning module TargetDeviceServices (152)
[2016.04.10-20.54.52:725][786]LogModuleManager: Shutting down and abandoning module DeviceManager (151)
[2016.04.10-20.54.52:765][786]LogModuleManager: Shutting down and abandoning module AutomationController (150)
[2016.04.10-20.54.52:765][786]LogModuleManager: Shutting down and abandoning module AutomationWindow (149)
[2016.04.10-20.54.52:765][786]LogModuleManager: Shutting down and abandoning module Layers (148)
[2016.04.10-20.54.52:765][786]LogModuleManager: Shutting down and abandoning module ComponentVisualizers (147)
[2016.04.10-20.54.52:765][786]LogModuleManager: Shutting down and abandoning module DetailCustomizations (146)
[2016.04.10-20.54.52:765][786]LogModuleManager: Shutting down and abandoning module PackagesDialog (145)
[2016.04.10-20.54.52:765][786]LogModuleManager: Shutting down and abandoning module Persona (144)
[2016.04.10-20.54.52:765][786]LogModuleManager: Shutting down and abandoning module Kismet (143)
[2016.04.10-20.54.52:765][786]LogModuleManager: Shutting down and abandoning module GraphEditor (142)
[2016.04.10-20.54.52:765][786]LogModuleManager: Shutting down and abandoning module ClassViewer (141)
[2016.04.10-20.54.52:765][786]LogModuleManager: Shutting down and abandoning module Toolbox (140)
[2016.04.10-20.54.52:765][786]LogModuleManager: Shutting down and abandoning module ModuleUI (139)
[2016.04.10-20.54.52:765][786]LogModuleManager: Shutting down and abandoning module MovieSceneTools (138)
[2016.04.10-20.54.52:765][786]LogModuleManager: Shutting down and abandoning module OutputLog (137)
[2016.04.10-20.54.52:765][786]LogModuleManager: Shutting down and abandoning module GammaUI (136)
[2016.04.10-20.54.52:765][786]LogModuleManager: Shutting down and abandoning module Documentation (135)
[2016.04.10-20.54.52:765][786]LogModuleManager: Shutting down and abandoning module StreamingPauseRendering (134)
[2016.04.10-20.54.52:765][786]LogModuleManager: Shutting down and abandoning module AnalyticsET (133)
[2016.04.10-20.54.52:766][786]LogModuleManager: Shutting down and abandoning module Analytics (132)
[2016.04.10-20.54.52:766][786]LogModuleManager: Shutting down and abandoning module PortalServices (131)
[2016.04.10-20.54.52:766][786]LogModuleManager: Shutting down and abandoning module PortalRpc (130)
[2016.04.10-20.54.52:766][786]LogModuleManager: Shutting down and abandoning module MessagingRpc (129)
[2016.04.10-20.54.52:766][786]LogModuleManager: Shutting down and abandoning module AITestSuite (128)
[2016.04.10-20.54.52:766][786]LogModuleManager: Shutting down and abandoning module GameplayDebugger (127)
[2016.04.10-20.54.52:766][786]LogModuleManager: Shutting down and abandoning module AIModule (126)
[2016.04.10-20.54.52:766][786]LogModuleManager: Shutting down and abandoning module ProfilerService (125)
[2016.04.10-20.54.52:942][786]LogModuleManager: Shutting down and abandoning module TaskGraph (124)
[2016.04.10-20.54.52:942][786]LogModuleManager: Shutting down and abandoning module SlateRemote (123)
[2016.04.10-20.54.52:942][786]LogModuleManager: Shutting down and abandoning module SteamVRController (122)
[2016.04.10-20.54.52:942][786]LogModuleManager: Shutting down and abandoning module SteamVR (121)
[2016.04.10-20.54.52:942][786]LogModuleManager: Shutting down and abandoning module ProceduralMeshComponent (120)
[2016.04.10-20.54.52:942][786]LogModuleManager: Shutting down and abandoning module OculusLibrary (119)
[2016.04.10-20.54.52:942][786]LogModuleManager: Shutting down and abandoning module OculusInput (118)
[2016.04.10-20.54.52:942][786]LogModuleManager: Shutting down and abandoning module CustomMeshComponent (117)
[2016.04.10-20.54.52:942][786]LogModuleManager: Shutting down and abandoning module CableComponent (116)
[2016.04.10-20.54.52:942][786]LogModuleManager: Shutting down and abandoning module ArchVisCharacter (115)
[2016.04.10-20.54.52:942][786]LogModuleManager: Shutting down and abandoning module MediaPlayerEditor (114)
[2016.04.10-20.54.52:942][786]LogModuleManager: Shutting down and abandoning module HTML5Networking (113)
[2016.04.10-20.54.52:943][786]LogModuleManager: Shutting down and abandoning module SpeedTreeImporter (112)
[2016.04.10-20.54.52:943][786]LogModuleManager: Shutting down and abandoning module PluginBrowser (111)
[2016.04.10-20.54.52:943][786]LogModuleManager: Shutting down and abandoning module EpicSurvey (110)
[2016.04.10-20.54.52:943][786]LogModuleManager: Shutting down and abandoning module DesktopPlatform (109)
[2016.04.10-20.54.52:943][786]LogModuleManager: Shutting down and abandoning module VisualStudioSourceCodeAccess (108)
[2016.04.10-20.54.52:943][786]LogModuleManager: Shutting down and abandoning module UObjectPlugin (107)
[2016.04.10-20.54.52:943][786]LogModuleManager: Shutting down and abandoning module SubversionSourceControl (106)
[2016.04.10-20.54.52:943][786]LogModuleManager: Shutting down and abandoning module PerforceSourceControl (105)
[2016.04.10-20.54.52:943][786]LogModuleManager: Shutting down and abandoning module SourceControl (104)
[2016.04.10-20.54.52:943][786]LogModuleManager: Shutting down and abandoning module GitSourceControl (103)
[2016.04.10-20.54.52:943][786]LogModuleManager: Shutting down and abandoning module LightPropagationVolumeEditor (102)
[2016.04.10-20.54.52:943][786]LogModuleManager: Shutting down and abandoning module PaperTiledImporter (101)
[2016.04.10-20.54.52:943][786]LogModuleManager: Shutting down and abandoning module PaperSpriteSheetImporter (100)
[2016.04.10-20.54.52:943][786]LogModuleManager: Shutting down and abandoning module MeshPaint (99)
[2016.04.10-20.54.52:943][786]LogModuleManager: Shutting down and abandoning module HotReload (98)
[2016.04.10-20.54.52:944][786]LogModuleManager: Shutting down and abandoning module MainFrame (97)
[2016.04.10-20.54.52:944][786]LogModuleManager: Shutting down and abandoning module LevelEditor (96)
[2016.04.10-20.54.52:945][786]LogModuleManager: Shutting down and abandoning module DirectoryWatcher (95)
[2016.04.10-20.54.52:948][786]LogModuleManager: Shutting down and abandoning module AssetRegistry (94)
[2016.04.10-20.54.53:209][786]LogModuleManager: Shutting down and abandoning module ContentBrowser (93)
[2016.04.10-20.54.53:213][786]LogModuleManager: Shutting down and abandoning module Paper2DEditor (92)
[2016.04.10-20.54.53:213][786]LogModuleManager: Shutting down and abandoning module UdpMessaging (91)
[2016.04.10-20.54.53:313][786]LogModuleManager: Shutting down and abandoning module LightPropagationVolumeRuntime (90)
[2016.04.10-20.54.53:313][786]LogModuleManager: Shutting down and abandoning module Paper2D (89)
[2016.04.10-20.54.53:313][786]LogModuleManager: Shutting down and abandoning module WindowsMoviePlayer (88)
[2016.04.10-20.54.53:313][786]LogModuleManager: Shutting down and abandoning module Media (87)
[2016.04.10-20.54.53:313][786]LogModuleManager: Shutting down and abandoning module WmfMedia (86)
[2016.04.10-20.54.53:317][786]LogModuleManager: Shutting down and abandoning module GameLiveStreaming (85)
[2016.04.10-20.54.53:317][786]LogModuleManager: Shutting down and abandoning module GameplayTagsEditor (84)
[2016.04.10-20.54.53:317][786]LogModuleManager: Shutting down and abandoning module OnlineBlueprintSupport (83)
[2016.04.10-20.54.53:317][786]LogModuleManager: Shutting down and abandoning module GameplayTasksEditor (82)
[2016.04.10-20.54.53:317][786]LogModuleManager: Shutting down and abandoning module PropertyEditor (81)
[2016.04.10-20.54.53:317][786]LogModuleManager: Shutting down and abandoning module BehaviorTreeEditor (80)
[2016.04.10-20.54.53:317][786]LogModuleManager: Shutting down and abandoning module FunctionalTesting (79)
[2016.04.10-20.54.53:317][786]LogModuleManager: Shutting down and abandoning module CollisionAnalyzer (78)
[2016.04.10-20.54.53:317][786]LogModuleManager: Shutting down and abandoning module WorkspaceMenuStructure (77)
[2016.04.10-20.54.53:317][786]LogModuleManager: Shutting down and abandoning module MessageLog (76)
[2016.04.10-20.54.53:317][786]LogModuleManager: Shutting down and abandoning module Sequencer (75)
[2016.04.10-20.54.53:317][786]LogModuleManager: Shutting down and abandoning module AssetTools (74)
[2016.04.10-20.54.53:317][786]LogModuleManager: Shutting down and abandoning module UMGEditor (73)
[2016.04.10-20.54.53:318][786]LogModuleManager: Shutting down and abandoning module UMG (72)
[2016.04.10-20.54.53:318][786]LogModuleManager: Shutting down and abandoning module SlateReflector (71)
[2016.04.10-20.54.53:318][786]LogModuleManager: Shutting down and abandoning module Slate (70)
[2016.04.10-20.54.53:318][786]LogModuleManager: Shutting down and abandoning module EditorStyle (69)
[2016.04.10-20.54.53:324][786]LogModuleManager: Shutting down and abandoning module SessionServices (68)
[2016.04.10-20.54.53:324][786]LogModuleManager: Shutting down and abandoning module SourceCodeAccess (67)
[2016.04.10-20.54.53:324][786]LogModuleManager: Shutting down and abandoning module HeadMountedDisplay (66)
[2016.04.10-20.54.53:324][786]LogModuleManager: Shutting down and abandoning module XAudio2 (65)
[2016.04.10-20.54.53:324][786]LogModuleManager: Shutting down and abandoning module Networking (63)
[2016.04.10-20.54.53:324][786]LogModuleManager: Shutting down and abandoning module Core (62)
[2016.04.10-20.54.53:324][786]LogModuleManager: Shutting down and abandoning module KismetCompiler (61)
[2016.04.10-20.54.53:324][786]LogModuleManager: Shutting down and abandoning module PhysXFormats (60)
[2016.04.10-20.54.53:324][786]LogModuleManager: Shutting down and abandoning module MeshUtilities (59)
[2016.04.10-20.54.53:324][786]LogModuleManager: Shutting down and abandoning module CookingStats (58)
[2016.04.10-20.54.53:324][786]LogModuleManager: Shutting down and abandoning module DerivedDataCache (57)
[2016.04.10-20.54.53:324][786]LogDerivedDataCache: Shutdown
[2016.04.10-20.54.53:325][786]LogModuleManager: Shutting down and abandoning module ShaderFormatOpenGL (56)
[2016.04.10-20.54.53:325][786]LogModuleManager: Shutting down and abandoning module ShaderFormatD3D (55)
[2016.04.10-20.54.53:325][786]LogModuleManager: Shutting down and abandoning module MetalShaderFormat (54)
[2016.04.10-20.54.53:325][786]LogModuleManager: Shutting down and abandoning module TextureFormatUncompressed (53)
[2016.04.10-20.54.53:325][786]LogModuleManager: Shutting down and abandoning module TextureFormatPVR (52)
[2016.04.10-20.54.53:325][786]LogModuleManager: Shutting down and abandoning module TextureFormatIntelISPCTexComp (51)
[2016.04.10-20.54.53:325][786]LogModuleManager: Shutting down and abandoning module TextureFormatDXT (50)
[2016.04.10-20.54.53:325][786]LogModuleManager: Shutting down and abandoning module ImageWrapper (49)
[2016.04.10-20.54.53:325][786]LogModuleManager: Shutting down and abandoning module TextureFormatASTC (48)
[2016.04.10-20.54.53:325][786]LogModuleManager: Shutting down and abandoning module TextureFormatAndroid (47)
[2016.04.10-20.54.53:325][786]LogModuleManager: Shutting down and abandoning module AudioFormatOpus (46)
[2016.04.10-20.54.53:325][786]LogModuleManager: Shutting down and abandoning module AudioFormatOgg (45)
[2016.04.10-20.54.53:325][786]LogModuleManager: Shutting down and abandoning module AudioFormatADPCM (44)
[2016.04.10-20.54.53:325][786]LogModuleManager: Shutting down and abandoning module LinuxTargetPlatform (43)
[2016.04.10-20.54.53:325][786]LogModuleManager: Shutting down and abandoning module LinuxServerTargetPlatform (42)
[2016.04.10-20.54.53:325][786]LogModuleManager: Shutting down and abandoning module LinuxNoEditorTargetPlatform (41)
[2016.04.10-20.54.53:325][786]LogModuleManager: Shutting down and abandoning module TVOSTargetPlatform (40)
[2016.04.10-20.54.53:325][786]LogModuleManager: Shutting down and abandoning module Messaging (39)
[2016.04.10-20.54.53:326][786]LogModuleManager: Shutting down and abandoning module IOSTargetPlatform (38)
[2016.04.10-20.54.53:326][786]LogModuleManager: Shutting down and abandoning module HTML5TargetPlatform (37)
[2016.04.10-20.54.53:326][786]LogModuleManager: Shutting down and abandoning module Android_PVRTCTargetPlatform (36)
[2016.04.10-20.54.53:326][786]LogModuleManager: Shutting down and abandoning module Android_MultiTargetPlatform (35)
[2016.04.10-20.54.53:326][786]LogModuleManager: Shutting down and abandoning module Android_ETC2TargetPlatform (34)
[2016.04.10-20.54.53:326][786]LogModuleManager: Shutting down and abandoning module Android_ETC1TargetPlatform (33)
[2016.04.10-20.54.53:326][786]LogModuleManager: Shutting down and abandoning module Android_DXTTargetPlatform (32)
[2016.04.10-20.54.53:326][786]LogModuleManager: Shutting down and abandoning module Android_ATCTargetPlatform (31)
[2016.04.10-20.54.53:326][786]LogModuleManager: Shutting down and abandoning module Android_ASTCTargetPlatform (30)
[2016.04.10-20.54.53:326][786]LogModuleManager: Shutting down and abandoning module AndroidTargetPlatform (29)
[2016.04.10-20.54.53:326][786]LogModuleManager: Shutting down and abandoning module WindowsTargetPlatform (28)
[2016.04.10-20.54.53:326][786]LogModuleManager: Shutting down and abandoning module WindowsServerTargetPlatform (27)
[2016.04.10-20.54.53:326][786]LogModuleManager: Shutting down and abandoning module WindowsNoEditorTargetPlatform (26)
[2016.04.10-20.54.53:326][786]LogModuleManager: Shutting down and abandoning module WindowsClientTargetPlatform (25)
[2016.04.10-20.54.53:326][786]LogModuleManager: Shutting down and abandoning module AllDesktopTargetPlatform (24)
[2016.04.10-20.54.53:326][786]LogModuleManager: Shutting down and abandoning module TargetPlatform (23)
[2016.04.10-20.54.53:326][786]LogModuleManager: Shutting down and abandoning module InputCore (22)
[2016.04.10-20.54.53:326][786]LogModuleManager: Shutting down and abandoning module Settings (21)
[2016.04.10-20.54.53:326][786]LogModuleManager: Shutting down and abandoning module OnlineSubsystem (19)
[2016.04.10-20.54.53:326][786]LogModuleManager: Shutting down and abandoning module HTTP (18)
[2016.04.10-20.54.55:350][786]LogModuleManager: Shutting down and abandoning module XMPP (17)
[2016.04.10-20.54.55:350][786]LogModuleManager: Shutting down and abandoning module OculusRift (16)
[2016.04.10-20.54.55:350][786]LogModuleManager: Shutting down and abandoning module ExampleDeviceProfileSelector (15)
[2016.04.10-20.54.55:350][786]LogModuleManager: Shutting down and abandoning module TextureCompressor (14)
[2016.04.10-20.54.55:350][786]LogModuleManager: Shutting down and abandoning module ShaderCore (13)
[2016.04.10-20.54.55:350][786]LogModuleManager: Shutting down and abandoning module Landscape (12)
[2016.04.10-20.54.55:351][786]LogModuleManager: Shutting down and abandoning module SlateRHIRenderer (11)
[2016.04.10-20.54.55:367][786]LogModuleManager: Shutting down and abandoning module OpenGLDrv (10)
[2016.04.10-20.54.55:367][786]LogModuleManager: Shutting down and abandoning module D3D11RHI (9)
[2016.04.10-20.54.55:367][786]LogModuleManager: Shutting down and abandoning module AnimGraphRuntime (8)
[2016.04.10-20.54.55:367][786]LogModuleManager: Shutting down and abandoning module Renderer (7)
[2016.04.10-20.54.55:367][786]LogModuleManager: Shutting down and abandoning module Engine (6)
[2016.04.10-20.54.55:367][786]LogModuleManager: Shutting down and abandoning module CoreUObject (5)
[2016.04.10-20.54.55:367][786]LogModuleManager: Shutting down and abandoning module NetworkFile (4)
[2016.04.10-20.54.55:367][786]LogModuleManager: Shutting down and abandoning module StreamingFile (3)
[2016.04.10-20.54.55:367][786]LogModuleManager: Shutting down and abandoning module SandboxFile (2)
[2016.04.10-20.54.55:367][786]LogModuleManager: Shutting down and abandoning module PakFile (1)
[2016.04.10-20.54.55:370][786]LogExit: Exiting.
[2016.04.10-20.54.55:418][786]Log file closed, 04/10/16 15:54:55
