Log file open, 03/20/16 23:40:59
LogInit:Display: Running engine for game: ELECTRONICASSETS
LogInit: Version: 4.7.6-2513093+++depot+UE4-Releases+4.7
LogInit: API Version: 2455222
LogInit: Compiled (64-bit): Apr 15 2015 12:09:54
LogInit: Compiled with Visual C++: 18.00.21005.01
LogInit: Build Configuration: Development
LogInit: Branch Name: ++depot+UE4-Releases+4.7
LogInit: Command line: -EpicPortal 
LogInit: Base directory: C:/Program Files/Epic Games/4.7/Engine/Binaries/Win64/
LogInit: Rocket: 1
[2016.03.21-05.40.59:868][  0]LogTaskGraph: Started task graph with 3 named threads and 4 total threads.
[2016.03.21-05.40.59:915][  0]LogOnline:Warning: No default platform service specified for OnlineSubsystem
[2016.03.21-05.40.59:943][  0]LogInit: Presizing for 0 objects not considered by GC, pre-allocating 0 bytes.
[2016.03.21-05.40.59:963][  0]LogInit: Object subsystem initialized
[2016.03.21-05.40.59:966][  0]LogConsoleResponse:Warning: Skipping Unknown console variable: 'TranslucentSortAxis = (X=0.000000,Y=-1.000000,Z=0.000000)'
[2016.03.21-05.40.59:966][  0]LogConsoleResponse:Warning:   Found in ini file 'C:/Users/3c0z/Documents/Assets/ELECTRONICASSETS/Saved/Config/Windows/Engine.ini', in section '[/Script/Engine.RendererSettings]'
[2016.03.21-05.40.59:966][  0]LogConsoleResponse:Warning: Skipping Unknown console variable: 'UIScaleRule = ShortestSide'
[2016.03.21-05.40.59:966][  0]LogConsoleResponse:Warning:   Found in ini file 'C:/Users/3c0z/Documents/Assets/ELECTRONICASSETS/Saved/Config/Windows/Engine.ini', in section '[/Script/Engine.RendererSettings]'
[2016.03.21-05.40.59:966][  0]LogConsoleResponse:Warning: Skipping Unknown console variable: 'UIScaleCurve = (EditorCurveData=(Keys=),ExternalCurve=None)'
[2016.03.21-05.40.59:966][  0]LogConsoleResponse:Warning:   Found in ini file 'C:/Users/3c0z/Documents/Assets/ELECTRONICASSETS/Saved/Config/Windows/Engine.ini', in section '[/Script/Engine.RendererSettings]'
[2016.03.21-05.40.59:967][  0]LogInit: Selected Device Profile: [Windows]
[2016.03.21-05.40.59:967][  0]LogInit: Applying CVar settings loaded from the selected device profile: [Windows]
[2016.03.21-05.41.00:049][  0]LogInit: Computer: ISOQA
[2016.03.21-05.41.00:049][  0]LogInit: User: 3c0z
[2016.03.21-05.41.00:049][  0]LogInit: CPU Page size=4096, Cores=2
[2016.03.21-05.41.00:049][  0]LogInit: High frequency timer resolution =2.539082 MHz
[2016.03.21-05.41.00:049][  0]LogMemory: Memory total: Physical=4.0GB (4GB approx) Virtual=8192.0GB
[2016.03.21-05.41.00:049][  0]LogMemory: Platform Memory Stats for Windows
[2016.03.21-05.41.00:049][  0]LogMemory: Process Physical Memory: 46.68 MB used, 46.68 MB peak
[2016.03.21-05.41.00:049][  0]LogMemory: Process Virtual Memory: 26.93 MB used, 26.93 MB peak
[2016.03.21-05.41.00:049][  0]LogMemory: Physical Memory: 3195.30 MB used, 4094.49 MB total
[2016.03.21-05.41.00:049][  0]LogMemory: Virtual Memory: 280.26 MB used, 8388608.00 MB total
[2016.03.21-05.41.01:123][  0]LogD3D11RHI: Found D3D11 adapter 0: NVIDIA GeForce GTX 750 Ti (Feature Level 11_0)
[2016.03.21-05.41.01:123][  0]LogD3D11RHI: Adapter has 1993MB of dedicated video memory, 0MB of dedicated system memory, and 1791MB of shared system memory, 1 output[s]
[2016.03.21-05.41.01:123][  0]LogD3D11RHI: Chosen D3D11 Adapter Id = 0
[2016.03.21-05.41.01:136][  0]LogRHI: Texture pool is 1361 MB (70% of 1945 MB)
[2016.03.21-05.41.01:152][  0]LogD3D11RHI: Async texture creation enabled
[2016.03.21-05.41.01:232][  0]LogTextLocalizationManager: The requested culture ('en_US') has no localization data; parent culture's ('es') localization data will be used.
[2016.03.21-05.41.01:501][  0]LogTextLocalizationManager:Warning: Loading localization resources contain conflicting entries for (Namespace:UICommands, Key:Save_ToolTip):
Resource: (C:/Program Files/Epic Games/4.7/Engine/Content/Localization/Editor/en/Editor.locres) Hash: (-29098895) String: (Saves the current level to disk)
Resource: (C:/Program Files/Epic Games/4.7/Engine/Content/Localization/Engine/en/Engine.locres) Hash: (-1280300587) String: (Save selected data to vlog file)
[2016.03.21-05.41.01:502][  0]LogTextLocalizationManager:Warning: Loading localization resources contain conflicting entries for (Namespace:ContentBrowser, Key:ImportAssetToolTip):
Resource: (C:/Program Files/Epic Games/4.7/Engine/Content/Localization/Editor/en/Editor.locres) Hash: (-630476809) String: (Import to {0}...)
Resource: (C:/Program Files/Epic Games/4.7/Engine/Content/Localization/Editor/en/Editor.locres) Hash: (1271782899) String: (Imports an asset from file to this folder.)
[2016.03.21-05.41.01:652][  0]LogContentStreaming: Texture pool size is 0.000000MB
[2016.03.21-05.41.15:013][  0]LogTargetPlatformManager:Display: Building Assets For Windows
[2016.03.21-05.41.18:415][  0]LogTargetPlatformManager:Display: Building Assets For Windows
[2016.03.21-05.41.18:730][  0]LogDerivedDataCache:Display: Max Cache Size: 512 MB
[2016.03.21-05.41.19:897][  0]LogDerivedDataCache: Loaded boot cache 1.13s 39MB C:/Users/3c0z/AppData/Local/UnrealEngine/4.7/DerivedDataCache/Boot.ddc.
[2016.03.21-05.41.19:897][  0]LogDerivedDataCache:Display: Loaded Boot cache: C:/Users/3c0z/AppData/Local/UnrealEngine/4.7/DerivedDataCache/Boot.ddc
[2016.03.21-05.41.19:897][  0]LogDerivedDataCache: FDerivedDataBackendGraph:  Pak pak cache file ../../../../../../Users/3c0z/Documents/Assets/ELECTRONICASSETS/DerivedDataCache/DDC.ddp not found, will not use a pak cache.
[2016.03.21-05.41.19:897][  0]LogDerivedDataCache: Unable to find inner node Pak for hierarchical cache Hierarchy.
[2016.03.21-05.41.20:340][  0]LogDerivedDataCache:Display: Pak cache opened for reading ../../../Engine/DerivedDataCache/Compressed.ddp.
[2016.03.21-05.41.20:356][  0]LogDerivedDataCache: Using Local data cache path C:/Users/3c0z/AppData/Local/UnrealEngine/Common/DerivedDataCache: Writable
[2016.03.21-05.41.29:208][  0]LogMeshUtilities: No automatic mesh reduction module available
[2016.03.21-05.41.29:208][  0]LogMeshUtilities: No automatic mesh merging module available
[2016.03.21-05.41.30:865][  0]LogInit: WinSock: version 1.1 (2.2), MaxSocks=32767, MaxUdp=65467
[2016.03.21-05.41.31:473][  0]LogSlate:Warning: Failed to load font data from '../../../Engine/Content/Slate/Fonts/Roboto-Italic.ttf'
[2016.03.21-05.41.57:808][  0]UdpMessaging: Initializing bridge on interface 0.0.0.0:0 to multicast group 230.0.0.1:6666.
[2016.03.21-05.41.58:689][  0]SourceControl: Info Source control is disabled
[2016.03.21-05.41.58:689][  0]SourceControl: Info Source control is disabled
[2016.03.21-05.41.58:689][  0]SourceControl: Info Source control is disabled
[2016.03.21-05.41.58:708][  0]LogSourceControl: RunCommandInternalRaw: 'git version'
[2016.03.21-05.41.58:709][  0]LogSourceControl: RunCommandInternalRaw: ExecProcess ReturnCode=2 OutResults=''
[2016.03.21-05.41.58:741][  0]SourceControl: Info Source control is disabled
[2016.03.21-05.41.59:992][  0]LogObj: 24232 objects as part of root set at end of initial load.
[2016.03.21-05.41.59:992][  0]LogUObjectAllocator: 5137176 out of 0 bytes used by permanent object pool.
[2016.03.21-05.42.00:743][  0]LogEngine: Initializing Engine...
[2016.03.21-05.42.03:509][  0]LogInit: XAudio2 using 'Speakers (Realtek High Definition Audio)' : 2 channels at 48 kHz using 32 bits per sample (channel mask 0x3)
[2016.03.21-05.42.03:758][  0]LogInit: FAudioDevice initialized.
[2016.03.21-05.42.03:935][  0]LogAIModule: Creating AISystem for world NewWorld
[2016.03.21-05.42.04:018][  0]LogDerivedDataCache: Saved boot cache 0.08s 39MB C:/Users/3c0z/AppData/Local/UnrealEngine/4.7/DerivedDataCache/Boot.ddc.
[2016.03.21-05.42.04:071][  0]LogInit: Texture streaming: Enabled
[2016.03.21-05.42.04:850][  0]LogAnalytics: Creating configured Analytics provider AnalyticsET
[2016.03.21-05.42.04:850][  0]LogAnalytics: ET APIKey = Rocket.Release. APIServer = http://et2.epicgames.com/ET2/. AppVersion = 4.7.6-2513093+++depot+UE4-Releases+4.7
[2016.03.21-05.42.04:850][  0]LogAnalytics: ET APIKey = Rocket.Release. DataRouterUploadURL = https://datarouter-public-service-gamedev.ol.epicgames.net/datarouter/api/v1/public/data. AppVersion = 4.7.6-2513093+++depot+UE4-Releases+4.7
[2016.03.21-05.42.04:850][  0]LogAnalytics: SetUserId f8d463004448e9bf9238c395a56aa488|6b2d3cb90e4040169396666e7dda91ad|be6a12fa-584f-40e9-9224-deb3c37dd44e
[2016.03.21-05.42.04:851][  0]LogAnalytics: AnalyticsET::StartSession [Rocket.Release]
[2016.03.21-05.42.04:980][  0]LogInit: Transaction tracking system initialized
[2016.03.21-05.42.06:381][  0]BlueprintLog: New page: Editor Load
[2016.03.21-05.42.06:463][  0]LogAssetRegistry: FAssetRegistry took 0.0095 seconds to start up
[2016.03.21-05.42.06:464][  0]LogDirectoryWatcher:Warning: Failed to begin reading directory changes for ../../../Engine/Plugins/Experimental/CharacterAI/Content/. Error: 0
[2016.03.21-05.42.09:011][  0]LogTargetPlatformManager:Display: Building Assets For Windows
[2016.03.21-05.42.11:369][  0]LogTargetPlatformManager:Display: Building Assets For Windows
[2016.03.21-05.42.12:623][  0]LogLinker:Warning: Asset '../../../Engine/Content/Tutorial/Mobile/SettingUpAndroidTutorial.uasset' has been saved with empty engine version. The asset will be loaded but may be incompatible.
[2016.03.21-05.42.13:048][  0]LogSlate:Warning: Failed to load font data from '../../../Engine/Content/Editor/Slate/Fonts/Roboto-Regular.ttf'
[2016.03.21-05.42.13:049][  0]LogSlate:Warning: Failed to load font data from '../../../Engine/Content/Editor/Slate/Fonts/Roboto-Bold.ttf'
[2016.03.21-05.42.13:280][  0]LogConsoleResponse:Display: 
[2016.03.21-05.42.17:047][  0]LogCook:Display: Done creating registry. It took  0.00s.
[2016.03.21-05.42.18:927][  0]SourceControl: Info Source control is disabled
[2016.03.21-05.42.18:928][  0]Cmd: MAP LOAD FILE="../../../Engine/Content/Maps/Templates/Template_Default.umap" TEMPLATE=1 SHOWPROGRESS=1 FEATURELEVEL=3
[2016.03.21-05.42.19:068][  0]LightingResults: New page: Lighting Build
[2016.03.21-05.42.19:104][  0]MapCheck: New page: Map Check
[2016.03.21-05.42.19:104][  0]LightingResults: New page: Lighting Build
[2016.03.21-05.42.19:151][  0]LogParticles: Destroying 0 GPU particle simulations for FXSystem 0x00000000166C4D60
[2016.03.21-05.42.23:456][  0]LogEditorServer: Finished looking for orphan Actors (0.000 secs)
[2016.03.21-05.42.23:482][  0]LogAIModule: Creating AISystem for world Untitled_1
[2016.03.21-05.42.23:483][  0]Cmd: MAP CHECKDEP
[2016.03.21-05.42.23:484][  0]MapCheck: New page: Untitled_1 - Mar 20, 2016, 5:42:23 PM
[2016.03.21-05.42.24:984][  0]MapCheck: Info Map check complete: 0 Error(s), 0 Warning(s), took 1,500.224ms to complete.
[2016.03.21-05.42.24:999][  0]LogFileHelpers: Loading map 'Template_Default' took 6.071
[2016.03.21-05.42.25:851][  0]LogCollectionManager: Loaded 0 collections in 0.006099 seconds
[2016.03.21-05.42.25:923][  0]LogContentBrowser: Native class hierarchy populated in 0.0717 seconds. Added 1696 classes and 261 folders.
[2016.03.21-05.42.26:150][  0]LogContentBrowser: Native class hierarchy updated for 'SceneOutliner' in 0.0189 seconds. Added 1 classes and 2 folders.
[2016.03.21-05.42.26:845][  0]LogCrashTracker: Crashtracker disabled due to settings.
[2016.03.21-05.42.26:848][  0]LogSlate:Warning: Failed to load font data from 'Veranda'
[2016.03.21-05.42.26:870][  0]LogUObjectGlobals:Warning: Failed to find object 'Class None.'
[2016.03.21-05.42.27:147][  0]LogLoad: Full Startup: 93.34 seconds (BP compile: 0.52 seconds)
[2016.03.21-05.42.28:719][  0]LogRenderer:Warning: Reallocating scene render targets to support 608x288 (Frame:2).
[2016.03.21-05.42.41:573][ 18]LogAssetRegistry: Asset discovery search completed in 35.1185 seconds
[2016.03.21-05.50.02:861][523]LogRenderer:Warning: Reallocating scene render targets to support 1208x576 (Frame:183).
[2016.03.21-05.50.15:676][958]Cmd: MAP LOAD FILE="../../../../../../Users/3c0z/Documents/Assets/ELECTRONICASSETS/Content/tv-prueba.umap" TEMPLATE=0 SHOWPROGRESS=1 FEATURELEVEL=3
[2016.03.21-05.50.15:749][958]LightingResults: New page: Lighting Build
[2016.03.21-05.50.15:914][958]LoadErrors: New page: Loading map: tv-prueba.umap
[2016.03.21-05.50.15:915][958]MapCheck: New page: Map Check
[2016.03.21-05.50.15:915][958]LightingResults: New page: Lighting Build
[2016.03.21-05.50.15:976][958]LogParticles: Destroying 0 GPU particle simulations for FXSystem 0x000000001063ED40
[2016.03.21-05.50.17:320][958]LogEditorServer: Finished looking for orphan Actors (0.000 secs)
[2016.03.21-05.50.17:330][958]LogAIModule: Creating AISystem for world tv-prueba
[2016.03.21-05.50.17:433][958]Cmd: MAP CHECKDEP
[2016.03.21-05.50.17:434][958]MapCheck: New page: tv-prueba - Mar 20, 2016, 5:50:17 PM
[2016.03.21-05.50.17:789][958]MapCheck: Info Map check complete: 0 Error(s), 0 Warning(s), took 354.669ms to complete.
[2016.03.21-05.50.17:789][958]LogFileHelpers: Loading map 'tv-prueba' took 2.118
[2016.03.21-05.50.30:162][397]LogContentBrowser:Verbose: The content browser source was changed by the sources view to '/Game/SmartTVCurved/Blueprint'
[2016.03.21-05.50.55:608][ 24]LogEditorViewport: Clicking on Actor (LMB): Pantalla-Curva-A4A_C (Pantalla-Curva-A4A2)
[2016.03.21-05.50.58:348][111]LogRenderer:Warning: Reallocating scene render targets to support 1208x904 (Frame:1436).
[2016.03.21-05.51.19:029][710]BlueprintLog: New page: Pre-PIE auto-recompile
[2016.03.21-05.51.19:062][710]LogPlayLevel: [PIE] Compiling Pantalla-Curva-A4A before PIE...
[2016.03.21-05.51.19:456][710]LogPlayLevel: PIE:  Blueprint regeneration took 427 ms (1 blueprints)
[2016.03.21-05.51.19:456][710]PIE: New page: PIE session: tv-prueba (Mar 20, 2016, 5:51:19 PM)
[2016.03.21-05.51.19:469][710]LogPlayLevel: PIE: StaticDuplicateObject took: (0.011401s)
[2016.03.21-05.51.19:471][710]LogPlayLevel: PIE: World Init took: (0.002149s)
[2016.03.21-05.51.19:472][710]LogPlayLevel: PIE: Created PIE world by copying editor world from /Game/tv-prueba.tv-prueba to /Game/UEDPIE_0_tv-prueba.tv-prueba (0.014031s)
[2016.03.21-05.51.19:559][710]LogWorld: Game class is 'GameMode'
[2016.03.21-05.51.19:563][710]LogAIModule: Creating AISystem for world tv-prueba
[2016.03.21-05.51.19:572][710]LogWorld: Bringing World /Game/UEDPIE_0_tv-prueba.tv-prueba up for play (max tick rate 0) at 2016.03.20-23.51.19
[2016.03.21-05.51.19:574][710]LogWorld: Bringing up level for play took: 0.008531
[2016.03.21-05.51.19:640][710]PIE: Info Play in editor start time for /Game/UEDPIE_0_tv-prueba 1.38
[2016.03.21-05.51.46:333][548]LogParticles: Destroying 0 GPU particle simulations for FXSystem 0x00000000203102C0
[2016.03.21-05.53.49:471][854]LogContentBrowser:Verbose: The content browser source was changed by the sources view to '/Game/SmartTVCurved/Texture'
[2016.03.21-05.53.53:702][946]LogContentBrowser: Native class hierarchy updated for 'TextureEditor' in 0.0255 seconds. Added 1 classes and 2 folders.
[2016.03.21-05.54.25:162][620]LogSavePackage: Save=1132.358521ms
[2016.03.21-05.54.25:163][620]LogSavePackage: Moving '../../../../../../Users/3c0z/Documents/Assets/ELECTRONICASSETS/Saved/Pantalla-Curva-A4A390A74F7498BACEEADCD3C9816CF5771.tmp' to '../../../../../../Users/3c0z/Documents/Assets/ELECTRONICASSETS/Content/SmartTVCurved/Blueprint/Pantalla-Curva-A4A.uasset'
[2016.03.21-05.54.25:734][620]Cmd: OBJ SAVEPACKAGE PACKAGE="/Game/tv-prueba" FILE="../../../../../../Users/3c0z/Documents/Assets/ELECTRONICASSETS/Content/tv-prueba.umap" SILENT=true AUTOSAVING=false KEEPDIRTY=false
[2016.03.21-05.54.26:023][620]LogSavePackage: Save=127.019135ms
[2016.03.21-05.54.26:023][620]LogSavePackage: Moving '../../../../../../Users/3c0z/Documents/Assets/ELECTRONICASSETS/Saved/tv-prueba1DFB44194F042D31070074A90C56FBE8.tmp' to '../../../../../../Users/3c0z/Documents/Assets/ELECTRONICASSETS/Content/tv-prueba.umap'
[2016.03.21-05.54.26:210][620]LogFileHelpers: Saving map 'tv-prueba' took 0.951
[2016.03.21-05.54.27:465][621]Cmd: QUIT_EDITOR
[2016.03.21-05.54.31:396][621]LogExit: Preparing to exit.
[2016.03.21-05.54.33:558][621]LogExit: Editor shut down
[2016.03.21-05.54.34:019][621]LogExit: Transaction tracking system shut down
[2016.03.21-05.54.34:022][621]LogParticles: Destroying 0 GPU particle simulations for FXSystem 0x000000000FFF0F40
[2016.03.21-05.54.34:023][621]LogParticles: Destroying 0 GPU particle simulations for FXSystem 0x000000000FFF2A20
[2016.03.21-05.54.34:024][621]LogParticles: Destroying 0 GPU particle simulations for FXSystem 0x000000000C3FC900
[2016.03.21-05.54.34:026][621]LogParticles: Destroying 0 GPU particle simulations for FXSystem 0x000000000E86D800
[2016.03.21-05.54.34:036][621]LogParticles: Destroying 0 GPU particle simulations for FXSystem 0x000000002AF79080
[2016.03.21-05.54.34:036][621]LogParticles: Destroying 0 GPU particle simulations for FXSystem 0x0000000027CE3B00
[2016.03.21-05.54.34:472][621]LogExit: Object subsystem successfully closed.
[2016.03.21-05.54.34:730][621]LogModuleManager: Shutting down and abandoning module TextureEditor (178)
[2016.03.21-05.54.34:730][621]LogModuleManager: Shutting down and abandoning module CrashTracker (177)
[2016.03.21-05.54.34:730][621]LogModuleManager: Shutting down and abandoning module SuperSearch (176)
[2016.03.21-05.54.34:730][621]LogModuleManager: Shutting down and abandoning module SceneOutliner (175)
[2016.03.21-05.54.34:730][621]LogModuleManager: Shutting down and abandoning module EditorWidgets (174)
[2016.03.21-05.54.34:730][621]LogModuleManager: Shutting down and abandoning module CollectionManager (173)
[2016.03.21-05.54.34:730][621]LogModuleManager: Shutting down and abandoning module StatsViewer (172)
[2016.03.21-05.54.34:730][621]LogModuleManager: Shutting down and abandoning module FoliageEdit (171)
[2016.03.21-05.54.34:730][621]LogModuleManager: Shutting down and abandoning module LandscapeEditor (170)
[2016.03.21-05.54.34:731][621]LogModuleManager: Shutting down and abandoning module MeshPaint (169)
[2016.03.21-05.54.34:731][621]LogModuleManager: Shutting down and abandoning module ActorPickerMode (168)
[2016.03.21-05.54.34:731][621]LogModuleManager: Shutting down and abandoning module GeometryMode (167)
[2016.03.21-05.54.34:731][621]LogModuleManager: Shutting down and abandoning module TextureAlignMode (166)
[2016.03.21-05.54.34:731][621]LogModuleManager: Shutting down and abandoning module BspMode (165)
[2016.03.21-05.54.34:731][621]LogModuleManager: Shutting down and abandoning module PlacementMode (164)
[2016.03.21-05.54.34:731][621]LogModuleManager: Shutting down and abandoning module AutomationWorker (163)
[2016.03.21-05.54.34:731][621]LogModuleManager: Shutting down and abandoning module CharacterAI (162)
[2016.03.21-05.54.34:731][621]LogModuleManager: Shutting down and abandoning module SmartSnapping (161)
[2016.03.21-05.54.34:731][621]LogModuleManager: Shutting down and abandoning module ViewportSnapping (160)
[2016.03.21-05.54.34:731][621]LogModuleManager: Shutting down and abandoning module LogVisualizer (159)
[2016.03.21-05.54.34:732][621]LogModuleManager: Shutting down and abandoning module GameProjectGeneration (158)
[2016.03.21-05.54.34:732][621]LogModuleManager: Shutting down and abandoning module IntroTutorials (157)
[2016.03.21-05.54.34:732][621]LogModuleManager: Shutting down and abandoning module EditorLiveStreaming (156)
[2016.03.21-05.54.34:732][621]LogModuleManager: Shutting down and abandoning module HardwareTargeting (155)
[2016.03.21-05.54.34:732][621]LogModuleManager: Shutting down and abandoning module DeviceProfileEditor (154)
[2016.03.21-05.54.34:732][621]LogModuleManager: Shutting down and abandoning module UndoHistory (153)
[2016.03.21-05.54.34:732][621]LogModuleManager: Shutting down and abandoning module GameplayTagsEditor (152)
[2016.03.21-05.54.34:732][621]LogModuleManager: Shutting down and abandoning module UserFeedback (151)
[2016.03.21-05.54.34:732][621]LogModuleManager: Shutting down and abandoning module XmlParser (150)
[2016.03.21-05.54.34:734][621]LogModuleManager: Shutting down and abandoning module Blutility (149)
[2016.03.21-05.54.34:735][621]LogModuleManager: Shutting down and abandoning module IOSPlatformEditor (148)
[2016.03.21-05.54.34:735][621]LogModuleManager: Shutting down and abandoning module IOSRuntimeSettings (147)
[2016.03.21-05.54.34:735][621]LogModuleManager: Shutting down and abandoning module AndroidDeviceDetection (146)
[2016.03.21-05.54.34:980][621]LogModuleManager: Shutting down and abandoning module AndroidPlatformEditor (145)
[2016.03.21-05.54.34:980][621]LogModuleManager: Shutting down and abandoning module AndroidRuntimeSettings (144)
[2016.03.21-05.54.34:980][621]LogModuleManager: Shutting down and abandoning module ProjectTargetPlatformEditor (143)
[2016.03.21-05.54.34:980][621]LogModuleManager: Shutting down and abandoning module ProjectSettingsViewer (142)
[2016.03.21-05.54.34:981][621]LogModuleManager: Shutting down and abandoning module InputBindingEditor (141)
[2016.03.21-05.54.34:981][621]LogModuleManager: Shutting down and abandoning module EditorSettingsViewer (140)
[2016.03.21-05.54.34:981][621]LogModuleManager: Shutting down and abandoning module SettingsEditor (139)
[2016.03.21-05.54.34:981][621]LogModuleManager: Shutting down and abandoning module ProjectLauncher (138)
[2016.03.21-05.54.34:981][621]LogModuleManager: Shutting down and abandoning module SessionFrontend (137)
[2016.03.21-05.54.34:981][621]LogModuleManager: Shutting down and abandoning module ProfilerClient (136)
[2016.03.21-05.54.34:981][621]LogModuleManager: Shutting down and abandoning module TargetDeviceServices (135)
[2016.03.21-05.54.34:981][621]LogModuleManager: Shutting down and abandoning module DeviceManager (134)
[2016.03.21-05.54.34:982][621]LogModuleManager: Shutting down and abandoning module AutomationController (133)
[2016.03.21-05.54.34:982][621]LogModuleManager: Shutting down and abandoning module AutomationWindow (132)
[2016.03.21-05.54.34:982][621]LogModuleManager: Shutting down and abandoning module Layers (131)
[2016.03.21-05.54.34:982][621]LogModuleManager: Shutting down and abandoning module ComponentVisualizers (130)
[2016.03.21-05.54.34:982][621]LogModuleManager: Shutting down and abandoning module DetailCustomizations (129)
[2016.03.21-05.54.34:982][621]LogModuleManager: Shutting down and abandoning module PackagesDialog (128)
[2016.03.21-05.54.34:982][621]LogModuleManager: Shutting down and abandoning module AssetRegistry (127)
[2016.03.21-05.54.35:093][621]LogModuleManager: Shutting down and abandoning module Persona (126)
[2016.03.21-05.54.35:093][621]LogModuleManager: Shutting down and abandoning module SlateReflector (125)
[2016.03.21-05.54.35:093][621]LogModuleManager: Shutting down and abandoning module LevelEditor (124)
[2016.03.21-05.54.35:096][621]LogModuleManager: Shutting down and abandoning module Kismet (123)
[2016.03.21-05.54.35:096][621]LogModuleManager: Shutting down and abandoning module GraphEditor (122)
[2016.03.21-05.54.35:096][621]LogModuleManager: Shutting down and abandoning module ClassViewer (121)
[2016.03.21-05.54.35:096][621]LogModuleManager: Shutting down and abandoning module Toolbox (120)
[2016.03.21-05.54.35:096][621]LogModuleManager: Shutting down and abandoning module ModuleUI (119)
[2016.03.21-05.54.35:096][621]LogModuleManager: Shutting down and abandoning module MovieSceneTools (118)
[2016.03.21-05.54.35:096][621]LogModuleManager: Shutting down and abandoning module OutputLog (117)
[2016.03.21-05.54.35:096][621]LogModuleManager: Shutting down and abandoning module GammaUI (116)
[2016.03.21-05.54.35:096][621]LogModuleManager: Shutting down and abandoning module Documentation (115)
[2016.03.21-05.54.35:096][621]LogModuleManager: Shutting down and abandoning module GameLiveStreaming (114)
[2016.03.21-05.54.35:096][621]LogModuleManager: Shutting down and abandoning module StreamingPauseRendering (113)
[2016.03.21-05.54.35:096][621]LogModuleManager: Shutting down and abandoning module HTTP (112)
[2016.03.21-05.54.35:097][621]LogModuleManager: Shutting down and abandoning module AnalyticsET (111)
[2016.03.21-05.54.35:097][621]LogModuleManager: Shutting down and abandoning module Analytics (110)
[2016.03.21-05.54.35:097][621]LogModuleManager: Shutting down and abandoning module AITestSuite (109)
[2016.03.21-05.54.35:097][621]LogModuleManager: Shutting down and abandoning module GameplayDebugger (108)
[2016.03.21-05.54.35:097][621]LogModuleManager: Shutting down and abandoning module AIModule (107)
[2016.03.21-05.54.35:097][621]LogModuleManager: Shutting down and abandoning module ProfilerService (106)
[2016.03.21-05.54.35:108][621]LogModuleManager: Shutting down and abandoning module TaskGraph (105)
[2016.03.21-05.54.35:109][621]LogModuleManager: Shutting down and abandoning module SlateRemote (104)
[2016.03.21-05.54.35:109][621]LogModuleManager: Shutting down and abandoning module ScriptEditorPlugin (103)
[2016.03.21-05.54.35:109][621]LogModuleManager: Shutting down and abandoning module CustomMeshComponent (102)
[2016.03.21-05.54.35:109][621]LogModuleManager: Shutting down and abandoning module CableComponent (101)
[2016.03.21-05.54.35:109][621]LogModuleManager: Shutting down and abandoning module MessagingDebugger (100)
[2016.03.21-05.54.35:109][621]LogModuleManager: Shutting down and abandoning module MediaPlayerEditor (99)
[2016.03.21-05.54.35:109][621]LogModuleManager: Shutting down and abandoning module SpeedTreeImporter (98)
[2016.03.21-05.54.35:109][621]LogModuleManager: Shutting down and abandoning module PluginsEditor (97)
[2016.03.21-05.54.35:109][621]LogModuleManager: Shutting down and abandoning module MainFrame (96)
[2016.03.21-05.54.35:109][621]LogModuleManager: Shutting down and abandoning module EpicSurvey (95)
[2016.03.21-05.54.35:109][621]LogModuleManager: Shutting down and abandoning module DesktopPlatform (94)
[2016.03.21-05.54.35:109][621]LogModuleManager: Shutting down and abandoning module DirectoryWatcher (93)
[2016.03.21-05.54.35:110][621]LogModuleManager: Shutting down and abandoning module HotReload (92)
[2016.03.21-05.54.35:110][621]LogModuleManager: Shutting down and abandoning module VisualStudioSourceCodeAccess (91)
[2016.03.21-05.54.35:111][621]LogModuleManager: Shutting down and abandoning module UObjectPlugin (90)
[2016.03.21-05.54.35:111][621]LogModuleManager: Shutting down and abandoning module SubversionSourceControl (89)
[2016.03.21-05.54.35:111][621]LogModuleManager: Shutting down and abandoning module PerforceSourceControl (88)
[2016.03.21-05.54.35:111][621]LogModuleManager: Shutting down and abandoning module SourceControl (87)
[2016.03.21-05.54.35:111][621]LogModuleManager: Shutting down and abandoning module GitSourceControl (86)
[2016.03.21-05.54.35:111][621]LogModuleManager: Shutting down and abandoning module BlankPlugin (85)
[2016.03.21-05.54.35:111][621]LogModuleManager: Shutting down and abandoning module PaperTiledImporter (84)
[2016.03.21-05.54.35:111][621]LogModuleManager: Shutting down and abandoning module PaperJsonImporter (83)
[2016.03.21-05.54.35:111][621]LogModuleManager: Shutting down and abandoning module ContentBrowser (82)
[2016.03.21-05.54.35:113][621]LogModuleManager: Shutting down and abandoning module Paper2DEditor (81)
[2016.03.21-05.54.35:113][621]LogModuleManager: Shutting down and abandoning module ScriptPlugin (80)
[2016.03.21-05.54.35:113][621]LogModuleManager: Shutting down and abandoning module UdpMessaging (79)
[2016.03.21-05.54.35:213][621]LogModuleManager: Shutting down and abandoning module Paper2D (78)
[2016.03.21-05.54.35:213][621]LogModuleManager: Shutting down and abandoning module WindowsMoviePlayer (77)
[2016.03.21-05.54.35:221][621]LogModuleManager: Shutting down and abandoning module Media (76)
[2016.03.21-05.54.35:221][621]LogModuleManager: Shutting down and abandoning module WmfMedia (75)
[2016.03.21-05.54.35:232][621]LogModuleManager: Shutting down and abandoning module OnlineBlueprintSupport (74)
[2016.03.21-05.54.35:232][621]LogModuleManager: Shutting down and abandoning module PropertyEditor (73)
[2016.03.21-05.54.35:232][621]LogModuleManager: Shutting down and abandoning module BehaviorTreeEditor (72)
[2016.03.21-05.54.35:232][621]LogModuleManager: Shutting down and abandoning module FunctionalTesting (71)
[2016.03.21-05.54.35:232][621]LogModuleManager: Shutting down and abandoning module CollisionAnalyzer (70)
[2016.03.21-05.54.35:233][621]LogModuleManager: Shutting down and abandoning module WorkspaceMenuStructure (69)
[2016.03.21-05.54.35:233][621]LogModuleManager: Shutting down and abandoning module MessageLog (68)
[2016.03.21-05.54.35:233][621]LogModuleManager: Shutting down and abandoning module Sequencer (67)
[2016.03.21-05.54.35:233][621]LogModuleManager: Shutting down and abandoning module AssetTools (66)
[2016.03.21-05.54.35:233][621]LogModuleManager: Shutting down and abandoning module UMGEditor (65)
[2016.03.21-05.54.35:233][621]LogModuleManager: Shutting down and abandoning module UMG (64)
[2016.03.21-05.54.35:233][621]LogModuleManager: Shutting down and abandoning module Slate (63)
[2016.03.21-05.54.35:233][621]LogModuleManager: Shutting down and abandoning module EditorStyle (62)
[2016.03.21-05.54.35:245][621]LogModuleManager: Shutting down and abandoning module SessionServices (61)
[2016.03.21-05.54.35:245][621]LogModuleManager: Shutting down and abandoning module SourceCodeAccess (60)
[2016.03.21-05.54.35:245][621]LogModuleManager: Shutting down and abandoning module HeadMountedDisplay (59)
[2016.03.21-05.54.35:245][621]LogModuleManager: Shutting down and abandoning module XAudio2 (58)
[2016.03.21-05.54.35:245][621]LogModuleManager: Shutting down and abandoning module Networking (56)
[2016.03.21-05.54.35:245][621]LogModuleManager: Shutting down and abandoning module Core (55)
[2016.03.21-05.54.35:245][621]LogModuleManager: Shutting down and abandoning module KismetCompiler (54)
[2016.03.21-05.54.35:245][621]LogModuleManager: Shutting down and abandoning module PhysXFormats (53)
[2016.03.21-05.54.35:245][621]LogModuleManager: Shutting down and abandoning module MeshUtilities (52)
[2016.03.21-05.54.35:246][621]LogModuleManager: Shutting down and abandoning module DerivedDataCache (51)
[2016.03.21-05.54.35:304][621]LogDerivedDataCache: Shutdown
[2016.03.21-05.54.35:304][621]LogModuleManager: Shutting down and abandoning module ShaderFormatOpenGL (50)
[2016.03.21-05.54.35:304][621]LogModuleManager: Shutting down and abandoning module ShaderFormatD3D (49)
[2016.03.21-05.54.35:304][621]LogModuleManager: Shutting down and abandoning module MetalShaderFormat (48)
[2016.03.21-05.54.35:304][621]LogModuleManager: Shutting down and abandoning module TextureFormatUncompressed (47)
[2016.03.21-05.54.35:304][621]LogModuleManager: Shutting down and abandoning module TextureFormatPVR (46)
[2016.03.21-05.54.35:304][621]LogModuleManager: Shutting down and abandoning module TextureFormatIntelISPCTexComp (45)
[2016.03.21-05.54.35:304][621]LogModuleManager: Shutting down and abandoning module TextureFormatDXT (44)
[2016.03.21-05.54.35:304][621]LogModuleManager: Shutting down and abandoning module ImageWrapper (43)
[2016.03.21-05.54.35:304][621]LogModuleManager: Shutting down and abandoning module TextureFormatASTC (42)
[2016.03.21-05.54.35:304][621]LogModuleManager: Shutting down and abandoning module TextureFormatAndroid (41)
[2016.03.21-05.54.35:304][621]LogModuleManager: Shutting down and abandoning module AudioFormatOpus (40)
[2016.03.21-05.54.35:304][621]LogModuleManager: Shutting down and abandoning module AudioFormatOgg (39)
[2016.03.21-05.54.35:304][621]LogModuleManager: Shutting down and abandoning module AudioFormatADPCM (38)
[2016.03.21-05.54.35:304][621]LogModuleManager: Shutting down and abandoning module LinuxTargetPlatform (37)
[2016.03.21-05.54.35:304][621]LogModuleManager: Shutting down and abandoning module LinuxServerTargetPlatform (36)
[2016.03.21-05.54.35:304][621]LogModuleManager: Shutting down and abandoning module LinuxNoEditorTargetPlatform (35)
[2016.03.21-05.54.35:304][621]LogModuleManager: Shutting down and abandoning module Messaging (34)
[2016.03.21-05.54.35:304][621]LogModuleManager: Shutting down and abandoning module IOSTargetPlatform (33)
[2016.03.21-05.54.35:304][621]LogModuleManager: Shutting down and abandoning module HTML5TargetPlatform (32)
[2016.03.21-05.54.35:304][621]LogModuleManager: Shutting down and abandoning module Android_PVRTCTargetPlatform (31)
[2016.03.21-05.54.35:305][621]LogModuleManager: Shutting down and abandoning module Android_ETC2TargetPlatform (30)
[2016.03.21-05.54.35:305][621]LogModuleManager: Shutting down and abandoning module Android_ETC1TargetPlatform (29)
[2016.03.21-05.54.35:305][621]LogModuleManager: Shutting down and abandoning module Android_ES31TargetPlatform (28)
[2016.03.21-05.54.35:305][621]LogModuleManager: Shutting down and abandoning module Android_DXTTargetPlatform (27)
[2016.03.21-05.54.35:305][621]LogModuleManager: Shutting down and abandoning module Android_ATCTargetPlatform (26)
[2016.03.21-05.54.35:305][621]LogModuleManager: Shutting down and abandoning module AndroidTargetPlatform (25)
[2016.03.21-05.54.35:305][621]LogModuleManager: Shutting down and abandoning module WindowsTargetPlatform (24)
[2016.03.21-05.54.35:305][621]LogModuleManager: Shutting down and abandoning module WindowsServerTargetPlatform (23)
[2016.03.21-05.54.35:305][621]LogModuleManager: Shutting down and abandoning module WindowsNoEditorTargetPlatform (22)
[2016.03.21-05.54.35:305][621]LogModuleManager: Shutting down and abandoning module WindowsClientTargetPlatform (21)
[2016.03.21-05.54.35:305][621]LogModuleManager: Shutting down and abandoning module TargetPlatform (20)
[2016.03.21-05.54.35:305][621]LogModuleManager: Shutting down and abandoning module InputCore (19)
[2016.03.21-05.54.35:305][621]LogModuleManager: Shutting down and abandoning module Settings (18)
[2016.03.21-05.54.35:305][621]LogModuleManager: Shutting down and abandoning module OnlineSubsystem (16)
[2016.03.21-05.54.35:305][621]LogModuleManager: Shutting down and abandoning module OculusRift (15)
[2016.03.21-05.54.35:305][621]LogModuleManager: Shutting down and abandoning module ExampleDeviceProfileSelector (14)
[2016.03.21-05.54.35:305][621]LogModuleManager: Shutting down and abandoning module TextureCompressor (13)
[2016.03.21-05.54.35:305][621]LogModuleManager: Shutting down and abandoning module ShaderCore (12)
[2016.03.21-05.54.35:305][621]LogModuleManager: Shutting down and abandoning module Landscape (11)
[2016.03.21-05.54.35:305][621]LogModuleManager: Shutting down and abandoning module SlateRHIRenderer (10)
[2016.03.21-05.54.35:329][621]LogModuleManager: Shutting down and abandoning module OpenGLDrv (9)
[2016.03.21-05.54.35:329][621]LogModuleManager: Shutting down and abandoning module D3D11RHI (8)
[2016.03.21-05.54.35:329][621]LogModuleManager: Shutting down and abandoning module Renderer (7)
[2016.03.21-05.54.35:329][621]LogModuleManager: Shutting down and abandoning module Engine (6)
[2016.03.21-05.54.35:329][621]LogModuleManager: Shutting down and abandoning module CoreUObject (5)
[2016.03.21-05.54.35:329][621]LogModuleManager: Shutting down and abandoning module NetworkFile (4)
[2016.03.21-05.54.35:329][621]LogModuleManager: Shutting down and abandoning module StreamingFile (3)
[2016.03.21-05.54.35:329][621]LogModuleManager: Shutting down and abandoning module SandboxFile (2)
[2016.03.21-05.54.35:329][621]LogModuleManager: Shutting down and abandoning module PakFile (1)
[2016.03.21-05.54.35:335][621]LogExit: Exiting.
[2016.03.21-05.54.35:413][621]Log file closed, 03/20/16 23:54:35
