Log file open, 03/28/16 03:31:30
LogInit:Display: Running engine for game: ELECTRONICASSETS
LogInit: Version: 4.7.6-2513093+++depot+UE4-Releases+4.7
LogInit: API Version: 2455222
LogInit: Compiled (64-bit): Apr 15 2015 12:09:54
LogInit: Compiled with Visual C++: 18.00.21005.01
LogInit: Build Configuration: Development
LogInit: Branch Name: ++depot+UE4-Releases+4.7
LogInit: Command line:  
LogInit: Base directory: C:/Program Files/Epic Games/4.7/Engine/Binaries/Win64/
LogInit: Rocket: 1
[2016.03.28-09.31.30:423][  0]LogTaskGraph: Started task graph with 3 named threads and 4 total threads.
[2016.03.28-09.31.30:480][  0]LogOnline:Warning: No default platform service specified for OnlineSubsystem
[2016.03.28-09.31.30:604][  0]LogInit: Presizing for 0 objects not considered by GC, pre-allocating 0 bytes.
[2016.03.28-09.31.30:795][  0]LogInit: Object subsystem initialized
[2016.03.28-09.31.30:858][  0]LogConsoleResponse:Warning: Skipping Unknown console variable: 'TranslucentSortAxis = (X=0.000000,Y=-1.000000,Z=0.000000)'
[2016.03.28-09.31.30:858][  0]LogConsoleResponse:Warning:   Found in ini file 'C:/Users/3c0z/Documents/Assets/ELECTRONICASSETS/Saved/Config/Windows/Engine.ini', in section '[/Script/Engine.RendererSettings]'
[2016.03.28-09.31.30:858][  0]LogConsoleResponse:Warning: Skipping Unknown console variable: 'UIScaleRule = ShortestSide'
[2016.03.28-09.31.30:858][  0]LogConsoleResponse:Warning:   Found in ini file 'C:/Users/3c0z/Documents/Assets/ELECTRONICASSETS/Saved/Config/Windows/Engine.ini', in section '[/Script/Engine.RendererSettings]'
[2016.03.28-09.31.30:858][  0]LogConsoleResponse:Warning: Skipping Unknown console variable: 'UIScaleCurve = (EditorCurveData=(Keys=),ExternalCurve=None)'
[2016.03.28-09.31.30:858][  0]LogConsoleResponse:Warning:   Found in ini file 'C:/Users/3c0z/Documents/Assets/ELECTRONICASSETS/Saved/Config/Windows/Engine.ini', in section '[/Script/Engine.RendererSettings]'
[2016.03.28-09.31.30:894][  0]LogInit: Selected Device Profile: [Windows]
[2016.03.28-09.31.30:902][  0]LogInit: Applying CVar settings loaded from the selected device profile: [Windows]
[2016.03.28-09.31.31:104][  0]LogInit: Computer: ISOQA
[2016.03.28-09.31.31:104][  0]LogInit: User: 3c0z
[2016.03.28-09.31.31:104][  0]LogInit: CPU Page size=4096, Cores=2
[2016.03.28-09.31.31:104][  0]LogInit: High frequency timer resolution =2.539130 MHz
[2016.03.28-09.31.31:104][  0]LogMemory: Memory total: Physical=4.0GB (4GB approx) Virtual=8192.0GB
[2016.03.28-09.31.31:104][  0]LogMemory: Platform Memory Stats for Windows
[2016.03.28-09.31.31:104][  0]LogMemory: Process Physical Memory: 46.64 MB used, 46.64 MB peak
[2016.03.28-09.31.31:104][  0]LogMemory: Process Virtual Memory: 25.03 MB used, 25.03 MB peak
[2016.03.28-09.31.31:104][  0]LogMemory: Physical Memory: 1576.38 MB used, 4094.49 MB total
[2016.03.28-09.31.31:104][  0]LogMemory: Virtual Memory: 278.32 MB used, 8388608.00 MB total
[2016.03.28-09.31.31:824][  0]LogD3D11RHI: Found D3D11 adapter 0: NVIDIA GeForce GTX 750 Ti (Feature Level 11_0)
[2016.03.28-09.31.31:824][  0]LogD3D11RHI: Adapter has 1993MB of dedicated video memory, 0MB of dedicated system memory, and 1791MB of shared system memory, 1 output[s]
[2016.03.28-09.31.31:824][  0]LogD3D11RHI: Chosen D3D11 Adapter Id = 0
[2016.03.28-09.31.31:835][  0]LogRHI: Texture pool is 1361 MB (70% of 1945 MB)
[2016.03.28-09.31.31:851][  0]LogD3D11RHI: Async texture creation enabled
[2016.03.28-09.31.33:381][  0]LogTextLocalizationManager: The requested culture ('en_US') has no localization data; parent culture's ('es') localization data will be used.
[2016.03.28-09.31.33:665][  0]LogTextLocalizationManager:Warning: Loading localization resources contain conflicting entries for (Namespace:UICommands, Key:Save_ToolTip):
Resource: (C:/Program Files/Epic Games/4.7/Engine/Content/Localization/Editor/en/Editor.locres) Hash: (-29098895) String: (Saves the current level to disk)
Resource: (C:/Program Files/Epic Games/4.7/Engine/Content/Localization/Engine/en/Engine.locres) Hash: (-1280300587) String: (Save selected data to vlog file)
[2016.03.28-09.31.33:665][  0]LogTextLocalizationManager:Warning: Loading localization resources contain conflicting entries for (Namespace:ContentBrowser, Key:ImportAssetToolTip):
Resource: (C:/Program Files/Epic Games/4.7/Engine/Content/Localization/Editor/en/Editor.locres) Hash: (-630476809) String: (Import to {0}...)
Resource: (C:/Program Files/Epic Games/4.7/Engine/Content/Localization/Editor/en/Editor.locres) Hash: (1271782899) String: (Imports an asset from file to this folder.)
[2016.03.28-09.31.33:843][  0]LogContentStreaming: Texture pool size is 0.000000MB
[2016.03.28-09.31.46:229][  0]LogTargetPlatformManager:Display: Building Assets For Windows
[2016.03.28-09.31.47:877][  0]LogTargetPlatformManager:Display: Building Assets For Windows
[2016.03.28-09.31.48:075][  0]LogDerivedDataCache:Display: Max Cache Size: 512 MB
[2016.03.28-09.31.48:591][  0]LogDerivedDataCache: Loaded boot cache 0.49s 39MB C:/Users/3c0z/AppData/Local/UnrealEngine/4.7/DerivedDataCache/Boot.ddc.
[2016.03.28-09.31.48:592][  0]LogDerivedDataCache:Display: Loaded Boot cache: C:/Users/3c0z/AppData/Local/UnrealEngine/4.7/DerivedDataCache/Boot.ddc
[2016.03.28-09.31.48:592][  0]LogDerivedDataCache: FDerivedDataBackendGraph:  Pak pak cache file ../../../../../../Users/3c0z/Documents/Assets/ELECTRONICASSETS/DerivedDataCache/DDC.ddp not found, will not use a pak cache.
[2016.03.28-09.31.48:592][  0]LogDerivedDataCache: Unable to find inner node Pak for hierarchical cache Hierarchy.
[2016.03.28-09.31.48:877][  0]LogDerivedDataCache:Display: Pak cache opened for reading ../../../Engine/DerivedDataCache/Compressed.ddp.
[2016.03.28-09.31.48:943][  0]LogDerivedDataCache: Using Local data cache path C:/Users/3c0z/AppData/Local/UnrealEngine/Common/DerivedDataCache: Writable
[2016.03.28-09.31.54:896][  0]LogMeshUtilities: No automatic mesh reduction module available
[2016.03.28-09.31.54:896][  0]LogMeshUtilities: No automatic mesh merging module available
[2016.03.28-09.31.58:620][  0]LogInit: WinSock: version 1.1 (2.2), MaxSocks=32767, MaxUdp=65467
[2016.03.28-09.31.58:996][  0]LogSlate:Warning: Failed to load font data from '../../../Engine/Content/Slate/Fonts/Roboto-Italic.ttf'
[2016.03.28-09.32.24:687][  0]UdpMessaging: Initializing bridge on interface 0.0.0.0:0 to multicast group 230.0.0.1:6666.
[2016.03.28-09.32.25:603][  0]SourceControl: Info Source control is disabled
[2016.03.28-09.32.25:611][  0]SourceControl: Info Source control is disabled
[2016.03.28-09.32.25:611][  0]SourceControl: Info Source control is disabled
[2016.03.28-09.32.25:611][  0]LogSourceControl: RunCommandInternalRaw: 'git version'
[2016.03.28-09.32.25:611][  0]LogSourceControl: RunCommandInternalRaw: ExecProcess ReturnCode=2 OutResults=''
[2016.03.28-09.32.25:627][  0]SourceControl: Info Source control is disabled
[2016.03.28-09.32.26:834][  0]LogObj: 24232 objects as part of root set at end of initial load.
[2016.03.28-09.32.26:834][  0]LogUObjectAllocator: 5137176 out of 0 bytes used by permanent object pool.
[2016.03.28-09.32.27:346][  0]LogEngine: Initializing Engine...
[2016.03.28-09.32.31:293][  0]LogInit: XAudio2 using 'Speakers (Realtek High Definition Audio)' : 2 channels at 48 kHz using 32 bits per sample (channel mask 0x3)
[2016.03.28-09.32.31:653][  0]LogInit: FAudioDevice initialized.
[2016.03.28-09.32.32:186][  0]LogAIModule: Creating AISystem for world NewWorld
[2016.03.28-09.32.32:397][  0]LogDerivedDataCache: Saved boot cache 0.13s 39MB C:/Users/3c0z/AppData/Local/UnrealEngine/4.7/DerivedDataCache/Boot.ddc.
[2016.03.28-09.32.32:423][  0]LogInit: Texture streaming: Enabled
[2016.03.28-09.32.33:301][  0]LogAnalytics: Creating configured Analytics provider AnalyticsET
[2016.03.28-09.32.33:301][  0]LogAnalytics: ET APIKey = Rocket.Release. APIServer = http://et2.epicgames.com/ET2/. AppVersion = 4.7.6-2513093+++depot+UE4-Releases+4.7
[2016.03.28-09.32.33:301][  0]LogAnalytics: ET APIKey = Rocket.Release. DataRouterUploadURL = https://datarouter-public-service-gamedev.ol.epicgames.net/datarouter/api/v1/public/data. AppVersion = 4.7.6-2513093+++depot+UE4-Releases+4.7
[2016.03.28-09.32.33:301][  0]LogAnalytics: SetUserId f8d463004448e9bf9238c395a56aa488|6b2d3cb90e4040169396666e7dda91ad|be6a12fa-584f-40e9-9224-deb3c37dd44e
[2016.03.28-09.32.33:353][  0]LogAnalytics: AnalyticsET::StartSession [Rocket.Release]
[2016.03.28-09.32.33:545][  0]LogInit: Transaction tracking system initialized
[2016.03.28-09.32.35:525][  0]BlueprintLog: New page: Editor Load
[2016.03.28-09.32.35:735][  0]LogAssetRegistry: FAssetRegistry took 0.0340 seconds to start up
[2016.03.28-09.32.35:737][  0]LogDirectoryWatcher:Warning: Failed to begin reading directory changes for ../../../Engine/Plugins/Experimental/CharacterAI/Content/. Error: 0
[2016.03.28-09.32.40:832][  0]LogTargetPlatformManager:Display: Building Assets For Windows
[2016.03.28-09.32.41:702][  0]LogTargetPlatformManager:Display: Building Assets For Windows
[2016.03.28-09.32.43:748][  0]LogLinker:Warning: Asset '../../../Engine/Content/Tutorial/Mobile/SettingUpAndroidTutorial.uasset' has been saved with empty engine version. The asset will be loaded but may be incompatible.
[2016.03.28-09.32.44:456][  0]LogSlate:Warning: Failed to load font data from '../../../Engine/Content/Editor/Slate/Fonts/Roboto-Regular.ttf'
[2016.03.28-09.32.44:457][  0]LogSlate:Warning: Failed to load font data from '../../../Engine/Content/Editor/Slate/Fonts/Roboto-Bold.ttf'
[2016.03.28-09.32.44:642][  0]LogConsoleResponse:Display: 
[2016.03.28-09.32.48:774][  0]LogCook:Display: Done creating registry. It took  0.00s.
[2016.03.28-09.32.51:477][  0]SourceControl: Info Source control is disabled
[2016.03.28-09.32.51:685][  0]Cmd: MAP LOAD FILE="../../../Engine/Content/Maps/Templates/Template_Default.umap" TEMPLATE=1 SHOWPROGRESS=1 FEATURELEVEL=3
[2016.03.28-09.32.51:769][  0]LightingResults: New page: Lighting Build
[2016.03.28-09.32.52:109][  0]MapCheck: New page: Map Check
[2016.03.28-09.32.52:109][  0]LightingResults: New page: Lighting Build
[2016.03.28-09.32.52:485][  0]LogParticles: Destroying 0 GPU particle simulations for FXSystem 0x000000001673CD60
[2016.03.28-09.32.56:627][  0]LogEditorServer: Finished looking for orphan Actors (0.000 secs)
[2016.03.28-09.32.56:692][  0]LogAIModule: Creating AISystem for world Untitled_1
[2016.03.28-09.32.56:712][  0]Cmd: MAP CHECKDEP
[2016.03.28-09.32.56:741][  0]MapCheck: New page: Untitled_1 - Mar 27, 2016, 9:32:56 PM
[2016.03.28-09.32.57:057][  0]MapCheck: Info Map check complete: 0 Error(s), 0 Warning(s), took 344.418ms to complete.
[2016.03.28-09.32.57:057][  0]LogFileHelpers: Loading map 'Template_Default' took 5.485
[2016.03.28-09.33.00:025][  0]LogCollectionManager: Loaded 0 collections in 0.003137 seconds
[2016.03.28-09.33.00:063][  0]LogContentBrowser: Native class hierarchy populated in 0.0377 seconds. Added 1696 classes and 261 folders.
[2016.03.28-09.33.00:528][  0]LogContentBrowser: Native class hierarchy updated for 'SceneOutliner' in 0.0034 seconds. Added 1 classes and 2 folders.
[2016.03.28-09.33.01:936][  0]LogCrashTracker: Crashtracker disabled due to settings.
[2016.03.28-09.33.02:108][  0]LogSlate:Warning: Failed to load font data from 'Veranda'
[2016.03.28-09.33.02:204][  0]LogUObjectGlobals:Warning: Failed to find object 'Class None.'
[2016.03.28-09.33.02:485][  0]LogLoad: Full Startup: 102.99 seconds (BP compile: 0.54 seconds)
[2016.03.28-09.33.02:646][  0]LogContentBrowser:Verbose: The content browser source was changed by the sources view to '/Game/SmartTVCurved/Mesh'
[2016.03.28-09.33.04:275][  0]LogRenderer:Warning: Reallocating scene render targets to support 32x32 (Frame:2).
[2016.03.28-09.33.05:099][  0]LogRenderer:Warning: Reallocating scene render targets to support 1208x576 (Frame:3).
[2016.03.28-09.33.05:970][  7]LogAssetRegistry: Asset discovery search completed in 30.2672 seconds
[2016.03.28-09.33.22:093][600]Cmd: MAP LOAD FILE="../../../../../../Users/3c0z/Documents/Assets/ELECTRONICASSETS/Content/tv-prueba.umap" TEMPLATE=0 SHOWPROGRESS=1 FEATURELEVEL=3
[2016.03.28-09.33.22:240][600]LightingResults: New page: Lighting Build
[2016.03.28-09.33.22:386][600]LoadErrors: New page: Loading map: tv-prueba.umap
[2016.03.28-09.33.22:430][600]MapCheck: New page: Map Check
[2016.03.28-09.33.22:430][600]LightingResults: New page: Lighting Build
[2016.03.28-09.33.22:516][600]LogParticles: Destroying 0 GPU particle simulations for FXSystem 0x0000000010352AC0
[2016.03.28-09.33.29:158][600]LogEditorServer: Finished looking for orphan Actors (0.000 secs)
[2016.03.28-09.33.29:315][600]LogAIModule: Creating AISystem for world tv-prueba
[2016.03.28-09.33.29:708][600]Cmd: MAP CHECKDEP
[2016.03.28-09.33.29:709][600]MapCheck: New page: tv-prueba - Mar 27, 2016, 9:33:29 PM
[2016.03.28-09.33.30:764][600]MapCheck: Info Map check complete: 0 Error(s), 0 Warning(s), took 1,055.046ms to complete.
[2016.03.28-09.33.30:764][600]LogFileHelpers: Loading map 'tv-prueba' took 8.676
[2016.03.28-09.34.04:071][287]LogEditorViewport: Clicking on Actor (LMB): StaticMeshActor (mpm_F19)
[2016.03.28-09.35.20:102][759]LogEditorViewport: Clicking on Actor (LMB): BP_Sky_Sphere_C (Sky Sphere)
[2016.03.28-09.35.31:267][951]LogPlayLevel: PIE:  No blueprints needed recompiling
[2016.03.28-09.35.31:268][951]PIE: New page: PIE session: tv-prueba (Mar 27, 2016, 9:35:31 PM)
[2016.03.28-09.35.31:284][951]LogPlayLevel: PIE: StaticDuplicateObject took: (0.010818s)
[2016.03.28-09.35.31:287][951]LogPlayLevel: PIE: World Init took: (0.002315s)
[2016.03.28-09.35.31:287][951]LogPlayLevel: PIE: Created PIE world by copying editor world from /Game/tv-prueba.tv-prueba to /Game/UEDPIE_0_tv-prueba.tv-prueba (0.013654s)
[2016.03.28-09.35.31:543][951]LogWorld: Game class is 'GameMode'
[2016.03.28-09.35.31:648][951]LogAIModule: Creating AISystem for world tv-prueba
[2016.03.28-09.35.31:660][951]LogWorld: Bringing World /Game/UEDPIE_0_tv-prueba.tv-prueba up for play (max tick rate 0) at 2016.03.28-03.35.31
[2016.03.28-09.35.31:714][951]LogWorld: Bringing up level for play took: 0.064920
[2016.03.28-09.35.31:772][951]PIE: Info Play in editor start time for /Game/UEDPIE_0_tv-prueba 1.217
[2016.03.28-09.35.38:766][115]LogParticles: Destroying 0 GPU particle simulations for FXSystem 0x000000000E5460C0
[2016.03.28-09.35.42:752][176]LogContentBrowser:Verbose: The content browser source was changed by the sources view to '/Game/SmartTVCurved/Blueprint'
[2016.03.28-09.38.47:715][780]LogRenderer:Warning: Reallocating scene render targets to support 1208x904 (Frame:3487).
[2016.03.28-09.38.54:736][924]LogPlayLevel: PIE:  No blueprints needed recompiling
[2016.03.28-09.38.54:736][924]PIE: New page: PIE session: tv-prueba (Mar 27, 2016, 9:38:54 PM)
[2016.03.28-09.38.54:748][924]LogPlayLevel: PIE: StaticDuplicateObject took: (0.010723s)
[2016.03.28-09.38.54:751][924]LogPlayLevel: PIE: World Init took: (0.002643s)
[2016.03.28-09.38.54:751][924]LogPlayLevel: PIE: Created PIE world by copying editor world from /Game/tv-prueba.tv-prueba to /Game/UEDPIE_0_tv-prueba.tv-prueba (0.013894s)
[2016.03.28-09.38.54:829][924]LogWorld: Game class is 'GameMode'
[2016.03.28-09.38.54:835][924]LogAIModule: Creating AISystem for world tv-prueba
[2016.03.28-09.38.54:848][924]LogWorld: Bringing World /Game/UEDPIE_0_tv-prueba.tv-prueba up for play (max tick rate 0) at 2016.03.28-03.38.54
[2016.03.28-09.38.54:851][924]LogWorld: Bringing up level for play took: 0.013705
[2016.03.28-09.38.54:859][924]PIE: Info Play in editor start time for /Game/UEDPIE_0_tv-prueba 0.293
[2016.03.28-09.39.29:001][788]LogParticles: Destroying 0 GPU particle simulations for FXSystem 0x000000003881F060
[2016.03.28-09.39.48:983][176]LogPlayLevel: PIE:  No blueprints needed recompiling
[2016.03.28-09.39.48:984][176]PIE: New page: PIE session: tv-prueba (Mar 27, 2016, 9:39:48 PM)
[2016.03.28-09.39.48:994][176]LogPlayLevel: PIE: StaticDuplicateObject took: (0.007504s)
[2016.03.28-09.39.48:997][176]LogPlayLevel: PIE: World Init took: (0.002865s)
[2016.03.28-09.39.48:998][176]LogPlayLevel: PIE: Created PIE world by copying editor world from /Game/tv-prueba.tv-prueba to /Game/UEDPIE_0_tv-prueba.tv-prueba (0.010829s)
[2016.03.28-09.39.49:073][176]LogWorld: Game class is 'GameMode'
[2016.03.28-09.39.49:078][176]LogAIModule: Creating AISystem for world tv-prueba
[2016.03.28-09.39.49:090][176]LogWorld: Bringing World /Game/UEDPIE_0_tv-prueba.tv-prueba up for play (max tick rate 0) at 2016.03.28-03.39.49
[2016.03.28-09.39.49:093][176]LogWorld: Bringing up level for play took: 0.012894
[2016.03.28-09.39.49:102][176]PIE: Info Play in editor start time for /Game/UEDPIE_0_tv-prueba 0.533
[2016.03.28-09.40.17:080][880]LogParticles: Destroying 0 GPU particle simulations for FXSystem 0x000000000ECCBD80
[2016.03.28-09.40.18:685][910]LogContentBrowser:Verbose: The content browser source was changed by the sources view to '/Game/SmartTVCurved/Materials'
[2016.03.28-09.40.21:175][949]LogContentBrowser:Verbose: The content browser source was changed by the sources view to '/Game/SmartTVCurved/Mesh'
[2016.03.28-09.40.25:494][ 14]LogContentBrowser:Verbose: The content browser source was changed by the sources view to '/Game/SmartTVCurved/Texture'
[2016.03.28-09.40.57:826][588]LogContentBrowser: Native class hierarchy updated for 'TextureEditor' in 0.0159 seconds. Added 1 classes and 2 folders.
[2016.03.28-09.44.32:434][643]Cmd: OBJ SAVEPACKAGE PACKAGE="/Game/tv-prueba" FILE="../../../../../../Users/3c0z/Documents/Assets/ELECTRONICASSETS/Saved/Autosaves/Game/tv-prueba_Auto1.umap" SILENT=true AUTOSAVING=true KEEPDIRTY=false
[2016.03.28-09.44.33:702][643]LogSavePackage: Save=495.671753ms
[2016.03.28-09.44.33:705][643]LogSavePackage: Moving '../../../../../../Users/3c0z/Documents/Assets/ELECTRONICASSETS/Saved/tv-prueba_Auto15FC55A2646A34CFEAC418995663B60C1.tmp' to '../../../../../../Users/3c0z/Documents/Assets/ELECTRONICASSETS/Saved/Autosaves/Game/tv-prueba_Auto1.umap'
[2016.03.28-09.44.33:844][643]LogFileHelpers: Editor autosave (incl. sublevels) for '/Game/tv-prueba' took 1.804
[2016.03.28-09.44.33:844][643]LogFileHelpers: Editor autosave (incl. sublevels) for all levels took 1.804
[2016.03.28-09.58.06:440][303]LogEditorViewport: Clicking on Actor (LMB): StaticMeshActor (mpm_F19)
[2016.03.28-09.58.43:514][788]Cmd: OBJ SAVEPACKAGE PACKAGE="/Game/tv-prueba" FILE="../../../../../../Users/3c0z/Documents/Assets/ELECTRONICASSETS/Saved/Autosaves/Game/tv-prueba_Auto2.umap" SILENT=true AUTOSAVING=true KEEPDIRTY=false
[2016.03.28-09.58.44:448][788]LogSavePackage: Save=701.376465ms
[2016.03.28-09.58.44:448][788]LogSavePackage: Moving '../../../../../../Users/3c0z/Documents/Assets/ELECTRONICASSETS/Saved/tv-prueba_Auto23573491345828DB8B040259E7DFC09BF.tmp' to '../../../../../../Users/3c0z/Documents/Assets/ELECTRONICASSETS/Saved/Autosaves/Game/tv-prueba_Auto2.umap'
[2016.03.28-09.58.44:665][788]LogFileHelpers: Editor autosave (incl. sublevels) for '/Game/tv-prueba' took 1.514
[2016.03.28-09.58.44:665][788]LogFileHelpers: Editor autosave (incl. sublevels) for all levels took 1.514
[2016.03.28-09.59.20:140][ 84]LogFactory: FactoryCreateBinary: MediaPlayer with MediaPlayerFactory (0 0 C:\Users\3c0z\Desktop\Nine_Inch_Nails_-_Copy_of_a_(VEVO_Presents).wmv)
[2016.03.28-09.59.21:032][ 84]LogContentBrowser:Verbose: The content browser source was changed by the sources view to 'None'
[2016.03.28-09.59.21:033][ 84]LogContentBrowser:Verbose: The content browser source was changed by the sources view to '/Game/SmartTVCurved/Texture'
[2016.03.28-09.59.25:707][156]LogEditorViewport: Clicking on Actor (LMB): Pantalla-Curva-A4A_C (Pantalla-Curva-A4A2)
[2016.03.28-10.00.02:760][941]LogSavePackage: Save=1361.198486ms
[2016.03.28-10.00.02:760][941]LogSavePackage: Moving '../../../../../../Users/3c0z/Documents/Assets/ELECTRONICASSETS/Saved/Pantalla-Curva-A4A986AE51945B5552AA0E624BDFA63CA1F.tmp' to '../../../../../../Users/3c0z/Documents/Assets/ELECTRONICASSETS/Content/SmartTVCurved/Blueprint/Pantalla-Curva-A4A.uasset'
[2016.03.28-10.00.07:227][ 23]BlueprintLog: New page: Pre-PIE auto-recompile
[2016.03.28-10.00.07:337][ 23]LogPlayLevel: [PIE] Compiling Pantalla-Curva-A4A before PIE...
[2016.03.28-10.00.08:136][ 23]LogPlayLevel: PIE:  Blueprint regeneration took 908 ms (1 blueprints)
[2016.03.28-10.00.08:137][ 23]PIE: New page: PIE session: tv-prueba (Mar 27, 2016, 10:00:08 PM)
[2016.03.28-10.00.08:153][ 23]LogPlayLevel: PIE: StaticDuplicateObject took: (0.014835s)
[2016.03.28-10.00.08:158][ 23]LogPlayLevel: PIE: World Init took: (0.005227s)
[2016.03.28-10.00.08:159][ 23]LogPlayLevel: PIE: Created PIE world by copying editor world from /Game/tv-prueba.tv-prueba to /Game/UEDPIE_0_tv-prueba.tv-prueba (0.020481s)
[2016.03.28-10.00.08:246][ 23]LogWorld: Game class is 'GameMode'
[2016.03.28-10.00.08:256][ 23]LogAIModule: Creating AISystem for world tv-prueba
[2016.03.28-10.00.08:271][ 23]LogWorld: Bringing World /Game/UEDPIE_0_tv-prueba.tv-prueba up for play (max tick rate 0) at 2016.03.28-04.00.08
[2016.03.28-10.00.08:273][ 23]LogWorld: Bringing up level for play took: 0.014423
[2016.03.28-10.00.08:288][ 23]PIE: Info Play in editor start time for /Game/UEDPIE_0_tv-prueba 1.657
[2016.03.28-10.00.19:769][238]LogParticles: Destroying 0 GPU particle simulations for FXSystem 0x000000000EDB8220
[2016.03.28-10.00.46:961][875]BlueprintLog: New page: Compile Pantalla-Curva-A4A
[2016.03.28-10.00.47:503][875]BlueprintEditorCompileResults: Info [1767.90] Compile of Pantalla-Curva-A4A successful! [in 521 ms]
[2016.03.28-10.00.51:415][938]LogSavePackage: Save=1168.308838ms
[2016.03.28-10.00.51:415][938]LogSavePackage: Moving '../../../../../../Users/3c0z/Documents/Assets/ELECTRONICASSETS/Saved/Pantalla-Curva-A4AF76E332041C53597A730B6AF19761B05.tmp' to '../../../../../../Users/3c0z/Documents/Assets/ELECTRONICASSETS/Content/SmartTVCurved/Blueprint/Pantalla-Curva-A4A.uasset'
[2016.03.28-10.00.53:828][996]LogPlayLevel: PIE:  No blueprints needed recompiling
[2016.03.28-10.00.53:829][996]PIE: New page: PIE session: tv-prueba (Mar 27, 2016, 10:00:53 PM)
[2016.03.28-10.00.53:840][996]LogPlayLevel: PIE: StaticDuplicateObject took: (0.009291s)
[2016.03.28-10.00.53:843][996]LogPlayLevel: PIE: World Init took: (0.002559s)
[2016.03.28-10.00.53:843][996]LogPlayLevel: PIE: Created PIE world by copying editor world from /Game/tv-prueba.tv-prueba to /Game/UEDPIE_0_tv-prueba.tv-prueba (0.012307s)
[2016.03.28-10.00.53:955][996]LogWorld: Game class is 'GameMode'
[2016.03.28-10.00.53:962][996]LogAIModule: Creating AISystem for world tv-prueba
[2016.03.28-10.00.53:973][996]LogWorld: Bringing World /Game/UEDPIE_0_tv-prueba.tv-prueba up for play (max tick rate 0) at 2016.03.28-04.00.53
[2016.03.28-10.00.53:976][996]LogWorld: Bringing up level for play took: 0.011932
[2016.03.28-10.00.54:079][996]PIE: Info Play in editor start time for /Game/UEDPIE_0_tv-prueba -0.553
[2016.03.28-10.00.54:196][996]LogRenderer:Warning: Reallocating scene render targets to support 1296x904 (Frame:17450).
[2016.03.28-10.01.11:137][325]LogParticles: Destroying 0 GPU particle simulations for FXSystem 0x00000000521FC360
[2016.03.28-10.01.47:426][938]LogPlayLevel: PIE:  No blueprints needed recompiling
[2016.03.28-10.01.47:426][938]PIE: New page: PIE session: tv-prueba (Mar 27, 2016, 10:01:47 PM)
[2016.03.28-10.01.47:449][938]LogPlayLevel: PIE: StaticDuplicateObject took: (0.021527s)
[2016.03.28-10.01.47:451][938]LogPlayLevel: PIE: World Init took: (0.002311s)
[2016.03.28-10.01.47:451][938]LogPlayLevel: PIE: Created PIE world by copying editor world from /Game/tv-prueba.tv-prueba to /Game/UEDPIE_0_tv-prueba.tv-prueba (0.024274s)
[2016.03.28-10.01.47:525][938]LogWorld: Game class is 'GameMode'
[2016.03.28-10.01.47:535][938]LogAIModule: Creating AISystem for world tv-prueba
[2016.03.28-10.01.47:548][938]LogWorld: Bringing World /Game/UEDPIE_0_tv-prueba.tv-prueba up for play (max tick rate 0) at 2016.03.28-04.01.47
[2016.03.28-10.01.47:550][938]LogWorld: Bringing up level for play took: 0.013110
[2016.03.28-10.01.47:561][938]PIE: Info Play in editor start time for /Game/UEDPIE_0_tv-prueba 0.927
[2016.03.28-10.01.55:632][107]LogParticles: Destroying 0 GPU particle simulations for FXSystem 0x000000003881CC20
[2016.03.28-10.02.29:729][891]LogContentBrowser:Verbose: The content browser source was changed by the sources view to '/Game/SmartTVCurved/Texture'
[2016.03.28-10.02.36:641][996]LogContentBrowser:Verbose: The content browser source was changed by the sources view to '/Game/SmartTVCurved/Texture'
[2016.03.28-10.02.45:645][139]LogContentBrowser:Verbose: The content browser source was changed by the sources view to '/Game/SmartTVCurved/Texture'
[2016.03.28-10.02.47:819][172]LogMaterial: Missing cached shader map for material Nine_Inch_Nails_-_Copy_of_a__VEVO_Presents__Tex_Mat, compiling. 
[2016.03.28-10.02.50:549][199]LogMaterial: Missing cached shader map for material Nine_Inch_Nails_-_Copy_of_a__VEVO_Presents__Tex_Mat, compiling. 
[2016.03.28-10.02.50:786][199]LogActorComponent: UnregisterComponent: (/Engine/Transient.SkeletalMeshComponent_0) Not registered. Aborting.
[2016.03.28-10.02.51:294][199]LogActorComponent: UnregisterComponent: (/Engine/Transient.SkeletalMeshComponent_0) Not registered. Aborting.
[2016.03.28-10.02.51:294][199]LogActorComponent: RegisterComponentWithWorld: (/Engine/Transient.MaterialEditorMeshComponent_0) Already registered. Aborting.
[2016.03.28-10.02.51:294][199]LogActorComponent: UnregisterComponent: (/Engine/Transient.SkeletalMeshComponent_0) Not registered. Aborting.
[2016.03.28-10.02.51:294][199]LogActorComponent: RegisterComponentWithWorld: (/Engine/Transient.MaterialEditorMeshComponent_0) Already registered. Aborting.
[2016.03.28-10.02.51:362][199]LogMaterial: Missing cached shader map for material Nine_Inch_Nails_-_Copy_of_a__VEVO_Presents__Tex_Mat, compiling. 
[2016.03.28-10.02.51:379][199]LogMaterial: 0.000344 seconds spent updating 1 materials, 1 interfaces, 0 instances, 0 with static permutations.
[2016.03.28-10.02.51:434][199]LogMaterial: Missing cached shader map for material FMatExpressionPreview MaterialExpressionTextureSample_0, compiling. 
[2016.03.28-10.03.30:503][774]LogSavePackage: Save=2250.377930ms
[2016.03.28-10.03.30:504][774]LogSavePackage: Moving '../../../../../../Users/3c0z/Documents/Assets/ELECTRONICASSETS/Saved/Pantalla-Curva-A4A10340E2E47E81C3C4591DB94CC5EB183.tmp' to '../../../../../../Users/3c0z/Documents/Assets/ELECTRONICASSETS/Content/SmartTVCurved/Blueprint/Pantalla-Curva-A4A.uasset'
[2016.03.28-10.03.37:272][821]BlueprintLog: New page: Pre-PIE auto-recompile
[2016.03.28-10.03.37:420][821]LogPlayLevel: [PIE] Compiling Pantalla-Curva-A4A before PIE...
[2016.03.28-10.03.38:681][821]LogPlayLevel: PIE:  Blueprint regeneration took 1408 ms (1 blueprints)
[2016.03.28-10.03.38:685][821]PIE: New page: PIE session: tv-prueba (Mar 27, 2016, 10:03:38 PM)
[2016.03.28-10.03.38:746][821]LogPlayLevel: PIE: StaticDuplicateObject took: (0.054255s)
[2016.03.28-10.03.38:758][821]LogPlayLevel: PIE: World Init took: (0.012219s)
[2016.03.28-10.03.38:762][821]LogPlayLevel: PIE: Created PIE world by copying editor world from /Game/tv-prueba.tv-prueba to /Game/UEDPIE_0_tv-prueba.tv-prueba (0.070798s)
[2016.03.28-10.03.38:913][821]LogWorld: Game class is 'GameMode'
[2016.03.28-10.03.38:918][821]LogAIModule: Creating AISystem for world tv-prueba
[2016.03.28-10.03.38:938][821]LogWorld: Bringing World /Game/UEDPIE_0_tv-prueba.tv-prueba up for play (max tick rate 0) at 2016.03.28-04.03.38
[2016.03.28-10.03.38:941][821]LogWorld: Bringing up level for play took: 0.016901
[2016.03.28-10.03.39:213][821]PIE: Info Play in editor start time for /Game/UEDPIE_0_tv-prueba 2.572
[2016.03.28-10.03.39:727][823]MaterialEditorStats: Info Base pass shader with only dynamic lighting: 30 instructions
[2016.03.28-10.03.39:727][823]MaterialEditorStats: Info Vertex shader: 33 instructions
[2016.03.28-10.03.39:727][823]MaterialEditorStats: Info Texture samplers: 1/16
[2016.03.28-10.04.15:094][337]LogParticles: Destroying 0 GPU particle simulations for FXSystem 0x0000000060BE71A0
[2016.03.28-10.05.14:936][469]LogMaterial: Missing cached shader map for material PreviewMaterial_0, compiling. 
[2016.03.28-10.05.15:031][469]LogActorComponent: UnregisterComponent: (/Engine/Transient.SkeletalMeshComponent_1) Not registered. Aborting.
[2016.03.28-10.05.15:266][469]LogActorComponent: UnregisterComponent: (/Engine/Transient.SkeletalMeshComponent_1) Not registered. Aborting.
[2016.03.28-10.05.15:266][469]LogActorComponent: RegisterComponentWithWorld: (/Engine/Transient.MaterialEditorMeshComponent_1) Already registered. Aborting.
[2016.03.28-10.05.15:276][469]LogActorComponent: UnregisterComponent: (/Engine/Transient.SkeletalMeshComponent_1) Not registered. Aborting.
[2016.03.28-10.05.15:276][469]LogActorComponent: RegisterComponentWithWorld: (/Engine/Transient.MaterialEditorMeshComponent_1) Already registered. Aborting.
[2016.03.28-10.05.15:339][469]LogMaterial: Missing cached shader map for material PreviewMaterial_0, compiling. 
[2016.03.28-10.05.15:365][469]LogMaterial: 0.000336 seconds spent updating 1 materials, 1 interfaces, 0 instances, 0 with static permutations.
[2016.03.28-10.05.15:563][469]LogMaterial: Missing cached shader map for material FMatExpressionPreview MaterialExpressionTextureSample_0, compiling. 
[2016.03.28-10.05.34:780][711]MaterialEditorStats: Info Base pass shader with only dynamic lighting: 30 instructions
[2016.03.28-10.05.34:780][711]MaterialEditorStats: Info Vertex shader: 33 instructions
[2016.03.28-10.05.34:780][711]MaterialEditorStats: Info Texture samplers: 1/16
[2016.03.28-10.05.51:071][949]LogContentBrowser:Verbose: The content browser source was changed by the sources view to '/Game/SmartTVCurved/Blueprint'
[2016.03.28-10.06.20:858][562]LogPlayLevel: PIE:  No blueprints needed recompiling
[2016.03.28-10.06.20:859][562]PIE: New page: PIE session: tv-prueba (Mar 27, 2016, 10:06:20 PM)
[2016.03.28-10.06.20:875][562]LogPlayLevel: PIE: StaticDuplicateObject took: (0.014830s)
[2016.03.28-10.06.20:878][562]LogPlayLevel: PIE: World Init took: (0.003506s)
[2016.03.28-10.06.20:879][562]LogPlayLevel: PIE: Created PIE world by copying editor world from /Game/tv-prueba.tv-prueba to /Game/UEDPIE_0_tv-prueba.tv-prueba (0.018797s)
[2016.03.28-10.06.20:957][562]LogWorld: Game class is 'GameMode'
[2016.03.28-10.06.20:963][562]LogAIModule: Creating AISystem for world tv-prueba
[2016.03.28-10.06.20:975][562]LogWorld: Bringing World /Game/UEDPIE_0_tv-prueba.tv-prueba up for play (max tick rate 0) at 2016.03.28-04.06.20
[2016.03.28-10.06.20:978][562]LogWorld: Bringing up level for play took: 0.012139
[2016.03.28-10.06.21:104][562]PIE: Info Play in editor start time for /Game/UEDPIE_0_tv-prueba 0.455
[2016.03.28-10.06.39:211][920]LogParticles: Destroying 0 GPU particle simulations for FXSystem 0x000000002BD274C0
[2016.03.28-10.06.39:212][920]LogParticles: Destroying 0 GPU particle simulations for FXSystem 0x00000000503F8FE0
[2016.03.28-10.07.09:291][598]LogMaterialEditor: Saving and Compiling material Nine_Inch_Nails_-_Copy_of_a__VEVO_Presents__Tex_Mat
[2016.03.28-10.07.15:303][598]LogMaterial: Missing cached shader map for material PreviewMaterial_0, compiling. 
[2016.03.28-10.07.15:383][598]LogMaterial: 0.000137 seconds spent updating 1 materials, 1 interfaces, 0 instances, 0 with static permutations.
[2016.03.28-10.07.15:544][598]LogMaterial: Missing cached shader map for material Nine_Inch_Nails_-_Copy_of_a__VEVO_Presents__Tex_Mat, compiling. 
[2016.03.28-10.07.15:681][598]LogMaterial: Missing cached shader map for material Nine_Inch_Nails_-_Copy_of_a__VEVO_Presents__Tex_Mat, compiling. 
[2016.03.28-10.07.15:759][598]LogMaterial: 0.046173 seconds spent updating 1 materials, 1 interfaces, 0 instances, 0 with static permutations.
[2016.03.28-10.07.43:379][598]LogSavePackage: Save=795.583557ms
[2016.03.28-10.07.43:379][598]LogSavePackage: Moving '../../../../../../Users/3c0z/Documents/Assets/ELECTRONICASSETS/Saved/Nine_Inch_Nails_-_Copy_of_a__VEVO_Presents__Tex_MatB47C2A5A4EA6A52398062DB85A564303.tmp' to '../../../../../../Users/3c0z/Documents/Assets/ELECTRONICASSETS/Content/SmartTVCurved/Texture/Nine_Inch_Nails_-_Copy_of_a__VEVO_Presents__Tex_Mat.uasset'
[2016.03.28-10.07.43:399][598]MaterialEditorStats: Info Base pass shader with only dynamic lighting: 59 instructions
[2016.03.28-10.07.43:399][598]MaterialEditorStats: Info Vertex shader: 33 instructions
[2016.03.28-10.07.43:399][598]MaterialEditorStats: Info Texture samplers: 4/16
[2016.03.28-10.08.17:518][329]BlueprintLog: New page: Pre-PIE auto-recompile
[2016.03.28-10.08.17:563][329]LogPlayLevel: [PIE] Compiling Pantalla-Curva-A4A before PIE...
[2016.03.28-10.08.18:056][329]LogPlayLevel: PIE:  Blueprint regeneration took 538 ms (1 blueprints)
[2016.03.28-10.08.18:057][329]PIE: New page: PIE session: tv-prueba (Mar 27, 2016, 10:08:18 PM)
[2016.03.28-10.08.18:072][329]LogPlayLevel: PIE: StaticDuplicateObject took: (0.009646s)
[2016.03.28-10.08.18:075][329]LogPlayLevel: PIE: World Init took: (0.002711s)
[2016.03.28-10.08.18:075][329]LogPlayLevel: PIE: Created PIE world by copying editor world from /Game/tv-prueba.tv-prueba to /Game/UEDPIE_0_tv-prueba.tv-prueba (0.012793s)
[2016.03.28-10.08.18:168][329]LogWorld: Game class is 'GameMode'
[2016.03.28-10.08.18:172][329]LogAIModule: Creating AISystem for world tv-prueba
[2016.03.28-10.08.18:184][329]LogWorld: Bringing World /Game/UEDPIE_0_tv-prueba.tv-prueba up for play (max tick rate 0) at 2016.03.28-04.08.18
[2016.03.28-10.08.18:187][329]LogWorld: Bringing up level for play took: 0.012439
[2016.03.28-10.08.18:287][329]PIE: Info Play in editor start time for /Game/UEDPIE_0_tv-prueba 1.631
[2016.03.28-10.08.42:543][774]LogParticles: Destroying 0 GPU particle simulations for FXSystem 0x000000000F069440
[2016.03.28-10.08.48:462][872]LogPlayLevel: PIE:  No blueprints needed recompiling
[2016.03.28-10.08.48:462][872]PIE: New page: PIE session: tv-prueba (Mar 27, 2016, 10:08:48 PM)
[2016.03.28-10.08.48:471][872]LogPlayLevel: PIE: StaticDuplicateObject took: (0.007440s)
[2016.03.28-10.08.48:476][872]LogPlayLevel: PIE: World Init took: (0.004733s)
[2016.03.28-10.08.48:476][872]LogPlayLevel: PIE: Created PIE world by copying editor world from /Game/tv-prueba.tv-prueba to /Game/UEDPIE_0_tv-prueba.tv-prueba (0.012653s)
[2016.03.28-10.08.48:537][872]LogWorld: Game class is 'GameMode'
[2016.03.28-10.08.48:542][872]LogAIModule: Creating AISystem for world tv-prueba
[2016.03.28-10.08.48:558][872]LogWorld: Bringing World /Game/UEDPIE_0_tv-prueba.tv-prueba up for play (max tick rate 0) at 2016.03.28-04.08.48
[2016.03.28-10.08.48:561][872]LogWorld: Bringing up level for play took: 0.015192
[2016.03.28-10.08.48:566][872]PIE: Info Play in editor start time for /Game/UEDPIE_0_tv-prueba -0.089
[2016.03.28-10.09.33:021][775]LogParticles: Destroying 0 GPU particle simulations for FXSystem 0x00000000345E2AC0
[2016.03.28-10.09.53:835][157]LogPlayLevel: PIE:  No blueprints needed recompiling
[2016.03.28-10.09.53:836][157]PIE: New page: PIE session: tv-prueba (Mar 27, 2016, 10:09:53 PM)
[2016.03.28-10.09.53:848][157]LogPlayLevel: PIE: StaticDuplicateObject took: (0.009170s)
[2016.03.28-10.09.53:850][157]LogPlayLevel: PIE: World Init took: (0.002522s)
[2016.03.28-10.09.53:851][157]LogPlayLevel: PIE: Created PIE world by copying editor world from /Game/tv-prueba.tv-prueba to /Game/UEDPIE_0_tv-prueba.tv-prueba (0.012199s)
[2016.03.28-10.09.53:936][157]LogWorld: Game class is 'GameMode'
[2016.03.28-10.09.53:941][157]LogAIModule: Creating AISystem for world tv-prueba
[2016.03.28-10.09.53:955][157]LogWorld: Bringing World /Game/UEDPIE_0_tv-prueba.tv-prueba up for play (max tick rate 0) at 2016.03.28-04.09.53
[2016.03.28-10.09.53:959][157]LogWorld: Bringing up level for play took: 0.015281
[2016.03.28-10.09.53:967][157]PIE: Info Play in editor start time for /Game/UEDPIE_0_tv-prueba -0.692
[2016.03.28-10.10.00:829][294]LogParticles: Destroying 0 GPU particle simulations for FXSystem 0x00000000348A7BA0
[2016.03.28-10.11.17:074][395]LogPlayLevel: PIE:  No blueprints needed recompiling
[2016.03.28-10.11.17:075][395]PIE: New page: PIE session: tv-prueba (Mar 27, 2016, 10:11:17 PM)
[2016.03.28-10.11.17:084][395]LogPlayLevel: PIE: StaticDuplicateObject took: (0.007656s)
[2016.03.28-10.11.17:086][395]LogPlayLevel: PIE: World Init took: (0.002581s)
[2016.03.28-10.11.17:087][395]LogPlayLevel: PIE: Created PIE world by copying editor world from /Game/tv-prueba.tv-prueba to /Game/UEDPIE_0_tv-prueba.tv-prueba (0.010721s)
[2016.03.28-10.11.17:156][395]LogWorld: Game class is 'GameMode'
[2016.03.28-10.11.17:162][395]LogAIModule: Creating AISystem for world tv-prueba
[2016.03.28-10.11.17:175][395]LogWorld: Bringing World /Game/UEDPIE_0_tv-prueba.tv-prueba up for play (max tick rate 0) at 2016.03.28-04.11.17
[2016.03.28-10.11.17:178][395]LogWorld: Bringing up level for play took: 0.012430
[2016.03.28-10.11.17:185][395]PIE: Info Play in editor start time for /Game/UEDPIE_0_tv-prueba 0.522
[2016.03.28-10.11.26:276][588]LogParticles: Destroying 0 GPU particle simulations for FXSystem 0x00000000521FD1C0
[2016.03.28-10.11.46:021][ 17]LogContentBrowser:Verbose: The content browser source was changed by the sources view to '/Game/SmartTVCurved/Materials'
[2016.03.28-10.11.47:246][ 33]LogContentBrowser:Verbose: The content browser source was changed by the sources view to '/Game/SmartTVCurved/Mesh'
[2016.03.28-10.11.48:898][ 43]Cmd: OBJ SAVEPACKAGE PACKAGE="/Game/tv-prueba" FILE="../../../../../../Users/3c0z/Documents/Assets/ELECTRONICASSETS/Saved/Autosaves/Game/tv-prueba_Auto3.umap" SILENT=true AUTOSAVING=true KEEPDIRTY=false
[2016.03.28-10.11.49:588][ 43]LogSavePackage: Save=511.590973ms
[2016.03.28-10.11.49:605][ 43]LogSavePackage: Moving '../../../../../../Users/3c0z/Documents/Assets/ELECTRONICASSETS/Saved/tv-prueba_Auto3DA24D874498C5F9B427515887A5233F6.tmp' to '../../../../../../Users/3c0z/Documents/Assets/ELECTRONICASSETS/Saved/Autosaves/Game/tv-prueba_Auto3.umap'
[2016.03.28-10.11.49:657][ 43]LogFileHelpers: Editor autosave (incl. sublevels) for '/Game/tv-prueba' took 0.996
[2016.03.28-10.11.49:657][ 43]LogFileHelpers: Editor autosave (incl. sublevels) for all levels took 0.996
[2016.03.28-10.11.49:834][ 43]OBJ SavePackage: Generating thumbnails for [1] asset(s) in package [/Game/SmartTVCurved/Blueprint/Pantalla-Curva-A4A] ([1] browsable assets)...
[2016.03.28-10.11.49:907][ 43]OBJ SavePackage:     Rendered thumbnail for [Blueprint /Game/SmartTVCurved/Blueprint/Pantalla-Curva-A4A.Pantalla-Curva-A4A]
[2016.03.28-10.11.49:908][ 43]OBJ SavePackage: Finished generating thumbnails for package [/Game/SmartTVCurved/Blueprint/Pantalla-Curva-A4A]
[2016.03.28-10.11.51:695][ 43]LogSavePackage: Save=1644.302124ms
[2016.03.28-10.11.51:702][ 43]LogSavePackage: Moving '../../../../../../Users/3c0z/Documents/Assets/ELECTRONICASSETS/Saved/Pantalla-Curva-A4A_Auto3BD9F805C4010AB3FE2FE15AB0D97CD9D.tmp' to '../../../../../../Users/3c0z/Documents/Assets/ELECTRONICASSETS/Saved/Autosaves/Game/SmartTVCurved/Blueprint/Pantalla-Curva-A4A_Auto3.uasset'
[2016.03.28-10.11.51:854][ 43]OBJ SavePackage: Generating thumbnails for [0] asset(s) in package [/Game/SmartTVCurved/Texture/Nine_Inch_Nails_-_Copy_of_a__VEVO_Presents_] ([1] browsable assets)...
[2016.03.28-10.11.51:854][ 43]OBJ SavePackage: Finished generating thumbnails for package [/Game/SmartTVCurved/Texture/Nine_Inch_Nails_-_Copy_of_a__VEVO_Presents_]
[2016.03.28-10.11.52:105][ 43]LogSavePackage: Save=225.957703ms
[2016.03.28-10.11.52:107][ 43]LogSavePackage: Moving '../../../../../../Users/3c0z/Documents/Assets/ELECTRONICASSETS/Saved/Nine_Inch_Nails_-_Copy_of_a__VEVO_Presents__Auto35041AAD746DD554EB178F18090A1904A.tmp' to '../../../../../../Users/3c0z/Documents/Assets/ELECTRONICASSETS/Saved/Autosaves/Game/SmartTVCurved/Texture/Nine_Inch_Nails_-_Copy_of_a__VEVO_Presents__Auto3.uasset'
[2016.03.28-10.11.52:208][ 43]OBJ SavePackage: Generating thumbnails for [1] asset(s) in package [/Game/SmartTVCurved/Texture/Nine_Inch_Nails_-_Copy_of_a__VEVO_Presents__Wav] ([1] browsable assets)...
[2016.03.28-10.11.52:254][ 43]OBJ SavePackage:     Rendered thumbnail for [MediaSoundWave /Game/SmartTVCurved/Texture/Nine_Inch_Nails_-_Copy_of_a__VEVO_Presents__Wav.Nine_Inch_Nails_-_Copy_of_a__VEVO_Presents__Wav]
[2016.03.28-10.11.52:255][ 43]OBJ SavePackage: Finished generating thumbnails for package [/Game/SmartTVCurved/Texture/Nine_Inch_Nails_-_Copy_of_a__VEVO_Presents__Wav]
[2016.03.28-10.11.52:516][ 43]LogSavePackage: Save=239.020065ms
[2016.03.28-10.11.52:518][ 43]LogSavePackage: Moving '../../../../../../Users/3c0z/Documents/Assets/ELECTRONICASSETS/Saved/Nine_Inch_Nails_-_Copy_of_a__VEVO_Presents__Wav_Auto3661D3AB64F2380E38FE3BEBCDEE939AD.tmp' to '../../../../../../Users/3c0z/Documents/Assets/ELECTRONICASSETS/Saved/Autosaves/Game/SmartTVCurved/Texture/Nine_Inch_Nails_-_Copy_of_a__VEVO_Presents__Wav_Auto3.uasset'
[2016.03.28-10.11.52:615][ 43]OBJ SavePackage: Generating thumbnails for [1] asset(s) in package [/Game/SmartTVCurved/Texture/Nine_Inch_Nails_-_Copy_of_a__VEVO_Presents__Tex] ([1] browsable assets)...
[2016.03.28-10.11.52:632][ 43]OBJ SavePackage:     Rendered thumbnail for [MediaTexture /Game/SmartTVCurved/Texture/Nine_Inch_Nails_-_Copy_of_a__VEVO_Presents__Tex.Nine_Inch_Nails_-_Copy_of_a__VEVO_Presents__Tex]
[2016.03.28-10.11.52:632][ 43]OBJ SavePackage: Finished generating thumbnails for package [/Game/SmartTVCurved/Texture/Nine_Inch_Nails_-_Copy_of_a__VEVO_Presents__Tex]
[2016.03.28-10.11.52:851][ 43]LogSavePackage: Save=202.065674ms
[2016.03.28-10.11.52:859][ 43]LogSavePackage: Moving '../../../../../../Users/3c0z/Documents/Assets/ELECTRONICASSETS/Saved/Nine_Inch_Nails_-_Copy_of_a__VEVO_Presents__Tex_Auto3EB904EBC40F66EB92A11D381094266B6.tmp' to '../../../../../../Users/3c0z/Documents/Assets/ELECTRONICASSETS/Saved/Autosaves/Game/SmartTVCurved/Texture/Nine_Inch_Nails_-_Copy_of_a__VEVO_Presents__Tex_Auto3.uasset'
[2016.03.28-10.11.52:883][ 43]LogFileHelpers: Auto-saving content packages took 3.226
[2016.03.28-10.12.11:171][438]LogPlayLevel: PIE:  No blueprints needed recompiling
[2016.03.28-10.12.11:172][438]PIE: New page: PIE session: tv-prueba (Mar 27, 2016, 10:12:11 PM)
[2016.03.28-10.12.11:187][438]LogPlayLevel: PIE: StaticDuplicateObject took: (0.008603s)
[2016.03.28-10.12.11:189][438]LogPlayLevel: PIE: World Init took: (0.002519s)
[2016.03.28-10.12.11:190][438]LogPlayLevel: PIE: Created PIE world by copying editor world from /Game/tv-prueba.tv-prueba to /Game/UEDPIE_0_tv-prueba.tv-prueba (0.011644s)
[2016.03.28-10.12.11:262][438]LogWorld: Game class is 'GameMode'
[2016.03.28-10.12.11:267][438]LogAIModule: Creating AISystem for world tv-prueba
[2016.03.28-10.12.11:280][438]LogWorld: Bringing World /Game/UEDPIE_0_tv-prueba.tv-prueba up for play (max tick rate 0) at 2016.03.28-04.12.11
[2016.03.28-10.12.11:283][438]LogWorld: Bringing up level for play took: 0.013160
[2016.03.28-10.12.11:347][438]PIE: Info Play in editor start time for /Game/UEDPIE_0_tv-prueba 0.681
[2016.03.28-10.14.48:855][  9]LogParticles: Destroying 0 GPU particle simulations for FXSystem 0x00000000386C47C0
[2016.03.28-10.14.54:432][102]LogPlayLevel: PIE:  No blueprints needed recompiling
[2016.03.28-10.14.54:433][102]PIE: New page: PIE session: tv-prueba (Mar 27, 2016, 10:14:54 PM)
[2016.03.28-10.14.54:443][102]LogPlayLevel: PIE: StaticDuplicateObject took: (0.008421s)
[2016.03.28-10.14.54:446][102]LogPlayLevel: PIE: World Init took: (0.003174s)
[2016.03.28-10.14.54:446][102]LogPlayLevel: PIE: Created PIE world by copying editor world from /Game/tv-prueba.tv-prueba to /Game/UEDPIE_0_tv-prueba.tv-prueba (0.012055s)
[2016.03.28-10.14.54:505][102]LogWorld: Game class is 'GameMode'
[2016.03.28-10.14.54:511][102]LogAIModule: Creating AISystem for world tv-prueba
[2016.03.28-10.14.54:534][102]LogWorld: Bringing World /Game/UEDPIE_0_tv-prueba.tv-prueba up for play (max tick rate 0) at 2016.03.28-04.14.54
[2016.03.28-10.14.54:537][102]LogWorld: Bringing up level for play took: 0.023466
[2016.03.28-10.14.54:546][102]PIE: Info Play in editor start time for /Game/UEDPIE_0_tv-prueba -0.128
[2016.03.28-10.16.37:120][ 97]LogParticles: Destroying 0 GPU particle simulations for FXSystem 0x0000000035E539C0
[2016.03.28-10.18.15:806][613]LogEditorViewport: Clicking on Actor (LMB): Pantalla-Curva-A4A_C (Pantalla-Curva-A4A2)
[2016.03.28-10.18.18:343][653]LogPlayLevel: PIE:  No blueprints needed recompiling
[2016.03.28-10.18.18:344][653]PIE: New page: PIE session: tv-prueba (Mar 27, 2016, 10:18:18 PM)
[2016.03.28-10.18.18:372][653]LogPlayLevel: PIE: StaticDuplicateObject took: (0.027115s)
[2016.03.28-10.18.18:378][653]LogPlayLevel: PIE: World Init took: (0.005702s)
[2016.03.28-10.18.18:378][653]LogPlayLevel: PIE: Created PIE world by copying editor world from /Game/tv-prueba.tv-prueba to /Game/UEDPIE_0_tv-prueba.tv-prueba (0.033311s)
[2016.03.28-10.18.18:444][653]LogWorld: Game class is 'GameMode'
[2016.03.28-10.18.18:449][653]LogAIModule: Creating AISystem for world tv-prueba
[2016.03.28-10.18.18:463][653]LogWorld: Bringing World /Game/UEDPIE_0_tv-prueba.tv-prueba up for play (max tick rate 0) at 2016.03.28-04.18.18
[2016.03.28-10.18.18:466][653]LogWorld: Bringing up level for play took: 0.014215
[2016.03.28-10.18.18:474][653]PIE: Info Play in editor start time for /Game/UEDPIE_0_tv-prueba -0.211
[2016.03.28-10.18.24:201][756]LogParticles: Destroying 0 GPU particle simulations for FXSystem 0x0000000024F74CC0
[2016.03.28-10.19.49:814][257]LogContentBrowser:Verbose: The content browser source was changed by the sources view to 'None'
[2016.03.28-10.19.49:815][257]LogContentBrowser:Verbose: The content browser source was changed by the sources view to '/Game/SmartTVCurved/Texture'
[2016.03.28-10.19.50:039][258]LogEditorViewport: Clicking on Actor (LMB): Pantalla-Curva-A4A_C (Pantalla-Curva-A4A2)
[2016.03.28-10.20.16:334][675]LogEditorViewport: Clicking on Actor (LMB): StaticMeshActor (mpm_F19)
[2016.03.28-10.20.17:652][692]LogEditorViewport: Clicking on Actor (context menu): Pantalla-Curva-A4A_C (Pantalla-Curva-A4A2)
[2016.03.28-10.20.49:907][309]LogContentBrowser:Verbose: The content browser source was changed by the sources view to 'None'
[2016.03.28-10.20.49:908][309]LogContentBrowser:Verbose: The content browser source was changed by the sources view to '/Game/SmartTVCurved/Texture'
[2016.03.28-10.26.20:017][654]LogFileHelpers: Editor autosave (incl. sublevels) for '/Game/tv-prueba' took 0.236
[2016.03.28-10.33.37:250][936]LogSavePackage: Save=607.870422ms
[2016.03.28-10.33.37:250][936]LogSavePackage: Moving '../../../../../../Users/3c0z/Documents/Assets/ELECTRONICASSETS/Saved/Pantalla-Curva-A4A8E6F1532475416E86396118E7339F701.tmp' to '../../../../../../Users/3c0z/Documents/Assets/ELECTRONICASSETS/Content/SmartTVCurved/Blueprint/Pantalla-Curva-A4A.uasset'
[2016.03.28-10.33.37:341][936]LogSavePackage: Save=7.112672ms
[2016.03.28-10.33.37:341][936]LogSavePackage: Moving '../../../../../../Users/3c0z/Documents/Assets/ELECTRONICASSETS/Saved/Nine_Inch_Nails_-_Copy_of_a__VEVO_Presents_1D486FC543CE6DE09F6404BCBAC18C25.tmp' to '../../../../../../Users/3c0z/Documents/Assets/ELECTRONICASSETS/Content/SmartTVCurved/Texture/Nine_Inch_Nails_-_Copy_of_a__VEVO_Presents_.uasset'
[2016.03.28-10.33.37:512][936]LogSavePackage: Save=36.330162ms
[2016.03.28-10.33.37:512][936]LogSavePackage: Moving '../../../../../../Users/3c0z/Documents/Assets/ELECTRONICASSETS/Saved/Nine_Inch_Nails_-_Copy_of_a__VEVO_Presents__Tex3E70DF7143B0C8EAC8701FA2428F5CDF.tmp' to '../../../../../../Users/3c0z/Documents/Assets/ELECTRONICASSETS/Content/SmartTVCurved/Texture/Nine_Inch_Nails_-_Copy_of_a__VEVO_Presents__Tex.uasset'
[2016.03.28-10.33.37:691][936]LogSavePackage: Save=43.422749ms
[2016.03.28-10.33.37:691][936]LogSavePackage: Moving '../../../../../../Users/3c0z/Documents/Assets/ELECTRONICASSETS/Saved/Nine_Inch_Nails_-_Copy_of_a__VEVO_Presents__WavCF42B54B4327631922EF32BAE2A9B020.tmp' to '../../../../../../Users/3c0z/Documents/Assets/ELECTRONICASSETS/Content/SmartTVCurved/Texture/Nine_Inch_Nails_-_Copy_of_a__VEVO_Presents__Wav.uasset'
[2016.03.28-10.33.39:132][936]Cmd: OBJ SAVEPACKAGE PACKAGE="/Game/tv-prueba" FILE="../../../../../../Users/3c0z/Documents/Assets/ELECTRONICASSETS/Content/tv-prueba.umap" SILENT=true AUTOSAVING=false KEEPDIRTY=false
[2016.03.28-10.33.40:239][936]LogSavePackage: Save=600.892456ms
[2016.03.28-10.33.40:239][936]LogSavePackage: Moving '../../../../../../Users/3c0z/Documents/Assets/ELECTRONICASSETS/Saved/tv-prueba1198BC944BD812BD2E2838839BCB8204.tmp' to '../../../../../../Users/3c0z/Documents/Assets/ELECTRONICASSETS/Content/tv-prueba.umap'
[2016.03.28-10.33.40:945][936]LogFileHelpers: Saving map 'tv-prueba' took 3.154
[2016.03.28-10.33.43:907][937]Cmd: QUIT_EDITOR
[2016.03.28-10.33.46:472][937]LogExit: Preparing to exit.
[2016.03.28-10.33.48:131][937]LogExit: Editor shut down
[2016.03.28-10.33.48:133][937]LogExit: Transaction tracking system shut down
[2016.03.28-10.33.48:136][937]LogParticles: Destroying 0 GPU particle simulations for FXSystem 0x000000003B90B380
[2016.03.28-10.33.48:137][937]LogParticles: Destroying 0 GPU particle simulations for FXSystem 0x000000000B929DA0
[2016.03.28-10.33.48:138][937]LogParticles: Destroying 0 GPU particle simulations for FXSystem 0x000000003B814400
[2016.03.28-10.33.48:140][937]LogParticles: Destroying 0 GPU particle simulations for FXSystem 0x000000000D572B60
[2016.03.28-10.33.48:140][937]LogParticles: Destroying 0 GPU particle simulations for FXSystem 0x0000000025AE3920
[2016.03.28-10.33.48:140][937]LogParticles: Destroying 0 GPU particle simulations for FXSystem 0x0000000025C4CB80
[2016.03.28-10.33.48:147][937]LogParticles: Destroying 0 GPU particle simulations for FXSystem 0x00000000347E87C0
[2016.03.28-10.33.49:557][937]LogExit: Object subsystem successfully closed.
[2016.03.28-10.33.50:329][937]LogModuleManager: Shutting down and abandoning module MaterialEditor (179)
[2016.03.28-10.33.50:330][937]LogModuleManager: Shutting down and abandoning module TextureEditor (178)
[2016.03.28-10.33.50:350][937]LogModuleManager: Shutting down and abandoning module CrashTracker (177)
[2016.03.28-10.33.50:350][937]LogModuleManager: Shutting down and abandoning module SuperSearch (176)
[2016.03.28-10.33.50:350][937]LogModuleManager: Shutting down and abandoning module SceneOutliner (175)
[2016.03.28-10.33.50:350][937]LogModuleManager: Shutting down and abandoning module EditorWidgets (174)
[2016.03.28-10.33.50:350][937]LogModuleManager: Shutting down and abandoning module CollectionManager (173)
[2016.03.28-10.33.50:350][937]LogModuleManager: Shutting down and abandoning module StatsViewer (172)
[2016.03.28-10.33.50:366][937]LogModuleManager: Shutting down and abandoning module FoliageEdit (171)
[2016.03.28-10.33.50:366][937]LogModuleManager: Shutting down and abandoning module LandscapeEditor (170)
[2016.03.28-10.33.50:389][937]LogModuleManager: Shutting down and abandoning module MeshPaint (169)
[2016.03.28-10.33.50:407][937]LogModuleManager: Shutting down and abandoning module ActorPickerMode (168)
[2016.03.28-10.33.50:407][937]LogModuleManager: Shutting down and abandoning module GeometryMode (167)
[2016.03.28-10.33.50:407][937]LogModuleManager: Shutting down and abandoning module TextureAlignMode (166)
[2016.03.28-10.33.50:407][937]LogModuleManager: Shutting down and abandoning module BspMode (165)
[2016.03.28-10.33.50:407][937]LogModuleManager: Shutting down and abandoning module PlacementMode (164)
[2016.03.28-10.33.50:407][937]LogModuleManager: Shutting down and abandoning module AutomationWorker (163)
[2016.03.28-10.33.50:408][937]LogModuleManager: Shutting down and abandoning module CharacterAI (162)
[2016.03.28-10.33.50:408][937]LogModuleManager: Shutting down and abandoning module SmartSnapping (161)
[2016.03.28-10.33.50:408][937]LogModuleManager: Shutting down and abandoning module ViewportSnapping (160)
[2016.03.28-10.33.50:408][937]LogModuleManager: Shutting down and abandoning module LogVisualizer (159)
[2016.03.28-10.33.50:430][937]LogModuleManager: Shutting down and abandoning module GameProjectGeneration (158)
[2016.03.28-10.33.50:448][937]LogModuleManager: Shutting down and abandoning module IntroTutorials (157)
[2016.03.28-10.33.50:559][937]LogModuleManager: Shutting down and abandoning module EditorLiveStreaming (156)
[2016.03.28-10.33.50:572][937]LogModuleManager: Shutting down and abandoning module HardwareTargeting (155)
[2016.03.28-10.33.50:572][937]LogModuleManager: Shutting down and abandoning module DeviceProfileEditor (154)
[2016.03.28-10.33.50:583][937]LogModuleManager: Shutting down and abandoning module UndoHistory (153)
[2016.03.28-10.33.50:593][937]LogModuleManager: Shutting down and abandoning module GameplayTagsEditor (152)
[2016.03.28-10.33.50:593][937]LogModuleManager: Shutting down and abandoning module UserFeedback (151)
[2016.03.28-10.33.50:594][937]LogModuleManager: Shutting down and abandoning module XmlParser (150)
[2016.03.28-10.33.50:615][937]LogModuleManager: Shutting down and abandoning module Blutility (149)
[2016.03.28-10.33.50:615][937]LogModuleManager: Shutting down and abandoning module IOSPlatformEditor (148)
[2016.03.28-10.33.50:615][937]LogModuleManager: Shutting down and abandoning module IOSRuntimeSettings (147)
[2016.03.28-10.33.50:615][937]LogModuleManager: Shutting down and abandoning module AndroidDeviceDetection (146)
[2016.03.28-10.33.51:590][937]LogModuleManager: Shutting down and abandoning module AndroidPlatformEditor (145)
[2016.03.28-10.33.51:590][937]LogModuleManager: Shutting down and abandoning module AndroidRuntimeSettings (144)
[2016.03.28-10.33.51:590][937]LogModuleManager: Shutting down and abandoning module ProjectTargetPlatformEditor (143)
[2016.03.28-10.33.51:660][937]LogModuleManager: Shutting down and abandoning module ProjectSettingsViewer (142)
[2016.03.28-10.33.51:660][937]LogModuleManager: Shutting down and abandoning module InputBindingEditor (141)
[2016.03.28-10.33.51:762][937]LogModuleManager: Shutting down and abandoning module EditorSettingsViewer (140)
[2016.03.28-10.33.51:763][937]LogModuleManager: Shutting down and abandoning module SettingsEditor (139)
[2016.03.28-10.33.51:769][937]LogModuleManager: Shutting down and abandoning module ProjectLauncher (138)
[2016.03.28-10.33.51:780][937]LogModuleManager: Shutting down and abandoning module SessionFrontend (137)
[2016.03.28-10.33.51:796][937]LogModuleManager: Shutting down and abandoning module ProfilerClient (136)
[2016.03.28-10.33.51:810][937]LogModuleManager: Shutting down and abandoning module TargetDeviceServices (135)
[2016.03.28-10.33.51:811][937]LogModuleManager: Shutting down and abandoning module DeviceManager (134)
[2016.03.28-10.33.51:825][937]LogModuleManager: Shutting down and abandoning module AutomationController (133)
[2016.03.28-10.33.51:840][937]LogModuleManager: Shutting down and abandoning module AutomationWindow (132)
[2016.03.28-10.33.51:859][937]LogModuleManager: Shutting down and abandoning module Layers (131)
[2016.03.28-10.33.51:890][937]LogModuleManager: Shutting down and abandoning module ComponentVisualizers (130)
[2016.03.28-10.33.51:890][937]LogModuleManager: Shutting down and abandoning module DetailCustomizations (129)
[2016.03.28-10.33.51:890][937]LogModuleManager: Shutting down and abandoning module PackagesDialog (128)
[2016.03.28-10.33.51:891][937]LogModuleManager: Shutting down and abandoning module AssetRegistry (127)
[2016.03.28-10.33.52:034][937]LogModuleManager: Shutting down and abandoning module Persona (126)
[2016.03.28-10.33.52:059][937]LogModuleManager: Shutting down and abandoning module SlateReflector (125)
[2016.03.28-10.33.52:082][937]LogModuleManager: Shutting down and abandoning module LevelEditor (124)
[2016.03.28-10.33.52:100][937]LogModuleManager: Shutting down and abandoning module Kismet (123)
[2016.03.28-10.33.52:100][937]LogModuleManager: Shutting down and abandoning module GraphEditor (122)
[2016.03.28-10.33.52:100][937]LogModuleManager: Shutting down and abandoning module ClassViewer (121)
[2016.03.28-10.33.52:100][937]LogModuleManager: Shutting down and abandoning module Toolbox (120)
[2016.03.28-10.33.52:100][937]LogModuleManager: Shutting down and abandoning module ModuleUI (119)
[2016.03.28-10.33.52:122][937]LogModuleManager: Shutting down and abandoning module MovieSceneTools (118)
[2016.03.28-10.33.52:159][937]LogModuleManager: Shutting down and abandoning module OutputLog (117)
[2016.03.28-10.33.52:159][937]LogModuleManager: Shutting down and abandoning module GammaUI (116)
[2016.03.28-10.33.52:166][937]LogModuleManager: Shutting down and abandoning module Documentation (115)
[2016.03.28-10.33.52:166][937]LogModuleManager: Shutting down and abandoning module GameLiveStreaming (114)
[2016.03.28-10.33.52:180][937]LogModuleManager: Shutting down and abandoning module StreamingPauseRendering (113)
[2016.03.28-10.33.52:181][937]LogModuleManager: Shutting down and abandoning module HTTP (112)
[2016.03.28-10.33.52:181][937]LogModuleManager: Shutting down and abandoning module AnalyticsET (111)
[2016.03.28-10.33.52:181][937]LogModuleManager: Shutting down and abandoning module Analytics (110)
[2016.03.28-10.33.52:181][937]LogModuleManager: Shutting down and abandoning module AITestSuite (109)
[2016.03.28-10.33.52:197][937]LogModuleManager: Shutting down and abandoning module GameplayDebugger (108)
[2016.03.28-10.33.52:197][937]LogModuleManager: Shutting down and abandoning module AIModule (107)
[2016.03.28-10.33.52:219][937]LogModuleManager: Shutting down and abandoning module ProfilerService (106)
[2016.03.28-10.33.52:247][937]LogModuleManager: Shutting down and abandoning module TaskGraph (105)
[2016.03.28-10.33.52:259][937]LogModuleManager: Shutting down and abandoning module SlateRemote (104)
[2016.03.28-10.33.52:260][937]LogModuleManager: Shutting down and abandoning module ScriptEditorPlugin (103)
[2016.03.28-10.33.52:260][937]LogModuleManager: Shutting down and abandoning module CustomMeshComponent (102)
[2016.03.28-10.33.52:260][937]LogModuleManager: Shutting down and abandoning module CableComponent (101)
[2016.03.28-10.33.52:271][937]LogModuleManager: Shutting down and abandoning module MessagingDebugger (100)
[2016.03.28-10.33.52:296][937]LogModuleManager: Shutting down and abandoning module MediaPlayerEditor (99)
[2016.03.28-10.33.52:305][937]LogModuleManager: Shutting down and abandoning module SpeedTreeImporter (98)
[2016.03.28-10.33.52:306][937]LogModuleManager: Shutting down and abandoning module PluginsEditor (97)
[2016.03.28-10.33.52:318][937]LogModuleManager: Shutting down and abandoning module MainFrame (96)
[2016.03.28-10.33.52:318][937]LogModuleManager: Shutting down and abandoning module EpicSurvey (95)
[2016.03.28-10.33.52:340][937]LogModuleManager: Shutting down and abandoning module DesktopPlatform (94)
[2016.03.28-10.33.52:367][937]LogModuleManager: Shutting down and abandoning module DirectoryWatcher (93)
[2016.03.28-10.33.52:368][937]LogModuleManager: Shutting down and abandoning module HotReload (92)
[2016.03.28-10.33.52:368][937]LogModuleManager: Shutting down and abandoning module VisualStudioSourceCodeAccess (91)
[2016.03.28-10.33.52:377][937]LogModuleManager: Shutting down and abandoning module UObjectPlugin (90)
[2016.03.28-10.33.52:377][937]LogModuleManager: Shutting down and abandoning module SubversionSourceControl (89)
[2016.03.28-10.33.52:400][937]LogModuleManager: Shutting down and abandoning module PerforceSourceControl (88)
[2016.03.28-10.33.52:419][937]LogModuleManager: Shutting down and abandoning module SourceControl (87)
[2016.03.28-10.33.52:433][937]LogModuleManager: Shutting down and abandoning module GitSourceControl (86)
[2016.03.28-10.33.52:447][937]LogModuleManager: Shutting down and abandoning module BlankPlugin (85)
[2016.03.28-10.33.52:448][937]LogModuleManager: Shutting down and abandoning module PaperTiledImporter (84)
[2016.03.28-10.33.52:448][937]LogModuleManager: Shutting down and abandoning module PaperJsonImporter (83)
[2016.03.28-10.33.52:448][937]LogModuleManager: Shutting down and abandoning module ContentBrowser (82)
[2016.03.28-10.33.52:450][937]LogModuleManager: Shutting down and abandoning module Paper2DEditor (81)
[2016.03.28-10.33.52:477][937]LogModuleManager: Shutting down and abandoning module ScriptPlugin (80)
[2016.03.28-10.33.52:494][937]LogModuleManager: Shutting down and abandoning module UdpMessaging (79)
[2016.03.28-10.33.52:594][937]LogModuleManager: Shutting down and abandoning module Paper2D (78)
[2016.03.28-10.33.52:610][937]LogModuleManager: Shutting down and abandoning module WindowsMoviePlayer (77)
[2016.03.28-10.33.52:620][937]LogModuleManager: Shutting down and abandoning module Media (76)
[2016.03.28-10.33.52:620][937]LogModuleManager: Shutting down and abandoning module WmfMedia (75)
[2016.03.28-10.33.52:820][937]LogModuleManager: Shutting down and abandoning module OnlineBlueprintSupport (74)
[2016.03.28-10.33.52:820][937]LogModuleManager: Shutting down and abandoning module PropertyEditor (73)
[2016.03.28-10.33.52:820][937]LogModuleManager: Shutting down and abandoning module BehaviorTreeEditor (72)
[2016.03.28-10.33.52:844][937]LogModuleManager: Shutting down and abandoning module FunctionalTesting (71)
[2016.03.28-10.33.52:859][937]LogModuleManager: Shutting down and abandoning module CollisionAnalyzer (70)
[2016.03.28-10.33.52:889][937]LogModuleManager: Shutting down and abandoning module WorkspaceMenuStructure (69)
[2016.03.28-10.33.52:889][937]LogModuleManager: Shutting down and abandoning module MessageLog (68)
[2016.03.28-10.33.52:889][937]LogModuleManager: Shutting down and abandoning module Sequencer (67)
[2016.03.28-10.33.52:898][937]LogModuleManager: Shutting down and abandoning module AssetTools (66)
[2016.03.28-10.33.52:926][937]LogModuleManager: Shutting down and abandoning module UMGEditor (65)
[2016.03.28-10.33.52:941][937]LogModuleManager: Shutting down and abandoning module UMG (64)
[2016.03.28-10.33.52:970][937]LogModuleManager: Shutting down and abandoning module Slate (63)
[2016.03.28-10.33.52:970][937]LogModuleManager: Shutting down and abandoning module EditorStyle (62)
[2016.03.28-10.33.52:989][937]LogModuleManager: Shutting down and abandoning module SessionServices (61)
[2016.03.28-10.33.52:990][937]LogModuleManager: Shutting down and abandoning module SourceCodeAccess (60)
[2016.03.28-10.33.52:990][937]LogModuleManager: Shutting down and abandoning module HeadMountedDisplay (59)
[2016.03.28-10.33.52:990][937]LogModuleManager: Shutting down and abandoning module XAudio2 (58)
[2016.03.28-10.33.52:990][937]LogModuleManager: Shutting down and abandoning module Networking (56)
[2016.03.28-10.33.52:990][937]LogModuleManager: Shutting down and abandoning module Core (55)
[2016.03.28-10.33.52:990][937]LogModuleManager: Shutting down and abandoning module KismetCompiler (54)
[2016.03.28-10.33.52:990][937]LogModuleManager: Shutting down and abandoning module PhysXFormats (53)
[2016.03.28-10.33.52:990][937]LogModuleManager: Shutting down and abandoning module MeshUtilities (52)
[2016.03.28-10.33.53:008][937]LogModuleManager: Shutting down and abandoning module DerivedDataCache (51)
[2016.03.28-10.33.53:090][937]LogDerivedDataCache: Shutdown
[2016.03.28-10.33.53:090][937]LogModuleManager: Shutting down and abandoning module ShaderFormatOpenGL (50)
[2016.03.28-10.33.53:109][937]LogModuleManager: Shutting down and abandoning module ShaderFormatD3D (49)
[2016.03.28-10.33.53:109][937]LogModuleManager: Shutting down and abandoning module MetalShaderFormat (48)
[2016.03.28-10.33.53:116][937]LogModuleManager: Shutting down and abandoning module TextureFormatUncompressed (47)
[2016.03.28-10.33.53:116][937]LogModuleManager: Shutting down and abandoning module TextureFormatPVR (46)
[2016.03.28-10.33.53:122][937]LogModuleManager: Shutting down and abandoning module TextureFormatIntelISPCTexComp (45)
[2016.03.28-10.33.53:122][937]LogModuleManager: Shutting down and abandoning module TextureFormatDXT (44)
[2016.03.28-10.33.53:122][937]LogModuleManager: Shutting down and abandoning module ImageWrapper (43)
[2016.03.28-10.33.53:122][937]LogModuleManager: Shutting down and abandoning module TextureFormatASTC (42)
[2016.03.28-10.33.53:123][937]LogModuleManager: Shutting down and abandoning module TextureFormatAndroid (41)
[2016.03.28-10.33.53:123][937]LogModuleManager: Shutting down and abandoning module AudioFormatOpus (40)
[2016.03.28-10.33.53:134][937]LogModuleManager: Shutting down and abandoning module AudioFormatOgg (39)
[2016.03.28-10.33.53:134][937]LogModuleManager: Shutting down and abandoning module AudioFormatADPCM (38)
[2016.03.28-10.33.53:134][937]LogModuleManager: Shutting down and abandoning module LinuxTargetPlatform (37)
[2016.03.28-10.33.53:134][937]LogModuleManager: Shutting down and abandoning module LinuxServerTargetPlatform (36)
[2016.03.28-10.33.53:134][937]LogModuleManager: Shutting down and abandoning module LinuxNoEditorTargetPlatform (35)
[2016.03.28-10.33.53:146][937]LogModuleManager: Shutting down and abandoning module Messaging (34)
[2016.03.28-10.33.53:146][937]LogModuleManager: Shutting down and abandoning module IOSTargetPlatform (33)
[2016.03.28-10.33.53:146][937]LogModuleManager: Shutting down and abandoning module HTML5TargetPlatform (32)
[2016.03.28-10.33.53:146][937]LogModuleManager: Shutting down and abandoning module Android_PVRTCTargetPlatform (31)
[2016.03.28-10.33.53:146][937]LogModuleManager: Shutting down and abandoning module Android_ETC2TargetPlatform (30)
[2016.03.28-10.33.53:146][937]LogModuleManager: Shutting down and abandoning module Android_ETC1TargetPlatform (29)
[2016.03.28-10.33.53:146][937]LogModuleManager: Shutting down and abandoning module Android_ES31TargetPlatform (28)
[2016.03.28-10.33.53:146][937]LogModuleManager: Shutting down and abandoning module Android_DXTTargetPlatform (27)
[2016.03.28-10.33.53:146][937]LogModuleManager: Shutting down and abandoning module Android_ATCTargetPlatform (26)
[2016.03.28-10.33.53:146][937]LogModuleManager: Shutting down and abandoning module AndroidTargetPlatform (25)
[2016.03.28-10.33.53:146][937]LogModuleManager: Shutting down and abandoning module WindowsTargetPlatform (24)
[2016.03.28-10.33.53:146][937]LogModuleManager: Shutting down and abandoning module WindowsServerTargetPlatform (23)
[2016.03.28-10.33.53:146][937]LogModuleManager: Shutting down and abandoning module WindowsNoEditorTargetPlatform (22)
[2016.03.28-10.33.53:146][937]LogModuleManager: Shutting down and abandoning module WindowsClientTargetPlatform (21)
[2016.03.28-10.33.53:146][937]LogModuleManager: Shutting down and abandoning module TargetPlatform (20)
[2016.03.28-10.33.53:146][937]LogModuleManager: Shutting down and abandoning module InputCore (19)
[2016.03.28-10.33.53:146][937]LogModuleManager: Shutting down and abandoning module Settings (18)
[2016.03.28-10.33.53:146][937]LogModuleManager: Shutting down and abandoning module OnlineSubsystem (16)
[2016.03.28-10.33.53:146][937]LogModuleManager: Shutting down and abandoning module OculusRift (15)
[2016.03.28-10.33.53:146][937]LogModuleManager: Shutting down and abandoning module ExampleDeviceProfileSelector (14)
[2016.03.28-10.33.53:146][937]LogModuleManager: Shutting down and abandoning module TextureCompressor (13)
[2016.03.28-10.33.53:157][937]LogModuleManager: Shutting down and abandoning module ShaderCore (12)
[2016.03.28-10.33.53:157][937]LogModuleManager: Shutting down and abandoning module Landscape (11)
[2016.03.28-10.33.53:157][937]LogModuleManager: Shutting down and abandoning module SlateRHIRenderer (10)
[2016.03.28-10.33.53:202][937]LogModuleManager: Shutting down and abandoning module OpenGLDrv (9)
[2016.03.28-10.33.53:206][937]LogModuleManager: Shutting down and abandoning module D3D11RHI (8)
[2016.03.28-10.33.53:206][937]LogModuleManager: Shutting down and abandoning module Renderer (7)
[2016.03.28-10.33.53:206][937]LogModuleManager: Shutting down and abandoning module Engine (6)
[2016.03.28-10.33.53:206][937]LogModuleManager: Shutting down and abandoning module CoreUObject (5)
[2016.03.28-10.33.53:206][937]LogModuleManager: Shutting down and abandoning module NetworkFile (4)
[2016.03.28-10.33.53:221][937]LogModuleManager: Shutting down and abandoning module StreamingFile (3)
[2016.03.28-10.33.53:230][937]LogModuleManager: Shutting down and abandoning module SandboxFile (2)
[2016.03.28-10.33.53:237][937]LogModuleManager: Shutting down and abandoning module PakFile (1)
[2016.03.28-10.33.53:263][937]LogExit: Exiting.
[2016.03.28-10.33.53:286][937]Log file closed, 03/28/16 04:33:53
