Log file open, 04/04/16 02:07:06
LogInit:Display: Running engine for game: ELECTRONICASSETS
LogInit: Version: 4.7.6-2513093+++depot+UE4-Releases+4.7
LogInit: API Version: 2455222
LogInit: Compiled (64-bit): Apr 15 2015 12:09:54
LogInit: Compiled with Visual C++: 18.00.21005.01
LogInit: Build Configuration: Development
LogInit: Branch Name: ++depot+UE4-Releases+4.7
LogInit: Command line:  
LogInit: Base directory: C:/Program Files/Epic Games/4.7/Engine/Binaries/Win64/
LogInit: Rocket: 1
[2016.04.04-07.07.06:752][  0]LogTaskGraph: Started task graph with 3 named threads and 4 total threads.
[2016.04.04-07.07.06:796][  0]LogOnline:Warning: No default platform service specified for OnlineSubsystem
[2016.04.04-07.07.06:820][  0]LogInit: Presizing for 0 objects not considered by GC, pre-allocating 0 bytes.
[2016.04.04-07.07.06:839][  0]LogInit: Object subsystem initialized
[2016.04.04-07.07.06:841][  0]LogConsoleResponse:Warning: Skipping Unknown console variable: 'TranslucentSortAxis = (X=0.000000,Y=-1.000000,Z=0.000000)'
[2016.04.04-07.07.06:841][  0]LogConsoleResponse:Warning:   Found in ini file 'C:/Users/3c0z/Documents/GitHub/UnrealAssets/ELECTRONICASSETS/Saved/Config/Windows/Engine.ini', in section '[/Script/Engine.RendererSettings]'
[2016.04.04-07.07.06:841][  0]LogConsoleResponse:Warning: Skipping Unknown console variable: 'UIScaleRule = ShortestSide'
[2016.04.04-07.07.06:841][  0]LogConsoleResponse:Warning:   Found in ini file 'C:/Users/3c0z/Documents/GitHub/UnrealAssets/ELECTRONICASSETS/Saved/Config/Windows/Engine.ini', in section '[/Script/Engine.RendererSettings]'
[2016.04.04-07.07.06:841][  0]LogConsoleResponse:Warning: Skipping Unknown console variable: 'UIScaleCurve = (EditorCurveData=(Keys=),ExternalCurve=None)'
[2016.04.04-07.07.06:841][  0]LogConsoleResponse:Warning:   Found in ini file 'C:/Users/3c0z/Documents/GitHub/UnrealAssets/ELECTRONICASSETS/Saved/Config/Windows/Engine.ini', in section '[/Script/Engine.RendererSettings]'
[2016.04.04-07.07.06:842][  0]LogInit: Selected Device Profile: [Windows]
[2016.04.04-07.07.06:842][  0]LogInit: Applying CVar settings loaded from the selected device profile: [Windows]
[2016.04.04-07.07.06:863][  0]LogInit: Computer: ISOQA
[2016.04.04-07.07.06:863][  0]LogInit: User: 3c0z
[2016.04.04-07.07.06:863][  0]LogInit: CPU Page size=4096, Cores=2
[2016.04.04-07.07.06:863][  0]LogInit: High frequency timer resolution =2.539082 MHz
[2016.04.04-07.07.06:863][  0]LogMemory: Memory total: Physical=4.0GB (4GB approx) Virtual=8192.0GB
[2016.04.04-07.07.06:864][  0]LogMemory: Platform Memory Stats for Windows
[2016.04.04-07.07.06:864][  0]LogMemory: Process Physical Memory: 46.66 MB used, 46.66 MB peak
[2016.04.04-07.07.06:864][  0]LogMemory: Process Virtual Memory: 25.05 MB used, 25.05 MB peak
[2016.04.04-07.07.06:864][  0]LogMemory: Physical Memory: 2132.73 MB used, 4094.49 MB total
[2016.04.04-07.07.06:864][  0]LogMemory: Virtual Memory: 278.32 MB used, 8388608.00 MB total
[2016.04.04-07.07.06:960][  0]LogD3D11RHI: Found D3D11 adapter 0: NVIDIA GeForce GTX 750 Ti (Feature Level 11_0)
[2016.04.04-07.07.06:960][  0]LogD3D11RHI: Adapter has 1993MB of dedicated video memory, 0MB of dedicated system memory, and 1791MB of shared system memory, 1 output[s]
[2016.04.04-07.07.06:960][  0]LogD3D11RHI: Chosen D3D11 Adapter Id = 0
[2016.04.04-07.07.06:971][  0]LogRHI: Texture pool is 1361 MB (70% of 1945 MB)
[2016.04.04-07.07.06:990][  0]LogD3D11RHI: Async texture creation enabled
[2016.04.04-07.07.07:270][  0]LogTextLocalizationManager: The requested culture ('en_US') has no localization data; parent culture's ('es') localization data will be used.
[2016.04.04-07.07.07:465][  0]LogTextLocalizationManager:Warning: Loading localization resources contain conflicting entries for (Namespace:UICommands, Key:Save_ToolTip):
Resource: (C:/Program Files/Epic Games/4.7/Engine/Content/Localization/Editor/en/Editor.locres) Hash: (-29098895) String: (Saves the current level to disk)
Resource: (C:/Program Files/Epic Games/4.7/Engine/Content/Localization/Engine/en/Engine.locres) Hash: (-1280300587) String: (Save selected data to vlog file)
[2016.04.04-07.07.07:465][  0]LogTextLocalizationManager:Warning: Loading localization resources contain conflicting entries for (Namespace:ContentBrowser, Key:ImportAssetToolTip):
Resource: (C:/Program Files/Epic Games/4.7/Engine/Content/Localization/Editor/en/Editor.locres) Hash: (-630476809) String: (Import to {0}...)
Resource: (C:/Program Files/Epic Games/4.7/Engine/Content/Localization/Editor/en/Editor.locres) Hash: (1271782899) String: (Imports an asset from file to this folder.)
[2016.04.04-07.07.07:615][  0]LogContentStreaming: Texture pool size is 0.000000MB
[2016.04.04-07.07.15:865][  0]LogTargetPlatformManager:Display: Building Assets For Windows
[2016.04.04-07.07.17:822][  0]LogTargetPlatformManager:Display: Building Assets For Windows
[2016.04.04-07.07.18:048][  0]LogDerivedDataCache:Display: Max Cache Size: 512 MB
[2016.04.04-07.07.18:422][  0]LogDerivedDataCache: Loaded boot cache 0.35s 39MB C:/Users/3c0z/AppData/Local/UnrealEngine/4.7/DerivedDataCache/Boot.ddc.
[2016.04.04-07.07.18:422][  0]LogDerivedDataCache:Display: Loaded Boot cache: C:/Users/3c0z/AppData/Local/UnrealEngine/4.7/DerivedDataCache/Boot.ddc
[2016.04.04-07.07.18:423][  0]LogDerivedDataCache: FDerivedDataBackendGraph:  Pak pak cache file ../../../../../../Users/3c0z/Documents/GitHub/UnrealAssets/ELECTRONICASSETS/DerivedDataCache/DDC.ddp not found, will not use a pak cache.
[2016.04.04-07.07.18:423][  0]LogDerivedDataCache: Unable to find inner node Pak for hierarchical cache Hierarchy.
[2016.04.04-07.07.18:654][  0]LogDerivedDataCache:Display: Pak cache opened for reading ../../../Engine/DerivedDataCache/Compressed.ddp.
[2016.04.04-07.07.18:682][  0]LogDerivedDataCache: Using Local data cache path C:/Users/3c0z/AppData/Local/UnrealEngine/Common/DerivedDataCache: Writable
[2016.04.04-07.07.27:024][  0]LogMeshUtilities: No automatic mesh reduction module available
[2016.04.04-07.07.27:024][  0]LogMeshUtilities: No automatic mesh merging module available
[2016.04.04-07.07.30:784][  0]LogInit: WinSock: version 1.1 (2.2), MaxSocks=32767, MaxUdp=65467
[2016.04.04-07.07.31:194][  0]LogSlate:Warning: Failed to load font data from '../../../Engine/Content/Slate/Fonts/Roboto-Italic.ttf'
[2016.04.04-07.07.59:044][  0]UdpMessaging: Initializing bridge on interface 0.0.0.0:0 to multicast group 230.0.0.1:6666.
[2016.04.04-07.07.59:930][  0]SourceControl: Info Source control is disabled
[2016.04.04-07.07.59:942][  0]SourceControl: Info Source control is disabled
[2016.04.04-07.07.59:942][  0]SourceControl: Info Source control is disabled
[2016.04.04-07.07.59:942][  0]LogSourceControl: RunCommandInternalRaw: 'git version'
[2016.04.04-07.07.59:942][  0]LogSourceControl: RunCommandInternalRaw: ExecProcess ReturnCode=2 OutResults=''
[2016.04.04-07.07.59:959][  0]SourceControl: Info Source control is disabled
[2016.04.04-07.08.01:223][  0]LogObj: 24232 objects as part of root set at end of initial load.
[2016.04.04-07.08.01:223][  0]LogUObjectAllocator: 5137176 out of 0 bytes used by permanent object pool.
[2016.04.04-07.08.01:911][  0]LogEngine: Initializing Engine...
[2016.04.04-07.08.04:941][  0]LogInit: XAudio2 using 'Speakers (Realtek High Definition Audio)' : 2 channels at 48 kHz using 32 bits per sample (channel mask 0x3)
[2016.04.04-07.08.05:096][  0]LogInit: FAudioDevice initialized.
[2016.04.04-07.08.05:767][  0]LogAIModule: Creating AISystem for world NewWorld
[2016.04.04-07.08.05:853][  0]LogDerivedDataCache: Saved boot cache 0.06s 39MB C:/Users/3c0z/AppData/Local/UnrealEngine/4.7/DerivedDataCache/Boot.ddc.
[2016.04.04-07.08.05:878][  0]LogInit: Texture streaming: Enabled
[2016.04.04-07.08.06:999][  0]LogAnalytics: Creating configured Analytics provider AnalyticsET
[2016.04.04-07.08.06:999][  0]LogAnalytics: ET APIKey = Rocket.Release. APIServer = http://et2.epicgames.com/ET2/. AppVersion = 4.7.6-2513093+++depot+UE4-Releases+4.7
[2016.04.04-07.08.06:999][  0]LogAnalytics: ET APIKey = Rocket.Release. DataRouterUploadURL = https://datarouter-public-service-gamedev.ol.epicgames.net/datarouter/api/v1/public/data. AppVersion = 4.7.6-2513093+++depot+UE4-Releases+4.7
[2016.04.04-07.08.06:999][  0]LogAnalytics: SetUserId f8d463004448e9bf9238c395a56aa488|6b2d3cb90e4040169396666e7dda91ad|be6a12fa-584f-40e9-9224-deb3c37dd44e
[2016.04.04-07.08.07:050][  0]LogAnalytics: AnalyticsET::StartSession [Rocket.Release]
[2016.04.04-07.08.07:358][  0]LogInit: Transaction tracking system initialized
[2016.04.04-07.08.08:483][  0]BlueprintLog: New page: Editor Load
[2016.04.04-07.08.08:644][  0]LogAssetRegistry: FAssetRegistry took 0.0372 seconds to start up
[2016.04.04-07.08.08:646][  0]LogDirectoryWatcher:Warning: Failed to begin reading directory changes for ../../../Engine/Plugins/Experimental/CharacterAI/Content/. Error: 0
[2016.04.04-07.08.14:823][  0]LogTargetPlatformManager:Display: Building Assets For Windows
[2016.04.04-07.08.17:835][  0]LogTargetPlatformManager:Display: Building Assets For Windows
[2016.04.04-07.08.21:859][  0]LogLinker:Warning: Asset '../../../Engine/Content/Tutorial/Mobile/SettingUpAndroidTutorial.uasset' has been saved with empty engine version. The asset will be loaded but may be incompatible.
[2016.04.04-07.08.22:360][  0]LogSlate:Warning: Failed to load font data from '../../../Engine/Content/Editor/Slate/Fonts/Roboto-Regular.ttf'
[2016.04.04-07.08.22:361][  0]LogSlate:Warning: Failed to load font data from '../../../Engine/Content/Editor/Slate/Fonts/Roboto-Bold.ttf'
[2016.04.04-07.08.22:562][  0]LogConsoleResponse:Display: 
[2016.04.04-07.08.25:605][  0]LogCook:Display: Done creating registry. It took  0.00s.
[2016.04.04-07.08.27:742][  0]SourceControl: Info Source control is disabled
[2016.04.04-07.08.27:908][  0]Cmd: MAP LOAD FILE="../../../Engine/Content/Maps/Templates/Template_Default.umap" TEMPLATE=1 SHOWPROGRESS=1 FEATURELEVEL=3
[2016.04.04-07.08.27:971][  0]LightingResults: New page: Lighting Build
[2016.04.04-07.08.28:165][  0]MapCheck: New page: Map Check
[2016.04.04-07.08.28:165][  0]LightingResults: New page: Lighting Build
[2016.04.04-07.08.28:383][  0]LogParticles: Destroying 0 GPU particle simulations for FXSystem 0x0000000016CE4D60
[2016.04.04-07.08.31:364][  0]LogEditorServer: Finished looking for orphan Actors (0.000 secs)
[2016.04.04-07.08.31:407][  0]LogAIModule: Creating AISystem for world Untitled_1
[2016.04.04-07.08.31:428][  0]Cmd: MAP CHECKDEP
[2016.04.04-07.08.31:447][  0]MapCheck: New page: Untitled_1 - Apr 3, 2016, 9:08:31 PM
[2016.04.04-07.08.31:764][  0]MapCheck: Info Map check complete: 0 Error(s), 0 Warning(s), took 335.728ms to complete.
[2016.04.04-07.08.31:779][  0]LogFileHelpers: Loading map 'Template_Default' took 3.939
[2016.04.04-07.08.33:415][  0]LogCollectionManager: Loaded 0 collections in 0.003128 seconds
[2016.04.04-07.08.33:438][  0]LogContentBrowser: Native class hierarchy populated in 0.0228 seconds. Added 1696 classes and 261 folders.
[2016.04.04-07.08.33:670][  0]LogContentBrowser: Native class hierarchy updated for 'SceneOutliner' in 0.0035 seconds. Added 1 classes and 2 folders.
[2016.04.04-07.08.34:334][  0]LogCrashTracker: Crashtracker disabled due to settings.
[2016.04.04-07.08.34:391][  0]LogSlate:Warning: Failed to load font data from 'Veranda'
[2016.04.04-07.08.34:452][  0]LogUObjectGlobals:Warning: Failed to find object 'Class None.'
[2016.04.04-07.08.34:699][  0]LogLoad: Full Startup: 91.01 seconds (BP compile: 0.51 seconds)
[2016.04.04-07.08.34:844][  0]LogContentBrowser:Verbose: The content browser source was changed by the sources view to '/Game/SmartTVCurved/Texture'
[2016.04.04-07.08.35:715][  0]LogRenderer:Warning: Reallocating scene render targets to support 32x32 (Frame:2).
[2016.04.04-07.08.36:445][  0]LogRenderer:Warning: Reallocating scene render targets to support 1056x560 (Frame:3).
[2016.04.04-07.08.37:154][ 11]LogAssetRegistry: Asset discovery search completed in 28.5454 seconds
[2016.04.04-07.10.07:974][231]Cmd: MAP LOAD FILE="../../../../../../Users/3c0z/Documents/GitHub/UnrealAssets/ELECTRONICASSETS/Content/tv-prueba.umap" TEMPLATE=0 SHOWPROGRESS=1 FEATURELEVEL=3
[2016.04.04-07.10.08:034][231]LightingResults: New page: Lighting Build
[2016.04.04-07.10.08:179][231]LoadErrors: New page: Loading map: tv-prueba.umap
[2016.04.04-07.10.08:198][231]MapCheck: New page: Map Check
[2016.04.04-07.10.08:198][231]LightingResults: New page: Lighting Build
[2016.04.04-07.10.08:257][231]LogParticles: Destroying 0 GPU particle simulations for FXSystem 0x000000001013DF80
[2016.04.04-07.10.13:102][231]LogEditorServer: Finished looking for orphan Actors (0.000 secs)
[2016.04.04-07.10.13:128][231]LogAIModule: Creating AISystem for world tv-prueba
[2016.04.04-07.10.13:204][231]Cmd: MAP CHECKDEP
[2016.04.04-07.10.13:204][231]MapCheck: New page: tv-prueba - Apr 3, 2016, 9:10:13 PM
[2016.04.04-07.10.13:524][231]MapCheck: Info Map check complete: 0 Error(s), 0 Warning(s), took 319.635ms to complete.
[2016.04.04-07.10.13:524][231]LogFileHelpers: Loading map 'tv-prueba' took 5.565
[2016.04.04-07.10.22:460][592]Cmd: SELECT NONE
[2016.04.04-07.10.26:999][643]Cmd: QUIT_EDITOR
[2016.04.04-07.10.27:959][643]LogExit: Preparing to exit.
[2016.04.04-07.10.28:421][643]LogExit: Editor shut down
[2016.04.04-07.10.28:422][643]LogExit: Transaction tracking system shut down
[2016.04.04-07.10.29:145][643]LogParticles: Destroying 0 GPU particle simulations for FXSystem 0x00000000124A7D80
[2016.04.04-07.10.29:145][643]LogParticles: Destroying 0 GPU particle simulations for FXSystem 0x00000000124A77E0
[2016.04.04-07.10.29:145][643]LogParticles: Destroying 0 GPU particle simulations for FXSystem 0x000000001A43C860
[2016.04.04-07.10.29:145][643]LogParticles: Destroying 0 GPU particle simulations for FXSystem 0x00000000198DE0C0
[2016.04.04-07.10.29:145][643]LogExit: Object subsystem successfully closed.
[2016.04.04-07.10.29:469][643]LogModuleManager: Shutting down and abandoning module CrashTracker (177)
[2016.04.04-07.10.29:477][643]LogModuleManager: Shutting down and abandoning module SuperSearch (176)
[2016.04.04-07.10.29:477][643]LogModuleManager: Shutting down and abandoning module SceneOutliner (175)
[2016.04.04-07.10.29:490][643]LogModuleManager: Shutting down and abandoning module EditorWidgets (174)
[2016.04.04-07.10.29:490][643]LogModuleManager: Shutting down and abandoning module CollectionManager (173)
[2016.04.04-07.10.29:508][643]LogModuleManager: Shutting down and abandoning module StatsViewer (172)
[2016.04.04-07.10.29:508][643]LogModuleManager: Shutting down and abandoning module FoliageEdit (171)
[2016.04.04-07.10.29:508][643]LogModuleManager: Shutting down and abandoning module LandscapeEditor (170)
[2016.04.04-07.10.29:519][643]LogModuleManager: Shutting down and abandoning module MeshPaint (169)
[2016.04.04-07.10.29:519][643]LogModuleManager: Shutting down and abandoning module ActorPickerMode (168)
[2016.04.04-07.10.29:519][643]LogModuleManager: Shutting down and abandoning module GeometryMode (167)
[2016.04.04-07.10.29:519][643]LogModuleManager: Shutting down and abandoning module TextureAlignMode (166)
[2016.04.04-07.10.29:519][643]LogModuleManager: Shutting down and abandoning module BspMode (165)
[2016.04.04-07.10.29:519][643]LogModuleManager: Shutting down and abandoning module PlacementMode (164)
[2016.04.04-07.10.29:519][643]LogModuleManager: Shutting down and abandoning module AutomationWorker (163)
[2016.04.04-07.10.29:519][643]LogModuleManager: Shutting down and abandoning module CharacterAI (162)
[2016.04.04-07.10.29:519][643]LogModuleManager: Shutting down and abandoning module SmartSnapping (161)
[2016.04.04-07.10.29:519][643]LogModuleManager: Shutting down and abandoning module ViewportSnapping (160)
[2016.04.04-07.10.29:519][643]LogModuleManager: Shutting down and abandoning module LogVisualizer (159)
[2016.04.04-07.10.29:524][643]LogModuleManager: Shutting down and abandoning module GameProjectGeneration (158)
[2016.04.04-07.10.29:538][643]LogModuleManager: Shutting down and abandoning module IntroTutorials (157)
[2016.04.04-07.10.29:562][643]LogModuleManager: Shutting down and abandoning module EditorLiveStreaming (156)
[2016.04.04-07.10.29:562][643]LogModuleManager: Shutting down and abandoning module HardwareTargeting (155)
[2016.04.04-07.10.29:562][643]LogModuleManager: Shutting down and abandoning module DeviceProfileEditor (154)
[2016.04.04-07.10.29:562][643]LogModuleManager: Shutting down and abandoning module UndoHistory (153)
[2016.04.04-07.10.29:562][643]LogModuleManager: Shutting down and abandoning module GameplayTagsEditor (152)
[2016.04.04-07.10.29:562][643]LogModuleManager: Shutting down and abandoning module UserFeedback (151)
[2016.04.04-07.10.29:562][643]LogModuleManager: Shutting down and abandoning module XmlParser (150)
[2016.04.04-07.10.29:562][643]LogModuleManager: Shutting down and abandoning module Blutility (149)
[2016.04.04-07.10.29:562][643]LogModuleManager: Shutting down and abandoning module IOSPlatformEditor (148)
[2016.04.04-07.10.29:562][643]LogModuleManager: Shutting down and abandoning module IOSRuntimeSettings (147)
[2016.04.04-07.10.29:562][643]LogModuleManager: Shutting down and abandoning module AndroidDeviceDetection (146)
[2016.04.04-07.10.30:379][643]LogModuleManager: Shutting down and abandoning module AndroidPlatformEditor (145)
[2016.04.04-07.10.30:380][643]LogModuleManager: Shutting down and abandoning module AndroidRuntimeSettings (144)
[2016.04.04-07.10.30:380][643]LogModuleManager: Shutting down and abandoning module ProjectTargetPlatformEditor (143)
[2016.04.04-07.10.30:380][643]LogModuleManager: Shutting down and abandoning module ProjectSettingsViewer (142)
[2016.04.04-07.10.30:380][643]LogModuleManager: Shutting down and abandoning module InputBindingEditor (141)
[2016.04.04-07.10.30:380][643]LogModuleManager: Shutting down and abandoning module EditorSettingsViewer (140)
[2016.04.04-07.10.30:380][643]LogModuleManager: Shutting down and abandoning module SettingsEditor (139)
[2016.04.04-07.10.30:410][643]LogModuleManager: Shutting down and abandoning module ProjectLauncher (138)
[2016.04.04-07.10.30:410][643]LogModuleManager: Shutting down and abandoning module SessionFrontend (137)
[2016.04.04-07.10.30:410][643]LogModuleManager: Shutting down and abandoning module ProfilerClient (136)
[2016.04.04-07.10.30:472][643]LogModuleManager: Shutting down and abandoning module TargetDeviceServices (135)
[2016.04.04-07.10.30:472][643]LogModuleManager: Shutting down and abandoning module DeviceManager (134)
[2016.04.04-07.10.30:473][643]LogModuleManager: Shutting down and abandoning module AutomationController (133)
[2016.04.04-07.10.30:473][643]LogModuleManager: Shutting down and abandoning module AutomationWindow (132)
[2016.04.04-07.10.30:925][643]LogModuleManager: Shutting down and abandoning module Layers (131)
[2016.04.04-07.10.31:147][643]LogModuleManager: Shutting down and abandoning module ComponentVisualizers (130)
[2016.04.04-07.10.31:147][643]LogModuleManager: Shutting down and abandoning module DetailCustomizations (129)
[2016.04.04-07.10.31:167][643]LogModuleManager: Shutting down and abandoning module PackagesDialog (128)
[2016.04.04-07.10.31:167][643]LogModuleManager: Shutting down and abandoning module AssetRegistry (127)
[2016.04.04-07.10.31:394][643]LogModuleManager: Shutting down and abandoning module Persona (126)
[2016.04.04-07.10.31:437][643]LogModuleManager: Shutting down and abandoning module SlateReflector (125)
[2016.04.04-07.10.31:447][643]LogModuleManager: Shutting down and abandoning module LevelEditor (124)
[2016.04.04-07.10.31:450][643]LogModuleManager: Shutting down and abandoning module Kismet (123)
[2016.04.04-07.10.31:450][643]LogModuleManager: Shutting down and abandoning module GraphEditor (122)
[2016.04.04-07.10.31:506][643]LogModuleManager: Shutting down and abandoning module ClassViewer (121)
[2016.04.04-07.10.31:506][643]LogModuleManager: Shutting down and abandoning module Toolbox (120)
[2016.04.04-07.10.31:506][643]LogModuleManager: Shutting down and abandoning module ModuleUI (119)
[2016.04.04-07.10.31:521][643]LogModuleManager: Shutting down and abandoning module MovieSceneTools (118)
[2016.04.04-07.10.31:539][643]LogModuleManager: Shutting down and abandoning module OutputLog (117)
[2016.04.04-07.10.31:539][643]LogModuleManager: Shutting down and abandoning module GammaUI (116)
[2016.04.04-07.10.31:548][643]LogModuleManager: Shutting down and abandoning module Documentation (115)
[2016.04.04-07.10.31:548][643]LogModuleManager: Shutting down and abandoning module GameLiveStreaming (114)
[2016.04.04-07.10.31:548][643]LogModuleManager: Shutting down and abandoning module StreamingPauseRendering (113)
[2016.04.04-07.10.31:548][643]LogModuleManager: Shutting down and abandoning module HTTP (112)
[2016.04.04-07.10.31:549][643]LogModuleManager: Shutting down and abandoning module AnalyticsET (111)
[2016.04.04-07.10.31:549][643]LogModuleManager: Shutting down and abandoning module Analytics (110)
[2016.04.04-07.10.31:549][643]LogModuleManager: Shutting down and abandoning module AITestSuite (109)
[2016.04.04-07.10.31:549][643]LogModuleManager: Shutting down and abandoning module GameplayDebugger (108)
[2016.04.04-07.10.31:549][643]LogModuleManager: Shutting down and abandoning module AIModule (107)
[2016.04.04-07.10.31:549][643]LogModuleManager: Shutting down and abandoning module ProfilerService (106)
[2016.04.04-07.10.31:641][643]LogModuleManager: Shutting down and abandoning module TaskGraph (105)
[2016.04.04-07.10.31:661][643]LogModuleManager: Shutting down and abandoning module SlateRemote (104)
[2016.04.04-07.10.31:661][643]LogModuleManager: Shutting down and abandoning module ScriptEditorPlugin (103)
[2016.04.04-07.10.31:661][643]LogModuleManager: Shutting down and abandoning module CustomMeshComponent (102)
[2016.04.04-07.10.31:661][643]LogModuleManager: Shutting down and abandoning module CableComponent (101)
[2016.04.04-07.10.31:661][643]LogModuleManager: Shutting down and abandoning module MessagingDebugger (100)
[2016.04.04-07.10.31:684][643]LogModuleManager: Shutting down and abandoning module MediaPlayerEditor (99)
[2016.04.04-07.10.31:694][643]LogModuleManager: Shutting down and abandoning module SpeedTreeImporter (98)
[2016.04.04-07.10.31:694][643]LogModuleManager: Shutting down and abandoning module PluginsEditor (97)
[2016.04.04-07.10.31:694][643]LogModuleManager: Shutting down and abandoning module MainFrame (96)
[2016.04.04-07.10.31:694][643]LogModuleManager: Shutting down and abandoning module EpicSurvey (95)
[2016.04.04-07.10.31:694][643]LogModuleManager: Shutting down and abandoning module DesktopPlatform (94)
[2016.04.04-07.10.31:715][643]LogModuleManager: Shutting down and abandoning module DirectoryWatcher (93)
[2016.04.04-07.10.31:716][643]LogModuleManager: Shutting down and abandoning module HotReload (92)
[2016.04.04-07.10.31:717][643]LogModuleManager: Shutting down and abandoning module VisualStudioSourceCodeAccess (91)
[2016.04.04-07.10.31:717][643]LogModuleManager: Shutting down and abandoning module UObjectPlugin (90)
[2016.04.04-07.10.31:717][643]LogModuleManager: Shutting down and abandoning module SubversionSourceControl (89)
[2016.04.04-07.10.31:717][643]LogModuleManager: Shutting down and abandoning module PerforceSourceControl (88)
[2016.04.04-07.10.31:726][643]LogModuleManager: Shutting down and abandoning module SourceControl (87)
[2016.04.04-07.10.31:726][643]LogModuleManager: Shutting down and abandoning module GitSourceControl (86)
[2016.04.04-07.10.31:726][643]LogModuleManager: Shutting down and abandoning module BlankPlugin (85)
[2016.04.04-07.10.31:726][643]LogModuleManager: Shutting down and abandoning module PaperTiledImporter (84)
[2016.04.04-07.10.31:726][643]LogModuleManager: Shutting down and abandoning module PaperJsonImporter (83)
[2016.04.04-07.10.31:726][643]LogModuleManager: Shutting down and abandoning module ContentBrowser (82)
[2016.04.04-07.10.31:728][643]LogModuleManager: Shutting down and abandoning module Paper2DEditor (81)
[2016.04.04-07.10.31:728][643]LogModuleManager: Shutting down and abandoning module ScriptPlugin (80)
[2016.04.04-07.10.31:742][643]LogModuleManager: Shutting down and abandoning module UdpMessaging (79)
[2016.04.04-07.10.31:842][643]LogModuleManager: Shutting down and abandoning module Paper2D (78)
[2016.04.04-07.10.31:842][643]LogModuleManager: Shutting down and abandoning module WindowsMoviePlayer (77)
[2016.04.04-07.10.31:851][643]LogModuleManager: Shutting down and abandoning module Media (76)
[2016.04.04-07.10.31:851][643]LogModuleManager: Shutting down and abandoning module WmfMedia (75)
[2016.04.04-07.10.31:853][643]LogModuleManager: Shutting down and abandoning module OnlineBlueprintSupport (74)
[2016.04.04-07.10.31:853][643]LogModuleManager: Shutting down and abandoning module PropertyEditor (73)
[2016.04.04-07.10.31:854][643]LogModuleManager: Shutting down and abandoning module BehaviorTreeEditor (72)
[2016.04.04-07.10.31:868][643]LogModuleManager: Shutting down and abandoning module FunctionalTesting (71)
[2016.04.04-07.10.31:868][643]LogModuleManager: Shutting down and abandoning module CollisionAnalyzer (70)
[2016.04.04-07.10.31:901][643]LogModuleManager: Shutting down and abandoning module WorkspaceMenuStructure (69)
[2016.04.04-07.10.31:901][643]LogModuleManager: Shutting down and abandoning module MessageLog (68)
[2016.04.04-07.10.31:901][643]LogModuleManager: Shutting down and abandoning module Sequencer (67)
[2016.04.04-07.10.31:914][643]LogModuleManager: Shutting down and abandoning module AssetTools (66)
[2016.04.04-07.10.31:934][643]LogModuleManager: Shutting down and abandoning module UMGEditor (65)
[2016.04.04-07.10.31:946][643]LogModuleManager: Shutting down and abandoning module UMG (64)
[2016.04.04-07.10.31:960][643]LogModuleManager: Shutting down and abandoning module Slate (63)
[2016.04.04-07.10.31:960][643]LogModuleManager: Shutting down and abandoning module EditorStyle (62)
[2016.04.04-07.10.31:974][643]LogModuleManager: Shutting down and abandoning module SessionServices (61)
[2016.04.04-07.10.31:974][643]LogModuleManager: Shutting down and abandoning module SourceCodeAccess (60)
[2016.04.04-07.10.31:974][643]LogModuleManager: Shutting down and abandoning module HeadMountedDisplay (59)
[2016.04.04-07.10.31:974][643]LogModuleManager: Shutting down and abandoning module XAudio2 (58)
[2016.04.04-07.10.31:974][643]LogModuleManager: Shutting down and abandoning module Networking (56)
[2016.04.04-07.10.31:974][643]LogModuleManager: Shutting down and abandoning module Core (55)
[2016.04.04-07.10.31:974][643]LogModuleManager: Shutting down and abandoning module KismetCompiler (54)
[2016.04.04-07.10.31:974][643]LogModuleManager: Shutting down and abandoning module PhysXFormats (53)
[2016.04.04-07.10.31:974][643]LogModuleManager: Shutting down and abandoning module MeshUtilities (52)
[2016.04.04-07.10.31:987][643]LogModuleManager: Shutting down and abandoning module DerivedDataCache (51)
[2016.04.04-07.10.32:050][643]LogDerivedDataCache: Shutdown
[2016.04.04-07.10.32:050][643]LogModuleManager: Shutting down and abandoning module ShaderFormatOpenGL (50)
[2016.04.04-07.10.32:063][643]LogModuleManager: Shutting down and abandoning module ShaderFormatD3D (49)
[2016.04.04-07.10.32:063][643]LogModuleManager: Shutting down and abandoning module MetalShaderFormat (48)
[2016.04.04-07.10.32:072][643]LogModuleManager: Shutting down and abandoning module TextureFormatUncompressed (47)
[2016.04.04-07.10.32:072][643]LogModuleManager: Shutting down and abandoning module TextureFormatPVR (46)
[2016.04.04-07.10.32:072][643]LogModuleManager: Shutting down and abandoning module TextureFormatIntelISPCTexComp (45)
[2016.04.04-07.10.32:072][643]LogModuleManager: Shutting down and abandoning module TextureFormatDXT (44)
[2016.04.04-07.10.32:072][643]LogModuleManager: Shutting down and abandoning module ImageWrapper (43)
[2016.04.04-07.10.32:072][643]LogModuleManager: Shutting down and abandoning module TextureFormatASTC (42)
[2016.04.04-07.10.32:072][643]LogModuleManager: Shutting down and abandoning module TextureFormatAndroid (41)
[2016.04.04-07.10.32:072][643]LogModuleManager: Shutting down and abandoning module AudioFormatOpus (40)
[2016.04.04-07.10.32:072][643]LogModuleManager: Shutting down and abandoning module AudioFormatOgg (39)
[2016.04.04-07.10.32:072][643]LogModuleManager: Shutting down and abandoning module AudioFormatADPCM (38)
[2016.04.04-07.10.32:072][643]LogModuleManager: Shutting down and abandoning module LinuxTargetPlatform (37)
[2016.04.04-07.10.32:072][643]LogModuleManager: Shutting down and abandoning module LinuxServerTargetPlatform (36)
[2016.04.04-07.10.32:072][643]LogModuleManager: Shutting down and abandoning module LinuxNoEditorTargetPlatform (35)
[2016.04.04-07.10.32:072][643]LogModuleManager: Shutting down and abandoning module Messaging (34)
[2016.04.04-07.10.32:073][643]LogModuleManager: Shutting down and abandoning module IOSTargetPlatform (33)
[2016.04.04-07.10.32:073][643]LogModuleManager: Shutting down and abandoning module HTML5TargetPlatform (32)
[2016.04.04-07.10.32:073][643]LogModuleManager: Shutting down and abandoning module Android_PVRTCTargetPlatform (31)
[2016.04.04-07.10.32:073][643]LogModuleManager: Shutting down and abandoning module Android_ETC2TargetPlatform (30)
[2016.04.04-07.10.32:073][643]LogModuleManager: Shutting down and abandoning module Android_ETC1TargetPlatform (29)
[2016.04.04-07.10.32:073][643]LogModuleManager: Shutting down and abandoning module Android_ES31TargetPlatform (28)
[2016.04.04-07.10.32:073][643]LogModuleManager: Shutting down and abandoning module Android_DXTTargetPlatform (27)
[2016.04.04-07.10.32:073][643]LogModuleManager: Shutting down and abandoning module Android_ATCTargetPlatform (26)
[2016.04.04-07.10.32:073][643]LogModuleManager: Shutting down and abandoning module AndroidTargetPlatform (25)
[2016.04.04-07.10.32:073][643]LogModuleManager: Shutting down and abandoning module WindowsTargetPlatform (24)
[2016.04.04-07.10.32:073][643]LogModuleManager: Shutting down and abandoning module WindowsServerTargetPlatform (23)
[2016.04.04-07.10.32:073][643]LogModuleManager: Shutting down and abandoning module WindowsNoEditorTargetPlatform (22)
[2016.04.04-07.10.32:073][643]LogModuleManager: Shutting down and abandoning module WindowsClientTargetPlatform (21)
[2016.04.04-07.10.32:073][643]LogModuleManager: Shutting down and abandoning module TargetPlatform (20)
[2016.04.04-07.10.32:073][643]LogModuleManager: Shutting down and abandoning module InputCore (19)
[2016.04.04-07.10.32:073][643]LogModuleManager: Shutting down and abandoning module Settings (18)
[2016.04.04-07.10.32:073][643]LogModuleManager: Shutting down and abandoning module OnlineSubsystem (16)
[2016.04.04-07.10.32:073][643]LogModuleManager: Shutting down and abandoning module OculusRift (15)
[2016.04.04-07.10.32:073][643]LogModuleManager: Shutting down and abandoning module ExampleDeviceProfileSelector (14)
[2016.04.04-07.10.32:073][643]LogModuleManager: Shutting down and abandoning module TextureCompressor (13)
[2016.04.04-07.10.32:073][643]LogModuleManager: Shutting down and abandoning module ShaderCore (12)
[2016.04.04-07.10.32:074][643]LogModuleManager: Shutting down and abandoning module Landscape (11)
[2016.04.04-07.10.32:074][643]LogModuleManager: Shutting down and abandoning module SlateRHIRenderer (10)
[2016.04.04-07.10.32:081][643]LogModuleManager: Shutting down and abandoning module OpenGLDrv (9)
[2016.04.04-07.10.32:081][643]LogModuleManager: Shutting down and abandoning module D3D11RHI (8)
[2016.04.04-07.10.32:081][643]LogModuleManager: Shutting down and abandoning module Renderer (7)
[2016.04.04-07.10.32:082][643]LogModuleManager: Shutting down and abandoning module Engine (6)
[2016.04.04-07.10.32:082][643]LogModuleManager: Shutting down and abandoning module CoreUObject (5)
[2016.04.04-07.10.32:082][643]LogModuleManager: Shutting down and abandoning module NetworkFile (4)
[2016.04.04-07.10.32:087][643]LogModuleManager: Shutting down and abandoning module StreamingFile (3)
[2016.04.04-07.10.32:087][643]LogModuleManager: Shutting down and abandoning module SandboxFile (2)
[2016.04.04-07.10.32:087][643]LogModuleManager: Shutting down and abandoning module PakFile (1)
[2016.04.04-07.10.32:167][643]LogExit: Exiting.
[2016.04.04-07.10.32:201][643]Log file closed, 04/04/16 02:10:32
