Log file open, 03/30/16 00:06:13
LogInit:Display: Running engine for game: ELECTRONICASSETS
LogInit: Version: 4.7.6-2513093+++depot+UE4-Releases+4.7
LogInit: API Version: 2455222
LogInit: Compiled (64-bit): Apr 15 2015 12:09:54
LogInit: Compiled with Visual C++: 18.00.21005.01
LogInit: Build Configuration: Development
LogInit: Branch Name: ++depot+UE4-Releases+4.7
LogInit: Command line:  
LogInit: Base directory: C:/Program Files/Epic Games/4.7/Engine/Binaries/Win64/
LogInit: Rocket: 1
[2016.03.30-06.06.13:937][  0]LogTaskGraph: Started task graph with 3 named threads and 4 total threads.
[2016.03.30-06.06.14:050][  0]LogOnline:Warning: No default platform service specified for OnlineSubsystem
[2016.03.30-06.06.14:108][  0]LogInit: Presizing for 0 objects not considered by GC, pre-allocating 0 bytes.
[2016.03.30-06.06.14:141][  0]LogInit: Object subsystem initialized
[2016.03.30-06.06.14:148][  0]LogConsoleResponse:Warning: Skipping Unknown console variable: 'TranslucentSortAxis = (X=0.000000,Y=-1.000000,Z=0.000000)'
[2016.03.30-06.06.14:148][  0]LogConsoleResponse:Warning:   Found in ini file 'C:/Users/3c0z/Documents/Assets/ELECTRONICASSETS/Saved/Config/Windows/Engine.ini', in section '[/Script/Engine.RendererSettings]'
[2016.03.30-06.06.14:148][  0]LogConsoleResponse:Warning: Skipping Unknown console variable: 'UIScaleRule = ShortestSide'
[2016.03.30-06.06.14:148][  0]LogConsoleResponse:Warning:   Found in ini file 'C:/Users/3c0z/Documents/Assets/ELECTRONICASSETS/Saved/Config/Windows/Engine.ini', in section '[/Script/Engine.RendererSettings]'
[2016.03.30-06.06.14:148][  0]LogConsoleResponse:Warning: Skipping Unknown console variable: 'UIScaleCurve = (EditorCurveData=(Keys=),ExternalCurve=None)'
[2016.03.30-06.06.14:148][  0]LogConsoleResponse:Warning:   Found in ini file 'C:/Users/3c0z/Documents/Assets/ELECTRONICASSETS/Saved/Config/Windows/Engine.ini', in section '[/Script/Engine.RendererSettings]'
[2016.03.30-06.06.14:150][  0]LogInit: Selected Device Profile: [Windows]
[2016.03.30-06.06.14:150][  0]LogInit: Applying CVar settings loaded from the selected device profile: [Windows]
[2016.03.30-06.06.14:191][  0]LogInit: Computer: ISOQA
[2016.03.30-06.06.14:191][  0]LogInit: User: 3c0z
[2016.03.30-06.06.14:191][  0]LogInit: CPU Page size=4096, Cores=2
[2016.03.30-06.06.14:191][  0]LogInit: High frequency timer resolution =2.539082 MHz
[2016.03.30-06.06.14:192][  0]LogMemory: Memory total: Physical=4.0GB (4GB approx) Virtual=8192.0GB
[2016.03.30-06.06.14:192][  0]LogMemory: Platform Memory Stats for Windows
[2016.03.30-06.06.14:192][  0]LogMemory: Process Physical Memory: 46.90 MB used, 46.90 MB peak
[2016.03.30-06.06.14:192][  0]LogMemory: Process Virtual Memory: 26.99 MB used, 26.99 MB peak
[2016.03.30-06.06.14:192][  0]LogMemory: Physical Memory: 1726.49 MB used, 4094.49 MB total
[2016.03.30-06.06.14:192][  0]LogMemory: Virtual Memory: 280.26 MB used, 8388608.00 MB total
[2016.03.30-06.06.14:357][  0]LogD3D11RHI: Found D3D11 adapter 0: NVIDIA GeForce GTX 750 Ti (Feature Level 11_0)
[2016.03.30-06.06.14:357][  0]LogD3D11RHI: Adapter has 1993MB of dedicated video memory, 0MB of dedicated system memory, and 1791MB of shared system memory, 1 output[s]
[2016.03.30-06.06.14:358][  0]LogD3D11RHI: Chosen D3D11 Adapter Id = 0
[2016.03.30-06.06.14:372][  0]LogRHI: Texture pool is 1361 MB (70% of 1945 MB)
[2016.03.30-06.06.14:398][  0]LogD3D11RHI: Async texture creation enabled
[2016.03.30-06.06.14:581][  0]LogTextLocalizationManager: The requested culture ('en_US') has no localization data; parent culture's ('es') localization data will be used.
[2016.03.30-06.06.14:891][  0]LogTextLocalizationManager:Warning: Loading localization resources contain conflicting entries for (Namespace:UICommands, Key:Save_ToolTip):
Resource: (C:/Program Files/Epic Games/4.7/Engine/Content/Localization/Editor/en/Editor.locres) Hash: (-29098895) String: (Saves the current level to disk)
Resource: (C:/Program Files/Epic Games/4.7/Engine/Content/Localization/Engine/en/Engine.locres) Hash: (-1280300587) String: (Save selected data to vlog file)
[2016.03.30-06.06.14:891][  0]LogTextLocalizationManager:Warning: Loading localization resources contain conflicting entries for (Namespace:ContentBrowser, Key:ImportAssetToolTip):
Resource: (C:/Program Files/Epic Games/4.7/Engine/Content/Localization/Editor/en/Editor.locres) Hash: (-630476809) String: (Import to {0}...)
Resource: (C:/Program Files/Epic Games/4.7/Engine/Content/Localization/Editor/en/Editor.locres) Hash: (1271782899) String: (Imports an asset from file to this folder.)
[2016.03.30-06.06.15:157][  0]LogContentStreaming: Texture pool size is 0.000000MB
[2016.03.30-06.06.24:564][  0]LogTargetPlatformManager:Display: Building Assets For Windows
[2016.03.30-06.06.26:666][  0]LogTargetPlatformManager:Display: Building Assets For Windows
[2016.03.30-06.06.26:871][  0]LogDerivedDataCache:Display: Max Cache Size: 512 MB
[2016.03.30-06.06.27:529][  0]LogDerivedDataCache: Loaded boot cache 0.63s 39MB C:/Users/3c0z/AppData/Local/UnrealEngine/4.7/DerivedDataCache/Boot.ddc.
[2016.03.30-06.06.27:529][  0]LogDerivedDataCache:Display: Loaded Boot cache: C:/Users/3c0z/AppData/Local/UnrealEngine/4.7/DerivedDataCache/Boot.ddc
[2016.03.30-06.06.27:529][  0]LogDerivedDataCache: FDerivedDataBackendGraph:  Pak pak cache file ../../../../../../Users/3c0z/Documents/Assets/ELECTRONICASSETS/DerivedDataCache/DDC.ddp not found, will not use a pak cache.
[2016.03.30-06.06.27:529][  0]LogDerivedDataCache: Unable to find inner node Pak for hierarchical cache Hierarchy.
[2016.03.30-06.06.27:899][  0]LogDerivedDataCache:Display: Pak cache opened for reading ../../../Engine/DerivedDataCache/Compressed.ddp.
[2016.03.30-06.06.27:913][  0]LogDerivedDataCache: Using Local data cache path C:/Users/3c0z/AppData/Local/UnrealEngine/Common/DerivedDataCache: Writable
[2016.03.30-06.06.31:266][  0]LogMeshUtilities: No automatic mesh reduction module available
[2016.03.30-06.06.31:266][  0]LogMeshUtilities: No automatic mesh merging module available
[2016.03.30-06.06.32:464][  0]LogInit: WinSock: version 1.1 (2.2), MaxSocks=32767, MaxUdp=65467
[2016.03.30-06.06.32:852][  0]LogSlate:Warning: Failed to load font data from '../../../Engine/Content/Slate/Fonts/Roboto-Italic.ttf'
[2016.03.30-06.06.52:023][  0]UdpMessaging: Initializing bridge on interface 0.0.0.0:0 to multicast group 230.0.0.1:6666.
[2016.03.30-06.06.52:691][  0]SourceControl: Info Source control is disabled
[2016.03.30-06.06.52:691][  0]SourceControl: Info Source control is disabled
[2016.03.30-06.06.52:691][  0]SourceControl: Info Source control is disabled
[2016.03.30-06.06.52:691][  0]LogSourceControl: RunCommandInternalRaw: 'git version'
[2016.03.30-06.06.52:692][  0]LogSourceControl: RunCommandInternalRaw: ExecProcess ReturnCode=2 OutResults=''
[2016.03.30-06.06.52:715][  0]SourceControl: Info Source control is disabled
[2016.03.30-06.06.53:650][  0]LogObj: 24232 objects as part of root set at end of initial load.
[2016.03.30-06.06.53:650][  0]LogUObjectAllocator: 5137176 out of 0 bytes used by permanent object pool.
[2016.03.30-06.06.53:879][  0]LogEngine: Initializing Engine...
[2016.03.30-06.06.56:345][  0]LogInit: XAudio2 using 'Speakers (Realtek High Definition Audio)' : 2 channels at 48 kHz using 32 bits per sample (channel mask 0x3)
[2016.03.30-06.06.56:369][  0]LogInit: FAudioDevice initialized.
[2016.03.30-06.06.56:499][  0]LogAIModule: Creating AISystem for world NewWorld
[2016.03.30-06.06.56:614][  0]LogDerivedDataCache: Saved boot cache 0.11s 39MB C:/Users/3c0z/AppData/Local/UnrealEngine/4.7/DerivedDataCache/Boot.ddc.
[2016.03.30-06.06.56:643][  0]LogInit: Texture streaming: Enabled
[2016.03.30-06.06.57:018][  0]LogAnalytics: Creating configured Analytics provider AnalyticsET
[2016.03.30-06.06.57:018][  0]LogAnalytics: ET APIKey = Rocket.Release. APIServer = http://et2.epicgames.com/ET2/. AppVersion = 4.7.6-2513093+++depot+UE4-Releases+4.7
[2016.03.30-06.06.57:018][  0]LogAnalytics: ET APIKey = Rocket.Release. DataRouterUploadURL = https://datarouter-public-service-gamedev.ol.epicgames.net/datarouter/api/v1/public/data. AppVersion = 4.7.6-2513093+++depot+UE4-Releases+4.7
[2016.03.30-06.06.57:019][  0]LogAnalytics: SetUserId f8d463004448e9bf9238c395a56aa488|6b2d3cb90e4040169396666e7dda91ad|be6a12fa-584f-40e9-9224-deb3c37dd44e
[2016.03.30-06.06.57:043][  0]LogAnalytics: AnalyticsET::StartSession [Rocket.Release]
[2016.03.30-06.06.57:177][  0]LogInit: Transaction tracking system initialized
[2016.03.30-06.06.58:731][  0]BlueprintLog: New page: Editor Load
[2016.03.30-06.06.59:010][  0]LogAssetRegistry: FAssetRegistry took 0.0097 seconds to start up
[2016.03.30-06.06.59:011][  0]LogDirectoryWatcher:Warning: Failed to begin reading directory changes for ../../../Engine/Plugins/Experimental/CharacterAI/Content/. Error: 0
[2016.03.30-06.07.02:136][  0]LogTargetPlatformManager:Display: Building Assets For Windows
[2016.03.30-06.07.04:841][  0]LogTargetPlatformManager:Display: Building Assets For Windows
[2016.03.30-06.07.06:745][  0]LogLinker:Warning: Asset '../../../Engine/Content/Tutorial/Mobile/SettingUpAndroidTutorial.uasset' has been saved with empty engine version. The asset will be loaded but may be incompatible.
[2016.03.30-06.07.07:310][  0]LogSlate:Warning: Failed to load font data from '../../../Engine/Content/Editor/Slate/Fonts/Roboto-Regular.ttf'
[2016.03.30-06.07.07:312][  0]LogSlate:Warning: Failed to load font data from '../../../Engine/Content/Editor/Slate/Fonts/Roboto-Bold.ttf'
[2016.03.30-06.07.07:777][  0]LogConsoleResponse:Display: 
[2016.03.30-06.07.09:205][  0]LogCook:Display: Done creating registry. It took  0.00s.
[2016.03.30-06.07.11:387][  0]SourceControl: Info Source control is disabled
[2016.03.30-06.07.58:993][  0]Cmd: MAP LOAD FILE="../../../Engine/Content/Maps/Templates/Template_Default.umap" TEMPLATE=1 SHOWPROGRESS=1 FEATURELEVEL=3
[2016.03.30-06.07.59:023][  0]LightingResults: New page: Lighting Build
[2016.03.30-06.07.59:101][  0]MapCheck: New page: Map Check
[2016.03.30-06.07.59:101][  0]LightingResults: New page: Lighting Build
[2016.03.30-06.07.59:173][  0]LogParticles: Destroying 0 GPU particle simulations for FXSystem 0x000000001A724D60
[2016.03.30-06.08.01:772][  0]LogEditorServer: Finished looking for orphan Actors (0.000 secs)
[2016.03.30-06.08.01:808][  0]LogAIModule: Creating AISystem for world Untitled_1
[2016.03.30-06.08.01:810][  0]Cmd: MAP CHECKDEP
[2016.03.30-06.08.01:811][  0]MapCheck: New page: Untitled_1 - Mar 29, 2016, 6:08:01 PM
[2016.03.30-06.08.02:280][  0]MapCheck: Info Map check complete: 0 Error(s), 0 Warning(s), took 469.343ms to complete.
[2016.03.30-06.08.02:281][  0]LogFileHelpers: Loading map 'Template_Default' took 3.289
[2016.03.30-06.08.02:641][  0]LogStats:Warning: MetaData mismatch. Did you assign a stat to two groups? New //STATGROUP_Threads//SplashScreenThread///Thread_2e8_0///////STATCAT_Advanced//// old //STATGROUP_Threads//SplashScreenThread///Thread_1610_0///////STATCAT_Advanced////
[2016.03.30-06.08.02:641][  0]LogCollectionManager: Loaded 0 collections in 0.006157 seconds
[2016.03.30-06.08.02:685][  0]LogContentBrowser: Native class hierarchy populated in 0.0435 seconds. Added 1696 classes and 261 folders.
[2016.03.30-06.08.02:796][  0]LogContentBrowser: Native class hierarchy updated for 'SceneOutliner' in 0.0101 seconds. Added 1 classes and 2 folders.
[2016.03.30-06.08.02:984][  0]LogCrashTracker: Crashtracker disabled due to settings.
[2016.03.30-06.08.02:987][  0]LogSlate:Warning: Failed to load font data from 'Veranda'
[2016.03.30-06.08.03:007][  0]LogUObjectGlobals:Warning: Failed to find object 'Class None.'
[2016.03.30-06.08.03:086][  0]LogLoad: Full Startup: 113.62 seconds (BP compile: 0.33 seconds)
[2016.03.30-06.08.03:123][  0]LogContentBrowser:Verbose: The content browser source was changed by the sources view to '/Game/SmartTVCurved/Texture'
[2016.03.30-06.08.03:650][  0]LogRenderer:Warning: Reallocating scene render targets to support 32x32 (Frame:2).
[2016.03.30-06.08.03:927][  0]LogRenderer:Warning: Reallocating scene render targets to support 1208x560 (Frame:3).
[2016.03.30-06.08.05:087][ 14]LogAssetRegistry: Asset discovery search completed in 66.0852 seconds
[2016.03.30-06.08.49:456][549]LogContentBrowser:Verbose: The content browser source was changed by the sources view to '/Game/SmartTVCurved/Blueprint'
[2016.03.30-06.08.50:162][570]LogContentBrowser:Verbose: The content browser source was changed by the sources view to '/Game/SmartTVCurved/Materials'
[2016.03.30-06.08.50:752][586]LogContentBrowser:Verbose: The content browser source was changed by the sources view to '/Game/SmartTVCurved/Mesh'
[2016.03.30-06.08.54:103][678]LogContentBrowser:Verbose: The content browser source was changed by the sources view to '/Game/SmartTVCurved/Texture'
[2016.03.30-06.08.58:825][863]LogContentBrowser:Verbose: The content browser source was changed by the sources view to '/Game/SmartTVCurved'
[2016.03.30-06.09.00:689][943]LogContentBrowser:Verbose: The content browser source was changed by the sources view to '/Game/SmartTVCurved/Texture'
[2016.03.30-06.09.08:792][136]Cmd: MAP LOAD FILE="../../../../../../Users/3c0z/Documents/Assets/ELECTRONICASSETS/Content/tv-prueba.umap" TEMPLATE=0 SHOWPROGRESS=1 FEATURELEVEL=3
[2016.03.30-06.09.08:860][136]LightingResults: New page: Lighting Build
[2016.03.30-06.09.09:018][136]LoadErrors: New page: Loading map: tv-prueba.umap
[2016.03.30-06.09.09:019][136]MapCheck: New page: Map Check
[2016.03.30-06.09.09:019][136]LightingResults: New page: Lighting Build
[2016.03.30-06.09.09:139][136]LogParticles: Destroying 0 GPU particle simulations for FXSystem 0x000000000F192980
[2016.03.30-06.09.09:630][136]LogEditorServer: Finished looking for orphan Actors (0.000 secs)
[2016.03.30-06.09.09:658][136]LogAIModule: Creating AISystem for world tv-prueba
[2016.03.30-06.09.09:765][136]Cmd: MAP CHECKDEP
[2016.03.30-06.09.09:765][136]MapCheck: New page: tv-prueba - Mar 29, 2016, 6:09:09 PM
[2016.03.30-06.09.10:124][136]MapCheck: Info Map check complete: 0 Error(s), 0 Warning(s), took 358.189ms to complete.
[2016.03.30-06.09.10:124][136]LogFileHelpers: Loading map 'tv-prueba' took 1.338
[2016.03.30-06.09.13:870][253]LogContentBrowser:Verbose: The content browser source was changed by the sources view to '/Game/SmartTVCurved/Mesh'
[2016.03.30-06.09.14:703][272]LogContentBrowser:Verbose: The content browser source was changed by the sources view to '/Game/SmartTVCurved/Materials'
[2016.03.30-06.09.15:827][305]LogContentBrowser:Verbose: The content browser source was changed by the sources view to '/Game/SmartTVCurved'
[2016.03.30-06.09.19:117][431]LogContentBrowser:Verbose: The content browser source was changed by the sources view to '/Game/SmartTVCurved/Texture'
[2016.03.30-06.10.10:957][ 73]LogContentBrowser:Verbose: The content browser source was changed by the sources view to '/Game/SmartTVCurved'
[2016.03.30-06.10.14:644][ 99]LogContentBrowser:Verbose: The content browser source was changed by the sources view to '/Game/SmartTVCurved/NewFolder'
[2016.03.30-06.10.17:726][114]LogContentBrowser:Verbose: The content browser source was changed by the sources view to '/Game/SmartTVCurved/Movies'
[2016.03.30-06.10.27:414][163]LogFactory: FactoryCreateBinary: MediaPlayer with MediaPlayerFactory (0 0 C:\Users\3c0z\Desktop\Despicable Me- Banana Song (50 sec).avi)
[2016.03.30-06.10.29:006][163]LogContentBrowser:Verbose: The content browser source was changed by the sources view to 'None'
[2016.03.30-06.10.29:007][163]LogContentBrowser:Verbose: The content browser source was changed by the sources view to '/Game/SmartTVCurved/Movies'
[2016.03.30-06.11.42:232][853]LogContentBrowser:Verbose: The content browser source was changed by the sources view to '/Game/SmartTVCurved/Movies'
[2016.03.30-06.12.08:441][ 90]LogContentBrowser:Verbose: The content browser source was changed by the sources view to '/Game/SmartTVCurved/Blueprint'
[2016.03.30-06.12.37:200][360]LogEditorViewport: Clicking on Actor (LMB): Pantalla-Curva-A4A_C (Pantalla-Curva-A4A2)
[2016.03.30-06.12.41:941][408]LogEditorViewport: Clicking on Actor (LMB): Pantalla-Curva-A4A_C (Pantalla-Curva-A4A2)
[2016.03.30-06.12.47:269][458]LogRenderer:Warning: Reallocating scene render targets to support 1208x904 (Frame:2694).
[2016.03.30-06.12.51:369][501]BlueprintLog: New page: Pre-PIE auto-recompile
[2016.03.30-06.12.51:426][501]LogPlayLevel: [PIE] Compiling Pantalla-Curva-A4A before PIE...
[2016.03.30-06.12.52:800][501]LogPlayLevel: PIE:  Blueprint regeneration took 1431 ms (1 blueprints)
[2016.03.30-06.12.52:801][501]PIE: New page: PIE session: tv-prueba (Mar 29, 2016, 6:12:52 PM)
[2016.03.30-06.12.52:816][501]LogPlayLevel: PIE: StaticDuplicateObject took: (0.014041s)
[2016.03.30-06.12.52:820][501]LogPlayLevel: PIE: World Init took: (0.003152s)
[2016.03.30-06.12.52:820][501]LogPlayLevel: PIE: Created PIE world by copying editor world from /Game/tv-prueba.tv-prueba to /Game/UEDPIE_0_tv-prueba.tv-prueba (0.017737s)
[2016.03.30-06.12.53:061][501]LogWorld: Game class is 'GameMode'
[2016.03.30-06.12.53:071][501]LogAIModule: Creating AISystem for world tv-prueba
[2016.03.30-06.12.53:099][501]LogWorld: Bringing World /Game/UEDPIE_0_tv-prueba.tv-prueba up for play (max tick rate 0) at 2016.03.30-00.12.53
[2016.03.30-06.12.53:102][501]LogWorld: Bringing up level for play took: 0.027046
[2016.03.30-06.12.53:276][501]PIE: Info Play in editor start time for /Game/UEDPIE_0_tv-prueba 2.045
[2016.03.30-06.13.21:141][765]LogParticles: Destroying 0 GPU particle simulations for FXSystem 0x0000000013212160
[2016.03.30-06.13.39:541][980]LogEditorViewport: Clicking on Actor (LMB): Pantalla-Curva-A4A_C (Pantalla-Curva-A4A2)
[2016.03.30-06.13.41:261][984]LogEditorViewport: Clicking on Actor (LMB): Pantalla-Curva-A4A_C (Pantalla-Curva-A4A2)
[2016.03.30-06.14.06:445][235]LogContentBrowser:Verbose: The content browser source was changed by the sources view to '/Game/SmartTVCurved/Mesh'
[2016.03.30-06.14.07:536][243]LogContentBrowser:Verbose: The content browser source was changed by the sources view to '/Game/SmartTVCurved/Movies'
[2016.03.30-06.15.17:156][ 22]LogEditorViewport: Clicking on Actor (context menu): StaticMeshActor (Floor)
[2016.03.30-06.15.19:954][ 46]LogEditorViewport: Clicking on Actor (LMB): StaticMeshActor (Floor)
[2016.03.30-06.15.57:756][461]LogEditorViewport: Clicking on Actor (LMB): AmbientSound (AmbientSound1)
[2016.03.30-06.15.58:487][468]LogEditorViewport: Clicking on Actor (LMB): AmbientSound (AmbientSound1)
[2016.03.30-06.16.10:311][614]LogContentBrowser:Verbose: The content browser source was changed by the sources view to '/Game/SmartTVCurved/Mesh'
[2016.03.30-06.16.11:815][627]LogContentBrowser:Verbose: The content browser source was changed by the sources view to '/Game/SmartTVCurved/Texture'
[2016.03.30-06.16.13:720][644]LogContentBrowser:Verbose: The content browser source was changed by the sources view to '/Game/SmartTVCurved/Movies'
[2016.03.30-06.16.15:120][661]LogContentBrowser:Verbose: The content browser source was changed by the sources view to '/Game/SmartTVCurved/Mesh'
[2016.03.30-06.16.16:263][671]LogContentBrowser:Verbose: The content browser source was changed by the sources view to '/Game/SmartTVCurved/Materials'
[2016.03.30-06.16.17:201][680]LogContentBrowser:Verbose: The content browser source was changed by the sources view to '/Game/SmartTVCurved/Blueprint'
[2016.03.30-06.16.18:177][694]LogContentBrowser:Verbose: The content browser source was changed by the sources view to '/Game/SmartTVCurved'
[2016.03.30-06.16.20:190][719]LogContentBrowser:Verbose: The content browser source was changed by the sources view to '/Game/SmartTVCurved/Texture'
[2016.03.30-06.16.53:037][213]LogContentBrowser:Verbose: The content browser source was changed by the sources view to '/Game/SmartTVCurved/Movies'
[2016.03.30-06.16.58:178][282]LogContentBrowser:Verbose: The content browser source was changed by the sources view to '/Game/SmartTVCurved/Movies'
[2016.03.30-06.17.04:341][352]LogContentBrowser: Native class hierarchy updated for 'TextureEditor' in 0.0421 seconds. Added 1 classes and 2 folders.
[2016.03.30-06.17.54:953][276]BlueprintLog: New page: Pre-PIE auto-recompile
[2016.03.30-06.17.55:019][276]LogPlayLevel: [PIE] Compiling Pantalla-Curva-A4A before PIE...
[2016.03.30-06.17.55:591][276]LogPlayLevel: PIE:  Blueprint regeneration took 638 ms (1 blueprints)
[2016.03.30-06.17.55:592][276]PIE: New page: PIE session: tv-prueba (Mar 29, 2016, 6:17:55 PM)
[2016.03.30-06.17.55:611][276]LogPlayLevel: PIE: StaticDuplicateObject took: (0.017810s)
[2016.03.30-06.17.55:614][276]LogPlayLevel: PIE: World Init took: (0.002960s)
[2016.03.30-06.17.55:614][276]LogPlayLevel: PIE: Created PIE world by copying editor world from /Game/tv-prueba.tv-prueba to /Game/UEDPIE_0_tv-prueba.tv-prueba (0.021192s)
[2016.03.30-06.17.55:754][276]LogWorld: Game class is 'GameMode'
[2016.03.30-06.17.55:759][276]LogAIModule: Creating AISystem for world tv-prueba
[2016.03.30-06.17.55:788][276]LogWorld: Bringing World /Game/UEDPIE_0_tv-prueba.tv-prueba up for play (max tick rate 0) at 2016.03.30-00.17.55
[2016.03.30-06.17.55:791][276]LogWorld: Bringing up level for play took: 0.029903
[2016.03.30-06.17.55:911][276]PIE: Info Play in editor start time for /Game/UEDPIE_0_tv-prueba 0.673
[2016.03.30-06.18.50:701][329]LogParticles: Destroying 0 GPU particle simulations for FXSystem 0x000000000EC9D620
[2016.03.30-06.18.53:721][380]LogEditorViewport: Clicking on Actor (LMB): AmbientSound (AmbientSound1)
[2016.03.30-06.19.29:986][ 22]LogObjectTools:Warning: ForceReplaceReferences replaced references for a transient object 'Default__REINST_Pantalla-Curva-A4A_C_44' or package '/Engine/Transient'.
[2016.03.30-06.19.29:996][ 22]LogObjectTools:Warning: ForceReplaceReferences replaced references for a transient object 'Pantalla-Curva-A4A_C_0' or package '/Engine/Transient'.
[2016.03.30-06.19.30:022][ 22]LogObjectTools:Warning: ForceReplaceReferences replaced references for a transient object 'Audio' or package '/Engine/Transient'.
[2016.03.30-06.19.30:022][ 22]LogActorComponent: RegisterComponentWithWorld: (/Engine/Transient.World_2:PersistentLevel.Pantalla-Curva-A4A_C_16.StaticMesh) Trying to register component with IsPendingKill() == true. Aborting.
[2016.03.30-06.19.30:022][ 22]LogObjectTools:Warning: ForceReplaceReferences replaced references for a transient object 'Pantalla-Curva-A4A_C_16' or package '/Engine/Transient'.
[2016.03.30-06.19.30:665][ 22]LogParticles: Destroying 0 GPU particle simulations for FXSystem 0x00000000236F20C0
[2016.03.30-06.19.33:639][ 68]LogContentBrowser:Verbose: The content browser source was changed by the sources view to '/Game/SmartTVCurved/Movies'
[2016.03.30-06.20.33:084][256]Cmd: OBJ SAVEPACKAGE PACKAGE="/Game/tv-prueba" FILE="../../../../../../Users/3c0z/Documents/Assets/ELECTRONICASSETS/Saved/Autosaves/Game/tv-prueba_Auto1.umap" SILENT=true AUTOSAVING=true KEEPDIRTY=false
[2016.03.30-06.20.33:972][256]LogSavePackage: Save=593.178955ms
[2016.03.30-06.20.33:972][256]LogSavePackage: Moving '../../../../../../Users/3c0z/Documents/Assets/ELECTRONICASSETS/Saved/tv-prueba_Auto16042B2F0408C8B3472BE6ABE36810D2B.tmp' to '../../../../../../Users/3c0z/Documents/Assets/ELECTRONICASSETS/Saved/Autosaves/Game/tv-prueba_Auto1.umap'
[2016.03.30-06.20.34:020][256]LogFileHelpers: Editor autosave (incl. sublevels) for '/Game/tv-prueba' took 1.290
[2016.03.30-06.20.34:020][256]LogFileHelpers: Editor autosave (incl. sublevels) for all levels took 1.290
[2016.03.30-06.20.34:146][256]OBJ SavePackage: Generating thumbnails for [1] asset(s) in package [/Game/SmartTVCurved/Blueprint/Pantalla-Curva-A4A] ([1] browsable assets)...
[2016.03.30-06.20.34:260][256]OBJ SavePackage:     Rendered thumbnail for [Blueprint /Game/SmartTVCurved/Blueprint/Pantalla-Curva-A4A.Pantalla-Curva-A4A]
[2016.03.30-06.20.34:260][256]OBJ SavePackage: Finished generating thumbnails for package [/Game/SmartTVCurved/Blueprint/Pantalla-Curva-A4A]
[2016.03.30-06.20.36:252][256]LogSavePackage: Save=1840.751953ms
[2016.03.30-06.20.36:254][256]LogSavePackage: Moving '../../../../../../Users/3c0z/Documents/Assets/ELECTRONICASSETS/Saved/Pantalla-Curva-A4A_Auto1F32DDE1C4E5836AC87A01294BED294AA.tmp' to '../../../../../../Users/3c0z/Documents/Assets/ELECTRONICASSETS/Saved/Autosaves/Game/SmartTVCurved/Blueprint/Pantalla-Curva-A4A_Auto1.uasset'
[2016.03.30-06.20.36:433][256]OBJ SavePackage: Generating thumbnails for [0] asset(s) in package [/Game/SmartTVCurved/Movies/Despicable_Me-_Banana_Song__50_sec_] ([1] browsable assets)...
[2016.03.30-06.20.36:433][256]OBJ SavePackage: Finished generating thumbnails for package [/Game/SmartTVCurved/Movies/Despicable_Me-_Banana_Song__50_sec_]
[2016.03.30-06.20.36:728][256]LogSavePackage: Save=259.302368ms
[2016.03.30-06.20.36:731][256]LogSavePackage: Moving '../../../../../../Users/3c0z/Documents/Assets/ELECTRONICASSETS/Saved/Despicable_Me-_Banana_Song__50_sec__Auto10B044B3E48BD0F6E4AF2A19CFFC7683C.tmp' to '../../../../../../Users/3c0z/Documents/Assets/ELECTRONICASSETS/Saved/Autosaves/Game/SmartTVCurved/Movies/Despicable_Me-_Banana_Song__50_sec__Auto1.uasset'
[2016.03.30-06.20.36:856][256]OBJ SavePackage: Generating thumbnails for [1] asset(s) in package [/Game/SmartTVCurved/Movies/Despicable_Me-_Banana_Song__50_sec__Wav] ([1] browsable assets)...
[2016.03.30-06.20.36:926][256]OBJ SavePackage:     Rendered thumbnail for [MediaSoundWave /Game/SmartTVCurved/Movies/Despicable_Me-_Banana_Song__50_sec__Wav.Despicable_Me-_Banana_Song__50_sec__Wav]
[2016.03.30-06.20.36:926][256]OBJ SavePackage: Finished generating thumbnails for package [/Game/SmartTVCurved/Movies/Despicable_Me-_Banana_Song__50_sec__Wav]
[2016.03.30-06.20.37:235][256]LogSavePackage: Save=291.364746ms
[2016.03.30-06.20.37:238][256]LogSavePackage: Moving '../../../../../../Users/3c0z/Documents/Assets/ELECTRONICASSETS/Saved/Despicable_Me-_Banana_Song__50_sec__Wav_Auto18B6998F842791779C87055ADAE60B8A5.tmp' to '../../../../../../Users/3c0z/Documents/Assets/ELECTRONICASSETS/Saved/Autosaves/Game/SmartTVCurved/Movies/Despicable_Me-_Banana_Song__50_sec__Wav_Auto1.uasset'
[2016.03.30-06.20.37:350][256]OBJ SavePackage: Generating thumbnails for [1] asset(s) in package [/Game/SmartTVCurved/Movies/Despicable_Me-_Banana_Song__50_sec__Tex] ([1] browsable assets)...
[2016.03.30-06.20.37:386][256]OBJ SavePackage:     Rendered thumbnail for [MediaTexture /Game/SmartTVCurved/Movies/Despicable_Me-_Banana_Song__50_sec__Tex.Despicable_Me-_Banana_Song__50_sec__Tex]
[2016.03.30-06.20.37:386][256]OBJ SavePackage: Finished generating thumbnails for package [/Game/SmartTVCurved/Movies/Despicable_Me-_Banana_Song__50_sec__Tex]
[2016.03.30-06.20.37:839][256]LogSavePackage: Save=438.381287ms
[2016.03.30-06.20.37:841][256]LogSavePackage: Moving '../../../../../../Users/3c0z/Documents/Assets/ELECTRONICASSETS/Saved/Despicable_Me-_Banana_Song__50_sec__Tex_Auto132DFDF0F427AF40F538A79BA2FB2B1CE.tmp' to '../../../../../../Users/3c0z/Documents/Assets/ELECTRONICASSETS/Saved/Autosaves/Game/SmartTVCurved/Movies/Despicable_Me-_Banana_Song__50_sec__Tex_Auto1.uasset'
[2016.03.30-06.20.37:866][256]LogFileHelpers: Auto-saving content packages took 3.846
[2016.03.30-06.21.01:793][ 91]LogContentBrowser:Verbose: The content browser source was changed by the sources view to '/Game/SmartTVCurved/Texture'
[2016.03.30-06.21.02:467][ 99]LogContentBrowser:Verbose: The content browser source was changed by the sources view to '/Game/SmartTVCurved/Mesh'
[2016.03.30-06.21.03:273][107]LogContentBrowser:Verbose: The content browser source was changed by the sources view to '/Game/SmartTVCurved/Texture'
[2016.03.30-06.21.13:499][261]LogMaterial: Missing cached shader map for material tv-screen_Mat, compiling. 
[2016.03.30-06.21.13:920][261]LogActorComponent: UnregisterComponent: (/Engine/Transient.SkeletalMeshComponent_0) Not registered. Aborting.
[2016.03.30-06.21.14:301][261]LogActorComponent: UnregisterComponent: (/Engine/Transient.SkeletalMeshComponent_0) Not registered. Aborting.
[2016.03.30-06.21.14:301][261]LogActorComponent: RegisterComponentWithWorld: (/Engine/Transient.MaterialEditorMeshComponent_0) Already registered. Aborting.
[2016.03.30-06.21.14:302][261]LogActorComponent: UnregisterComponent: (/Engine/Transient.SkeletalMeshComponent_0) Not registered. Aborting.
[2016.03.30-06.21.14:302][261]LogActorComponent: RegisterComponentWithWorld: (/Engine/Transient.MaterialEditorMeshComponent_0) Already registered. Aborting.
[2016.03.30-06.21.14:375][261]LogMaterial: Missing cached shader map for material tv-screen_Mat, compiling. 
[2016.03.30-06.21.14:412][261]LogMaterial: 0.000453 seconds spent updating 1 materials, 1 interfaces, 0 instances, 0 with static permutations.
[2016.03.30-06.21.14:642][261]LogMaterial: Missing cached shader map for material FMatExpressionPreview MaterialExpressionTextureSample_1, compiling. 
[2016.03.30-06.21.45:512][842]Cmd: OBJ SAVEPACKAGE PACKAGE="/Game/SmartTVCurved/Texture/NIN_Tex" FILE="../../../../../../Users/3c0z/Documents/Assets/ELECTRONICASSETS/Content/SmartTVCurved/Texture/NIN_Tex.uasset" SILENT=true
[2016.03.30-06.21.45:841][842]LogSavePackage: Save=16.562679ms
[2016.03.30-06.21.45:841][842]LogSavePackage: Moving '../../../../../../Users/3c0z/Documents/Assets/ELECTRONICASSETS/Saved/NIN_TexBC1660674B7C140E8ADC83B32867A914.tmp' to '../../../../../../Users/3c0z/Documents/Assets/ELECTRONICASSETS/Content/SmartTVCurved/Texture/NIN_Tex.uasset'
[2016.03.30-06.23.11:114][952]Cmd: OBJ SAVEPACKAGE PACKAGE="/Game/SmartTVCurved/Texture/NIN_Tex" FILE="../../../../../../Users/3c0z/Documents/Assets/ELECTRONICASSETS/Content/SmartTVCurved/Texture/NIN_Tex.uasset" SILENT=true
[2016.03.30-06.23.11:239][952]LogSavePackage: Save=15.532385ms
[2016.03.30-06.23.11:239][952]LogSavePackage: Moving '../../../../../../Users/3c0z/Documents/Assets/ELECTRONICASSETS/Saved/NIN_TexE7346472456E281BDCDEE68A0EEAF575.tmp' to '../../../../../../Users/3c0z/Documents/Assets/ELECTRONICASSETS/Content/SmartTVCurved/Texture/NIN_Tex.uasset'
[2016.03.30-06.24.55:578][424]LogContentBrowser:Verbose: The content browser source was changed by the sources view to '/Game/SmartTVCurved/Movies'
[2016.03.30-06.25.42:452][320]LogPlayLevel: PIE:  No blueprints needed recompiling
[2016.03.30-06.25.42:460][320]PIE: New page: PIE session: tv-prueba (Mar 29, 2016, 6:25:42 PM)
[2016.03.30-06.25.42:480][320]LogPlayLevel: PIE: StaticDuplicateObject took: (0.018545s)
[2016.03.30-06.25.42:492][320]LogPlayLevel: PIE: World Init took: (0.011424s)
[2016.03.30-06.25.42:492][320]LogPlayLevel: PIE: Created PIE world by copying editor world from /Game/tv-prueba.tv-prueba to /Game/UEDPIE_0_tv-prueba.tv-prueba (0.030389s)
[2016.03.30-06.25.42:617][320]LogWorld: Game class is 'GameMode'
[2016.03.30-06.25.42:622][320]LogAIModule: Creating AISystem for world tv-prueba
[2016.03.30-06.25.42:638][320]LogWorld: Bringing World /Game/UEDPIE_0_tv-prueba.tv-prueba up for play (max tick rate 0) at 2016.03.30-00.25.42
[2016.03.30-06.25.42:641][320]LogWorld: Bringing up level for play took: 0.016784
[2016.03.30-06.25.42:656][320]PIE: Info Play in editor start time for /Game/UEDPIE_0_tv-prueba -0.595
[2016.03.30-06.25.59:440][671]LogParticles: Destroying 0 GPU particle simulations for FXSystem 0x000000000DC4B600
[2016.03.30-06.25.59:441][671]LogParticles: Destroying 0 GPU particle simulations for FXSystem 0x0000000035A3FB00
[2016.03.30-06.26.00:750][692]LogContentBrowser:Verbose: The content browser source was changed by the sources view to '/Game/SmartTVCurved/Blueprint'
[2016.03.30-06.26.09:376][807]LogPlayLevel: PIE:  No blueprints needed recompiling
[2016.03.30-06.26.09:377][807]PIE: New page: PIE session: tv-prueba (Mar 29, 2016, 6:26:09 PM)
[2016.03.30-06.26.09:387][807]LogPlayLevel: PIE: StaticDuplicateObject took: (0.008259s)
[2016.03.30-06.26.09:390][807]LogPlayLevel: PIE: World Init took: (0.003068s)
[2016.03.30-06.26.09:391][807]LogPlayLevel: PIE: Created PIE world by copying editor world from /Game/tv-prueba.tv-prueba to /Game/UEDPIE_0_tv-prueba.tv-prueba (0.011772s)
[2016.03.30-06.26.09:497][807]LogWorld: Game class is 'GameMode'
[2016.03.30-06.26.09:502][807]LogAIModule: Creating AISystem for world tv-prueba
[2016.03.30-06.26.09:515][807]LogWorld: Bringing World /Game/UEDPIE_0_tv-prueba.tv-prueba up for play (max tick rate 0) at 2016.03.30-00.26.09
[2016.03.30-06.26.09:520][807]LogWorld: Bringing up level for play took: 0.015472
[2016.03.30-06.26.09:531][807]PIE: Info Play in editor start time for /Game/UEDPIE_0_tv-prueba 0.28
[2016.03.30-06.26.12:508][861]LogParticles: Destroying 0 GPU particle simulations for FXSystem 0x000000003FE75620
[2016.03.30-06.26.15:803][920]LogPlayLevel: PIE:  No blueprints needed recompiling
[2016.03.30-06.26.15:803][920]PIE: New page: PIE session: tv-prueba (Mar 29, 2016, 6:26:15 PM)
[2016.03.30-06.26.15:813][920]LogPlayLevel: PIE: StaticDuplicateObject took: (0.007926s)
[2016.03.30-06.26.15:815][920]LogPlayLevel: PIE: World Init took: (0.002423s)
[2016.03.30-06.26.15:815][920]LogPlayLevel: PIE: Created PIE world by copying editor world from /Game/tv-prueba.tv-prueba to /Game/UEDPIE_0_tv-prueba.tv-prueba (0.010787s)
[2016.03.30-06.26.15:971][920]LogWorld: Game class is 'GameMode'
[2016.03.30-06.26.15:976][920]LogAIModule: Creating AISystem for world tv-prueba
[2016.03.30-06.26.15:993][920]LogWorld: Bringing World /Game/UEDPIE_0_tv-prueba.tv-prueba up for play (max tick rate 0) at 2016.03.30-00.26.15
[2016.03.30-06.26.15:998][920]LogWorld: Bringing up level for play took: 0.016931
[2016.03.30-06.26.16:168][920]PIE: Info Play in editor start time for /Game/UEDPIE_0_tv-prueba 0.915
[2016.03.30-06.26.34:470][176]LogParticles: Destroying 0 GPU particle simulations for FXSystem 0x000000000FF4DE40
[2016.03.30-06.28.10:135][ 36]LogSavePackage: Save=1890.949951ms
[2016.03.30-06.28.10:135][ 36]LogSavePackage: Moving '../../../../../../Users/3c0z/Documents/Assets/ELECTRONICASSETS/Saved/Pantalla-Curva-A4A61886DE445854C098E42B4BA5167AE69.tmp' to '../../../../../../Users/3c0z/Documents/Assets/ELECTRONICASSETS/Content/SmartTVCurved/Blueprint/Pantalla-Curva-A4A.uasset'
[2016.03.30-06.28.10:784][ 49]BlueprintLog: New page: Compile Pantalla-Curva-A4A
[2016.03.30-06.28.11:407][ 49]BlueprintEditorCompileResults: Info [1321.90] Compile of Pantalla-Curva-A4A successful! [in 621 ms]
[2016.03.30-06.28.26:071][317]LogPlayLevel: PIE:  No blueprints needed recompiling
[2016.03.30-06.28.26:072][317]PIE: New page: PIE session: tv-prueba (Mar 29, 2016, 6:28:26 PM)
[2016.03.30-06.28.26:092][317]LogPlayLevel: PIE: StaticDuplicateObject took: (0.015223s)
[2016.03.30-06.28.26:097][317]LogPlayLevel: PIE: World Init took: (0.005219s)
[2016.03.30-06.28.26:097][317]LogPlayLevel: PIE: Created PIE world by copying editor world from /Game/tv-prueba.tv-prueba to /Game/UEDPIE_0_tv-prueba.tv-prueba (0.020860s)
[2016.03.30-06.28.26:159][317]LogWorld: Game class is 'GameMode'
[2016.03.30-06.28.26:172][317]LogAIModule: Creating AISystem for world tv-prueba
[2016.03.30-06.28.26:186][317]LogWorld: Bringing World /Game/UEDPIE_0_tv-prueba.tv-prueba up for play (max tick rate 0) at 2016.03.30-00.28.26
[2016.03.30-06.28.26:190][317]LogWorld: Bringing up level for play took: 0.015589
[2016.03.30-06.28.26:201][317]PIE: Info Play in editor start time for /Game/UEDPIE_0_tv-prueba 0.945
[2016.03.30-06.38.15:495][103]LogParticles: Destroying 0 GPU particle simulations for FXSystem 0x000000003DE2DF80
[2016.03.30-06.41.06:852][606]Cmd: OBJ SAVEPACKAGE PACKAGE="/Game/tv-prueba" FILE="../../../../../../Users/3c0z/Documents/Assets/ELECTRONICASSETS/Saved/Autosaves/Game/tv-prueba_Auto2.umap" SILENT=true AUTOSAVING=true KEEPDIRTY=false
[2016.03.30-06.41.07:835][606]LogSavePackage: Save=542.060486ms
[2016.03.30-06.41.07:835][606]LogSavePackage: Moving '../../../../../../Users/3c0z/Documents/Assets/ELECTRONICASSETS/Saved/tv-prueba_Auto26D53D1D5452BD6967197308B1CDCBA47.tmp' to '../../../../../../Users/3c0z/Documents/Assets/ELECTRONICASSETS/Saved/Autosaves/Game/tv-prueba_Auto2.umap'
[2016.03.30-06.41.07:924][606]LogFileHelpers: Editor autosave (incl. sublevels) for '/Game/tv-prueba' took 1.505
[2016.03.30-06.41.07:926][606]LogFileHelpers: Editor autosave (incl. sublevels) for all levels took 1.505
[2016.03.30-06.41.57:609][878]Cmd: SELECT NONE
[2016.03.30-06.41.59:478][904]Cmd: OBJ SAVEPACKAGE PACKAGE="/Game/tv-prueba" FILE="../../../../../../Users/3c0z/Documents/Assets/ELECTRONICASSETS/Content/tv-prueba.umap" SILENT=true AUTOSAVING=false KEEPDIRTY=false
[2016.03.30-06.42.00:188][904]LogSavePackage: Save=418.961273ms
[2016.03.30-06.42.00:188][904]LogSavePackage: Moving '../../../../../../Users/3c0z/Documents/Assets/ELECTRONICASSETS/Saved/tv-prueba1A5CEB814045645BA8B6EF98D6B173DA.tmp' to '../../../../../../Users/3c0z/Documents/Assets/ELECTRONICASSETS/Content/tv-prueba.umap'
[2016.03.30-06.42.17:257][161]LogPlayLevel: PIE:  No blueprints needed recompiling
[2016.03.30-06.42.17:286][161]PIE: New page: PIE session: tv-prueba (Mar 29, 2016, 6:42:17 PM)
[2016.03.30-06.42.17:315][161]LogPlayLevel: PIE: StaticDuplicateObject took: (0.027478s)
[2016.03.30-06.42.17:321][161]LogPlayLevel: PIE: World Init took: (0.005693s)
[2016.03.30-06.42.17:321][161]LogPlayLevel: PIE: Created PIE world by copying editor world from /Game/tv-prueba.tv-prueba to /Game/UEDPIE_0_tv-prueba.tv-prueba (0.033606s)
[2016.03.30-06.42.17:394][161]LogWorld: Game class is 'GameMode'
[2016.03.30-06.42.17:399][161]LogAIModule: Creating AISystem for world tv-prueba
[2016.03.30-06.42.17:421][161]LogWorld: Bringing World /Game/UEDPIE_0_tv-prueba.tv-prueba up for play (max tick rate 0) at 2016.03.30-00.42.17
[2016.03.30-06.42.17:425][161]LogWorld: Bringing up level for play took: 0.016879
[2016.03.30-06.42.17:437][161]PIE: Info Play in editor start time for /Game/UEDPIE_0_tv-prueba 0.158
[2016.03.30-06.42.22:493][242]LogParticles: Destroying 0 GPU particle simulations for FXSystem 0x0000000016A36B60
[2016.03.30-06.42.23:934][258]LogEditorViewport: Clicking on Actor (context menu): Pantalla-Curva-A4A_C (Pantalla-Curva-A4A2)
[2016.03.30-06.42.54:996][466]LogSavePackage: Save=7.363685ms
[2016.03.30-06.42.54:996][466]LogSavePackage: Moving '../../../../../../Users/3c0z/Documents/Assets/ELECTRONICASSETS/Saved/Despicable_Me-_Banana_Song__50_sec_8FD0755147741C045FB7158FE5D05E31.tmp' to '../../../../../../Users/3c0z/Documents/Assets/ELECTRONICASSETS/Content/SmartTVCurved/Movies/Despicable_Me-_Banana_Song__50_sec_.uasset'
[2016.03.30-06.42.55:297][466]LogSavePackage: Save=186.817917ms
[2016.03.30-06.42.55:297][466]LogSavePackage: Moving '../../../../../../Users/3c0z/Documents/Assets/ELECTRONICASSETS/Saved/Despicable_Me-_Banana_Song__50_sec__TexCFD4358B4117916127204FA0696D2578.tmp' to '../../../../../../Users/3c0z/Documents/Assets/ELECTRONICASSETS/Content/SmartTVCurved/Movies/Despicable_Me-_Banana_Song__50_sec__Tex.uasset'
[2016.03.30-06.42.55:448][466]LogSavePackage: Save=34.949638ms
[2016.03.30-06.42.55:448][466]LogSavePackage: Moving '../../../../../../Users/3c0z/Documents/Assets/ELECTRONICASSETS/Saved/Despicable_Me-_Banana_Song__50_sec__Wav5ACC716A4A04113E74B0A79D32C3A26D.tmp' to '../../../../../../Users/3c0z/Documents/Assets/ELECTRONICASSETS/Content/SmartTVCurved/Movies/Despicable_Me-_Banana_Song__50_sec__Wav.uasset'
[2016.03.30-06.42.58:379][467]Cmd: QUIT_EDITOR
[2016.03.30-06.43.00:841][467]LogExit: Preparing to exit.
[2016.03.30-06.43.02:934][467]LogExit: Editor shut down
[2016.03.30-06.43.02:934][467]LogExit: Transaction tracking system shut down
[2016.03.30-06.43.02:935][467]LogParticles: Destroying 0 GPU particle simulations for FXSystem 0x0000000021B41260
[2016.03.30-06.43.02:936][467]LogParticles: Destroying 0 GPU particle simulations for FXSystem 0x0000000021A5B880
[2016.03.30-06.43.02:936][467]LogParticles: Destroying 0 GPU particle simulations for FXSystem 0x0000000021B40720
[2016.03.30-06.43.02:941][467]LogParticles: Destroying 0 GPU particle simulations for FXSystem 0x0000000035A3F420
[2016.03.30-06.43.02:941][467]LogParticles: Destroying 0 GPU particle simulations for FXSystem 0x0000000021960900
[2016.03.30-06.43.04:081][467]LogParticles: Destroying 0 GPU particle simulations for FXSystem 0x000000003FE82A20
[2016.03.30-06.43.04:081][467]LogExit: Object subsystem successfully closed.
[2016.03.30-06.43.04:697][467]LogModuleManager: Shutting down and abandoning module MaterialEditor (179)
[2016.03.30-06.43.04:705][467]LogModuleManager: Shutting down and abandoning module TextureEditor (178)
[2016.03.30-06.43.04:726][467]LogModuleManager: Shutting down and abandoning module CrashTracker (177)
[2016.03.30-06.43.04:726][467]LogModuleManager: Shutting down and abandoning module SuperSearch (176)
[2016.03.30-06.43.04:726][467]LogModuleManager: Shutting down and abandoning module SceneOutliner (175)
[2016.03.30-06.43.04:726][467]LogModuleManager: Shutting down and abandoning module EditorWidgets (174)
[2016.03.30-06.43.04:726][467]LogModuleManager: Shutting down and abandoning module CollectionManager (173)
[2016.03.30-06.43.04:727][467]LogModuleManager: Shutting down and abandoning module StatsViewer (172)
[2016.03.30-06.43.04:734][467]LogModuleManager: Shutting down and abandoning module FoliageEdit (171)
[2016.03.30-06.43.04:734][467]LogModuleManager: Shutting down and abandoning module LandscapeEditor (170)
[2016.03.30-06.43.04:747][467]LogModuleManager: Shutting down and abandoning module MeshPaint (169)
[2016.03.30-06.43.04:762][467]LogModuleManager: Shutting down and abandoning module ActorPickerMode (168)
[2016.03.30-06.43.04:762][467]LogModuleManager: Shutting down and abandoning module GeometryMode (167)
[2016.03.30-06.43.04:762][467]LogModuleManager: Shutting down and abandoning module TextureAlignMode (166)
[2016.03.30-06.43.04:762][467]LogModuleManager: Shutting down and abandoning module BspMode (165)
[2016.03.30-06.43.04:762][467]LogModuleManager: Shutting down and abandoning module PlacementMode (164)
[2016.03.30-06.43.04:762][467]LogModuleManager: Shutting down and abandoning module AutomationWorker (163)
[2016.03.30-06.43.04:762][467]LogModuleManager: Shutting down and abandoning module CharacterAI (162)
[2016.03.30-06.43.04:762][467]LogModuleManager: Shutting down and abandoning module SmartSnapping (161)
[2016.03.30-06.43.04:762][467]LogModuleManager: Shutting down and abandoning module ViewportSnapping (160)
[2016.03.30-06.43.04:762][467]LogModuleManager: Shutting down and abandoning module LogVisualizer (159)
[2016.03.30-06.43.04:782][467]LogModuleManager: Shutting down and abandoning module GameProjectGeneration (158)
[2016.03.30-06.43.04:782][467]LogModuleManager: Shutting down and abandoning module IntroTutorials (157)
[2016.03.30-06.43.04:826][467]LogModuleManager: Shutting down and abandoning module EditorLiveStreaming (156)
[2016.03.30-06.43.04:826][467]LogModuleManager: Shutting down and abandoning module HardwareTargeting (155)
[2016.03.30-06.43.04:826][467]LogModuleManager: Shutting down and abandoning module DeviceProfileEditor (154)
[2016.03.30-06.43.04:835][467]LogModuleManager: Shutting down and abandoning module UndoHistory (153)
[2016.03.30-06.43.04:844][467]LogModuleManager: Shutting down and abandoning module GameplayTagsEditor (152)
[2016.03.30-06.43.04:845][467]LogModuleManager: Shutting down and abandoning module UserFeedback (151)
[2016.03.30-06.43.04:845][467]LogModuleManager: Shutting down and abandoning module XmlParser (150)
[2016.03.30-06.43.04:845][467]LogModuleManager: Shutting down and abandoning module Blutility (149)
[2016.03.30-06.43.04:845][467]LogModuleManager: Shutting down and abandoning module IOSPlatformEditor (148)
[2016.03.30-06.43.04:845][467]LogModuleManager: Shutting down and abandoning module IOSRuntimeSettings (147)
[2016.03.30-06.43.04:845][467]LogModuleManager: Shutting down and abandoning module AndroidDeviceDetection (146)
[2016.03.30-06.43.05:248][467]LogModuleManager: Shutting down and abandoning module AndroidPlatformEditor (145)
[2016.03.30-06.43.05:248][467]LogModuleManager: Shutting down and abandoning module AndroidRuntimeSettings (144)
[2016.03.30-06.43.05:248][467]LogModuleManager: Shutting down and abandoning module ProjectTargetPlatformEditor (143)
[2016.03.30-06.43.05:248][467]LogModuleManager: Shutting down and abandoning module ProjectSettingsViewer (142)
[2016.03.30-06.43.05:248][467]LogModuleManager: Shutting down and abandoning module InputBindingEditor (141)
[2016.03.30-06.43.05:281][467]LogModuleManager: Shutting down and abandoning module EditorSettingsViewer (140)
[2016.03.30-06.43.05:281][467]LogModuleManager: Shutting down and abandoning module SettingsEditor (139)
[2016.03.30-06.43.05:287][467]LogModuleManager: Shutting down and abandoning module ProjectLauncher (138)
[2016.03.30-06.43.05:299][467]LogModuleManager: Shutting down and abandoning module SessionFrontend (137)
[2016.03.30-06.43.05:314][467]LogModuleManager: Shutting down and abandoning module ProfilerClient (136)
[2016.03.30-06.43.05:327][467]LogModuleManager: Shutting down and abandoning module TargetDeviceServices (135)
[2016.03.30-06.43.05:327][467]LogModuleManager: Shutting down and abandoning module DeviceManager (134)
[2016.03.30-06.43.05:335][467]LogModuleManager: Shutting down and abandoning module AutomationController (133)
[2016.03.30-06.43.05:342][467]LogModuleManager: Shutting down and abandoning module AutomationWindow (132)
[2016.03.30-06.43.05:361][467]LogModuleManager: Shutting down and abandoning module Layers (131)
[2016.03.30-06.43.05:391][467]LogModuleManager: Shutting down and abandoning module ComponentVisualizers (130)
[2016.03.30-06.43.05:392][467]LogModuleManager: Shutting down and abandoning module DetailCustomizations (129)
[2016.03.30-06.43.05:392][467]LogModuleManager: Shutting down and abandoning module PackagesDialog (128)
[2016.03.30-06.43.05:392][467]LogModuleManager: Shutting down and abandoning module AssetRegistry (127)
[2016.03.30-06.43.05:475][467]LogModuleManager: Shutting down and abandoning module Persona (126)
[2016.03.30-06.43.05:558][467]LogModuleManager: Shutting down and abandoning module SlateReflector (125)
[2016.03.30-06.43.05:575][467]LogModuleManager: Shutting down and abandoning module LevelEditor (124)
[2016.03.30-06.43.05:592][467]LogModuleManager: Shutting down and abandoning module Kismet (123)
[2016.03.30-06.43.05:592][467]LogModuleManager: Shutting down and abandoning module GraphEditor (122)
[2016.03.30-06.43.05:592][467]LogModuleManager: Shutting down and abandoning module ClassViewer (121)
[2016.03.30-06.43.05:592][467]LogModuleManager: Shutting down and abandoning module Toolbox (120)
[2016.03.30-06.43.05:592][467]LogModuleManager: Shutting down and abandoning module ModuleUI (119)
[2016.03.30-06.43.05:607][467]LogModuleManager: Shutting down and abandoning module MovieSceneTools (118)
[2016.03.30-06.43.05:642][467]LogModuleManager: Shutting down and abandoning module OutputLog (117)
[2016.03.30-06.43.05:642][467]LogModuleManager: Shutting down and abandoning module GammaUI (116)
[2016.03.30-06.43.05:651][467]LogModuleManager: Shutting down and abandoning module Documentation (115)
[2016.03.30-06.43.05:651][467]LogModuleManager: Shutting down and abandoning module GameLiveStreaming (114)
[2016.03.30-06.43.05:665][467]LogModuleManager: Shutting down and abandoning module StreamingPauseRendering (113)
[2016.03.30-06.43.05:665][467]LogModuleManager: Shutting down and abandoning module HTTP (112)
[2016.03.30-06.43.05:665][467]LogModuleManager: Shutting down and abandoning module AnalyticsET (111)
[2016.03.30-06.43.05:665][467]LogModuleManager: Shutting down and abandoning module Analytics (110)
[2016.03.30-06.43.05:665][467]LogModuleManager: Shutting down and abandoning module AITestSuite (109)
[2016.03.30-06.43.05:682][467]LogModuleManager: Shutting down and abandoning module GameplayDebugger (108)
[2016.03.30-06.43.05:682][467]LogModuleManager: Shutting down and abandoning module AIModule (107)
[2016.03.30-06.43.05:703][467]LogModuleManager: Shutting down and abandoning module ProfilerService (106)
[2016.03.30-06.43.05:781][467]LogModuleManager: Shutting down and abandoning module TaskGraph (105)
[2016.03.30-06.43.05:789][467]LogModuleManager: Shutting down and abandoning module SlateRemote (104)
[2016.03.30-06.43.05:789][467]LogModuleManager: Shutting down and abandoning module ScriptEditorPlugin (103)
[2016.03.30-06.43.05:789][467]LogModuleManager: Shutting down and abandoning module CustomMeshComponent (102)
[2016.03.30-06.43.05:789][467]LogModuleManager: Shutting down and abandoning module CableComponent (101)
[2016.03.30-06.43.05:805][467]LogModuleManager: Shutting down and abandoning module MessagingDebugger (100)
[2016.03.30-06.43.05:830][467]LogModuleManager: Shutting down and abandoning module MediaPlayerEditor (99)
[2016.03.30-06.43.05:830][467]LogModuleManager: Shutting down and abandoning module SpeedTreeImporter (98)
[2016.03.30-06.43.05:830][467]LogModuleManager: Shutting down and abandoning module PluginsEditor (97)
[2016.03.30-06.43.05:836][467]LogModuleManager: Shutting down and abandoning module MainFrame (96)
[2016.03.30-06.43.05:836][467]LogModuleManager: Shutting down and abandoning module EpicSurvey (95)
[2016.03.30-06.43.05:858][467]LogModuleManager: Shutting down and abandoning module DesktopPlatform (94)
[2016.03.30-06.43.05:885][467]LogModuleManager: Shutting down and abandoning module DirectoryWatcher (93)
[2016.03.30-06.43.05:886][467]LogModuleManager: Shutting down and abandoning module HotReload (92)
[2016.03.30-06.43.05:886][467]LogModuleManager: Shutting down and abandoning module VisualStudioSourceCodeAccess (91)
[2016.03.30-06.43.05:893][467]LogModuleManager: Shutting down and abandoning module UObjectPlugin (90)
[2016.03.30-06.43.05:894][467]LogModuleManager: Shutting down and abandoning module SubversionSourceControl (89)
[2016.03.30-06.43.05:918][467]LogModuleManager: Shutting down and abandoning module PerforceSourceControl (88)
[2016.03.30-06.43.05:937][467]LogModuleManager: Shutting down and abandoning module SourceControl (87)
[2016.03.30-06.43.05:951][467]LogModuleManager: Shutting down and abandoning module GitSourceControl (86)
[2016.03.30-06.43.05:966][467]LogModuleManager: Shutting down and abandoning module BlankPlugin (85)
[2016.03.30-06.43.05:966][467]LogModuleManager: Shutting down and abandoning module PaperTiledImporter (84)
[2016.03.30-06.43.05:966][467]LogModuleManager: Shutting down and abandoning module PaperJsonImporter (83)
[2016.03.30-06.43.05:986][467]LogModuleManager: Shutting down and abandoning module ContentBrowser (82)
[2016.03.30-06.43.05:987][467]LogModuleManager: Shutting down and abandoning module Paper2DEditor (81)
[2016.03.30-06.43.06:007][467]LogModuleManager: Shutting down and abandoning module ScriptPlugin (80)
[2016.03.30-06.43.06:020][467]LogModuleManager: Shutting down and abandoning module UdpMessaging (79)
[2016.03.30-06.43.06:120][467]LogModuleManager: Shutting down and abandoning module Paper2D (78)
[2016.03.30-06.43.06:135][467]LogModuleManager: Shutting down and abandoning module WindowsMoviePlayer (77)
[2016.03.30-06.43.06:151][467]LogModuleManager: Shutting down and abandoning module Media (76)
[2016.03.30-06.43.06:151][467]LogModuleManager: Shutting down and abandoning module WmfMedia (75)
[2016.03.30-06.43.06:152][467]LogModuleManager: Shutting down and abandoning module OnlineBlueprintSupport (74)
[2016.03.30-06.43.06:152][467]LogModuleManager: Shutting down and abandoning module PropertyEditor (73)
[2016.03.30-06.43.06:152][467]LogModuleManager: Shutting down and abandoning module BehaviorTreeEditor (72)
[2016.03.30-06.43.06:186][467]LogModuleManager: Shutting down and abandoning module FunctionalTesting (71)
[2016.03.30-06.43.06:190][467]LogModuleManager: Shutting down and abandoning module CollisionAnalyzer (70)
[2016.03.30-06.43.06:213][467]LogModuleManager: Shutting down and abandoning module WorkspaceMenuStructure (69)
[2016.03.30-06.43.06:213][467]LogModuleManager: Shutting down and abandoning module MessageLog (68)
[2016.03.30-06.43.06:213][467]LogModuleManager: Shutting down and abandoning module Sequencer (67)
[2016.03.30-06.43.06:215][467]LogModuleManager: Shutting down and abandoning module AssetTools (66)
[2016.03.30-06.43.06:237][467]LogModuleManager: Shutting down and abandoning module UMGEditor (65)
[2016.03.30-06.43.06:249][467]LogModuleManager: Shutting down and abandoning module UMG (64)
[2016.03.30-06.43.06:263][467]LogModuleManager: Shutting down and abandoning module Slate (63)
[2016.03.30-06.43.06:263][467]LogModuleManager: Shutting down and abandoning module EditorStyle (62)
[2016.03.30-06.43.06:270][467]LogModuleManager: Shutting down and abandoning module SessionServices (61)
[2016.03.30-06.43.06:271][467]LogModuleManager: Shutting down and abandoning module SourceCodeAccess (60)
[2016.03.30-06.43.06:271][467]LogModuleManager: Shutting down and abandoning module HeadMountedDisplay (59)
[2016.03.30-06.43.06:271][467]LogModuleManager: Shutting down and abandoning module XAudio2 (58)
[2016.03.30-06.43.06:271][467]LogModuleManager: Shutting down and abandoning module Networking (56)
[2016.03.30-06.43.06:271][467]LogModuleManager: Shutting down and abandoning module Core (55)
[2016.03.30-06.43.06:271][467]LogModuleManager: Shutting down and abandoning module KismetCompiler (54)
[2016.03.30-06.43.06:271][467]LogModuleManager: Shutting down and abandoning module PhysXFormats (53)
[2016.03.30-06.43.06:271][467]LogModuleManager: Shutting down and abandoning module MeshUtilities (52)
[2016.03.30-06.43.06:291][467]LogModuleManager: Shutting down and abandoning module DerivedDataCache (51)
[2016.03.30-06.43.06:327][467]LogDerivedDataCache: Shutdown
[2016.03.30-06.43.06:327][467]LogModuleManager: Shutting down and abandoning module ShaderFormatOpenGL (50)
[2016.03.30-06.43.06:340][467]LogModuleManager: Shutting down and abandoning module ShaderFormatD3D (49)
[2016.03.30-06.43.06:340][467]LogModuleManager: Shutting down and abandoning module MetalShaderFormat (48)
[2016.03.30-06.43.06:349][467]LogModuleManager: Shutting down and abandoning module TextureFormatUncompressed (47)
[2016.03.30-06.43.06:350][467]LogModuleManager: Shutting down and abandoning module TextureFormatPVR (46)
[2016.03.30-06.43.06:350][467]LogModuleManager: Shutting down and abandoning module TextureFormatIntelISPCTexComp (45)
[2016.03.30-06.43.06:350][467]LogModuleManager: Shutting down and abandoning module TextureFormatDXT (44)
[2016.03.30-06.43.06:350][467]LogModuleManager: Shutting down and abandoning module ImageWrapper (43)
[2016.03.30-06.43.06:350][467]LogModuleManager: Shutting down and abandoning module TextureFormatASTC (42)
[2016.03.30-06.43.06:350][467]LogModuleManager: Shutting down and abandoning module TextureFormatAndroid (41)
[2016.03.30-06.43.06:350][467]LogModuleManager: Shutting down and abandoning module AudioFormatOpus (40)
[2016.03.30-06.43.06:361][467]LogModuleManager: Shutting down and abandoning module AudioFormatOgg (39)
[2016.03.30-06.43.06:361][467]LogModuleManager: Shutting down and abandoning module AudioFormatADPCM (38)
[2016.03.30-06.43.06:361][467]LogModuleManager: Shutting down and abandoning module LinuxTargetPlatform (37)
[2016.03.30-06.43.06:361][467]LogModuleManager: Shutting down and abandoning module LinuxServerTargetPlatform (36)
[2016.03.30-06.43.06:361][467]LogModuleManager: Shutting down and abandoning module LinuxNoEditorTargetPlatform (35)
[2016.03.30-06.43.06:361][467]LogModuleManager: Shutting down and abandoning module Messaging (34)
[2016.03.30-06.43.06:361][467]LogModuleManager: Shutting down and abandoning module IOSTargetPlatform (33)
[2016.03.30-06.43.06:361][467]LogModuleManager: Shutting down and abandoning module HTML5TargetPlatform (32)
[2016.03.30-06.43.06:361][467]LogModuleManager: Shutting down and abandoning module Android_PVRTCTargetPlatform (31)
[2016.03.30-06.43.06:361][467]LogModuleManager: Shutting down and abandoning module Android_ETC2TargetPlatform (30)
[2016.03.30-06.43.06:361][467]LogModuleManager: Shutting down and abandoning module Android_ETC1TargetPlatform (29)
[2016.03.30-06.43.06:361][467]LogModuleManager: Shutting down and abandoning module Android_ES31TargetPlatform (28)
[2016.03.30-06.43.06:361][467]LogModuleManager: Shutting down and abandoning module Android_DXTTargetPlatform (27)
[2016.03.30-06.43.06:361][467]LogModuleManager: Shutting down and abandoning module Android_ATCTargetPlatform (26)
[2016.03.30-06.43.06:361][467]LogModuleManager: Shutting down and abandoning module AndroidTargetPlatform (25)
[2016.03.30-06.43.06:361][467]LogModuleManager: Shutting down and abandoning module WindowsTargetPlatform (24)
[2016.03.30-06.43.06:361][467]LogModuleManager: Shutting down and abandoning module WindowsServerTargetPlatform (23)
[2016.03.30-06.43.06:361][467]LogModuleManager: Shutting down and abandoning module WindowsNoEditorTargetPlatform (22)
[2016.03.30-06.43.06:361][467]LogModuleManager: Shutting down and abandoning module WindowsClientTargetPlatform (21)
[2016.03.30-06.43.06:361][467]LogModuleManager: Shutting down and abandoning module TargetPlatform (20)
[2016.03.30-06.43.06:361][467]LogModuleManager: Shutting down and abandoning module InputCore (19)
[2016.03.30-06.43.06:361][467]LogModuleManager: Shutting down and abandoning module Settings (18)
[2016.03.30-06.43.06:362][467]LogModuleManager: Shutting down and abandoning module OnlineSubsystem (16)
[2016.03.30-06.43.06:362][467]LogModuleManager: Shutting down and abandoning module OculusRift (15)
[2016.03.30-06.43.06:362][467]LogModuleManager: Shutting down and abandoning module ExampleDeviceProfileSelector (14)
[2016.03.30-06.43.06:362][467]LogModuleManager: Shutting down and abandoning module TextureCompressor (13)
[2016.03.30-06.43.06:383][467]LogModuleManager: Shutting down and abandoning module ShaderCore (12)
[2016.03.30-06.43.06:383][467]LogModuleManager: Shutting down and abandoning module Landscape (11)
[2016.03.30-06.43.06:383][467]LogModuleManager: Shutting down and abandoning module SlateRHIRenderer (10)
[2016.03.30-06.43.06:420][467]LogModuleManager: Shutting down and abandoning module OpenGLDrv (9)
[2016.03.30-06.43.06:420][467]LogModuleManager: Shutting down and abandoning module D3D11RHI (8)
[2016.03.30-06.43.06:420][467]LogModuleManager: Shutting down and abandoning module Renderer (7)
[2016.03.30-06.43.06:420][467]LogModuleManager: Shutting down and abandoning module Engine (6)
[2016.03.30-06.43.06:420][467]LogModuleManager: Shutting down and abandoning module CoreUObject (5)
[2016.03.30-06.43.06:420][467]LogModuleManager: Shutting down and abandoning module NetworkFile (4)
[2016.03.30-06.43.06:431][467]LogModuleManager: Shutting down and abandoning module StreamingFile (3)
[2016.03.30-06.43.06:463][467]LogModuleManager: Shutting down and abandoning module SandboxFile (2)
[2016.03.30-06.43.06:486][467]LogModuleManager: Shutting down and abandoning module PakFile (1)
[2016.03.30-06.43.06:514][467]LogExit: Exiting.
[2016.03.30-06.43.06:571][467]Log file closed, 03/30/16 00:43:06
