Log file open, 03/29/16 21:04:05
LogInit:Display: Running engine for game: ELECTRONICASSETS
LogInit: Version: 4.7.6-2513093+++depot+UE4-Releases+4.7
LogInit: API Version: 2455222
LogInit: Compiled (64-bit): Apr 15 2015 12:09:54
LogInit: Compiled with Visual C++: 18.00.21005.01
LogInit: Build Configuration: Development
LogInit: Branch Name: ++depot+UE4-Releases+4.7
LogInit: Command line:  
LogInit: Base directory: C:/Program Files/Epic Games/4.7/Engine/Binaries/Win64/
LogInit: Rocket: 1
[2016.03.30-03.04.05:481][  0]LogTaskGraph: Started task graph with 3 named threads and 4 total threads.
[2016.03.30-03.04.05:570][  0]LogOnline:Warning: No default platform service specified for OnlineSubsystem
[2016.03.30-03.04.05:674][  0]LogInit: Presizing for 0 objects not considered by GC, pre-allocating 0 bytes.
[2016.03.30-03.04.05:703][  0]LogInit: Object subsystem initialized
[2016.03.30-03.04.05:764][  0]LogConsoleResponse:Warning: Skipping Unknown console variable: 'TranslucentSortAxis = (X=0.000000,Y=-1.000000,Z=0.000000)'
[2016.03.30-03.04.05:764][  0]LogConsoleResponse:Warning:   Found in ini file 'C:/Users/3c0z/Documents/Assets/ELECTRONICASSETS/Saved/Config/Windows/Engine.ini', in section '[/Script/Engine.RendererSettings]'
[2016.03.30-03.04.05:764][  0]LogConsoleResponse:Warning: Skipping Unknown console variable: 'UIScaleRule = ShortestSide'
[2016.03.30-03.04.05:764][  0]LogConsoleResponse:Warning:   Found in ini file 'C:/Users/3c0z/Documents/Assets/ELECTRONICASSETS/Saved/Config/Windows/Engine.ini', in section '[/Script/Engine.RendererSettings]'
[2016.03.30-03.04.05:764][  0]LogConsoleResponse:Warning: Skipping Unknown console variable: 'UIScaleCurve = (EditorCurveData=(Keys=),ExternalCurve=None)'
[2016.03.30-03.04.05:764][  0]LogConsoleResponse:Warning:   Found in ini file 'C:/Users/3c0z/Documents/Assets/ELECTRONICASSETS/Saved/Config/Windows/Engine.ini', in section '[/Script/Engine.RendererSettings]'
[2016.03.30-03.04.05:800][  0]LogInit: Selected Device Profile: [Windows]
[2016.03.30-03.04.05:800][  0]LogInit: Applying CVar settings loaded from the selected device profile: [Windows]
[2016.03.30-03.04.05:874][  0]LogInit: Computer: ISOQA
[2016.03.30-03.04.05:874][  0]LogInit: User: 3c0z
[2016.03.30-03.04.05:874][  0]LogInit: CPU Page size=4096, Cores=2
[2016.03.30-03.04.05:874][  0]LogInit: High frequency timer resolution =2.539082 MHz
[2016.03.30-03.04.05:875][  0]LogMemory: Memory total: Physical=4.0GB (4GB approx) Virtual=8192.0GB
[2016.03.30-03.04.05:875][  0]LogMemory: Platform Memory Stats for Windows
[2016.03.30-03.04.05:875][  0]LogMemory: Process Physical Memory: 46.52 MB used, 46.52 MB peak
[2016.03.30-03.04.05:875][  0]LogMemory: Process Virtual Memory: 22.96 MB used, 22.96 MB peak
[2016.03.30-03.04.05:875][  0]LogMemory: Physical Memory: 2134.26 MB used, 4094.49 MB total
[2016.03.30-03.04.05:875][  0]LogMemory: Virtual Memory: 276.26 MB used, 8388608.00 MB total
[2016.03.30-03.04.06:122][  0]LogD3D11RHI: Found D3D11 adapter 0: NVIDIA GeForce GTX 750 Ti (Feature Level 11_0)
[2016.03.30-03.04.06:123][  0]LogD3D11RHI: Adapter has 1993MB of dedicated video memory, 0MB of dedicated system memory, and 1791MB of shared system memory, 1 output[s]
[2016.03.30-03.04.06:123][  0]LogD3D11RHI: Chosen D3D11 Adapter Id = 0
[2016.03.30-03.04.06:162][  0]LogRHI: Texture pool is 1361 MB (70% of 1945 MB)
[2016.03.30-03.04.06:179][  0]LogD3D11RHI: Async texture creation enabled
[2016.03.30-03.04.07:555][  0]LogTextLocalizationManager: The requested culture ('en_US') has no localization data; parent culture's ('es') localization data will be used.
[2016.03.30-03.04.07:842][  0]LogTextLocalizationManager:Warning: Loading localization resources contain conflicting entries for (Namespace:UICommands, Key:Save_ToolTip):
Resource: (C:/Program Files/Epic Games/4.7/Engine/Content/Localization/Editor/en/Editor.locres) Hash: (-29098895) String: (Saves the current level to disk)
Resource: (C:/Program Files/Epic Games/4.7/Engine/Content/Localization/Engine/en/Engine.locres) Hash: (-1280300587) String: (Save selected data to vlog file)
[2016.03.30-03.04.07:845][  0]LogTextLocalizationManager:Warning: Loading localization resources contain conflicting entries for (Namespace:ContentBrowser, Key:ImportAssetToolTip):
Resource: (C:/Program Files/Epic Games/4.7/Engine/Content/Localization/Editor/en/Editor.locres) Hash: (-630476809) String: (Import to {0}...)
Resource: (C:/Program Files/Epic Games/4.7/Engine/Content/Localization/Editor/en/Editor.locres) Hash: (1271782899) String: (Imports an asset from file to this folder.)
[2016.03.30-03.04.08:075][  0]LogContentStreaming: Texture pool size is 0.000000MB
[2016.03.30-03.04.19:085][  0]LogTargetPlatformManager:Display: Building Assets For Windows
[2016.03.30-03.04.21:833][  0]LogTargetPlatformManager:Display: Building Assets For Windows
[2016.03.30-03.04.22:065][  0]LogDerivedDataCache:Display: Max Cache Size: 512 MB
[2016.03.30-03.04.22:665][  0]LogDerivedDataCache: Loaded boot cache 0.58s 39MB C:/Users/3c0z/AppData/Local/UnrealEngine/4.7/DerivedDataCache/Boot.ddc.
[2016.03.30-03.04.22:665][  0]LogDerivedDataCache:Display: Loaded Boot cache: C:/Users/3c0z/AppData/Local/UnrealEngine/4.7/DerivedDataCache/Boot.ddc
[2016.03.30-03.04.22:665][  0]LogDerivedDataCache: FDerivedDataBackendGraph:  Pak pak cache file ../../../../../../Users/3c0z/Documents/Assets/ELECTRONICASSETS/DerivedDataCache/DDC.ddp not found, will not use a pak cache.
[2016.03.30-03.04.22:665][  0]LogDerivedDataCache: Unable to find inner node Pak for hierarchical cache Hierarchy.
[2016.03.30-03.04.23:060][  0]LogDerivedDataCache:Display: Pak cache opened for reading ../../../Engine/DerivedDataCache/Compressed.ddp.
[2016.03.30-03.04.23:074][  0]LogDerivedDataCache: Using Local data cache path C:/Users/3c0z/AppData/Local/UnrealEngine/Common/DerivedDataCache: Writable
[2016.03.30-03.04.29:500][  0]LogMeshUtilities: No automatic mesh reduction module available
[2016.03.30-03.04.29:500][  0]LogMeshUtilities: No automatic mesh merging module available
[2016.03.30-03.04.32:316][  0]LogInit: WinSock: version 1.1 (2.2), MaxSocks=32767, MaxUdp=65467
[2016.03.30-03.04.32:803][  0]LogSlate:Warning: Failed to load font data from '../../../Engine/Content/Slate/Fonts/Roboto-Italic.ttf'
[2016.03.30-03.05.00:919][  0]UdpMessaging: Initializing bridge on interface 0.0.0.0:0 to multicast group 230.0.0.1:6666.
[2016.03.30-03.05.01:859][  0]SourceControl: Info Source control is disabled
[2016.03.30-03.05.01:860][  0]SourceControl: Info Source control is disabled
[2016.03.30-03.05.01:860][  0]SourceControl: Info Source control is disabled
[2016.03.30-03.05.01:860][  0]LogSourceControl: RunCommandInternalRaw: 'git version'
[2016.03.30-03.05.01:860][  0]LogSourceControl: RunCommandInternalRaw: ExecProcess ReturnCode=2 OutResults=''
[2016.03.30-03.05.01:886][  0]SourceControl: Info Source control is disabled
[2016.03.30-03.05.03:196][  0]LogObj: 24232 objects as part of root set at end of initial load.
[2016.03.30-03.05.03:196][  0]LogUObjectAllocator: 5137176 out of 0 bytes used by permanent object pool.
[2016.03.30-03.05.03:878][  0]LogEngine: Initializing Engine...
[2016.03.30-03.05.06:840][  0]LogInit: XAudio2 using 'Speakers (Realtek High Definition Audio)' : 2 channels at 48 kHz using 32 bits per sample (channel mask 0x3)
[2016.03.30-03.05.06:880][  0]LogInit: FAudioDevice initialized.
[2016.03.30-03.05.07:104][  0]LogAIModule: Creating AISystem for world NewWorld
[2016.03.30-03.05.07:199][  0]LogDerivedDataCache: Saved boot cache 0.09s 39MB C:/Users/3c0z/AppData/Local/UnrealEngine/4.7/DerivedDataCache/Boot.ddc.
[2016.03.30-03.05.07:235][  0]LogInit: Texture streaming: Enabled
[2016.03.30-03.05.08:165][  0]LogAnalytics: Creating configured Analytics provider AnalyticsET
[2016.03.30-03.05.08:165][  0]LogAnalytics: ET APIKey = Rocket.Release. APIServer = http://et2.epicgames.com/ET2/. AppVersion = 4.7.6-2513093+++depot+UE4-Releases+4.7
[2016.03.30-03.05.08:166][  0]LogAnalytics: ET APIKey = Rocket.Release. DataRouterUploadURL = https://datarouter-public-service-gamedev.ol.epicgames.net/datarouter/api/v1/public/data. AppVersion = 4.7.6-2513093+++depot+UE4-Releases+4.7
[2016.03.30-03.05.08:166][  0]LogAnalytics: SetUserId f8d463004448e9bf9238c395a56aa488|6b2d3cb90e4040169396666e7dda91ad|be6a12fa-584f-40e9-9224-deb3c37dd44e
[2016.03.30-03.05.08:166][  0]LogAnalytics: AnalyticsET::StartSession [Rocket.Release]
[2016.03.30-03.05.08:356][  0]LogInit: Transaction tracking system initialized
[2016.03.30-03.05.10:269][  0]BlueprintLog: New page: Editor Load
[2016.03.30-03.05.10:531][  0]LogAssetRegistry: FAssetRegistry took 0.0209 seconds to start up
[2016.03.30-03.05.10:538][  0]LogDirectoryWatcher:Warning: Failed to begin reading directory changes for ../../../Engine/Plugins/Experimental/CharacterAI/Content/. Error: 0
[2016.03.30-03.05.15:692][  0]LogTargetPlatformManager:Display: Building Assets For Windows
[2016.03.30-03.05.18:682][  0]LogTargetPlatformManager:Display: Building Assets For Windows
[2016.03.30-03.05.20:539][  0]LogLinker:Warning: Asset '../../../Engine/Content/Tutorial/Mobile/SettingUpAndroidTutorial.uasset' has been saved with empty engine version. The asset will be loaded but may be incompatible.
[2016.03.30-03.05.21:479][  0]LogSlate:Warning: Failed to load font data from '../../../Engine/Content/Editor/Slate/Fonts/Roboto-Regular.ttf'
[2016.03.30-03.05.21:481][  0]LogSlate:Warning: Failed to load font data from '../../../Engine/Content/Editor/Slate/Fonts/Roboto-Bold.ttf'
[2016.03.30-03.05.21:810][  0]LogConsoleResponse:Display: 
[2016.03.30-03.05.24:382][  0]LogCook:Display: Done creating registry. It took  0.00s.
[2016.03.30-03.05.25:681][  0]SourceControl: Info Source control is disabled
[2016.03.30-03.05.25:721][  0]Cmd: MAP LOAD FILE="../../../Engine/Content/Maps/Templates/Template_Default.umap" TEMPLATE=1 SHOWPROGRESS=1 FEATURELEVEL=3
[2016.03.30-03.05.25:802][  0]LightingResults: New page: Lighting Build
[2016.03.30-03.05.25:945][  0]MapCheck: New page: Map Check
[2016.03.30-03.05.25:945][  0]LightingResults: New page: Lighting Build
[2016.03.30-03.05.26:028][  0]LogParticles: Destroying 0 GPU particle simulations for FXSystem 0x000000001A48CD60
[2016.03.30-03.05.31:077][  0]LogEditorServer: Finished looking for orphan Actors (0.000 secs)
[2016.03.30-03.05.31:095][  0]LogAIModule: Creating AISystem for world Untitled_1
[2016.03.30-03.05.31:097][  0]Cmd: MAP CHECKDEP
[2016.03.30-03.05.31:098][  0]MapCheck: New page: Untitled_1 - Mar 29, 2016, 3:05:31 PM
[2016.03.30-03.05.31:682][  0]MapCheck: Info Map check complete: 0 Error(s), 0 Warning(s), took 584.815ms to complete.
[2016.03.30-03.05.31:683][  0]LogFileHelpers: Loading map 'Template_Default' took 5.962
[2016.03.30-03.05.32:485][  0]LogCollectionManager: Loaded 0 collections in 0.006065 seconds
[2016.03.30-03.05.32:559][  0]LogContentBrowser: Native class hierarchy populated in 0.0733 seconds. Added 1696 classes and 261 folders.
[2016.03.30-03.05.32:917][  0]LogContentBrowser: Native class hierarchy updated for 'SceneOutliner' in 0.0208 seconds. Added 1 classes and 2 folders.
[2016.03.30-03.05.33:585][  0]LogCrashTracker: Crashtracker disabled due to settings.
[2016.03.30-03.05.33:592][  0]LogSlate:Warning: Failed to load font data from 'Veranda'
[2016.03.30-03.05.33:694][  0]LogUObjectGlobals:Warning: Failed to find object 'Class None.'
[2016.03.30-03.05.34:225][  0]LogLoad: Full Startup: 93.39 seconds (BP compile: 0.56 seconds)
[2016.03.30-03.05.35:937][  0]LogRenderer:Warning: Reallocating scene render targets to support 32x32 (Frame:2).
[2016.03.30-03.05.36:808][  0]LogRenderer:Warning: Reallocating scene render targets to support 1208x560 (Frame:3).
[2016.03.30-03.05.38:031][  4]LogContentBrowser:Verbose: The content browser source was changed by the sources view to '/Game/SmartTVCurved/Texture'
[2016.03.30-03.05.42:354][ 17]LogAssetRegistry: Asset discovery search completed in 31.8431 seconds
[2016.03.30-03.06.46:013][448]Cmd: MAP LOAD FILE="../../../../../../Users/3c0z/Documents/Assets/ELECTRONICASSETS/Content/tv-prueba.umap" TEMPLATE=0 SHOWPROGRESS=1 FEATURELEVEL=3
[2016.03.30-03.06.46:098][448]LightingResults: New page: Lighting Build
[2016.03.30-03.06.46:284][448]LoadErrors: New page: Loading map: tv-prueba.umap
[2016.03.30-03.06.46:286][448]MapCheck: New page: Map Check
[2016.03.30-03.06.46:286][448]LightingResults: New page: Lighting Build
[2016.03.30-03.06.46:355][448]LogParticles: Destroying 0 GPU particle simulations for FXSystem 0x000000000C29EAC0
[2016.03.30-03.06.50:145][448]LogEditorServer: Finished looking for orphan Actors (0.000 secs)
[2016.03.30-03.06.50:279][448]LogAIModule: Creating AISystem for world tv-prueba
[2016.03.30-03.06.50:644][448]Cmd: MAP CHECKDEP
[2016.03.30-03.06.50:644][448]MapCheck: New page: tv-prueba - Mar 29, 2016, 3:06:50 PM
[2016.03.30-03.06.51:794][448]MapCheck: Info Map check complete: 0 Error(s), 0 Warning(s), took 1,150.036ms to complete.
[2016.03.30-03.06.51:794][448]LogFileHelpers: Loading map 'tv-prueba' took 5.790
[2016.03.30-03.09.44:020][227]LogPlayLevel: PIE:  No blueprints needed recompiling
[2016.03.30-03.09.44:021][227]PIE: New page: PIE session: tv-prueba (Mar 29, 2016, 3:09:44 PM)
[2016.03.30-03.09.44:030][227]LogPlayLevel: PIE: StaticDuplicateObject took: (0.008147s)
[2016.03.30-03.09.44:033][227]LogPlayLevel: PIE: World Init took: (0.002404s)
[2016.03.30-03.09.44:033][227]LogPlayLevel: PIE: Created PIE world by copying editor world from /Game/tv-prueba.tv-prueba to /Game/UEDPIE_0_tv-prueba.tv-prueba (0.011070s)
[2016.03.30-03.09.44:185][227]LogWorld: Game class is 'GameMode'
[2016.03.30-03.09.44:191][227]LogAIModule: Creating AISystem for world tv-prueba
[2016.03.30-03.09.44:203][227]LogWorld: Bringing World /Game/UEDPIE_0_tv-prueba.tv-prueba up for play (max tick rate 0) at 2016.03.29-21.09.44
[2016.03.30-03.09.44:205][227]LogWorld: Bringing up level for play took: 0.012011
[2016.03.30-03.09.44:215][227]PIE: Info Play in editor start time for /Game/UEDPIE_0_tv-prueba -0.688
[2016.03.30-03.10.29:588][223]LogParticles: Destroying 0 GPU particle simulations for FXSystem 0x000000000DF271A0
[2016.03.30-03.11.29:305][787]LogContentBrowser:Verbose: The content browser source was changed by the sources view to '/Game/SmartTVCurved/Blueprint'
[2016.03.30-03.14.45:116][489]LogRenderer:Warning: Reallocating scene render targets to support 1208x904 (Frame:2352).
[2016.03.30-03.15.16:081][885]BlueprintLog: New page: Pre-PIE auto-recompile
[2016.03.30-03.15.16:122][885]LogPlayLevel: [PIE] Compiling Pantalla-Curva-A4A before PIE...
[2016.03.30-03.15.17:068][885]LogPlayLevel: PIE:  Blueprint regeneration took 988 ms (1 blueprints)
[2016.03.30-03.15.17:069][885]PIE: New page: PIE session: tv-prueba (Mar 29, 2016, 3:15:17 PM)
[2016.03.30-03.15.17:095][885]LogPlayLevel: PIE: StaticDuplicateObject took: (0.024628s)
[2016.03.30-03.15.17:097][885]LogPlayLevel: PIE: World Init took: (0.002660s)
[2016.03.30-03.15.17:098][885]LogPlayLevel: PIE: Created PIE world by copying editor world from /Game/tv-prueba.tv-prueba to /Game/UEDPIE_0_tv-prueba.tv-prueba (0.028065s)
[2016.03.30-03.15.17:179][885]LogWorld: Game class is 'GameMode'
[2016.03.30-03.15.17:184][885]LogAIModule: Creating AISystem for world tv-prueba
[2016.03.30-03.15.17:205][885]LogWorld: Bringing World /Game/UEDPIE_0_tv-prueba.tv-prueba up for play (max tick rate 0) at 2016.03.29-21.15.17
[2016.03.30-03.15.17:207][885]LogWorld: Bringing up level for play took: 0.021663
[2016.03.30-03.15.17:265][885]PIE: Info Play in editor start time for /Game/UEDPIE_0_tv-prueba 0.352
[2016.03.30-03.15.28:517][ 85]LogParticles: Destroying 0 GPU particle simulations for FXSystem 0x000000000FDA5E40
[2016.03.30-03.15.29:804][106]LogEditorViewport: Clicking on Actor (LMB): Pantalla-Curva-A4A_C (Pantalla-Curva-A4A2)
[2016.03.30-03.15.36:345][183]LogEditorViewport: Clicking on Actor (LMB): Pantalla-Curva-A4A_C (Pantalla-Curva-A4A2)
[2016.03.30-03.15.37:325][194]LogEditorViewport: Clicking on Actor (LMB): Pantalla-Curva-A4A_C (Pantalla-Curva-A4A2)
[2016.03.30-03.16.19:351][744]BlueprintLog: New page: Pre-PIE auto-recompile
[2016.03.30-03.16.19:506][744]LogPlayLevel: [PIE] Compiling Pantalla-Curva-A4A before PIE...
[2016.03.30-03.16.20:321][744]LogPlayLevel: PIE:  Blueprint regeneration took 970 ms (1 blueprints)
[2016.03.30-03.16.20:321][744]PIE: New page: PIE session: tv-prueba (Mar 29, 2016, 3:16:20 PM)
[2016.03.30-03.16.20:349][744]LogPlayLevel: PIE: StaticDuplicateObject took: (0.026436s)
[2016.03.30-03.16.20:353][744]LogPlayLevel: PIE: World Init took: (0.004722s)
[2016.03.30-03.16.20:354][744]LogPlayLevel: PIE: Created PIE world by copying editor world from /Game/tv-prueba.tv-prueba to /Game/UEDPIE_0_tv-prueba.tv-prueba (0.031622s)
[2016.03.30-03.16.20:523][744]LogWorld: Game class is 'GameMode'
[2016.03.30-03.16.20:528][744]LogAIModule: Creating AISystem for world tv-prueba
[2016.03.30-03.16.20:569][744]LogWorld: Bringing World /Game/UEDPIE_0_tv-prueba.tv-prueba up for play (max tick rate 0) at 2016.03.29-21.16.20
[2016.03.30-03.16.20:572][744]LogWorld: Bringing up level for play took: 0.038818
[2016.03.30-03.16.20:752][744]PIE: Info Play in editor start time for /Game/UEDPIE_0_tv-prueba 1.838
[2016.03.30-03.16.21:020][744]LogRenderer:Warning: Reallocating scene render targets to support 1296x904 (Frame:3653).
[2016.03.30-03.16.41:645][ 15]LogParticles: Destroying 0 GPU particle simulations for FXSystem 0x00000000427ECB80
[2016.03.30-03.18.16:504][864]Cmd: OBJ SAVEPACKAGE PACKAGE="/Game/tv-prueba" FILE="../../../../../../Users/3c0z/Documents/Assets/ELECTRONICASSETS/Saved/Autosaves/Game/tv-prueba_Auto1.umap" SILENT=true AUTOSAVING=true KEEPDIRTY=false
[2016.03.30-03.18.18:085][864]LogSavePackage: Save=879.063354ms
[2016.03.30-03.18.18:085][864]LogSavePackage: Moving '../../../../../../Users/3c0z/Documents/Assets/ELECTRONICASSETS/Saved/tv-prueba_Auto179ED4923418084CC80346FA01E9858C9.tmp' to '../../../../../../Users/3c0z/Documents/Assets/ELECTRONICASSETS/Saved/Autosaves/Game/tv-prueba_Auto1.umap'
[2016.03.30-03.18.18:304][864]LogFileHelpers: Editor autosave (incl. sublevels) for '/Game/tv-prueba' took 3.349
[2016.03.30-03.18.18:304][864]LogFileHelpers: Editor autosave (incl. sublevels) for all levels took 3.349
[2016.03.30-03.18.18:489][864]OBJ SavePackage: Generating thumbnails for [1] asset(s) in package [/Game/SmartTVCurved/Blueprint/Pantalla-Curva-A4A] ([1] browsable assets)...
[2016.03.30-03.18.18:689][864]OBJ SavePackage:     Rendered thumbnail for [Blueprint /Game/SmartTVCurved/Blueprint/Pantalla-Curva-A4A.Pantalla-Curva-A4A]
[2016.03.30-03.18.18:690][864]OBJ SavePackage: Finished generating thumbnails for package [/Game/SmartTVCurved/Blueprint/Pantalla-Curva-A4A]
[2016.03.30-03.18.25:192][864]LogSavePackage: Save=5690.611328ms
[2016.03.30-03.18.25:201][864]LogSavePackage: Moving '../../../../../../Users/3c0z/Documents/Assets/ELECTRONICASSETS/Saved/Pantalla-Curva-A4A_Auto1D63CED80436BA6B39F9D22B9F0DB8298.tmp' to '../../../../../../Users/3c0z/Documents/Assets/ELECTRONICASSETS/Saved/Autosaves/Game/SmartTVCurved/Blueprint/Pantalla-Curva-A4A_Auto1.uasset'
[2016.03.30-03.18.25:722][864]LogFileHelpers: Auto-saving content packages took 7.417
[2016.03.30-03.28.53:910][806]Cmd: OBJ SAVEPACKAGE PACKAGE="/Game/tv-prueba" FILE="../../../../../../Users/3c0z/Documents/Assets/ELECTRONICASSETS/Saved/Autosaves/Game/tv-prueba_Auto2.umap" SILENT=true AUTOSAVING=true KEEPDIRTY=false
[2016.03.30-03.28.54:934][806]LogSavePackage: Save=641.324280ms
[2016.03.30-03.28.54:934][806]LogSavePackage: Moving '../../../../../../Users/3c0z/Documents/Assets/ELECTRONICASSETS/Saved/tv-prueba_Auto25003205D4D042039A64A37843AFBF416.tmp' to '../../../../../../Users/3c0z/Documents/Assets/ELECTRONICASSETS/Saved/Autosaves/Game/tv-prueba_Auto2.umap'
[2016.03.30-03.28.55:082][806]LogFileHelpers: Editor autosave (incl. sublevels) for '/Game/tv-prueba' took 1.556
[2016.03.30-03.28.55:082][806]LogFileHelpers: Editor autosave (incl. sublevels) for all levels took 1.556
[2016.03.30-03.28.55:199][806]OBJ SavePackage: Generating thumbnails for [1] asset(s) in package [/Game/SmartTVCurved/Blueprint/Pantalla-Curva-A4A] ([1] browsable assets)...
[2016.03.30-03.28.55:255][806]OBJ SavePackage:     Rendered thumbnail for [Blueprint /Game/SmartTVCurved/Blueprint/Pantalla-Curva-A4A.Pantalla-Curva-A4A]
[2016.03.30-03.28.55:255][806]OBJ SavePackage: Finished generating thumbnails for package [/Game/SmartTVCurved/Blueprint/Pantalla-Curva-A4A]
[2016.03.30-03.28.57:929][806]LogSavePackage: Save=2481.603516ms
[2016.03.30-03.28.57:932][806]LogSavePackage: Moving '../../../../../../Users/3c0z/Documents/Assets/ELECTRONICASSETS/Saved/Pantalla-Curva-A4A_Auto266946F494B2F4E43DF19429F01133413.tmp' to '../../../../../../Users/3c0z/Documents/Assets/ELECTRONICASSETS/Saved/Autosaves/Game/SmartTVCurved/Blueprint/Pantalla-Curva-A4A_Auto2.uasset'
[2016.03.30-03.28.58:066][806]LogFileHelpers: Auto-saving content packages took 2.984
[2016.03.30-03.30.46:860][360]BlueprintLog: New page: Pre-PIE auto-recompile
[2016.03.30-03.30.46:960][360]LogPlayLevel: [PIE] Compiling Pantalla-Curva-A4A before PIE...
[2016.03.30-03.30.47:882][360]LogPlayLevel: PIE:  Blueprint regeneration took 1021 ms (1 blueprints)
[2016.03.30-03.30.47:882][360]PIE: New page: PIE session: tv-prueba (Mar 29, 2016, 3:30:47 PM)
[2016.03.30-03.30.47:894][360]LogPlayLevel: PIE: StaticDuplicateObject took: (0.010651s)
[2016.03.30-03.30.47:898][360]LogPlayLevel: PIE: World Init took: (0.004239s)
[2016.03.30-03.30.47:899][360]LogPlayLevel: PIE: Created PIE world by copying editor world from /Game/tv-prueba.tv-prueba to /Game/UEDPIE_0_tv-prueba.tv-prueba (0.015404s)
[2016.03.30-03.30.48:016][360]LogWorld: Game class is 'GameMode'
[2016.03.30-03.30.48:022][360]LogAIModule: Creating AISystem for world tv-prueba
[2016.03.30-03.30.48:037][360]LogWorld: Bringing World /Game/UEDPIE_0_tv-prueba.tv-prueba up for play (max tick rate 0) at 2016.03.29-21.30.48
[2016.03.30-03.30.48:040][360]LogWorld: Bringing up level for play took: 0.014457
[2016.03.30-03.30.48:047][360]PIE: Info Play in editor start time for /Game/UEDPIE_0_tv-prueba 1.106
[2016.03.30-03.31.20:960][942]LogParticles: Destroying 0 GPU particle simulations for FXSystem 0x000000002F509760
[2016.03.30-03.32.19:463][158]LogEditorViewport: Clicking on Actor (LMB): Pantalla-Curva-A4A_C (Pantalla-Curva-A4A2)
[2016.03.30-03.36.18:921][922]BlueprintLog: New page: Pre-PIE auto-recompile
[2016.03.30-03.36.18:956][922]LogPlayLevel: [PIE] Compiling Pantalla-Curva-A4A before PIE...
[2016.03.30-03.36.19:671][922]LogPlayLevel: PIE:  Blueprint regeneration took 749 ms (1 blueprints)
[2016.03.30-03.36.19:672][922]PIE: New page: PIE session: tv-prueba (Mar 29, 2016, 3:36:19 PM)
[2016.03.30-03.36.19:682][922]LogPlayLevel: PIE: StaticDuplicateObject took: (0.008694s)
[2016.03.30-03.36.19:687][922]LogPlayLevel: PIE: World Init took: (0.005267s)
[2016.03.30-03.36.19:687][922]LogPlayLevel: PIE: Created PIE world by copying editor world from /Game/tv-prueba.tv-prueba to /Game/UEDPIE_0_tv-prueba.tv-prueba (0.014411s)
[2016.03.30-03.36.20:189][922]LogWorld: Game class is 'GameMode'
[2016.03.30-03.36.20:195][922]LogAIModule: Creating AISystem for world tv-prueba
[2016.03.30-03.36.20:207][922]LogWorld: Bringing World /Game/UEDPIE_0_tv-prueba.tv-prueba up for play (max tick rate 0) at 2016.03.29-21.36.20
[2016.03.30-03.36.20:209][922]LogWorld: Bringing up level for play took: 0.012208
[2016.03.30-03.36.20:339][922]PIE: Info Play in editor start time for /Game/UEDPIE_0_tv-prueba 1.388
[2016.03.30-03.36.50:988][317]LogParticles: Destroying 0 GPU particle simulations for FXSystem 0x000000000C596A20
[2016.03.30-03.36.53:810][347]LogContentBrowser:Verbose: The content browser source was changed by the sources view to '/Game/SmartTVCurved/Materials'
[2016.03.30-03.36.54:854][358]LogContentBrowser:Verbose: The content browser source was changed by the sources view to '/Game/SmartTVCurved/Mesh'
[2016.03.30-03.36.55:760][362]LogContentBrowser:Verbose: The content browser source was changed by the sources view to '/Game/SmartTVCurved/Texture'
[2016.03.30-03.36.59:952][390]LogMaterial: Missing cached shader map for material tv-screen_Mat, compiling. 
[2016.03.30-03.37.00:410][390]LogActorComponent: UnregisterComponent: (/Engine/Transient.SkeletalMeshComponent_0) Not registered. Aborting.
[2016.03.30-03.37.00:866][390]LogActorComponent: UnregisterComponent: (/Engine/Transient.SkeletalMeshComponent_0) Not registered. Aborting.
[2016.03.30-03.37.00:866][390]LogActorComponent: RegisterComponentWithWorld: (/Engine/Transient.MaterialEditorMeshComponent_0) Already registered. Aborting.
[2016.03.30-03.37.00:868][390]LogActorComponent: UnregisterComponent: (/Engine/Transient.SkeletalMeshComponent_0) Not registered. Aborting.
[2016.03.30-03.37.00:868][390]LogActorComponent: RegisterComponentWithWorld: (/Engine/Transient.MaterialEditorMeshComponent_0) Already registered. Aborting.
[2016.03.30-03.37.00:910][390]LogMaterial: Missing cached shader map for material tv-screen_Mat, compiling. 
[2016.03.30-03.37.00:994][390]LogMaterial: 0.000191 seconds spent updating 1 materials, 1 interfaces, 0 instances, 0 with static permutations.
[2016.03.30-03.37.01:052][390]LogMaterial: Missing cached shader map for material FMatExpressionPreview MaterialExpressionTextureSample_1, compiling. 
[2016.03.30-03.37.52:495][996]BlueprintLog: New page: Pre-PIE auto-recompile
[2016.03.30-03.37.52:948][996]LogPlayLevel: [PIE] Compiling Pantalla-Curva-A4A before PIE...
[2016.03.30-03.37.54:691][996]LogPlayLevel: PIE:  Blueprint regeneration took 2195 ms (1 blueprints)
[2016.03.30-03.37.54:691][996]PIE: New page: PIE session: tv-prueba (Mar 29, 2016, 3:37:54 PM)
[2016.03.30-03.37.54:744][996]LogPlayLevel: PIE: StaticDuplicateObject took: (0.051223s)
[2016.03.30-03.37.54:753][996]LogPlayLevel: PIE: World Init took: (0.009535s)
[2016.03.30-03.37.54:754][996]LogPlayLevel: PIE: Created PIE world by copying editor world from /Game/tv-prueba.tv-prueba to /Game/UEDPIE_0_tv-prueba.tv-prueba (0.061199s)
[2016.03.30-03.37.55:114][996]LogWorld: Game class is 'GameMode'
[2016.03.30-03.37.55:125][996]LogAIModule: Creating AISystem for world tv-prueba
[2016.03.30-03.37.55:261][996]LogWorld: Bringing World /Game/UEDPIE_0_tv-prueba.tv-prueba up for play (max tick rate 0) at 2016.03.29-21.37.55
[2016.03.30-03.37.55:264][996]LogWorld: Bringing up level for play took: 0.135328
[2016.03.30-03.37.55:442][996]PIE: Info Play in editor start time for /Game/UEDPIE_0_tv-prueba 2.488
[2016.03.30-03.37.55:979][997]MaterialEditorStats: Info Base pass shader with static lighting: 66 instructions
[2016.03.30-03.37.55:980][997]MaterialEditorStats: Info Base pass shader with only dynamic lighting: 35 instructions
[2016.03.30-03.37.55:980][997]MaterialEditorStats: Info Vertex shader: 33 instructions
[2016.03.30-03.37.55:980][997]MaterialEditorStats: Info Texture samplers: 3/16
[2016.03.30-03.38.15:956][202]LogParticles: Destroying 0 GPU particle simulations for FXSystem 0x0000000042B46DE0
[2016.03.30-03.39.07:988][762]BlueprintLog: New page: Pre-PIE auto-recompile
[2016.03.30-03.39.08:142][762]LogPlayLevel: [PIE] Compiling Pantalla-Curva-A4A before PIE...
[2016.03.30-03.39.09:134][762]LogPlayLevel: PIE:  Blueprint regeneration took 1145 ms (1 blueprints)
[2016.03.30-03.39.09:134][762]PIE: New page: PIE session: tv-prueba (Mar 29, 2016, 3:39:09 PM)
[2016.03.30-03.39.09:210][762]LogPlayLevel: PIE: StaticDuplicateObject took: (0.035151s)
[2016.03.30-03.39.09:217][762]LogPlayLevel: PIE: World Init took: (0.006506s)
[2016.03.30-03.39.09:218][762]LogPlayLevel: PIE: Created PIE world by copying editor world from /Game/tv-prueba.tv-prueba to /Game/UEDPIE_0_tv-prueba.tv-prueba (0.042661s)
[2016.03.30-03.39.09:441][762]LogWorld: Game class is 'GameMode'
[2016.03.30-03.39.09:450][762]LogAIModule: Creating AISystem for world tv-prueba
[2016.03.30-03.39.09:534][762]LogWorld: Bringing World /Game/UEDPIE_0_tv-prueba.tv-prueba up for play (max tick rate 0) at 2016.03.29-21.39.09
[2016.03.30-03.39.09:552][762]LogWorld: Bringing up level for play took: 0.099393
[2016.03.30-03.39.09:880][762]PIE: Info Play in editor start time for /Game/UEDPIE_0_tv-prueba 0.923
[2016.03.30-03.39.28:201][975]LogParticles: Destroying 0 GPU particle simulations for FXSystem 0x00000000349A1760
[2016.03.30-03.41.10:757][190]Cmd: OBJ SAVEPACKAGE PACKAGE="/Game/tv-prueba" FILE="../../../../../../Users/3c0z/Documents/Assets/ELECTRONICASSETS/Saved/Autosaves/Game/tv-prueba_Auto3.umap" SILENT=true AUTOSAVING=true KEEPDIRTY=false
[2016.03.30-03.41.25:153][190]LogSavePackage: Save=966.147583ms
[2016.03.30-03.41.25:153][190]LogSavePackage: Moving '../../../../../../Users/3c0z/Documents/Assets/ELECTRONICASSETS/Saved/tv-prueba_Auto35775713E4131CDEC46E08785B036FA67.tmp' to '../../../../../../Users/3c0z/Documents/Assets/ELECTRONICASSETS/Saved/Autosaves/Game/tv-prueba_Auto3.umap'
[2016.03.30-03.41.26:851][190]LogFileHelpers: Editor autosave (incl. sublevels) for '/Game/tv-prueba' took 22.833
[2016.03.30-03.41.26:851][190]LogFileHelpers: Editor autosave (incl. sublevels) for all levels took 22.833
[2016.03.30-03.41.28:382][190]OBJ SavePackage: Generating thumbnails for [1] asset(s) in package [/Game/SmartTVCurved/Blueprint/Pantalla-Curva-A4A] ([1] browsable assets)...
[2016.03.30-03.41.28:831][190]OBJ SavePackage:     Rendered thumbnail for [Blueprint /Game/SmartTVCurved/Blueprint/Pantalla-Curva-A4A.Pantalla-Curva-A4A]
[2016.03.30-03.41.28:831][190]OBJ SavePackage: Finished generating thumbnails for package [/Game/SmartTVCurved/Blueprint/Pantalla-Curva-A4A]
[2016.03.30-03.42.28:914][190]LogSavePackage: Save=55995.210938ms
[2016.03.30-03.42.28:917][190]LogSavePackage: Moving '../../../../../../Users/3c0z/Documents/Assets/ELECTRONICASSETS/Saved/Pantalla-Curva-A4A_Auto3EE24540B49F17ED15286BBA2CFCBBC28.tmp' to '../../../../../../Users/3c0z/Documents/Assets/ELECTRONICASSETS/Saved/Autosaves/Game/SmartTVCurved/Blueprint/Pantalla-Curva-A4A_Auto3.uasset'
[2016.03.30-03.42.29:561][190]LogFileHelpers: Auto-saving content packages took 62.709
[2016.03.30-03.45.00:553][ 59]BlueprintLog: New page: Pre-PIE auto-recompile
[2016.03.30-03.45.00:659][ 59]LogPlayLevel: [PIE] Compiling Pantalla-Curva-A4A before PIE...
[2016.03.30-03.45.01:732][ 59]LogPlayLevel: PIE:  Blueprint regeneration took 1179 ms (1 blueprints)
[2016.03.30-03.45.01:733][ 59]PIE: New page: PIE session: tv-prueba (Mar 29, 2016, 3:45:01 PM)
[2016.03.30-03.45.01:742][ 59]LogPlayLevel: PIE: StaticDuplicateObject took: (0.008068s)
[2016.03.30-03.45.01:745][ 59]LogPlayLevel: PIE: World Init took: (0.002631s)
[2016.03.30-03.45.01:745][ 59]LogPlayLevel: PIE: Created PIE world by copying editor world from /Game/tv-prueba.tv-prueba to /Game/UEDPIE_0_tv-prueba.tv-prueba (0.011102s)
[2016.03.30-03.45.02:087][ 59]LogWorld: Game class is 'GameMode'
[2016.03.30-03.45.02:092][ 59]LogAIModule: Creating AISystem for world tv-prueba
[2016.03.30-03.45.02:189][ 59]LogWorld: Bringing World /Game/UEDPIE_0_tv-prueba.tv-prueba up for play (max tick rate 0) at 2016.03.29-21.45.02
[2016.03.30-03.45.02:191][ 59]LogWorld: Bringing up level for play took: 0.097265
[2016.03.30-03.45.02:425][ 59]PIE: Info Play in editor start time for /Game/UEDPIE_0_tv-prueba 1.459
[2016.03.30-03.45.18:241][217]LogParticles: Destroying 0 GPU particle simulations for FXSystem 0x00000000426E2980
[2016.03.30-03.46.23:636][652]BlueprintLog: New page: Pre-PIE auto-recompile
[2016.03.30-03.46.23:748][652]LogPlayLevel: [PIE] Compiling Pantalla-Curva-A4A before PIE...
[2016.03.30-03.46.24:623][652]LogPlayLevel: PIE:  Blueprint regeneration took 986 ms (1 blueprints)
[2016.03.30-03.46.24:624][652]PIE: New page: PIE session: tv-prueba (Mar 29, 2016, 3:46:24 PM)
[2016.03.30-03.46.24:634][652]LogPlayLevel: PIE: StaticDuplicateObject took: (0.009010s)
[2016.03.30-03.46.24:637][652]LogPlayLevel: PIE: World Init took: (0.002658s)
[2016.03.30-03.46.24:637][652]LogPlayLevel: PIE: Created PIE world by copying editor world from /Game/tv-prueba.tv-prueba to /Game/UEDPIE_0_tv-prueba.tv-prueba (0.012070s)
[2016.03.30-03.46.25:257][652]LogWorld: Game class is 'GameMode'
[2016.03.30-03.46.25:263][652]LogAIModule: Creating AISystem for world tv-prueba
[2016.03.30-03.46.25:279][652]LogWorld: Bringing World /Game/UEDPIE_0_tv-prueba.tv-prueba up for play (max tick rate 0) at 2016.03.29-21.46.25
[2016.03.30-03.46.25:281][652]LogWorld: Bringing up level for play took: 0.016394
[2016.03.30-03.46.25:394][652]PIE: Info Play in editor start time for /Game/UEDPIE_0_tv-prueba 2.424
[2016.03.30-03.46.56:718][ 24]LogParticles: Destroying 0 GPU particle simulations for FXSystem 0x000000003ACF1B20
[2016.03.30-03.47.04:385][102]LogEditorTransaction: Undo Delete current selection
[2016.03.30-03.47.04:859][102]LogMaterial: Missing cached shader map for material tv-screen_Mat, compiling. 
[2016.03.30-03.47.04:892][102]LogMaterial: 0.007867 seconds spent updating 1 materials, 1 interfaces, 0 instances, 0 with static permutations.
[2016.03.30-03.47.57:029][422]LogSavePackage: Save=2731.098389ms
[2016.03.30-03.47.57:029][422]LogSavePackage: Moving '../../../../../../Users/3c0z/Documents/Assets/ELECTRONICASSETS/Saved/Pantalla-Curva-A4AD81DD6B843D76E885B4E37B662607E4A.tmp' to '../../../../../../Users/3c0z/Documents/Assets/ELECTRONICASSETS/Content/SmartTVCurved/Blueprint/Pantalla-Curva-A4A.uasset'
[2016.03.30-03.47.58:898][441]BlueprintLog: New page: Pre-PIE auto-recompile
[2016.03.30-03.47.59:096][441]LogPlayLevel: [PIE] Compiling Pantalla-Curva-A4A before PIE...
[2016.03.30-03.48.00:092][441]LogPlayLevel: PIE:  Blueprint regeneration took 1194 ms (1 blueprints)
[2016.03.30-03.48.00:093][441]PIE: New page: PIE session: tv-prueba (Mar 29, 2016, 3:48:00 PM)
[2016.03.30-03.48.00:104][441]LogPlayLevel: PIE: StaticDuplicateObject took: (0.007880s)
[2016.03.30-03.48.00:107][441]LogPlayLevel: PIE: World Init took: (0.002449s)
[2016.03.30-03.48.00:107][441]LogPlayLevel: PIE: Created PIE world by copying editor world from /Game/tv-prueba.tv-prueba to /Game/UEDPIE_0_tv-prueba.tv-prueba (0.011399s)
[2016.03.30-03.48.00:587][441]LogWorld: Game class is 'GameMode'
[2016.03.30-03.48.00:595][441]LogAIModule: Creating AISystem for world tv-prueba
[2016.03.30-03.48.00:667][441]LogWorld: Bringing World /Game/UEDPIE_0_tv-prueba.tv-prueba up for play (max tick rate 0) at 2016.03.29-21.48.00
[2016.03.30-03.48.00:671][441]LogWorld: Bringing up level for play took: 0.074280
[2016.03.30-03.48.00:842][441]PIE: Info Play in editor start time for /Game/UEDPIE_0_tv-prueba 1.87
[2016.03.30-03.48.28:917][597]LogParticles: Destroying 0 GPU particle simulations for FXSystem 0x000000000FDA7B00
[2016.03.30-03.49.56:604][190]LogSavePackage: Save=3945.515381ms
[2016.03.30-03.49.56:604][190]LogSavePackage: Moving '../../../../../../Users/3c0z/Documents/Assets/ELECTRONICASSETS/Saved/Pantalla-Curva-A4AB817C72942F926274C8813A741CF1B24.tmp' to '../../../../../../Users/3c0z/Documents/Assets/ELECTRONICASSETS/Content/SmartTVCurved/Blueprint/Pantalla-Curva-A4A.uasset'
[2016.03.30-03.49.58:111][206]MaterialEditorStats: Info Base pass shader with static lighting: 66 instructions
[2016.03.30-03.49.58:111][206]MaterialEditorStats: Info Base pass shader with only dynamic lighting: 35 instructions
[2016.03.30-03.49.58:112][206]MaterialEditorStats: Info Vertex shader: 33 instructions
[2016.03.30-03.49.58:112][206]MaterialEditorStats: Info Texture samplers: 3/16
[2016.03.30-03.49.59:164][216]BlueprintLog: New page: Pre-PIE auto-recompile
[2016.03.30-03.49.59:243][216]LogPlayLevel: [PIE] Compiling Pantalla-Curva-A4A before PIE...
[2016.03.30-03.50.00:431][216]LogPlayLevel: PIE:  Blueprint regeneration took 1267 ms (1 blueprints)
[2016.03.30-03.50.00:432][216]PIE: New page: PIE session: tv-prueba (Mar 29, 2016, 3:50:00 PM)
[2016.03.30-03.50.00:447][216]LogPlayLevel: PIE: StaticDuplicateObject took: (0.013963s)
[2016.03.30-03.50.00:450][216]LogPlayLevel: PIE: World Init took: (0.002992s)
[2016.03.30-03.50.00:451][216]LogPlayLevel: PIE: Created PIE world by copying editor world from /Game/tv-prueba.tv-prueba to /Game/UEDPIE_0_tv-prueba.tv-prueba (0.017371s)
[2016.03.30-03.50.00:786][216]LogWorld: Game class is 'GameMode'
[2016.03.30-03.50.00:791][216]LogAIModule: Creating AISystem for world tv-prueba
[2016.03.30-03.50.00:809][216]LogWorld: Bringing World /Game/UEDPIE_0_tv-prueba.tv-prueba up for play (max tick rate 0) at 2016.03.29-21.50.00
[2016.03.30-03.50.00:811][216]LogWorld: Bringing up level for play took: 0.017678
[2016.03.30-03.50.01:167][216]PIE: Info Play in editor start time for /Game/UEDPIE_0_tv-prueba 2.191
[2016.03.30-03.50.21:448][421]LogParticles: Destroying 0 GPU particle simulations for FXSystem 0x000000002B3685E0
[2016.03.30-03.51.40:058][239]BlueprintLog: New page: Pre-PIE auto-recompile
[2016.03.30-03.51.40:136][239]LogPlayLevel: [PIE] Compiling Pantalla-Curva-A4A before PIE...
[2016.03.30-03.51.41:151][239]LogPlayLevel: PIE:  Blueprint regeneration took 1092 ms (1 blueprints)
[2016.03.30-03.51.41:151][239]PIE: New page: PIE session: tv-prueba (Mar 29, 2016, 3:51:41 PM)
[2016.03.30-03.51.41:163][239]LogPlayLevel: PIE: StaticDuplicateObject took: (0.010340s)
[2016.03.30-03.51.41:167][239]LogPlayLevel: PIE: World Init took: (0.003383s)
[2016.03.30-03.51.41:167][239]LogPlayLevel: PIE: Created PIE world by copying editor world from /Game/tv-prueba.tv-prueba to /Game/UEDPIE_0_tv-prueba.tv-prueba (0.014217s)
[2016.03.30-03.51.41:277][239]LogWorld: Game class is 'GameMode'
[2016.03.30-03.51.41:281][239]LogAIModule: Creating AISystem for world tv-prueba
[2016.03.30-03.51.41:312][239]LogWorld: Bringing World /Game/UEDPIE_0_tv-prueba.tv-prueba up for play (max tick rate 0) at 2016.03.29-21.51.41
[2016.03.30-03.51.41:315][239]LogWorld: Bringing up level for play took: 0.031075
[2016.03.30-03.51.41:436][239]PIE: Info Play in editor start time for /Game/UEDPIE_0_tv-prueba 0.458
[2016.03.30-03.51.51:188][407]LogParticles: Destroying 0 GPU particle simulations for FXSystem 0x0000000036C9FEC0
[2016.03.30-03.52.42:901][751]BlueprintLog: New page: Pre-PIE auto-recompile
[2016.03.30-03.52.43:110][751]LogPlayLevel: [PIE] Compiling Pantalla-Curva-A4A before PIE...
[2016.03.30-03.52.44:439][751]LogPlayLevel: PIE:  Blueprint regeneration took 1537 ms (1 blueprints)
[2016.03.30-03.52.44:440][751]PIE: New page: PIE session: tv-prueba (Mar 29, 2016, 3:52:44 PM)
[2016.03.30-03.52.44:516][751]LogPlayLevel: PIE: StaticDuplicateObject took: (0.075135s)
[2016.03.30-03.52.44:522][751]LogPlayLevel: PIE: World Init took: (0.005874s)
[2016.03.30-03.52.44:522][751]LogPlayLevel: PIE: Created PIE world by copying editor world from /Game/tv-prueba.tv-prueba to /Game/UEDPIE_0_tv-prueba.tv-prueba (0.081415s)
[2016.03.30-03.52.44:901][751]LogWorld: Game class is 'GameMode'
[2016.03.30-03.52.44:907][751]LogAIModule: Creating AISystem for world tv-prueba
[2016.03.30-03.52.44:944][751]LogWorld: Bringing World /Game/UEDPIE_0_tv-prueba.tv-prueba up for play (max tick rate 0) at 2016.03.29-21.52.44
[2016.03.30-03.52.44:946][751]LogWorld: Bringing up level for play took: 0.037651
[2016.03.30-03.52.45:145][751]PIE: Info Play in editor start time for /Game/UEDPIE_0_tv-prueba 2.158
[2016.03.30-03.52.53:729][812]LogParticles: Destroying 0 GPU particle simulations for FXSystem 0x000000001786C4A0
[2016.03.30-03.53.11:037][983]LogPlayLevel: PIE:  No blueprints needed recompiling
[2016.03.30-03.53.11:038][983]PIE: New page: PIE session: tv-prueba (Mar 29, 2016, 3:53:11 PM)
[2016.03.30-03.53.11:050][983]LogPlayLevel: PIE: StaticDuplicateObject took: (0.011413s)
[2016.03.30-03.53.11:055][983]LogPlayLevel: PIE: World Init took: (0.004456s)
[2016.03.30-03.53.11:055][983]LogPlayLevel: PIE: Created PIE world by copying editor world from /Game/tv-prueba.tv-prueba to /Game/UEDPIE_0_tv-prueba.tv-prueba (0.016482s)
[2016.03.30-03.53.11:245][983]LogWorld: Game class is 'GameMode'
[2016.03.30-03.53.11:251][983]LogAIModule: Creating AISystem for world tv-prueba
[2016.03.30-03.53.11:263][983]LogWorld: Bringing World /Game/UEDPIE_0_tv-prueba.tv-prueba up for play (max tick rate 0) at 2016.03.29-21.53.11
[2016.03.30-03.53.11:266][983]LogWorld: Bringing up level for play took: 0.012365
[2016.03.30-03.53.11:940][983]PIE: Info Play in editor start time for /Game/UEDPIE_0_tv-prueba 0.959
[2016.03.30-03.53.36:415][153]LogParticles: Destroying 0 GPU particle simulations for FXSystem 0x000000005DBCEFC0
[2016.03.30-03.54.29:356][623]BlueprintLog: New page: Pre-PIE auto-recompile
[2016.03.30-03.54.29:525][623]LogPlayLevel: [PIE] Compiling Pantalla-Curva-A4A before PIE...
[2016.03.30-03.54.30:650][623]LogPlayLevel: PIE:  Blueprint regeneration took 1298 ms (1 blueprints)
[2016.03.30-03.54.30:651][623]PIE: New page: PIE session: tv-prueba (Mar 29, 2016, 3:54:30 PM)
[2016.03.30-03.54.30:702][623]LogPlayLevel: PIE: StaticDuplicateObject took: (0.049157s)
[2016.03.30-03.54.30:705][623]LogPlayLevel: PIE: World Init took: (0.002410s)
[2016.03.30-03.54.30:705][623]LogPlayLevel: PIE: Created PIE world by copying editor world from /Game/tv-prueba.tv-prueba to /Game/UEDPIE_0_tv-prueba.tv-prueba (0.052116s)
[2016.03.30-03.54.30:864][623]LogWorld: Game class is 'GameMode'
[2016.03.30-03.54.30:891][623]LogAIModule: Creating AISystem for world tv-prueba
[2016.03.30-03.54.30:906][623]LogWorld: Bringing World /Game/UEDPIE_0_tv-prueba.tv-prueba up for play (max tick rate 0) at 2016.03.29-21.54.30
[2016.03.30-03.54.30:921][623]LogWorld: Bringing up level for play took: 0.025180
[2016.03.30-03.54.31:035][623]PIE: Info Play in editor start time for /Game/UEDPIE_0_tv-prueba 2.052
[2016.03.30-03.54.41:073][717]LogParticles: Destroying 0 GPU particle simulations for FXSystem 0x000000000C5940E0
[2016.03.30-03.54.54:085][845]LogSavePackage: Save=3026.277100ms
[2016.03.30-03.54.54:085][845]LogSavePackage: Moving '../../../../../../Users/3c0z/Documents/Assets/ELECTRONICASSETS/Saved/Pantalla-Curva-A4A5F3F6DD842E2AAC3BFB51A9D7BEF6BDD.tmp' to '../../../../../../Users/3c0z/Documents/Assets/ELECTRONICASSETS/Content/SmartTVCurved/Blueprint/Pantalla-Curva-A4A.uasset'
[2016.03.30-03.55.07:976][871]Cmd: OBJ SAVEPACKAGE PACKAGE="/Game/tv-prueba" FILE="../../../../../../Users/3c0z/Documents/Assets/ELECTRONICASSETS/Saved/Autosaves/Game/tv-prueba_Auto4.umap" SILENT=true AUTOSAVING=true KEEPDIRTY=false
[2016.03.30-03.55.10:351][871]LogSavePackage: Save=1246.940063ms
[2016.03.30-03.55.10:395][871]LogSavePackage: Moving '../../../../../../Users/3c0z/Documents/Assets/ELECTRONICASSETS/Saved/tv-prueba_Auto4049DA51D4ABA2D080E99019BE38DAB77.tmp' to '../../../../../../Users/3c0z/Documents/Assets/ELECTRONICASSETS/Saved/Autosaves/Game/tv-prueba_Auto4.umap'
[2016.03.30-03.55.10:569][871]LogFileHelpers: Editor autosave (incl. sublevels) for '/Game/tv-prueba' took 4.584
[2016.03.30-03.55.10:569][871]LogFileHelpers: Editor autosave (incl. sublevels) for all levels took 4.584
[2016.03.30-03.55.34:103][953]BlueprintLog: New page: Pre-PIE auto-recompile
[2016.03.30-03.55.34:167][953]LogPlayLevel: [PIE] Compiling Pantalla-Curva-A4A before PIE...
[2016.03.30-03.55.34:932][953]LogPlayLevel: PIE:  Blueprint regeneration took 828 ms (1 blueprints)
[2016.03.30-03.55.34:933][953]PIE: New page: PIE session: tv-prueba (Mar 29, 2016, 3:55:34 PM)
[2016.03.30-03.55.34:941][953]LogPlayLevel: PIE: StaticDuplicateObject took: (0.006832s)
[2016.03.30-03.55.34:967][953]LogPlayLevel: PIE: World Init took: (0.026113s)
[2016.03.30-03.55.34:968][953]LogPlayLevel: PIE: Created PIE world by copying editor world from /Game/tv-prueba.tv-prueba to /Game/UEDPIE_0_tv-prueba.tv-prueba (0.033365s)
[2016.03.30-03.55.35:137][953]LogWorld: Game class is 'GameMode'
[2016.03.30-03.55.35:144][953]LogAIModule: Creating AISystem for world tv-prueba
[2016.03.30-03.55.35:166][953]LogWorld: Bringing World /Game/UEDPIE_0_tv-prueba.tv-prueba up for play (max tick rate 0) at 2016.03.29-21.55.35
[2016.03.30-03.55.35:168][953]LogWorld: Bringing up level for play took: 0.015651
[2016.03.30-03.55.35:269][953]PIE: Info Play in editor start time for /Game/UEDPIE_0_tv-prueba 0.284
[2016.03.30-03.55.37:553][962]LogParticles: Destroying 0 GPU particle simulations for FXSystem 0x000000003E1F1440
[2016.03.30-03.55.42:201][995]LogSavePackage: Save=2273.662598ms
[2016.03.30-03.55.42:201][995]LogSavePackage: Moving '../../../../../../Users/3c0z/Documents/Assets/ELECTRONICASSETS/Saved/Pantalla-Curva-A4A14FDAE3A4DCFD1001B7F308693151B45.tmp' to '../../../../../../Users/3c0z/Documents/Assets/ELECTRONICASSETS/Content/SmartTVCurved/Blueprint/Pantalla-Curva-A4A.uasset'
[2016.03.30-03.56.13:461][ 51]LogMaterial: Missing cached shader map for material tv-screen_Mat, compiling. 
[2016.03.30-03.56.13:537][ 51]LogMaterial: 0.000499 seconds spent updating 1 materials, 1 interfaces, 0 instances, 0 with static permutations.
[2016.03.30-03.56.14:198][ 51]LogMaterial: Missing cached shader map for material tv-screen_Mat, compiling. 
[2016.03.30-03.56.14:684][ 51]LogMaterial: Missing cached shader map for material tv-screen_Mat, compiling. 
[2016.03.30-03.56.14:761][ 51]LogMaterial: 0.044671 seconds spent updating 1 materials, 1 interfaces, 0 instances, 0 with static permutations.
[2016.03.30-03.57.25:753][ 51]LogSavePackage: Save=678.824097ms
[2016.03.30-03.57.25:753][ 51]LogSavePackage: Moving '../../../../../../Users/3c0z/Documents/Assets/ELECTRONICASSETS/Saved/tv-screen_MatA70FA0604E619349FA402AB50BE753EE.tmp' to '../../../../../../Users/3c0z/Documents/Assets/ELECTRONICASSETS/Content/SmartTVCurved/Texture/tv-screen_Mat.uasset'
[2016.03.30-03.57.26:411][ 51]Cmd: OBJ SAVEPACKAGE PACKAGE="/Game/tv-prueba" FILE="../../../../../../Users/3c0z/Documents/Assets/ELECTRONICASSETS/Content/tv-prueba.umap" SILENT=true AUTOSAVING=false KEEPDIRTY=false
[2016.03.30-03.57.27:078][ 51]LogSavePackage: Save=380.441437ms
[2016.03.30-03.57.27:079][ 51]LogSavePackage: Moving '../../../../../../Users/3c0z/Documents/Assets/ELECTRONICASSETS/Saved/tv-prueba8EFA08B64869A5139B90F39E69F40131.tmp' to '../../../../../../Users/3c0z/Documents/Assets/ELECTRONICASSETS/Content/tv-prueba.umap'
[2016.03.30-03.57.27:260][ 51]LogFileHelpers: Saving map 'tv-prueba' took 1.481
[2016.03.30-03.57.29:207][ 52]Cmd: QUIT_EDITOR
[2016.03.30-03.57.30:778][ 52]LogExit: Preparing to exit.
[2016.03.30-03.57.31:820][ 52]LogExit: Editor shut down
[2016.03.30-03.57.31:821][ 52]LogExit: Transaction tracking system shut down
[2016.03.30-03.57.31:823][ 52]LogParticles: Destroying 0 GPU particle simulations for FXSystem 0x000000003ACF2FC0
[2016.03.30-03.57.31:823][ 52]LogParticles: Destroying 0 GPU particle simulations for FXSystem 0x0000000016800FE0
[2016.03.30-03.57.31:824][ 52]LogParticles: Destroying 0 GPU particle simulations for FXSystem 0x000000003AAAC9A0
[2016.03.30-03.57.31:825][ 52]LogParticles: Destroying 0 GPU particle simulations for FXSystem 0x000000003AB4D8A0
[2016.03.30-03.57.31:825][ 52]LogParticles: Destroying 0 GPU particle simulations for FXSystem 0x000000000DBD4CC0
[2016.03.30-03.57.31:826][ 52]LogParticles: Destroying 0 GPU particle simulations for FXSystem 0x000000000E24DEE0
[2016.03.30-03.57.31:830][ 52]LogParticles: Destroying 0 GPU particle simulations for FXSystem 0x000000002F874A40
[2016.03.30-03.57.32:475][ 52]LogExit: Object subsystem successfully closed.
[2016.03.30-03.57.32:670][ 52]LogModuleManager: Shutting down and abandoning module MaterialEditor (178)
[2016.03.30-03.57.32:670][ 52]LogModuleManager: Shutting down and abandoning module CrashTracker (177)
[2016.03.30-03.57.32:670][ 52]LogModuleManager: Shutting down and abandoning module SuperSearch (176)
[2016.03.30-03.57.32:670][ 52]LogModuleManager: Shutting down and abandoning module SceneOutliner (175)
[2016.03.30-03.57.32:670][ 52]LogModuleManager: Shutting down and abandoning module EditorWidgets (174)
[2016.03.30-03.57.32:670][ 52]LogModuleManager: Shutting down and abandoning module CollectionManager (173)
[2016.03.30-03.57.32:670][ 52]LogModuleManager: Shutting down and abandoning module StatsViewer (172)
[2016.03.30-03.57.32:671][ 52]LogModuleManager: Shutting down and abandoning module FoliageEdit (171)
[2016.03.30-03.57.32:671][ 52]LogModuleManager: Shutting down and abandoning module LandscapeEditor (170)
[2016.03.30-03.57.32:672][ 52]LogModuleManager: Shutting down and abandoning module MeshPaint (169)
[2016.03.30-03.57.32:672][ 52]LogModuleManager: Shutting down and abandoning module ActorPickerMode (168)
[2016.03.30-03.57.32:672][ 52]LogModuleManager: Shutting down and abandoning module GeometryMode (167)
[2016.03.30-03.57.32:672][ 52]LogModuleManager: Shutting down and abandoning module TextureAlignMode (166)
[2016.03.30-03.57.32:672][ 52]LogModuleManager: Shutting down and abandoning module BspMode (165)
[2016.03.30-03.57.32:672][ 52]LogModuleManager: Shutting down and abandoning module PlacementMode (164)
[2016.03.30-03.57.32:672][ 52]LogModuleManager: Shutting down and abandoning module AutomationWorker (163)
[2016.03.30-03.57.32:672][ 52]LogModuleManager: Shutting down and abandoning module CharacterAI (162)
[2016.03.30-03.57.32:672][ 52]LogModuleManager: Shutting down and abandoning module SmartSnapping (161)
[2016.03.30-03.57.32:672][ 52]LogModuleManager: Shutting down and abandoning module ViewportSnapping (160)
[2016.03.30-03.57.32:672][ 52]LogModuleManager: Shutting down and abandoning module LogVisualizer (159)
[2016.03.30-03.57.32:689][ 52]LogModuleManager: Shutting down and abandoning module GameProjectGeneration (158)
[2016.03.30-03.57.32:689][ 52]LogModuleManager: Shutting down and abandoning module IntroTutorials (157)
[2016.03.30-03.57.32:689][ 52]LogModuleManager: Shutting down and abandoning module EditorLiveStreaming (156)
[2016.03.30-03.57.32:689][ 52]LogModuleManager: Shutting down and abandoning module HardwareTargeting (155)
[2016.03.30-03.57.32:706][ 52]LogModuleManager: Shutting down and abandoning module DeviceProfileEditor (154)
[2016.03.30-03.57.32:706][ 52]LogModuleManager: Shutting down and abandoning module UndoHistory (153)
[2016.03.30-03.57.32:706][ 52]LogModuleManager: Shutting down and abandoning module GameplayTagsEditor (152)
[2016.03.30-03.57.32:706][ 52]LogModuleManager: Shutting down and abandoning module UserFeedback (151)
[2016.03.30-03.57.32:706][ 52]LogModuleManager: Shutting down and abandoning module XmlParser (150)
[2016.03.30-03.57.32:706][ 52]LogModuleManager: Shutting down and abandoning module Blutility (149)
[2016.03.30-03.57.32:706][ 52]LogModuleManager: Shutting down and abandoning module IOSPlatformEditor (148)
[2016.03.30-03.57.32:706][ 52]LogModuleManager: Shutting down and abandoning module IOSRuntimeSettings (147)
[2016.03.30-03.57.32:706][ 52]LogModuleManager: Shutting down and abandoning module AndroidDeviceDetection (146)
[2016.03.30-03.57.33:154][ 52]LogModuleManager: Shutting down and abandoning module AndroidPlatformEditor (145)
[2016.03.30-03.57.33:154][ 52]LogModuleManager: Shutting down and abandoning module AndroidRuntimeSettings (144)
[2016.03.30-03.57.33:154][ 52]LogModuleManager: Shutting down and abandoning module ProjectTargetPlatformEditor (143)
[2016.03.30-03.57.33:154][ 52]LogModuleManager: Shutting down and abandoning module ProjectSettingsViewer (142)
[2016.03.30-03.57.33:154][ 52]LogModuleManager: Shutting down and abandoning module InputBindingEditor (141)
[2016.03.30-03.57.33:155][ 52]LogModuleManager: Shutting down and abandoning module EditorSettingsViewer (140)
[2016.03.30-03.57.33:155][ 52]LogModuleManager: Shutting down and abandoning module SettingsEditor (139)
[2016.03.30-03.57.33:167][ 52]LogModuleManager: Shutting down and abandoning module ProjectLauncher (138)
[2016.03.30-03.57.33:167][ 52]LogModuleManager: Shutting down and abandoning module SessionFrontend (137)
[2016.03.30-03.57.33:177][ 52]LogModuleManager: Shutting down and abandoning module ProfilerClient (136)
[2016.03.30-03.57.33:177][ 52]LogModuleManager: Shutting down and abandoning module TargetDeviceServices (135)
[2016.03.30-03.57.33:177][ 52]LogModuleManager: Shutting down and abandoning module DeviceManager (134)
[2016.03.30-03.57.33:177][ 52]LogModuleManager: Shutting down and abandoning module AutomationController (133)
[2016.03.30-03.57.33:196][ 52]LogModuleManager: Shutting down and abandoning module AutomationWindow (132)
[2016.03.30-03.57.33:196][ 52]LogModuleManager: Shutting down and abandoning module Layers (131)
[2016.03.30-03.57.33:213][ 52]LogModuleManager: Shutting down and abandoning module ComponentVisualizers (130)
[2016.03.30-03.57.33:213][ 52]LogModuleManager: Shutting down and abandoning module DetailCustomizations (129)
[2016.03.30-03.57.33:213][ 52]LogModuleManager: Shutting down and abandoning module PackagesDialog (128)
[2016.03.30-03.57.33:213][ 52]LogModuleManager: Shutting down and abandoning module AssetRegistry (127)
[2016.03.30-03.57.33:339][ 52]LogModuleManager: Shutting down and abandoning module Persona (126)
[2016.03.30-03.57.33:358][ 52]LogModuleManager: Shutting down and abandoning module SlateReflector (125)
[2016.03.30-03.57.33:358][ 52]LogModuleManager: Shutting down and abandoning module LevelEditor (124)
[2016.03.30-03.57.33:359][ 52]LogModuleManager: Shutting down and abandoning module Kismet (123)
[2016.03.30-03.57.33:359][ 52]LogModuleManager: Shutting down and abandoning module GraphEditor (122)
[2016.03.30-03.57.33:359][ 52]LogModuleManager: Shutting down and abandoning module ClassViewer (121)
[2016.03.30-03.57.33:359][ 52]LogModuleManager: Shutting down and abandoning module Toolbox (120)
[2016.03.30-03.57.33:359][ 52]LogModuleManager: Shutting down and abandoning module ModuleUI (119)
[2016.03.30-03.57.33:359][ 52]LogModuleManager: Shutting down and abandoning module MovieSceneTools (118)
[2016.03.30-03.57.33:359][ 52]LogModuleManager: Shutting down and abandoning module OutputLog (117)
[2016.03.30-03.57.33:359][ 52]LogModuleManager: Shutting down and abandoning module GammaUI (116)
[2016.03.30-03.57.33:359][ 52]LogModuleManager: Shutting down and abandoning module Documentation (115)
[2016.03.30-03.57.33:360][ 52]LogModuleManager: Shutting down and abandoning module GameLiveStreaming (114)
[2016.03.30-03.57.33:369][ 52]LogModuleManager: Shutting down and abandoning module StreamingPauseRendering (113)
[2016.03.30-03.57.33:369][ 52]LogModuleManager: Shutting down and abandoning module HTTP (112)
[2016.03.30-03.57.33:369][ 52]LogModuleManager: Shutting down and abandoning module AnalyticsET (111)
[2016.03.30-03.57.33:369][ 52]LogModuleManager: Shutting down and abandoning module Analytics (110)
[2016.03.30-03.57.33:369][ 52]LogModuleManager: Shutting down and abandoning module AITestSuite (109)
[2016.03.30-03.57.33:369][ 52]LogModuleManager: Shutting down and abandoning module GameplayDebugger (108)
[2016.03.30-03.57.33:369][ 52]LogModuleManager: Shutting down and abandoning module AIModule (107)
[2016.03.30-03.57.33:391][ 52]LogModuleManager: Shutting down and abandoning module ProfilerService (106)
[2016.03.30-03.57.33:627][ 52]LogModuleManager: Shutting down and abandoning module TaskGraph (105)
[2016.03.30-03.57.33:627][ 52]LogModuleManager: Shutting down and abandoning module SlateRemote (104)
[2016.03.30-03.57.33:627][ 52]LogModuleManager: Shutting down and abandoning module ScriptEditorPlugin (103)
[2016.03.30-03.57.33:627][ 52]LogModuleManager: Shutting down and abandoning module CustomMeshComponent (102)
[2016.03.30-03.57.33:627][ 52]LogModuleManager: Shutting down and abandoning module CableComponent (101)
[2016.03.30-03.57.33:643][ 52]LogModuleManager: Shutting down and abandoning module MessagingDebugger (100)
[2016.03.30-03.57.33:659][ 52]LogModuleManager: Shutting down and abandoning module MediaPlayerEditor (99)
[2016.03.30-03.57.33:659][ 52]LogModuleManager: Shutting down and abandoning module SpeedTreeImporter (98)
[2016.03.30-03.57.33:659][ 52]LogModuleManager: Shutting down and abandoning module PluginsEditor (97)
[2016.03.30-03.57.33:666][ 52]LogModuleManager: Shutting down and abandoning module MainFrame (96)
[2016.03.30-03.57.33:666][ 52]LogModuleManager: Shutting down and abandoning module EpicSurvey (95)
[2016.03.30-03.57.33:666][ 52]LogModuleManager: Shutting down and abandoning module DesktopPlatform (94)
[2016.03.30-03.57.33:666][ 52]LogModuleManager: Shutting down and abandoning module DirectoryWatcher (93)
[2016.03.30-03.57.33:667][ 52]LogModuleManager: Shutting down and abandoning module HotReload (92)
[2016.03.30-03.57.33:667][ 52]LogModuleManager: Shutting down and abandoning module VisualStudioSourceCodeAccess (91)
[2016.03.30-03.57.33:667][ 52]LogModuleManager: Shutting down and abandoning module UObjectPlugin (90)
[2016.03.30-03.57.33:667][ 52]LogModuleManager: Shutting down and abandoning module SubversionSourceControl (89)
[2016.03.30-03.57.33:681][ 52]LogModuleManager: Shutting down and abandoning module PerforceSourceControl (88)
[2016.03.30-03.57.33:700][ 52]LogModuleManager: Shutting down and abandoning module SourceControl (87)
[2016.03.30-03.57.33:700][ 52]LogModuleManager: Shutting down and abandoning module GitSourceControl (86)
[2016.03.30-03.57.33:712][ 52]LogModuleManager: Shutting down and abandoning module BlankPlugin (85)
[2016.03.30-03.57.33:712][ 52]LogModuleManager: Shutting down and abandoning module PaperTiledImporter (84)
[2016.03.30-03.57.33:712][ 52]LogModuleManager: Shutting down and abandoning module PaperJsonImporter (83)
[2016.03.30-03.57.33:712][ 52]LogModuleManager: Shutting down and abandoning module ContentBrowser (82)
[2016.03.30-03.57.33:714][ 52]LogModuleManager: Shutting down and abandoning module Paper2DEditor (81)
[2016.03.30-03.57.33:737][ 52]LogModuleManager: Shutting down and abandoning module ScriptPlugin (80)
[2016.03.30-03.57.33:737][ 52]LogModuleManager: Shutting down and abandoning module UdpMessaging (79)
[2016.03.30-03.57.33:837][ 52]LogModuleManager: Shutting down and abandoning module Paper2D (78)
[2016.03.30-03.57.33:837][ 52]LogModuleManager: Shutting down and abandoning module WindowsMoviePlayer (77)
[2016.03.30-03.57.33:842][ 52]LogModuleManager: Shutting down and abandoning module Media (76)
[2016.03.30-03.57.33:842][ 52]LogModuleManager: Shutting down and abandoning module WmfMedia (75)
[2016.03.30-03.57.33:843][ 52]LogModuleManager: Shutting down and abandoning module OnlineBlueprintSupport (74)
[2016.03.30-03.57.33:843][ 52]LogModuleManager: Shutting down and abandoning module PropertyEditor (73)
[2016.03.30-03.57.33:843][ 52]LogModuleManager: Shutting down and abandoning module BehaviorTreeEditor (72)
[2016.03.30-03.57.33:868][ 52]LogModuleManager: Shutting down and abandoning module FunctionalTesting (71)
[2016.03.30-03.57.33:878][ 52]LogModuleManager: Shutting down and abandoning module CollisionAnalyzer (70)
[2016.03.30-03.57.33:899][ 52]LogModuleManager: Shutting down and abandoning module WorkspaceMenuStructure (69)
[2016.03.30-03.57.33:900][ 52]LogModuleManager: Shutting down and abandoning module MessageLog (68)
[2016.03.30-03.57.33:900][ 52]LogModuleManager: Shutting down and abandoning module Sequencer (67)
[2016.03.30-03.57.33:914][ 52]LogModuleManager: Shutting down and abandoning module AssetTools (66)
[2016.03.30-03.57.33:914][ 52]LogModuleManager: Shutting down and abandoning module UMGEditor (65)
[2016.03.30-03.57.33:914][ 52]LogModuleManager: Shutting down and abandoning module UMG (64)
[2016.03.30-03.57.33:914][ 52]LogModuleManager: Shutting down and abandoning module Slate (63)
[2016.03.30-03.57.33:914][ 52]LogModuleManager: Shutting down and abandoning module EditorStyle (62)
[2016.03.30-03.57.33:926][ 52]LogModuleManager: Shutting down and abandoning module SessionServices (61)
[2016.03.30-03.57.33:926][ 52]LogModuleManager: Shutting down and abandoning module SourceCodeAccess (60)
[2016.03.30-03.57.33:926][ 52]LogModuleManager: Shutting down and abandoning module HeadMountedDisplay (59)
[2016.03.30-03.57.33:926][ 52]LogModuleManager: Shutting down and abandoning module XAudio2 (58)
[2016.03.30-03.57.33:926][ 52]LogModuleManager: Shutting down and abandoning module Networking (56)
[2016.03.30-03.57.33:926][ 52]LogModuleManager: Shutting down and abandoning module Core (55)
[2016.03.30-03.57.33:926][ 52]LogModuleManager: Shutting down and abandoning module KismetCompiler (54)
[2016.03.30-03.57.33:926][ 52]LogModuleManager: Shutting down and abandoning module PhysXFormats (53)
[2016.03.30-03.57.33:926][ 52]LogModuleManager: Shutting down and abandoning module MeshUtilities (52)
[2016.03.30-03.57.33:926][ 52]LogModuleManager: Shutting down and abandoning module DerivedDataCache (51)
[2016.03.30-03.57.34:019][ 52]LogDerivedDataCache: Shutdown
[2016.03.30-03.57.34:019][ 52]LogModuleManager: Shutting down and abandoning module ShaderFormatOpenGL (50)
[2016.03.30-03.57.34:028][ 52]LogModuleManager: Shutting down and abandoning module ShaderFormatD3D (49)
[2016.03.30-03.57.34:028][ 52]LogModuleManager: Shutting down and abandoning module MetalShaderFormat (48)
[2016.03.30-03.57.34:028][ 52]LogModuleManager: Shutting down and abandoning module TextureFormatUncompressed (47)
[2016.03.30-03.57.34:028][ 52]LogModuleManager: Shutting down and abandoning module TextureFormatPVR (46)
[2016.03.30-03.57.34:028][ 52]LogModuleManager: Shutting down and abandoning module TextureFormatIntelISPCTexComp (45)
[2016.03.30-03.57.34:028][ 52]LogModuleManager: Shutting down and abandoning module TextureFormatDXT (44)
[2016.03.30-03.57.34:028][ 52]LogModuleManager: Shutting down and abandoning module ImageWrapper (43)
[2016.03.30-03.57.34:028][ 52]LogModuleManager: Shutting down and abandoning module TextureFormatASTC (42)
[2016.03.30-03.57.34:028][ 52]LogModuleManager: Shutting down and abandoning module TextureFormatAndroid (41)
[2016.03.30-03.57.34:028][ 52]LogModuleManager: Shutting down and abandoning module AudioFormatOpus (40)
[2016.03.30-03.57.34:028][ 52]LogModuleManager: Shutting down and abandoning module AudioFormatOgg (39)
[2016.03.30-03.57.34:028][ 52]LogModuleManager: Shutting down and abandoning module AudioFormatADPCM (38)
[2016.03.30-03.57.34:028][ 52]LogModuleManager: Shutting down and abandoning module LinuxTargetPlatform (37)
[2016.03.30-03.57.34:029][ 52]LogModuleManager: Shutting down and abandoning module LinuxServerTargetPlatform (36)
[2016.03.30-03.57.34:029][ 52]LogModuleManager: Shutting down and abandoning module LinuxNoEditorTargetPlatform (35)
[2016.03.30-03.57.34:029][ 52]LogModuleManager: Shutting down and abandoning module Messaging (34)
[2016.03.30-03.57.34:029][ 52]LogModuleManager: Shutting down and abandoning module IOSTargetPlatform (33)
[2016.03.30-03.57.34:029][ 52]LogModuleManager: Shutting down and abandoning module HTML5TargetPlatform (32)
[2016.03.30-03.57.34:029][ 52]LogModuleManager: Shutting down and abandoning module Android_PVRTCTargetPlatform (31)
[2016.03.30-03.57.34:029][ 52]LogModuleManager: Shutting down and abandoning module Android_ETC2TargetPlatform (30)
[2016.03.30-03.57.34:029][ 52]LogModuleManager: Shutting down and abandoning module Android_ETC1TargetPlatform (29)
[2016.03.30-03.57.34:029][ 52]LogModuleManager: Shutting down and abandoning module Android_ES31TargetPlatform (28)
[2016.03.30-03.57.34:029][ 52]LogModuleManager: Shutting down and abandoning module Android_DXTTargetPlatform (27)
[2016.03.30-03.57.34:029][ 52]LogModuleManager: Shutting down and abandoning module Android_ATCTargetPlatform (26)
[2016.03.30-03.57.34:029][ 52]LogModuleManager: Shutting down and abandoning module AndroidTargetPlatform (25)
[2016.03.30-03.57.34:029][ 52]LogModuleManager: Shutting down and abandoning module WindowsTargetPlatform (24)
[2016.03.30-03.57.34:029][ 52]LogModuleManager: Shutting down and abandoning module WindowsServerTargetPlatform (23)
[2016.03.30-03.57.34:029][ 52]LogModuleManager: Shutting down and abandoning module WindowsNoEditorTargetPlatform (22)
[2016.03.30-03.57.34:029][ 52]LogModuleManager: Shutting down and abandoning module WindowsClientTargetPlatform (21)
[2016.03.30-03.57.34:029][ 52]LogModuleManager: Shutting down and abandoning module TargetPlatform (20)
[2016.03.30-03.57.34:029][ 52]LogModuleManager: Shutting down and abandoning module InputCore (19)
[2016.03.30-03.57.34:029][ 52]LogModuleManager: Shutting down and abandoning module Settings (18)
[2016.03.30-03.57.34:029][ 52]LogModuleManager: Shutting down and abandoning module OnlineSubsystem (16)
[2016.03.30-03.57.34:029][ 52]LogModuleManager: Shutting down and abandoning module OculusRift (15)
[2016.03.30-03.57.34:029][ 52]LogModuleManager: Shutting down and abandoning module ExampleDeviceProfileSelector (14)
[2016.03.30-03.57.34:029][ 52]LogModuleManager: Shutting down and abandoning module TextureCompressor (13)
[2016.03.30-03.57.34:030][ 52]LogModuleManager: Shutting down and abandoning module ShaderCore (12)
[2016.03.30-03.57.34:030][ 52]LogModuleManager: Shutting down and abandoning module Landscape (11)
[2016.03.30-03.57.34:030][ 52]LogModuleManager: Shutting down and abandoning module SlateRHIRenderer (10)
[2016.03.30-03.57.34:066][ 52]LogModuleManager: Shutting down and abandoning module OpenGLDrv (9)
[2016.03.30-03.57.34:067][ 52]LogModuleManager: Shutting down and abandoning module D3D11RHI (8)
[2016.03.30-03.57.34:067][ 52]LogModuleManager: Shutting down and abandoning module Renderer (7)
[2016.03.30-03.57.34:067][ 52]LogModuleManager: Shutting down and abandoning module Engine (6)
[2016.03.30-03.57.34:067][ 52]LogModuleManager: Shutting down and abandoning module CoreUObject (5)
[2016.03.30-03.57.34:067][ 52]LogModuleManager: Shutting down and abandoning module NetworkFile (4)
[2016.03.30-03.57.34:067][ 52]LogModuleManager: Shutting down and abandoning module StreamingFile (3)
[2016.03.30-03.57.34:067][ 52]LogModuleManager: Shutting down and abandoning module SandboxFile (2)
[2016.03.30-03.57.34:067][ 52]LogModuleManager: Shutting down and abandoning module PakFile (1)
[2016.03.30-03.57.34:068][ 52]LogExit: Exiting.
[2016.03.30-03.57.34:084][ 52]Log file closed, 03/29/16 21:57:34
