Log file open, 03/29/16 22:01:52
LogInit:Display: Running engine for game: ELECTRONICASSETS
LogInit: Version: 4.7.6-2513093+++depot+UE4-Releases+4.7
LogInit: API Version: 2455222
LogInit: Compiled (64-bit): Apr 15 2015 12:09:54
LogInit: Compiled with Visual C++: 18.00.21005.01
LogInit: Build Configuration: Development
LogInit: Branch Name: ++depot+UE4-Releases+4.7
LogInit: Command line:  
LogInit: Base directory: C:/Program Files/Epic Games/4.7/Engine/Binaries/Win64/
LogInit: Rocket: 1
[2016.03.30-04.01.52:183][  0]LogTaskGraph: Started task graph with 3 named threads and 4 total threads.
[2016.03.30-04.01.52:224][  0]LogOnline:Warning: No default platform service specified for OnlineSubsystem
[2016.03.30-04.01.52:247][  0]LogInit: Presizing for 0 objects not considered by GC, pre-allocating 0 bytes.
[2016.03.30-04.01.52:264][  0]LogInit: Object subsystem initialized
[2016.03.30-04.01.52:267][  0]LogConsoleResponse:Warning: Skipping Unknown console variable: 'TranslucentSortAxis = (X=0.000000,Y=-1.000000,Z=0.000000)'
[2016.03.30-04.01.52:267][  0]LogConsoleResponse:Warning:   Found in ini file 'C:/Users/3c0z/Documents/Assets/ELECTRONICASSETS/Saved/Config/Windows/Engine.ini', in section '[/Script/Engine.RendererSettings]'
[2016.03.30-04.01.52:267][  0]LogConsoleResponse:Warning: Skipping Unknown console variable: 'UIScaleRule = ShortestSide'
[2016.03.30-04.01.52:267][  0]LogConsoleResponse:Warning:   Found in ini file 'C:/Users/3c0z/Documents/Assets/ELECTRONICASSETS/Saved/Config/Windows/Engine.ini', in section '[/Script/Engine.RendererSettings]'
[2016.03.30-04.01.52:267][  0]LogConsoleResponse:Warning: Skipping Unknown console variable: 'UIScaleCurve = (EditorCurveData=(Keys=),ExternalCurve=None)'
[2016.03.30-04.01.52:267][  0]LogConsoleResponse:Warning:   Found in ini file 'C:/Users/3c0z/Documents/Assets/ELECTRONICASSETS/Saved/Config/Windows/Engine.ini', in section '[/Script/Engine.RendererSettings]'
[2016.03.30-04.01.52:268][  0]LogInit: Selected Device Profile: [Windows]
[2016.03.30-04.01.52:268][  0]LogInit: Applying CVar settings loaded from the selected device profile: [Windows]
[2016.03.30-04.01.52:281][  0]LogInit: Computer: ISOQA
[2016.03.30-04.01.52:281][  0]LogInit: User: 3c0z
[2016.03.30-04.01.52:281][  0]LogInit: CPU Page size=4096, Cores=2
[2016.03.30-04.01.52:281][  0]LogInit: High frequency timer resolution =2.539082 MHz
[2016.03.30-04.01.52:281][  0]LogMemory: Memory total: Physical=4.0GB (4GB approx) Virtual=8192.0GB
[2016.03.30-04.01.52:281][  0]LogMemory: Platform Memory Stats for Windows
[2016.03.30-04.01.52:281][  0]LogMemory: Process Physical Memory: 46.59 MB used, 46.59 MB peak
[2016.03.30-04.01.52:281][  0]LogMemory: Process Virtual Memory: 25.04 MB used, 25.04 MB peak
[2016.03.30-04.01.52:281][  0]LogMemory: Physical Memory: 1471.49 MB used, 4094.49 MB total
[2016.03.30-04.01.52:281][  0]LogMemory: Virtual Memory: 278.32 MB used, 8388608.00 MB total
[2016.03.30-04.01.52:344][  0]LogD3D11RHI: Found D3D11 adapter 0: NVIDIA GeForce GTX 750 Ti (Feature Level 11_0)
[2016.03.30-04.01.52:344][  0]LogD3D11RHI: Adapter has 1993MB of dedicated video memory, 0MB of dedicated system memory, and 1791MB of shared system memory, 1 output[s]
[2016.03.30-04.01.52:344][  0]LogD3D11RHI: Chosen D3D11 Adapter Id = 0
[2016.03.30-04.01.52:354][  0]LogRHI: Texture pool is 1361 MB (70% of 1945 MB)
[2016.03.30-04.01.52:372][  0]LogD3D11RHI: Async texture creation enabled
[2016.03.30-04.01.52:461][  0]LogTextLocalizationManager: The requested culture ('en_US') has no localization data; parent culture's ('es') localization data will be used.
[2016.03.30-04.01.52:613][  0]LogTextLocalizationManager:Warning: Loading localization resources contain conflicting entries for (Namespace:UICommands, Key:Save_ToolTip):
Resource: (C:/Program Files/Epic Games/4.7/Engine/Content/Localization/Editor/en/Editor.locres) Hash: (-29098895) String: (Saves the current level to disk)
Resource: (C:/Program Files/Epic Games/4.7/Engine/Content/Localization/Engine/en/Engine.locres) Hash: (-1280300587) String: (Save selected data to vlog file)
[2016.03.30-04.01.52:613][  0]LogTextLocalizationManager:Warning: Loading localization resources contain conflicting entries for (Namespace:ContentBrowser, Key:ImportAssetToolTip):
Resource: (C:/Program Files/Epic Games/4.7/Engine/Content/Localization/Editor/en/Editor.locres) Hash: (-630476809) String: (Import to {0}...)
Resource: (C:/Program Files/Epic Games/4.7/Engine/Content/Localization/Editor/en/Editor.locres) Hash: (1271782899) String: (Imports an asset from file to this folder.)
[2016.03.30-04.01.52:777][  0]LogContentStreaming: Texture pool size is 0.000000MB
[2016.03.30-04.01.56:786][  0]LogTargetPlatformManager:Display: Building Assets For Windows
[2016.03.30-04.01.57:791][  0]LogTargetPlatformManager:Display: Building Assets For Windows
[2016.03.30-04.01.57:894][  0]LogDerivedDataCache:Display: Max Cache Size: 512 MB
[2016.03.30-04.01.58:098][  0]LogDerivedDataCache: Loaded boot cache 0.20s 39MB C:/Users/3c0z/AppData/Local/UnrealEngine/4.7/DerivedDataCache/Boot.ddc.
[2016.03.30-04.01.58:098][  0]LogDerivedDataCache:Display: Loaded Boot cache: C:/Users/3c0z/AppData/Local/UnrealEngine/4.7/DerivedDataCache/Boot.ddc
[2016.03.30-04.01.58:099][  0]LogDerivedDataCache: FDerivedDataBackendGraph:  Pak pak cache file ../../../../../../Users/3c0z/Documents/Assets/ELECTRONICASSETS/DerivedDataCache/DDC.ddp not found, will not use a pak cache.
[2016.03.30-04.01.58:099][  0]LogDerivedDataCache: Unable to find inner node Pak for hierarchical cache Hierarchy.
[2016.03.30-04.01.58:303][  0]LogDerivedDataCache:Display: Pak cache opened for reading ../../../Engine/DerivedDataCache/Compressed.ddp.
[2016.03.30-04.01.58:316][  0]LogDerivedDataCache: Using Local data cache path C:/Users/3c0z/AppData/Local/UnrealEngine/Common/DerivedDataCache: Writable
[2016.03.30-04.01.58:938][  0]LogMeshUtilities: No automatic mesh reduction module available
[2016.03.30-04.01.58:938][  0]LogMeshUtilities: No automatic mesh merging module available
[2016.03.30-04.01.59:707][  0]LogInit: WinSock: version 1.1 (2.2), MaxSocks=32767, MaxUdp=65467
[2016.03.30-04.01.59:857][  0]LogSlate:Warning: Failed to load font data from '../../../Engine/Content/Slate/Fonts/Roboto-Italic.ttf'
[2016.03.30-04.02.02:282][  0]UdpMessaging: Initializing bridge on interface 0.0.0.0:0 to multicast group 230.0.0.1:6666.
[2016.03.30-04.02.02:657][  0]SourceControl: Info Source control is disabled
[2016.03.30-04.02.02:657][  0]SourceControl: Info Source control is disabled
[2016.03.30-04.02.02:657][  0]SourceControl: Info Source control is disabled
[2016.03.30-04.02.02:657][  0]LogSourceControl: RunCommandInternalRaw: 'git version'
[2016.03.30-04.02.02:657][  0]LogSourceControl: RunCommandInternalRaw: ExecProcess ReturnCode=2 OutResults=''
[2016.03.30-04.02.02:674][  0]SourceControl: Info Source control is disabled
[2016.03.30-04.02.03:108][  0]LogObj: 24232 objects as part of root set at end of initial load.
[2016.03.30-04.02.03:108][  0]LogUObjectAllocator: 5137176 out of 0 bytes used by permanent object pool.
[2016.03.30-04.02.03:285][  0]LogEngine: Initializing Engine...
[2016.03.30-04.02.05:600][  0]LogInit: XAudio2 using 'Speakers (Realtek High Definition Audio)' : 2 channels at 48 kHz using 32 bits per sample (channel mask 0x3)
[2016.03.30-04.02.05:649][  0]LogInit: FAudioDevice initialized.
[2016.03.30-04.02.05:724][  0]LogAIModule: Creating AISystem for world NewWorld
[2016.03.30-04.02.05:812][  0]LogDerivedDataCache: Saved boot cache 0.08s 39MB C:/Users/3c0z/AppData/Local/UnrealEngine/4.7/DerivedDataCache/Boot.ddc.
[2016.03.30-04.02.05:836][  0]LogInit: Texture streaming: Enabled
[2016.03.30-04.02.06:032][  0]LogAnalytics: Creating configured Analytics provider AnalyticsET
[2016.03.30-04.02.06:032][  0]LogAnalytics: ET APIKey = Rocket.Release. APIServer = http://et2.epicgames.com/ET2/. AppVersion = 4.7.6-2513093+++depot+UE4-Releases+4.7
[2016.03.30-04.02.06:032][  0]LogAnalytics: ET APIKey = Rocket.Release. DataRouterUploadURL = https://datarouter-public-service-gamedev.ol.epicgames.net/datarouter/api/v1/public/data. AppVersion = 4.7.6-2513093+++depot+UE4-Releases+4.7
[2016.03.30-04.02.06:032][  0]LogAnalytics: SetUserId f8d463004448e9bf9238c395a56aa488|6b2d3cb90e4040169396666e7dda91ad|be6a12fa-584f-40e9-9224-deb3c37dd44e
[2016.03.30-04.02.06:032][  0]LogAnalytics: AnalyticsET::StartSession [Rocket.Release]
[2016.03.30-04.02.06:070][  0]LogInit: Transaction tracking system initialized
[2016.03.30-04.02.06:513][  0]BlueprintLog: New page: Editor Load
[2016.03.30-04.02.06:611][  0]LogAssetRegistry: FAssetRegistry took 0.0099 seconds to start up
[2016.03.30-04.02.06:612][  0]LogDirectoryWatcher:Warning: Failed to begin reading directory changes for ../../../Engine/Plugins/Experimental/CharacterAI/Content/. Error: 0
[2016.03.30-04.02.09:871][  0]LogTargetPlatformManager:Display: Building Assets For Windows
[2016.03.30-04.02.13:112][  0]LogTargetPlatformManager:Display: Building Assets For Windows
[2016.03.30-04.02.14:744][  0]LogLinker:Warning: Asset '../../../Engine/Content/Tutorial/Mobile/SettingUpAndroidTutorial.uasset' has been saved with empty engine version. The asset will be loaded but may be incompatible.
[2016.03.30-04.02.14:930][  0]LogSlate:Warning: Failed to load font data from '../../../Engine/Content/Editor/Slate/Fonts/Roboto-Regular.ttf'
[2016.03.30-04.02.14:931][  0]LogSlate:Warning: Failed to load font data from '../../../Engine/Content/Editor/Slate/Fonts/Roboto-Bold.ttf'
[2016.03.30-04.02.14:958][  0]LogConsoleResponse:Display: 
[2016.03.30-04.02.15:837][  0]LogCook:Display: Done creating registry. It took  0.00s.
[2016.03.30-04.02.16:782][  0]SourceControl: Info Source control is disabled
[2016.03.30-04.02.16:782][  0]Cmd: MAP LOAD FILE="../../../Engine/Content/Maps/Templates/Template_Default.umap" TEMPLATE=1 SHOWPROGRESS=1 FEATURELEVEL=3
[2016.03.30-04.02.16:794][  0]LightingResults: New page: Lighting Build
[2016.03.30-04.02.16:830][  0]MapCheck: New page: Map Check
[2016.03.30-04.02.16:831][  0]LightingResults: New page: Lighting Build
[2016.03.30-04.02.16:960][  0]LogParticles: Destroying 0 GPU particle simulations for FXSystem 0x00000000122A0D60
[2016.03.30-04.02.20:456][  0]LogEditorServer: Finished looking for orphan Actors (0.000 secs)
[2016.03.30-04.02.20:468][  0]LogAIModule: Creating AISystem for world Untitled_1
[2016.03.30-04.02.20:469][  0]Cmd: MAP CHECKDEP
[2016.03.30-04.02.20:469][  0]MapCheck: New page: Untitled_1 - Mar 29, 2016, 4:02:20 PM
[2016.03.30-04.02.21:016][  0]MapCheck: Info Map check complete: 0 Error(s), 0 Warning(s), took 546.526ms to complete.
[2016.03.30-04.02.21:016][  0]LogFileHelpers: Loading map 'Template_Default' took 4.234
[2016.03.30-04.02.21:279][  0]LogCollectionManager: Loaded 0 collections in 0.044292 seconds
[2016.03.30-04.02.21:318][  0]LogContentBrowser: Native class hierarchy populated in 0.0382 seconds. Added 1696 classes and 261 folders.
[2016.03.30-04.02.21:457][  0]LogContentBrowser: Native class hierarchy updated for 'SceneOutliner' in 0.0062 seconds. Added 1 classes and 2 folders.
[2016.03.30-04.02.21:668][  0]LogCrashTracker: Crashtracker disabled due to settings.
[2016.03.30-04.02.21:671][  0]LogSlate:Warning: Failed to load font data from 'Veranda'
[2016.03.30-04.02.21:766][  0]LogUObjectGlobals:Warning: Failed to find object 'Class None.'
[2016.03.30-04.02.21:993][  0]LogLoad: Full Startup: 32.32 seconds (BP compile: 0.59 seconds)
[2016.03.30-04.02.22:459][  0]LogRenderer:Warning: Reallocating scene render targets to support 32x32 (Frame:2).
[2016.03.30-04.02.22:870][  0]LogRenderer:Warning: Reallocating scene render targets to support 1208x560 (Frame:4).
[2016.03.30-04.02.27:877][136]LogContentBrowser:Verbose: The content browser source was changed by the sources view to '/Game/SmartTVCurved/Texture'
[2016.03.30-04.02.46:236][659]LogAssetRegistry: Asset discovery search completed in 39.6344 seconds
[2016.03.30-04.02.47:966][700]Cmd: MAP LOAD FILE="../../../../../../Users/3c0z/Documents/Assets/ELECTRONICASSETS/Content/tv-prueba.umap" TEMPLATE=0 SHOWPROGRESS=1 FEATURELEVEL=3
[2016.03.30-04.02.48:081][700]LightingResults: New page: Lighting Build
[2016.03.30-04.02.48:290][700]LoadErrors: New page: Loading map: tv-prueba.umap
[2016.03.30-04.02.48:292][700]MapCheck: New page: Map Check
[2016.03.30-04.02.48:292][700]LightingResults: New page: Lighting Build
[2016.03.30-04.02.48:345][700]LogParticles: Destroying 0 GPU particle simulations for FXSystem 0x000000000FF22CA0
[2016.03.30-04.02.50:125][700]LogEditorServer: Finished looking for orphan Actors (0.000 secs)
[2016.03.30-04.02.50:150][700]LogAIModule: Creating AISystem for world tv-prueba
[2016.03.30-04.02.50:396][700]Cmd: MAP CHECKDEP
[2016.03.30-04.02.50:397][700]MapCheck: New page: tv-prueba - Mar 29, 2016, 4:02:50 PM
[2016.03.30-04.02.51:043][700]MapCheck: Info Map check complete: 0 Error(s), 0 Warning(s), took 646.531ms to complete.
[2016.03.30-04.02.51:043][700]LogFileHelpers: Loading map 'tv-prueba' took 3.083
[2016.03.30-04.02.53:656][779]LogPlayLevel: PIE:  No blueprints needed recompiling
[2016.03.30-04.02.53:657][779]PIE: New page: PIE session: tv-prueba (Mar 29, 2016, 4:02:53 PM)
[2016.03.30-04.02.53:668][779]LogPlayLevel: PIE: StaticDuplicateObject took: (0.009311s)
[2016.03.30-04.02.53:670][779]LogPlayLevel: PIE: World Init took: (0.001903s)
[2016.03.30-04.02.53:671][779]LogPlayLevel: PIE: Created PIE world by copying editor world from /Game/tv-prueba.tv-prueba to /Game/UEDPIE_0_tv-prueba.tv-prueba (0.011635s)
[2016.03.30-04.02.53:741][779]LogWorld: Game class is 'GameMode'
[2016.03.30-04.02.53:747][779]LogAIModule: Creating AISystem for world tv-prueba
[2016.03.30-04.02.53:757][779]LogWorld: Bringing World /Game/UEDPIE_0_tv-prueba.tv-prueba up for play (max tick rate 0) at 2016.03.29-22.02.53
[2016.03.30-04.02.53:760][779]LogWorld: Bringing up level for play took: 0.011205
[2016.03.30-04.02.53:766][779]PIE: Info Play in editor start time for /Game/UEDPIE_0_tv-prueba 0.767
[2016.03.30-04.03.15:456][261]LogParticles: Destroying 0 GPU particle simulations for FXSystem 0x000000000E2D2020
[2016.03.30-04.03.18:326][312]LogEditorViewport: Clicking on Actor (LMB): Pantalla-Curva-A4A_C (Pantalla-Curva-A4A2)
[2016.03.30-04.03.25:727][425]LogEditorViewport: Clicking on Actor (LMB): Pantalla-Curva-A4A_C (Pantalla-Curva-A4A2)
[2016.03.30-04.03.30:980][502]LogContentBrowser:Verbose: The content browser source was changed by the sources view to '/Game/SmartTVCurved/Blueprint'
[2016.03.30-04.03.45:228][667]LogPlayLevel: PIE:  No blueprints needed recompiling
[2016.03.30-04.03.45:229][667]PIE: New page: PIE session: tv-prueba (Mar 29, 2016, 4:03:45 PM)
[2016.03.30-04.03.45:241][667]LogPlayLevel: PIE: StaticDuplicateObject took: (0.008665s)
[2016.03.30-04.03.45:243][667]LogPlayLevel: PIE: World Init took: (0.002654s)
[2016.03.30-04.03.45:244][667]LogPlayLevel: PIE: Created PIE world by copying editor world from /Game/tv-prueba.tv-prueba to /Game/UEDPIE_0_tv-prueba.tv-prueba (0.011742s)
[2016.03.30-04.03.45:379][667]LogWorld: Game class is 'GameMode'
[2016.03.30-04.03.45:384][667]LogAIModule: Creating AISystem for world tv-prueba
[2016.03.30-04.03.45:398][667]LogWorld: Bringing World /Game/UEDPIE_0_tv-prueba.tv-prueba up for play (max tick rate 0) at 2016.03.29-22.03.45
[2016.03.30-04.03.45:401][667]LogWorld: Bringing up level for play took: 0.015404
[2016.03.30-04.03.45:533][667]PIE: Info Play in editor start time for /Game/UEDPIE_0_tv-prueba 0.532
[2016.03.30-04.03.45:595][667]LogRenderer:Warning: Reallocating scene render targets to support 1296x760 (Frame:1497).
[2016.03.30-04.04.00:877][840]LogParticles: Destroying 0 GPU particle simulations for FXSystem 0x000000003BA4A340
[2016.03.30-04.04.03:752][887]LogPlayLevel: PIE:  No blueprints needed recompiling
[2016.03.30-04.04.03:752][887]PIE: New page: PIE session: tv-prueba (Mar 29, 2016, 4:04:03 PM)
[2016.03.30-04.04.03:761][887]LogPlayLevel: PIE: StaticDuplicateObject took: (0.007567s)
[2016.03.30-04.04.03:764][887]LogPlayLevel: PIE: World Init took: (0.002223s)
[2016.03.30-04.04.03:764][887]LogPlayLevel: PIE: Created PIE world by copying editor world from /Game/tv-prueba.tv-prueba to /Game/UEDPIE_0_tv-prueba.tv-prueba (0.010227s)
[2016.03.30-04.04.03:908][887]LogWorld: Game class is 'GameMode'
[2016.03.30-04.04.03:913][887]LogAIModule: Creating AISystem for world tv-prueba
[2016.03.30-04.04.03:927][887]LogWorld: Bringing World /Game/UEDPIE_0_tv-prueba.tv-prueba up for play (max tick rate 0) at 2016.03.29-22.04.03
[2016.03.30-04.04.03:945][887]LogWorld: Bringing up level for play took: 0.029791
[2016.03.30-04.04.04:114][887]PIE: Info Play in editor start time for /Game/UEDPIE_0_tv-prueba 1.113
[2016.03.30-04.04.05:870][901]LogParticles: Destroying 0 GPU particle simulations for FXSystem 0x000000004DA2D440
[2016.03.30-04.04.44:295][503]LogPlayLevel: PIE:  No blueprints needed recompiling
[2016.03.30-04.04.44:296][503]PIE: New page: PIE session: tv-prueba (Mar 29, 2016, 4:04:44 PM)
[2016.03.30-04.04.44:305][503]LogPlayLevel: PIE: StaticDuplicateObject took: (0.007433s)
[2016.03.30-04.04.44:307][503]LogPlayLevel: PIE: World Init took: (0.002291s)
[2016.03.30-04.04.44:308][503]LogPlayLevel: PIE: Created PIE world by copying editor world from /Game/tv-prueba.tv-prueba to /Game/UEDPIE_0_tv-prueba.tv-prueba (0.010205s)
[2016.03.30-04.04.44:393][503]LogWorld: Game class is 'GameMode'
[2016.03.30-04.04.44:398][503]LogAIModule: Creating AISystem for world tv-prueba
[2016.03.30-04.04.44:410][503]LogWorld: Bringing World /Game/UEDPIE_0_tv-prueba.tv-prueba up for play (max tick rate 0) at 2016.03.29-22.04.44
[2016.03.30-04.04.44:413][503]LogWorld: Bringing up level for play took: 0.012378
[2016.03.30-04.04.44:421][503]PIE: Info Play in editor start time for /Game/UEDPIE_0_tv-prueba -0.581
[2016.03.30-04.05.24:215][267]LogParticles: Destroying 0 GPU particle simulations for FXSystem 0x000000000E092F20
[2016.03.30-04.07.03:469][470]LogPlayLevel: PIE:  No blueprints needed recompiling
[2016.03.30-04.07.03:470][470]PIE: New page: PIE session: tv-prueba (Mar 29, 2016, 4:07:03 PM)
[2016.03.30-04.07.03:485][470]LogPlayLevel: PIE: StaticDuplicateObject took: (0.009024s)
[2016.03.30-04.07.03:488][470]LogPlayLevel: PIE: World Init took: (0.003042s)
[2016.03.30-04.07.03:489][470]LogPlayLevel: PIE: Created PIE world by copying editor world from /Game/tv-prueba.tv-prueba to /Game/UEDPIE_0_tv-prueba.tv-prueba (0.012493s)
[2016.03.30-04.07.03:670][470]LogWorld: Game class is 'GameMode'
[2016.03.30-04.07.03:675][470]LogAIModule: Creating AISystem for world tv-prueba
[2016.03.30-04.07.03:691][470]LogWorld: Bringing World /Game/UEDPIE_0_tv-prueba.tv-prueba up for play (max tick rate 0) at 2016.03.29-22.07.03
[2016.03.30-04.07.03:694][470]LogWorld: Bringing up level for play took: 0.015154
[2016.03.30-04.07.03:908][470]PIE: Info Play in editor start time for /Game/UEDPIE_0_tv-prueba 0.901
[2016.03.30-04.07.06:360][493]LogParticles: Destroying 0 GPU particle simulations for FXSystem 0x0000000019486340
[2016.03.30-04.07.17:599][747]LogPlayLevel: PIE:  No blueprints needed recompiling
[2016.03.30-04.07.17:599][747]PIE: New page: PIE session: tv-prueba (Mar 29, 2016, 4:07:17 PM)
[2016.03.30-04.07.17:627][747]LogPlayLevel: PIE: StaticDuplicateObject took: (0.007972s)
[2016.03.30-04.07.17:630][747]LogPlayLevel: PIE: World Init took: (0.003170s)
[2016.03.30-04.07.17:631][747]LogPlayLevel: PIE: Created PIE world by copying editor world from /Game/tv-prueba.tv-prueba to /Game/UEDPIE_0_tv-prueba.tv-prueba (0.011783s)
[2016.03.30-04.07.17:755][747]LogWorld: Game class is 'GameMode'
[2016.03.30-04.07.17:760][747]LogAIModule: Creating AISystem for world tv-prueba
[2016.03.30-04.07.17:793][747]LogWorld: Bringing World /Game/UEDPIE_0_tv-prueba.tv-prueba up for play (max tick rate 0) at 2016.03.29-22.07.17
[2016.03.30-04.07.17:797][747]LogWorld: Bringing up level for play took: 0.035235
[2016.03.30-04.07.17:962][747]PIE: Info Play in editor start time for /Game/UEDPIE_0_tv-prueba 0.955
[2016.03.30-04.07.26:192][849]LogParticles: Destroying 0 GPU particle simulations for FXSystem 0x00000000157B1620
[2016.03.30-04.07.57:840][368]LogPlayLevel: PIE:  No blueprints needed recompiling
[2016.03.30-04.07.57:840][368]PIE: New page: PIE session: tv-prueba (Mar 29, 2016, 4:07:57 PM)
[2016.03.30-04.07.57:851][368]LogPlayLevel: PIE: StaticDuplicateObject took: (0.009288s)
[2016.03.30-04.07.57:854][368]LogPlayLevel: PIE: World Init took: (0.002278s)
[2016.03.30-04.07.57:854][368]LogPlayLevel: PIE: Created PIE world by copying editor world from /Game/tv-prueba.tv-prueba to /Game/UEDPIE_0_tv-prueba.tv-prueba (0.011993s)
[2016.03.30-04.07.57:940][368]LogWorld: Game class is 'GameMode'
[2016.03.30-04.07.57:945][368]LogAIModule: Creating AISystem for world tv-prueba
[2016.03.30-04.07.57:975][368]LogWorld: Bringing World /Game/UEDPIE_0_tv-prueba.tv-prueba up for play (max tick rate 0) at 2016.03.29-22.07.57
[2016.03.30-04.07.57:978][368]LogWorld: Bringing up level for play took: 0.030298
[2016.03.30-04.07.57:985][368]PIE: Info Play in editor start time for /Game/UEDPIE_0_tv-prueba 0.976
[2016.03.30-04.08.11:993][643]LogParticles: Destroying 0 GPU particle simulations for FXSystem 0x000000005175DDA0
[2016.03.30-04.08.12:181][644]Cmd: SELECT NONE
[2016.03.30-04.08.12:344][644]Cmd: SELECT NONE
[2016.03.30-04.08.12:346][644]Cmd: SELECT NONE
[2016.03.30-04.08.18:772][760]LogPlayLevel: PIE:  No blueprints needed recompiling
[2016.03.30-04.08.18:772][760]PIE: New page: PIE session: tv-prueba (Mar 29, 2016, 4:08:18 PM)
[2016.03.30-04.08.18:782][760]LogPlayLevel: PIE: StaticDuplicateObject took: (0.008199s)
[2016.03.30-04.08.18:785][760]LogPlayLevel: PIE: World Init took: (0.003106s)
[2016.03.30-04.08.18:785][760]LogPlayLevel: PIE: Created PIE world by copying editor world from /Game/tv-prueba.tv-prueba to /Game/UEDPIE_0_tv-prueba.tv-prueba (0.011726s)
[2016.03.30-04.08.18:853][760]LogWorld: Game class is 'GameMode'
[2016.03.30-04.08.18:859][760]LogAIModule: Creating AISystem for world tv-prueba
[2016.03.30-04.08.18:872][760]LogWorld: Bringing World /Game/UEDPIE_0_tv-prueba.tv-prueba up for play (max tick rate 0) at 2016.03.29-22.08.18
[2016.03.30-04.08.18:874][760]LogWorld: Bringing up level for play took: 0.012132
[2016.03.30-04.08.18:911][760]PIE: Info Play in editor start time for /Game/UEDPIE_0_tv-prueba -0.098
[2016.03.30-04.08.40:591][223]LogParticles: Destroying 0 GPU particle simulations for FXSystem 0x000000002F0F0FE0
[2016.03.30-04.08.44:134][296]LogEditorViewport: Clicking on Actor (LMB): AmbientSound (AmbientSound1)
[2016.03.30-04.09.32:921][970]LogPlayLevel: PIE:  No blueprints needed recompiling
[2016.03.30-04.09.32:938][970]PIE: New page: PIE session: tv-prueba (Mar 29, 2016, 4:09:32 PM)
[2016.03.30-04.09.32:951][970]LogPlayLevel: PIE: StaticDuplicateObject took: (0.011408s)
[2016.03.30-04.09.32:955][970]LogPlayLevel: PIE: World Init took: (0.003714s)
[2016.03.30-04.09.32:955][970]LogPlayLevel: PIE: Created PIE world by copying editor world from /Game/tv-prueba.tv-prueba to /Game/UEDPIE_0_tv-prueba.tv-prueba (0.015715s)
[2016.03.30-04.09.33:047][970]LogWorld: Game class is 'GameMode'
[2016.03.30-04.09.33:052][970]LogAIModule: Creating AISystem for world tv-prueba
[2016.03.30-04.09.33:064][970]LogWorld: Bringing World /Game/UEDPIE_0_tv-prueba.tv-prueba up for play (max tick rate 0) at 2016.03.29-22.09.33
[2016.03.30-04.09.33:067][970]LogWorld: Bringing up level for play took: 0.013226
[2016.03.30-04.09.33:079][970]PIE: Info Play in editor start time for /Game/UEDPIE_0_tv-prueba 0.068
[2016.03.30-04.09.41:976][125]LogParticles: Destroying 0 GPU particle simulations for FXSystem 0x000000005175D1C0
[2016.03.30-04.10.47:552][679]LogContentBrowser:Verbose: The content browser source was changed by the sources view to '/Game/SmartTVCurved/Blueprint/NewFolder'
[2016.03.30-04.10.50:159][714]Cmd: TRANSACTION UNDO
[2016.03.30-04.10.50:159][714]LogEditorTransaction: Undo Edit Sound
[2016.03.30-04.10.52:779][744]LogContentBrowser:Verbose: The content browser source was changed by the sources view to '/Game/SmartTVCurved/Blueprint/NewFolder'
[2016.03.30-04.11.02:355][866]LogContentBrowser:Verbose: The content browser source was changed by the sources view to '/Game/SmartTVCurved'
[2016.03.30-04.11.04:724][892]LogContentBrowser:Verbose: The content browser source was changed by the sources view to '/Game/SmartTVCurved/NewFolder'
[2016.03.30-04.11.06:938][924]LogContentBrowser:Verbose: The content browser source was changed by the sources view to '/Game/SmartTVCurved/Media'
[2016.03.30-04.11.13:020][969]LogFactory: FactoryCreateBinary: SoundWave with SoundFactory (0 0 C:\Audio Library\70's Funk Drum samples\Bongo01.wav)
[2016.03.30-04.11.13:151][969]LogAudioDerivedData:Display: Building compressed audio format OGG wave Bongo01...
[2016.03.30-04.11.13:442][969]LogAudioDerivedData:Warning: Updated SoundWave->RawPCMDataSize during cooking SoundWave /Game/SmartTVCurved/Media/Bongo01.Bongo01.
[2016.03.30-04.11.13:519][969]LogContentBrowser:Verbose: The content browser source was changed by the sources view to 'None'
[2016.03.30-04.11.13:521][969]LogContentBrowser:Verbose: The content browser source was changed by the sources view to '/Game/SmartTVCurved/Media'
[2016.03.30-04.11.59:244][997]LogContentBrowser:Verbose: The content browser source was changed by the sources view to '/Game/SmartTVCurved/Texture'
[2016.03.30-04.12.04:873][ 64]LogContentBrowser:Verbose: The content browser source was changed by the sources view to '/Game/SmartTVCurved/Mesh'
[2016.03.30-04.12.05:691][ 70]LogContentBrowser:Verbose: The content browser source was changed by the sources view to '/Game/SmartTVCurved/Media'
[2016.03.30-04.12.18:515][221]LogContentBrowser:Verbose: The content browser source was changed by the sources view to '/Game/SmartTVCurved/Texture'
[2016.03.30-04.14.32:782][101]LogParticles: Destroying 0 GPU particle simulations for FXSystem 0x000000000C4BE840
[2016.03.30-04.14.43:068][147]BlueprintLog: New page: Pre-PIE auto-recompile
[2016.03.30-04.14.43:089][147]LogPlayLevel: [PIE] Compiling Pantalla-Curva-A4A before PIE...
[2016.03.30-04.14.43:702][147]LogPlayLevel: PIE:  Blueprint regeneration took 634 ms (1 blueprints)
[2016.03.30-04.14.43:703][147]PIE: New page: PIE session: tv-prueba (Mar 29, 2016, 4:14:43 PM)
[2016.03.30-04.14.43:727][147]LogPlayLevel: PIE: StaticDuplicateObject took: (0.023191s)
[2016.03.30-04.14.43:736][147]LogPlayLevel: PIE: World Init took: (0.009232s)
[2016.03.30-04.14.43:737][147]LogPlayLevel: PIE: Created PIE world by copying editor world from /Game/tv-prueba.tv-prueba to /Game/UEDPIE_0_tv-prueba.tv-prueba (0.032831s)
[2016.03.30-04.14.43:832][147]LogWorld: Game class is 'GameMode'
[2016.03.30-04.14.43:837][147]LogAIModule: Creating AISystem for world tv-prueba
[2016.03.30-04.14.43:859][147]LogWorld: Bringing World /Game/UEDPIE_0_tv-prueba.tv-prueba up for play (max tick rate 0) at 2016.03.29-22.14.43
[2016.03.30-04.14.43:862][147]LogWorld: Bringing up level for play took: 0.023249
[2016.03.30-04.14.43:877][147]PIE: Info Play in editor start time for /Game/UEDPIE_0_tv-prueba 0.857
[2016.03.30-04.14.49:687][236]LogParticles: Destroying 0 GPU particle simulations for FXSystem 0x0000000035D9EB60
[2016.03.30-04.14.51:164][247]LogEditorViewport: Clicking on Actor (LMB): Pantalla-Curva-A4A_C (Pantalla-Curva-A4A2)
[2016.03.30-04.14.54:083][291]LogEditorViewport: Clicking on Actor (LMB): AmbientSound (AmbientSound1)
[2016.03.30-04.14.56:169][323]LogEditorViewport: Clicking on Actor (LMB): Pantalla-Curva-A4A_C (Pantalla-Curva-A4A2)
[2016.03.30-04.15.03:883][449]LogEditorViewport: Clicking on Actor (LMB): StaticMeshActor (Floor)
[2016.03.30-04.15.05:599][472]LogEditorViewport: Clicking on Actor (LMB): AmbientSound (AmbientSound1)
[2016.03.30-04.15.07:061][491]LogEditorViewport: Clicking on Actor (LMB): AmbientSound (AmbientSound1)
[2016.03.30-04.15.09:592][516]Cmd: OBJ SAVEPACKAGE PACKAGE="/Game/tv-prueba" FILE="../../../../../../Users/3c0z/Documents/Assets/ELECTRONICASSETS/Saved/Autosaves/Game/tv-prueba_Auto1.umap" SILENT=true AUTOSAVING=true KEEPDIRTY=false
[2016.03.30-04.15.10:162][516]LogSavePackage: Save=347.885590ms
[2016.03.30-04.15.10:162][516]LogSavePackage: Moving '../../../../../../Users/3c0z/Documents/Assets/ELECTRONICASSETS/Saved/tv-prueba_Auto1E4508E894027DE6F43EF7BA0798733E0.tmp' to '../../../../../../Users/3c0z/Documents/Assets/ELECTRONICASSETS/Saved/Autosaves/Game/tv-prueba_Auto1.umap'
[2016.03.30-04.15.10:199][516]LogFileHelpers: Editor autosave (incl. sublevels) for '/Game/tv-prueba' took 0.845
[2016.03.30-04.15.10:199][516]LogFileHelpers: Editor autosave (incl. sublevels) for all levels took 0.845
[2016.03.30-04.15.10:272][516]OBJ SavePackage: Generating thumbnails for [1] asset(s) in package [/Game/SmartTVCurved/Blueprint/Pantalla-Curva-A4A] ([1] browsable assets)...
[2016.03.30-04.15.10:362][516]OBJ SavePackage:     Rendered thumbnail for [Blueprint /Game/SmartTVCurved/Blueprint/Pantalla-Curva-A4A.Pantalla-Curva-A4A]
[2016.03.30-04.15.10:362][516]OBJ SavePackage: Finished generating thumbnails for package [/Game/SmartTVCurved/Blueprint/Pantalla-Curva-A4A]
[2016.03.30-04.15.12:063][516]LogSavePackage: Save=1550.961304ms
[2016.03.30-04.15.12:066][516]LogSavePackage: Moving '../../../../../../Users/3c0z/Documents/Assets/ELECTRONICASSETS/Saved/Pantalla-Curva-A4A_Auto123F5FC4C499C8304779D3CAA44A64909.tmp' to '../../../../../../Users/3c0z/Documents/Assets/ELECTRONICASSETS/Saved/Autosaves/Game/SmartTVCurved/Blueprint/Pantalla-Curva-A4A_Auto1.uasset'
[2016.03.30-04.15.12:194][516]OBJ SavePackage: Generating thumbnails for [1] asset(s) in package [/Game/SmartTVCurved/Media/Bongo01] ([1] browsable assets)...
[2016.03.30-04.15.12:237][516]OBJ SavePackage:     Rendered thumbnail for [SoundWave /Game/SmartTVCurved/Media/Bongo01.Bongo01]
[2016.03.30-04.15.12:237][516]OBJ SavePackage: Finished generating thumbnails for package [/Game/SmartTVCurved/Media/Bongo01]
[2016.03.30-04.15.12:527][516]LogSavePackage: Save=257.960541ms
[2016.03.30-04.15.12:529][516]LogSavePackage: Moving '../../../../../../Users/3c0z/Documents/Assets/ELECTRONICASSETS/Saved/Bongo01_Auto1D7D69FBF430C4A62E89DF694919C3F48.tmp' to '../../../../../../Users/3c0z/Documents/Assets/ELECTRONICASSETS/Saved/Autosaves/Game/SmartTVCurved/Media/Bongo01_Auto1.uasset'
[2016.03.30-04.15.12:643][516]OBJ SavePackage: Generating thumbnails for [1] asset(s) in package [/Game/SmartTVCurved/Texture/Bongo01] ([1] browsable assets)...
[2016.03.30-04.15.12:688][516]OBJ SavePackage:     Rendered thumbnail for [SoundWave /Game/SmartTVCurved/Texture/Bongo01.Bongo01]
[2016.03.30-04.15.12:688][516]OBJ SavePackage: Finished generating thumbnails for package [/Game/SmartTVCurved/Texture/Bongo01]
[2016.03.30-04.15.12:989][516]LogSavePackage: Save=289.409729ms
[2016.03.30-04.15.12:991][516]LogSavePackage: Moving '../../../../../../Users/3c0z/Documents/Assets/ELECTRONICASSETS/Saved/Bongo01_Auto12FE4A83E44EBA20B722636880EC430BF.tmp' to '../../../../../../Users/3c0z/Documents/Assets/ELECTRONICASSETS/Saved/Autosaves/Game/SmartTVCurved/Texture/Bongo01_Auto1.uasset'
[2016.03.30-04.15.13:030][516]LogFileHelpers: Auto-saving content packages took 2.831
[2016.03.30-04.15.20:444][625]LogEditorActor: Deleted Actor: AmbientSound
[2016.03.30-04.15.20:579][625]LogEditorActor: Deleted 1 Actors (0.180 secs)
[2016.03.30-04.15.23:422][678]LogPlayLevel: PIE:  No blueprints needed recompiling
[2016.03.30-04.15.23:422][678]PIE: New page: PIE session: tv-prueba (Mar 29, 2016, 4:15:23 PM)
[2016.03.30-04.15.23:434][678]LogPlayLevel: PIE: StaticDuplicateObject took: (0.010570s)
[2016.03.30-04.15.23:438][678]LogPlayLevel: PIE: World Init took: (0.003421s)
[2016.03.30-04.15.23:450][678]LogPlayLevel: PIE: Created PIE world by copying editor world from /Game/tv-prueba.tv-prueba to /Game/UEDPIE_0_tv-prueba.tv-prueba (0.026346s)
[2016.03.30-04.15.23:513][678]LogWorld: Game class is 'GameMode'
[2016.03.30-04.15.23:537][678]LogAIModule: Creating AISystem for world tv-prueba
[2016.03.30-04.15.23:548][678]LogWorld: Bringing World /Game/UEDPIE_0_tv-prueba.tv-prueba up for play (max tick rate 0) at 2016.03.29-22.15.23
[2016.03.30-04.15.23:552][678]LogWorld: Bringing up level for play took: 0.012766
[2016.03.30-04.15.23:580][678]PIE: Info Play in editor start time for /Game/UEDPIE_0_tv-prueba 0.559
[2016.03.30-04.15.31:873][830]LogParticles: Destroying 0 GPU particle simulations for FXSystem 0x000000002D6ED080
[2016.03.30-04.15.31:873][830]LogActorComponent: ReregisterComponent: (/Game/tv-prueba.tv-prueba:PersistentLevel.AmbientSound_1.AudioComponent0) Not currently registered. Aborting.
[2016.03.30-04.15.59:844][328]LogPlayLevel: Launcher Device ID: WindowsNoEditor@ISOQA
[2016.03.30-04.16.25:920][708]LogPlayLevel: PIE:  No blueprints needed recompiling
[2016.03.30-04.16.25:921][708]PIE: New page: PIE session: tv-prueba (Mar 29, 2016, 4:16:25 PM)
[2016.03.30-04.16.25:933][708]LogPlayLevel: PIE: StaticDuplicateObject took: (0.010743s)
[2016.03.30-04.16.25:939][708]LogPlayLevel: PIE: World Init took: (0.005640s)
[2016.03.30-04.16.25:939][708]LogPlayLevel: PIE: Created PIE world by copying editor world from /Game/tv-prueba.tv-prueba to /Game/UEDPIE_0_tv-prueba.tv-prueba (0.016845s)
[2016.03.30-04.16.26:025][708]LogWorld: Game class is 'GameMode'
[2016.03.30-04.16.26:050][708]LogAIModule: Creating AISystem for world tv-prueba
[2016.03.30-04.16.26:064][708]LogWorld: Bringing World /Game/UEDPIE_0_tv-prueba.tv-prueba up for play (max tick rate 0) at 2016.03.29-22.16.26
[2016.03.30-04.16.26:067][708]LogWorld: Bringing up level for play took: 0.014162
[2016.03.30-04.16.26:078][708]PIE: Info Play in editor start time for /Game/UEDPIE_0_tv-prueba 1.056
[2016.03.30-04.16.35:400][884]LogParticles: Destroying 0 GPU particle simulations for FXSystem 0x000000002D6BE980
[2016.03.30-04.16.35:400][884]LogActorComponent: ReregisterComponent: (/Game/tv-prueba.tv-prueba:PersistentLevel.AmbientSound_1.AudioComponent0) Not currently registered. Aborting.
[2016.03.30-04.16.49:584][116]LogConsoleManager:Warning: Console variable 'r.Streaming.PoolSize' wasn't set (Priority Code < Scalability)
[2016.03.30-04.16.49:584][116]LogConsoleManager:Warning: Console variable 'r.MaterialQualityLevel' wasn't set (Priority Console < Scalability)
[2016.03.30-04.16.50:201][126]LogConsoleManager:Warning: Console variable 'r.Streaming.PoolSize' wasn't set (Priority Code < Scalability)
[2016.03.30-04.16.50:202][126]LogConsoleManager:Warning: Console variable 'r.MaterialQualityLevel' wasn't set (Priority Console < Scalability)
[2016.03.30-04.16.51:169][142]LogConsoleManager:Warning: Console variable 'r.Streaming.PoolSize' wasn't set (Priority Code < Scalability)
[2016.03.30-04.16.51:169][142]LogConsoleManager:Warning: Console variable 'r.MaterialQualityLevel' wasn't set (Priority Console < Scalability)
[2016.03.30-04.16.51:215][143]LogRenderer:Warning: Reallocating scene render targets to support 1296x760 (Frame:10098).
[2016.03.30-04.16.51:546][147]LogConsoleManager:Warning: Console variable 'r.Streaming.PoolSize' wasn't set (Priority Code < Scalability)
[2016.03.30-04.16.51:546][147]LogConsoleManager:Warning: Console variable 'r.MaterialQualityLevel' wasn't set (Priority Console < Scalability)
[2016.03.30-04.16.52:411][161]LogConsoleManager:Warning: Console variable 'r.Streaming.PoolSize' wasn't set (Priority Code < Scalability)
[2016.03.30-04.16.52:411][161]LogConsoleManager:Warning: Console variable 'r.MaterialQualityLevel' wasn't set (Priority Console < Scalability)
[2016.03.30-04.16.52:500][162]LogRenderer:Warning: Reallocating scene render targets to support 1296x760 (Frame:10117).
[2016.03.30-04.16.53:280][174]LogConsoleManager:Warning: Console variable 'r.Streaming.PoolSize' wasn't set (Priority Code < Scalability)
[2016.03.30-04.16.53:281][174]LogConsoleManager:Warning: Console variable 'r.MaterialQualityLevel' wasn't set (Priority Console < Scalability)
[2016.03.30-04.16.55:325][209]LogConsoleManager:Warning: Console variable 'r.Streaming.PoolSize' wasn't set (Priority Code < Scalability)
[2016.03.30-04.16.55:325][209]LogConsoleManager:Warning: Console variable 'r.MaterialQualityLevel' wasn't set (Priority Console < Scalability)
[2016.03.30-04.17.03:429][338]LogEditorViewport: Clicking on Actor (LMB): BP_Sky_Sphere_C (Sky Sphere)
[2016.03.30-04.17.04:468][350]LogEditorViewport: Clicking on Actor (LMB): Pantalla-Curva-A4A_C (Pantalla-Curva-A4A2)
[2016.03.30-04.17.28:711][653]LogPlayLevel: PIE:  No blueprints needed recompiling
[2016.03.30-04.17.28:711][653]PIE: New page: PIE session: tv-prueba (Mar 29, 2016, 4:17:28 PM)
[2016.03.30-04.17.28:724][653]LogPlayLevel: PIE: StaticDuplicateObject took: (0.010996s)
[2016.03.30-04.17.28:727][653]LogPlayLevel: PIE: World Init took: (0.003320s)
[2016.03.30-04.17.28:728][653]LogPlayLevel: PIE: Created PIE world by copying editor world from /Game/tv-prueba.tv-prueba to /Game/UEDPIE_0_tv-prueba.tv-prueba (0.014910s)
[2016.03.30-04.17.28:814][653]LogWorld: Game class is 'GameMode'
[2016.03.30-04.17.28:818][653]LogAIModule: Creating AISystem for world tv-prueba
[2016.03.30-04.17.28:829][653]LogWorld: Bringing World /Game/UEDPIE_0_tv-prueba.tv-prueba up for play (max tick rate 0) at 2016.03.29-22.17.28
[2016.03.30-04.17.28:832][653]LogWorld: Bringing up level for play took: 0.011753
[2016.03.30-04.17.28:850][653]PIE: Info Play in editor start time for /Game/UEDPIE_0_tv-prueba -0.174
[2016.03.30-04.17.36:678][788]LogParticles: Destroying 0 GPU particle simulations for FXSystem 0x000000002D6ECC20
[2016.03.30-04.17.36:678][788]LogActorComponent: ReregisterComponent: (/Game/tv-prueba.tv-prueba:PersistentLevel.AmbientSound_1.AudioComponent0) Not currently registered. Aborting.
[2016.03.30-04.17.48:757][958]LogPlayLevel: PIE:  No blueprints needed recompiling
[2016.03.30-04.17.48:758][958]PIE: New page: PIE session: tv-prueba (Mar 29, 2016, 4:17:48 PM)
[2016.03.30-04.17.48:766][958]LogPlayLevel: PIE: StaticDuplicateObject took: (0.007109s)
[2016.03.30-04.17.48:769][958]LogPlayLevel: PIE: World Init took: (0.002143s)
[2016.03.30-04.17.48:769][958]LogPlayLevel: PIE: Created PIE world by copying editor world from /Game/tv-prueba.tv-prueba to /Game/UEDPIE_0_tv-prueba.tv-prueba (0.009668s)
[2016.03.30-04.17.48:839][958]LogWorld: Game class is 'GameMode'
[2016.03.30-04.17.48:867][958]LogAIModule: Creating AISystem for world tv-prueba
[2016.03.30-04.17.48:901][958]LogWorld: Bringing World /Game/UEDPIE_0_tv-prueba.tv-prueba up for play (max tick rate 0) at 2016.03.29-22.17.48
[2016.03.30-04.17.48:903][958]LogWorld: Bringing up level for play took: 0.014071
[2016.03.30-04.17.48:932][958]PIE: Info Play in editor start time for /Game/UEDPIE_0_tv-prueba -0.092
[2016.03.30-04.17.55:067][ 60]LogParticles: Destroying 0 GPU particle simulations for FXSystem 0x000000002D6BF1A0
[2016.03.30-04.17.55:099][ 60]LogActorComponent: ReregisterComponent: (/Game/tv-prueba.tv-prueba:PersistentLevel.AmbientSound_1.AudioComponent0) Not currently registered. Aborting.
[2016.03.30-04.17.57:745][ 88]LogContentBrowser:Verbose: The content browser source was changed by the sources view to '/Game/SmartTVCurved/Blueprint'
[2016.03.30-04.19.07:084][937]BlueprintLog: New page: Pre-PIE auto-recompile
[2016.03.30-04.19.07:155][937]LogPlayLevel: [PIE] Compiling Pantalla-Curva-A4A before PIE...
[2016.03.30-04.19.07:727][937]LogPlayLevel: PIE:  Blueprint regeneration took 643 ms (1 blueprints)
[2016.03.30-04.19.07:728][937]PIE: New page: PIE session: tv-prueba (Mar 29, 2016, 4:19:07 PM)
[2016.03.30-04.19.07:739][937]LogPlayLevel: PIE: StaticDuplicateObject took: (0.009627s)
[2016.03.30-04.19.07:742][937]LogPlayLevel: PIE: World Init took: (0.002896s)
[2016.03.30-04.19.07:742][937]LogPlayLevel: PIE: Created PIE world by copying editor world from /Game/tv-prueba.tv-prueba to /Game/UEDPIE_0_tv-prueba.tv-prueba (0.013017s)
[2016.03.30-04.19.07:830][937]LogWorld: Game class is 'GameMode'
[2016.03.30-04.19.07:834][937]LogAIModule: Creating AISystem for world tv-prueba
[2016.03.30-04.19.07:848][937]LogWorld: Bringing World /Game/UEDPIE_0_tv-prueba.tv-prueba up for play (max tick rate 0) at 2016.03.29-22.19.07
[2016.03.30-04.19.07:853][937]LogWorld: Bringing up level for play took: 0.016421
[2016.03.30-04.19.07:949][937]PIE: Info Play in editor start time for /Game/UEDPIE_0_tv-prueba 0.923
[2016.03.30-04.19.14:851][ 26]LogParticles: Destroying 0 GPU particle simulations for FXSystem 0x0000000020113560
[2016.03.30-04.19.14:858][ 26]LogActorComponent: ReregisterComponent: (/Game/tv-prueba.tv-prueba:PersistentLevel.AmbientSound_1.AudioComponent0) Not currently registered. Aborting.
[2016.03.30-04.19.20:247][146]BlueprintLog: New page: Pre-PIE auto-recompile
[2016.03.30-04.19.20:291][146]LogPlayLevel: [PIE] Compiling Pantalla-Curva-A4A before PIE...
[2016.03.30-04.19.20:806][146]LogPlayLevel: PIE:  Blueprint regeneration took 559 ms (1 blueprints)
[2016.03.30-04.19.20:807][146]PIE: New page: PIE session: tv-prueba (Mar 29, 2016, 4:19:20 PM)
[2016.03.30-04.19.20:821][146]LogPlayLevel: PIE: StaticDuplicateObject took: (0.011455s)
[2016.03.30-04.19.20:824][146]LogPlayLevel: PIE: World Init took: (0.003276s)
[2016.03.30-04.19.20:824][146]LogPlayLevel: PIE: Created PIE world by copying editor world from /Game/tv-prueba.tv-prueba to /Game/UEDPIE_0_tv-prueba.tv-prueba (0.015229s)
[2016.03.30-04.19.20:919][146]LogWorld: Game class is 'GameMode'
[2016.03.30-04.19.20:924][146]LogAIModule: Creating AISystem for world tv-prueba
[2016.03.30-04.19.20:931][146]LogWorld: Bringing World /Game/UEDPIE_0_tv-prueba.tv-prueba up for play (max tick rate 0) at 2016.03.29-22.19.20
[2016.03.30-04.19.20:933][146]LogWorld: Bringing up level for play took: 0.007047
[2016.03.30-04.19.21:049][146]PIE: Info Play in editor start time for /Game/UEDPIE_0_tv-prueba 0.022
[2016.03.30-04.19.27:928][256]LogParticles: Destroying 0 GPU particle simulations for FXSystem 0x00000000375EFE20
[2016.03.30-04.19.27:930][256]LogActorComponent: ReregisterComponent: (/Game/tv-prueba.tv-prueba:PersistentLevel.AmbientSound_1.AudioComponent0) Not currently registered. Aborting.
[2016.03.30-04.19.35:998][583]LogPlayLevel: PIE:  No blueprints needed recompiling
[2016.03.30-04.19.35:998][583]PIE: New page: PIE session: tv-prueba (Mar 29, 2016, 4:19:35 PM)
[2016.03.30-04.19.36:007][583]LogPlayLevel: PIE: StaticDuplicateObject took: (0.007965s)
[2016.03.30-04.19.36:010][583]LogPlayLevel: PIE: World Init took: (0.002460s)
[2016.03.30-04.19.36:010][583]LogPlayLevel: PIE: Created PIE world by copying editor world from /Game/tv-prueba.tv-prueba to /Game/UEDPIE_0_tv-prueba.tv-prueba (0.010858s)
[2016.03.30-04.19.36:072][583]LogWorld: Game class is 'GameMode'
[2016.03.30-04.19.36:077][583]LogAIModule: Creating AISystem for world tv-prueba
[2016.03.30-04.19.36:088][583]LogWorld: Bringing World /Game/UEDPIE_0_tv-prueba.tv-prueba up for play (max tick rate 0) at 2016.03.29-22.19.36
[2016.03.30-04.19.36:089][583]LogWorld: Bringing up level for play took: 0.010722
[2016.03.30-04.19.36:177][583]PIE: Info Play in editor start time for /Game/UEDPIE_0_tv-prueba 1.149
[2016.03.30-04.19.38:345][640]LogParticles: Destroying 0 GPU particle simulations for FXSystem 0x000000005DC05300
[2016.03.30-04.19.38:347][640]LogActorComponent: ReregisterComponent: (/Game/tv-prueba.tv-prueba:PersistentLevel.AmbientSound_1.AudioComponent0) Not currently registered. Aborting.
[2016.03.30-04.19.42:775][800]LogPlayLevel: PIE:  No blueprints needed recompiling
[2016.03.30-04.19.42:775][800]PIE: New page: PIE session: tv-prueba (Mar 29, 2016, 4:19:42 PM)
[2016.03.30-04.19.42:784][800]LogPlayLevel: PIE: StaticDuplicateObject took: (0.007906s)
[2016.03.30-04.19.42:787][800]LogPlayLevel: PIE: World Init took: (0.002462s)
[2016.03.30-04.19.42:787][800]LogPlayLevel: PIE: Created PIE world by copying editor world from /Game/tv-prueba.tv-prueba to /Game/UEDPIE_0_tv-prueba.tv-prueba (0.010817s)
[2016.03.30-04.19.42:845][800]LogWorld: Game class is 'GameMode'
[2016.03.30-04.19.42:849][800]LogAIModule: Creating AISystem for world tv-prueba
[2016.03.30-04.19.42:859][800]LogWorld: Bringing World /Game/UEDPIE_0_tv-prueba.tv-prueba up for play (max tick rate 0) at 2016.03.29-22.19.42
[2016.03.30-04.19.42:861][800]LogWorld: Bringing up level for play took: 0.011230
[2016.03.30-04.19.42:961][800]PIE: Info Play in editor start time for /Game/UEDPIE_0_tv-prueba -0.066
[2016.03.30-04.19.57:688][ 67]LogParticles: Destroying 0 GPU particle simulations for FXSystem 0x000000005DB21300
[2016.03.30-04.19.57:691][ 67]LogActorComponent: ReregisterComponent: (/Game/tv-prueba.tv-prueba:PersistentLevel.AmbientSound_1.AudioComponent0) Not currently registered. Aborting.
[2016.03.30-04.20.24:704][672]LogEditorViewport: Clicking on Actor (LMB): AmbientSound (AmbientSound3)
[2016.03.30-04.20.31:593][773]LogPlayLevel: PIE:  No blueprints needed recompiling
[2016.03.30-04.20.31:593][773]PIE: New page: PIE session: tv-prueba (Mar 29, 2016, 4:20:31 PM)
[2016.03.30-04.20.31:604][773]LogPlayLevel: PIE: StaticDuplicateObject took: (0.009382s)
[2016.03.30-04.20.31:607][773]LogPlayLevel: PIE: World Init took: (0.003187s)
[2016.03.30-04.20.31:608][773]LogPlayLevel: PIE: Created PIE world by copying editor world from /Game/tv-prueba.tv-prueba to /Game/UEDPIE_0_tv-prueba.tv-prueba (0.013004s)
[2016.03.30-04.20.31:679][773]LogWorld: Game class is 'GameMode'
[2016.03.30-04.20.31:685][773]LogAIModule: Creating AISystem for world tv-prueba
[2016.03.30-04.20.31:699][773]LogWorld: Bringing World /Game/UEDPIE_0_tv-prueba.tv-prueba up for play (max tick rate 0) at 2016.03.29-22.20.31
[2016.03.30-04.20.31:702][773]LogWorld: Bringing up level for play took: 0.015503
[2016.03.30-04.20.31:710][773]PIE: Info Play in editor start time for /Game/UEDPIE_0_tv-prueba 0.681
[2016.03.30-04.20.35:347][829]LogParticles: Destroying 0 GPU particle simulations for FXSystem 0x0000000058CA00E0
[2016.03.30-04.20.35:382][829]LogActorComponent: ReregisterComponent: (/Game/tv-prueba.tv-prueba:PersistentLevel.AmbientSound_1.AudioComponent0) Not currently registered. Aborting.
[2016.03.30-04.20.44:565][954]LogPlayLevel: PIE:  No blueprints needed recompiling
[2016.03.30-04.20.44:566][954]PIE: New page: PIE session: tv-prueba (Mar 29, 2016, 4:20:44 PM)
[2016.03.30-04.20.44:575][954]LogPlayLevel: PIE: StaticDuplicateObject took: (0.007809s)
[2016.03.30-04.20.44:578][954]LogPlayLevel: PIE: World Init took: (0.002613s)
[2016.03.30-04.20.44:578][954]LogPlayLevel: PIE: Created PIE world by copying editor world from /Game/tv-prueba.tv-prueba to /Game/UEDPIE_0_tv-prueba.tv-prueba (0.010963s)
[2016.03.30-04.20.44:658][954]LogWorld: Game class is 'GameMode'
[2016.03.30-04.20.44:661][954]LogAIModule: Creating AISystem for world tv-prueba
[2016.03.30-04.20.44:679][954]LogWorld: Bringing World /Game/UEDPIE_0_tv-prueba.tv-prueba up for play (max tick rate 0) at 2016.03.29-22.20.44
[2016.03.30-04.20.44:682][954]LogWorld: Bringing up level for play took: 0.018839
[2016.03.30-04.20.44:697][954]PIE: Info Play in editor start time for /Game/UEDPIE_0_tv-prueba -0.333
[2016.03.30-04.20.47:678][ 15]LogParticles: Destroying 0 GPU particle simulations for FXSystem 0x000000005DAD63E0
[2016.03.30-04.20.47:680][ 15]LogActorComponent: ReregisterComponent: (/Game/tv-prueba.tv-prueba:PersistentLevel.AmbientSound_1.AudioComponent0) Not currently registered. Aborting.
[2016.03.30-04.20.48:999][ 26]LogContentBrowser:Verbose: The content browser source was changed by the sources view to '/Game/SmartTVCurved/Mesh'
[2016.03.30-04.20.49:893][ 35]LogContentBrowser:Verbose: The content browser source was changed by the sources view to '/Game/SmartTVCurved/Texture'
[2016.03.30-04.21.11:640][118]LogFactory: FactoryCreateBinary: SoundWave with SoundFactory (0 0 C:\Audio Library\Loops\bongo beat13.wav)
[2016.03.30-04.21.11:687][118]LogAudioDerivedData:Display: Building compressed audio format OGG wave bongo_beat13...
[2016.03.30-04.21.12:174][118]LogAudioDerivedData:Warning: Updated SoundWave->RawPCMDataSize during cooking SoundWave /Game/SmartTVCurved/Texture/bongo_beat13.bongo_beat13.
[2016.03.30-04.21.12:211][118]LogContentBrowser:Verbose: The content browser source was changed by the sources view to 'None'
[2016.03.30-04.21.12:213][118]LogContentBrowser:Verbose: The content browser source was changed by the sources view to '/Game/SmartTVCurved/Texture'
[2016.03.30-04.21.18:852][193]LogEditorFactories: Performing atomic reimport of [C:/Audio Library/Loops/bongo beat13.wav]
[2016.03.30-04.21.18:853][193]LogFactory: FactoryCreateBinary: SoundWave with ReimportSoundFactory (0 0 C:/Audio Library/Loops/bongo beat13.wav)
[2016.03.30-04.21.18:860][193]LogEditorFactories: -- imported successfully
[2016.03.30-04.21.18:940][193]LogAudioDerivedData:Display: Building compressed audio format OGG wave bongo_beat13...
[2016.03.30-04.21.19:364][193]LogAudioDerivedData:Warning: Updated SoundWave->RawPCMDataSize during cooking SoundWave /Game/SmartTVCurved/Texture/bongo_beat13.bongo_beat13.
[2016.03.30-04.21.36:068][431]LogEditorViewport: Clicking on Actor (LMB): AmbientSound (AmbientSound3)
[2016.03.30-04.21.36:497][432]LogEditorViewport: Clicking on Component (LMB): AudioComponent (AudioComponent0)
[2016.03.30-04.21.37:058][435]LogEditorViewport: Clicking on Component (LMB): AudioComponent (AudioComponent0)
[2016.03.30-04.21.51:183][624]LogPlayLevel: PIE:  No blueprints needed recompiling
[2016.03.30-04.21.51:183][624]PIE: New page: PIE session: tv-prueba (Mar 29, 2016, 4:21:51 PM)
[2016.03.30-04.21.51:196][624]LogPlayLevel: PIE: StaticDuplicateObject took: (0.011247s)
[2016.03.30-04.21.51:200][624]LogPlayLevel: PIE: World Init took: (0.003554s)
[2016.03.30-04.21.51:200][624]LogPlayLevel: PIE: Created PIE world by copying editor world from /Game/tv-prueba.tv-prueba to /Game/UEDPIE_0_tv-prueba.tv-prueba (0.015393s)
[2016.03.30-04.21.51:270][624]LogWorld: Game class is 'GameMode'
[2016.03.30-04.21.51:276][624]LogAIModule: Creating AISystem for world tv-prueba
[2016.03.30-04.21.51:288][624]LogWorld: Bringing World /Game/UEDPIE_0_tv-prueba.tv-prueba up for play (max tick rate 0) at 2016.03.29-22.21.51
[2016.03.30-04.21.51:290][624]LogWorld: Bringing up level for play took: 0.012350
[2016.03.30-04.21.51:298][624]PIE: Info Play in editor start time for /Game/UEDPIE_0_tv-prueba 0.266
[2016.03.30-04.21.59:632][760]LogParticles: Destroying 0 GPU particle simulations for FXSystem 0x000000005DB21440
[2016.03.30-04.21.59:669][760]LogActorComponent: ReregisterComponent: (/Game/tv-prueba.tv-prueba:PersistentLevel.AmbientSound_1.AudioComponent0) Not currently registered. Aborting.
[2016.03.30-04.26.32:751][744]Cmd: OBJ SAVEPACKAGE PACKAGE="/Game/tv-prueba" FILE="../../../../../../Users/3c0z/Documents/Assets/ELECTRONICASSETS/Saved/Autosaves/Game/tv-prueba_Auto2.umap" SILENT=true AUTOSAVING=true KEEPDIRTY=false
[2016.03.30-04.26.33:496][744]LogSavePackage: Save=459.343964ms
[2016.03.30-04.26.33:499][744]LogSavePackage: Moving '../../../../../../Users/3c0z/Documents/Assets/ELECTRONICASSETS/Saved/tv-prueba_Auto26FB93B0B41A0BAB9F003BCA01FA2ED27.tmp' to '../../../../../../Users/3c0z/Documents/Assets/ELECTRONICASSETS/Saved/Autosaves/Game/tv-prueba_Auto2.umap'
[2016.03.30-04.26.33:564][744]LogFileHelpers: Editor autosave (incl. sublevels) for '/Game/tv-prueba' took 1.344
[2016.03.30-04.26.33:564][744]LogFileHelpers: Editor autosave (incl. sublevels) for all levels took 1.344
[2016.03.30-04.26.33:793][744]OBJ SavePackage: Generating thumbnails for [1] asset(s) in package [/Game/SmartTVCurved/Blueprint/Pantalla-Curva-A4A] ([1] browsable assets)...
[2016.03.30-04.26.33:881][744]OBJ SavePackage:     Rendered thumbnail for [Blueprint /Game/SmartTVCurved/Blueprint/Pantalla-Curva-A4A.Pantalla-Curva-A4A]
[2016.03.30-04.26.33:881][744]OBJ SavePackage: Finished generating thumbnails for package [/Game/SmartTVCurved/Blueprint/Pantalla-Curva-A4A]
[2016.03.30-04.26.36:407][744]LogSavePackage: Save=2098.925049ms
[2016.03.30-04.26.36:413][744]LogSavePackage: Moving '../../../../../../Users/3c0z/Documents/Assets/ELECTRONICASSETS/Saved/Pantalla-Curva-A4A_Auto2B0E1D6CF4F39B3CA9DDAC9B6C0577115.tmp' to '../../../../../../Users/3c0z/Documents/Assets/ELECTRONICASSETS/Saved/Autosaves/Game/SmartTVCurved/Blueprint/Pantalla-Curva-A4A_Auto2.uasset'
[2016.03.30-04.26.36:595][744]OBJ SavePackage: Generating thumbnails for [1] asset(s) in package [/Game/SmartTVCurved/Texture/bongo_beat13] ([1] browsable assets)...
[2016.03.30-04.26.36:675][744]OBJ SavePackage:     Rendered thumbnail for [SoundWave /Game/SmartTVCurved/Texture/bongo_beat13.bongo_beat13]
[2016.03.30-04.26.36:675][744]OBJ SavePackage: Finished generating thumbnails for package [/Game/SmartTVCurved/Texture/bongo_beat13]
[2016.03.30-04.26.37:864][744]LogSavePackage: Save=992.843079ms
[2016.03.30-04.26.37:866][744]LogSavePackage: Moving '../../../../../../Users/3c0z/Documents/Assets/ELECTRONICASSETS/Saved/bongo_beat13_Auto2CC820EC0422466CCB46CAC9E0FEFE752.tmp' to '../../../../../../Users/3c0z/Documents/Assets/ELECTRONICASSETS/Saved/Autosaves/Game/SmartTVCurved/Texture/bongo_beat13_Auto2.uasset'
[2016.03.30-04.26.37:914][744]LogFileHelpers: Auto-saving content packages took 4.349
[2016.03.30-04.28.31:804][374]LogEditorViewport: Clicking on Actor (LMB): Pantalla-Curva-A4A_C (Pantalla-Curva-A4A2)
[2016.03.30-04.28.35:971][424]LogContentBrowser:Verbose: The content browser source was changed by the sources view to '/Game/SmartTVCurved/Materials'
[2016.03.30-04.28.36:439][425]LogContentBrowser:Verbose: The content browser source was changed by the sources view to '/Game/SmartTVCurved/Blueprint'
[2016.03.30-04.31.55:501][ 11]BlueprintLog: New page: Compile Pantalla-Curva-A4A
[2016.03.30-04.31.56:327][ 11]BlueprintEditorCompileResults: Info [1806.60] Compile of Pantalla-Curva-A4A successful! [in 825 ms]
[2016.03.30-04.31.56:625][ 13]LogRenderer:Warning: Reallocating scene render targets to support 1296x904 (Frame:14219).
[2016.03.30-04.32.06:737][173]LogPlayLevel: PIE:  No blueprints needed recompiling
[2016.03.30-04.32.06:737][173]PIE: New page: PIE session: tv-prueba (Mar 29, 2016, 4:32:06 PM)
[2016.03.30-04.32.06:752][173]LogPlayLevel: PIE: StaticDuplicateObject took: (0.007331s)
[2016.03.30-04.32.06:756][173]LogPlayLevel: PIE: World Init took: (0.003202s)
[2016.03.30-04.32.06:756][173]LogPlayLevel: PIE: Created PIE world by copying editor world from /Game/tv-prueba.tv-prueba to /Game/UEDPIE_0_tv-prueba.tv-prueba (0.010979s)
[2016.03.30-04.32.06:934][173]LogWorld: Game class is 'GameMode'
[2016.03.30-04.32.06:940][173]LogAIModule: Creating AISystem for world tv-prueba
[2016.03.30-04.32.06:979][173]LogWorld: Bringing World /Game/UEDPIE_0_tv-prueba.tv-prueba up for play (max tick rate 0) at 2016.03.29-22.32.06
[2016.03.30-04.32.06:981][173]LogWorld: Bringing up level for play took: 0.039207
[2016.03.30-04.32.07:079][173]PIE: Info Play in editor start time for /Game/UEDPIE_0_tv-prueba 0.029
[2016.03.30-04.32.12:999][245]LogParticles: Destroying 0 GPU particle simulations for FXSystem 0x000000002A427D80
[2016.03.30-04.32.13:033][245]LogActorComponent: ReregisterComponent: (/Game/tv-prueba.tv-prueba:PersistentLevel.AmbientSound_1.AudioComponent0) Not currently registered. Aborting.
[2016.03.30-04.32.18:131][294]BlueprintLog: New page: Pre-PIE auto-recompile
[2016.03.30-04.32.18:177][294]LogPlayLevel: [PIE] Compiling Pantalla-Curva-A4A before PIE...
[2016.03.30-04.32.19:241][294]LogPlayLevel: PIE:  Blueprint regeneration took 1110 ms (1 blueprints)
[2016.03.30-04.32.19:241][294]PIE: New page: PIE session: tv-prueba (Mar 29, 2016, 4:32:19 PM)
[2016.03.30-04.32.19:251][294]LogPlayLevel: PIE: StaticDuplicateObject took: (0.007710s)
[2016.03.30-04.32.19:254][294]LogPlayLevel: PIE: World Init took: (0.002736s)
[2016.03.30-04.32.19:255][294]LogPlayLevel: PIE: Created PIE world by copying editor world from /Game/tv-prueba.tv-prueba to /Game/UEDPIE_0_tv-prueba.tv-prueba (0.011180s)
[2016.03.30-04.32.19:477][294]LogWorld: Game class is 'GameMode'
[2016.03.30-04.32.19:483][294]LogAIModule: Creating AISystem for world tv-prueba
[2016.03.30-04.32.19:498][294]LogWorld: Bringing World /Game/UEDPIE_0_tv-prueba.tv-prueba up for play (max tick rate 0) at 2016.03.29-22.32.19
[2016.03.30-04.32.19:500][294]LogWorld: Bringing up level for play took: 0.015054
[2016.03.30-04.32.19:651][294]PIE: Info Play in editor start time for /Game/UEDPIE_0_tv-prueba 0.6
[2016.03.30-04.32.26:601][374]LogParticles: Destroying 0 GPU particle simulations for FXSystem 0x0000000023AD2DE0
[2016.03.30-04.32.26:604][374]LogActorComponent: ReregisterComponent: (/Game/tv-prueba.tv-prueba:PersistentLevel.AmbientSound_1.AudioComponent0) Not currently registered. Aborting.
[2016.03.30-04.36.53:095][172]Cmd: OBJ SAVEPACKAGE PACKAGE="/Game/tv-prueba" FILE="../../../../../../Users/3c0z/Documents/Assets/ELECTRONICASSETS/Saved/Autosaves/Game/tv-prueba_Auto3.umap" SILENT=true AUTOSAVING=true KEEPDIRTY=false
[2016.03.30-04.36.53:706][172]LogSavePackage: Save=371.147919ms
[2016.03.30-04.36.53:706][172]LogSavePackage: Moving '../../../../../../Users/3c0z/Documents/Assets/ELECTRONICASSETS/Saved/tv-prueba_Auto384E63C9249AFF183935E339462449EDB.tmp' to '../../../../../../Users/3c0z/Documents/Assets/ELECTRONICASSETS/Saved/Autosaves/Game/tv-prueba_Auto3.umap'
[2016.03.30-04.36.53:745][172]LogFileHelpers: Editor autosave (incl. sublevels) for '/Game/tv-prueba' took 1.021
[2016.03.30-04.36.53:745][172]LogFileHelpers: Editor autosave (incl. sublevels) for all levels took 1.021
[2016.03.30-04.36.53:834][172]OBJ SavePackage: Generating thumbnails for [1] asset(s) in package [/Game/SmartTVCurved/Blueprint/Pantalla-Curva-A4A] ([1] browsable assets)...
[2016.03.30-04.36.53:906][172]OBJ SavePackage:     Rendered thumbnail for [Blueprint /Game/SmartTVCurved/Blueprint/Pantalla-Curva-A4A.Pantalla-Curva-A4A]
[2016.03.30-04.36.53:906][172]OBJ SavePackage: Finished generating thumbnails for package [/Game/SmartTVCurved/Blueprint/Pantalla-Curva-A4A]
[2016.03.30-04.36.55:375][172]LogSavePackage: Save=1319.557983ms
[2016.03.30-04.36.55:379][172]LogSavePackage: Moving '../../../../../../Users/3c0z/Documents/Assets/ELECTRONICASSETS/Saved/Pantalla-Curva-A4A_Auto3666D39AF445B1461D2DB408B55DC4D90.tmp' to '../../../../../../Users/3c0z/Documents/Assets/ELECTRONICASSETS/Saved/Autosaves/Game/SmartTVCurved/Blueprint/Pantalla-Curva-A4A_Auto3.uasset'
[2016.03.30-04.36.55:438][172]LogFileHelpers: Auto-saving content packages took 1.694
[2016.03.30-04.38.52:880][709]BlueprintLog: New page: Pre-PIE auto-recompile
[2016.03.30-04.38.52:916][709]LogPlayLevel: [PIE] Compiling Pantalla-Curva-A4A before PIE...
[2016.03.30-04.38.53:544][709]LogPlayLevel: PIE:  Blueprint regeneration took 663 ms (1 blueprints)
[2016.03.30-04.38.53:544][709]PIE: New page: PIE session: tv-prueba (Mar 29, 2016, 4:38:53 PM)
[2016.03.30-04.38.53:615][709]LogPlayLevel: PIE: StaticDuplicateObject took: (0.069667s)
[2016.03.30-04.38.53:618][709]LogPlayLevel: PIE: World Init took: (0.002807s)
[2016.03.30-04.38.53:618][709]LogPlayLevel: PIE: Created PIE world by copying editor world from /Game/tv-prueba.tv-prueba to /Game/UEDPIE_0_tv-prueba.tv-prueba (0.072905s)
[2016.03.30-04.38.53:843][709]LogWorld: Game class is 'GameMode'
[2016.03.30-04.38.53:848][709]LogAIModule: Creating AISystem for world tv-prueba
[2016.03.30-04.38.53:913][709]LogWorld: Bringing World /Game/UEDPIE_0_tv-prueba.tv-prueba up for play (max tick rate 0) at 2016.03.29-22.38.53
[2016.03.30-04.38.53:916][709]LogWorld: Bringing up level for play took: 0.065344
[2016.03.30-04.38.54:031][709]PIE: Info Play in editor start time for /Game/UEDPIE_0_tv-prueba 0.968
[2016.03.30-04.39.04:487][867]LogParticles: Destroying 0 GPU particle simulations for FXSystem 0x000000005D996AC0
[2016.03.30-04.39.04:492][867]LogActorComponent: ReregisterComponent: (/Game/tv-prueba.tv-prueba:PersistentLevel.AmbientSound_1.AudioComponent0) Not currently registered. Aborting.
[2016.03.30-04.47.08:482][595]Cmd: OBJ SAVEPACKAGE PACKAGE="/Game/tv-prueba" FILE="../../../../../../Users/3c0z/Documents/Assets/ELECTRONICASSETS/Saved/Autosaves/Game/tv-prueba_Auto4.umap" SILENT=true AUTOSAVING=true KEEPDIRTY=false
[2016.03.30-04.47.09:532][595]LogSavePackage: Save=613.289734ms
[2016.03.30-04.47.09:533][595]LogSavePackage: Moving '../../../../../../Users/3c0z/Documents/Assets/ELECTRONICASSETS/Saved/tv-prueba_Auto45381DA404FB13FD0ADCFB58037A781C6.tmp' to '../../../../../../Users/3c0z/Documents/Assets/ELECTRONICASSETS/Saved/Autosaves/Game/tv-prueba_Auto4.umap'
[2016.03.30-04.47.09:706][595]LogFileHelpers: Editor autosave (incl. sublevels) for '/Game/tv-prueba' took 2.140
[2016.03.30-04.47.09:706][595]LogFileHelpers: Editor autosave (incl. sublevels) for all levels took 2.140
[2016.03.30-04.47.09:937][595]OBJ SavePackage: Generating thumbnails for [1] asset(s) in package [/Game/SmartTVCurved/Blueprint/Pantalla-Curva-A4A] ([1] browsable assets)...
[2016.03.30-04.47.10:106][595]OBJ SavePackage:     Rendered thumbnail for [Blueprint /Game/SmartTVCurved/Blueprint/Pantalla-Curva-A4A.Pantalla-Curva-A4A]
[2016.03.30-04.47.10:106][595]OBJ SavePackage: Finished generating thumbnails for package [/Game/SmartTVCurved/Blueprint/Pantalla-Curva-A4A]
[2016.03.30-04.47.13:989][595]LogSavePackage: Save=3545.658691ms
[2016.03.30-04.47.14:010][595]LogSavePackage: Moving '../../../../../../Users/3c0z/Documents/Assets/ELECTRONICASSETS/Saved/Pantalla-Curva-A4A_Auto47E7AA842485A54810335EB989476B98D.tmp' to '../../../../../../Users/3c0z/Documents/Assets/ELECTRONICASSETS/Saved/Autosaves/Game/SmartTVCurved/Blueprint/Pantalla-Curva-A4A_Auto4.uasset'
[2016.03.30-04.47.14:134][595]LogFileHelpers: Auto-saving content packages took 4.428
[2016.03.30-04.52.00:111][460]LogContentBrowser:Verbose: The content browser source was changed by the sources view to '/Game/SmartTVCurved/Materials'
[2016.03.30-04.52.01:070][468]LogContentBrowser:Verbose: The content browser source was changed by the sources view to '/Game/SmartTVCurved/Media'
[2016.03.30-04.52.02:154][481]LogContentBrowser:Verbose: The content browser source was changed by the sources view to '/Game/SmartTVCurved/Mesh'
[2016.03.30-04.52.04:818][502]LogContentBrowser:Verbose: The content browser source was changed by the sources view to '/Game/SmartTVCurved/Texture'
[2016.03.30-04.52.44:234][673]LogPlayLevel: PIE:  No blueprints needed recompiling
[2016.03.30-04.52.44:235][673]PIE: New page: PIE session: tv-prueba (Mar 29, 2016, 4:52:44 PM)
[2016.03.30-04.52.44:246][673]LogPlayLevel: PIE: StaticDuplicateObject took: (0.009713s)
[2016.03.30-04.52.44:275][673]LogPlayLevel: PIE: World Init took: (0.028985s)
[2016.03.30-04.52.44:276][673]LogPlayLevel: PIE: Created PIE world by copying editor world from /Game/tv-prueba.tv-prueba to /Game/UEDPIE_0_tv-prueba.tv-prueba (0.039206s)
[2016.03.30-04.52.44:487][673]LogWorld: Game class is 'GameMode'
[2016.03.30-04.52.44:493][673]LogAIModule: Creating AISystem for world tv-prueba
[2016.03.30-04.52.44:506][673]LogWorld: Bringing World /Game/UEDPIE_0_tv-prueba.tv-prueba up for play (max tick rate 0) at 2016.03.29-22.52.44
[2016.03.30-04.52.44:509][673]LogWorld: Bringing up level for play took: 0.013074
[2016.03.30-04.52.44:746][673]PIE: Info Play in editor start time for /Game/UEDPIE_0_tv-prueba -0.342
[2016.03.30-04.52.56:261][785]LogParticles: Destroying 0 GPU particle simulations for FXSystem 0x000000000C4BEB60
[2016.03.30-04.52.56:290][785]LogActorComponent: ReregisterComponent: (/Game/tv-prueba.tv-prueba:PersistentLevel.AmbientSound_1.AudioComponent0) Not currently registered. Aborting.
[2016.03.30-04.54.25:809][799]Cmd: OBJ SAVEPACKAGE PACKAGE="/Game/SmartTVCurved/Texture/NIN_Wav" FILE="../../../../../../Users/3c0z/Documents/Assets/ELECTRONICASSETS/Content/SmartTVCurved/Texture/NIN_Wav.uasset" SILENT=true
[2016.03.30-04.54.26:428][799]LogSavePackage: Save=104.775269ms
[2016.03.30-04.54.26:428][799]LogSavePackage: Moving '../../../../../../Users/3c0z/Documents/Assets/ELECTRONICASSETS/Saved/NIN_Wav55CE0E6E4C76169928FF18806BAAC95D.tmp' to '../../../../../../Users/3c0z/Documents/Assets/ELECTRONICASSETS/Content/SmartTVCurved/Texture/NIN_Wav.uasset'
[2016.03.30-04.54.32:342][898]LogPlayLevel: PIE:  No blueprints needed recompiling
[2016.03.30-04.54.32:342][898]PIE: New page: PIE session: tv-prueba (Mar 29, 2016, 4:54:32 PM)
[2016.03.30-04.54.32:353][898]LogPlayLevel: PIE: StaticDuplicateObject took: (0.009113s)
[2016.03.30-04.54.32:356][898]LogPlayLevel: PIE: World Init took: (0.002502s)
[2016.03.30-04.54.32:356][898]LogPlayLevel: PIE: Created PIE world by copying editor world from /Game/tv-prueba.tv-prueba to /Game/UEDPIE_0_tv-prueba.tv-prueba (0.012147s)
[2016.03.30-04.54.32:616][898]LogWorld: Game class is 'GameMode'
[2016.03.30-04.54.32:621][898]LogAIModule: Creating AISystem for world tv-prueba
[2016.03.30-04.54.32:635][898]LogWorld: Bringing World /Game/UEDPIE_0_tv-prueba.tv-prueba up for play (max tick rate 0) at 2016.03.29-22.54.32
[2016.03.30-04.54.32:642][898]LogWorld: Bringing up level for play took: 0.018833
[2016.03.30-04.54.32:655][898]PIE: Info Play in editor start time for /Game/UEDPIE_0_tv-prueba -0.441
[2016.03.30-04.54.44:507][ 44]LogParticles: Destroying 0 GPU particle simulations for FXSystem 0x000000003906EDE0
[2016.03.30-04.54.44:547][ 44]LogActorComponent: ReregisterComponent: (/Game/tv-prueba.tv-prueba:PersistentLevel.AmbientSound_1.AudioComponent0) Not currently registered. Aborting.
[2016.03.30-04.54.51:055][113]LogEditorViewport: Clicking on Actor (LMB): Pantalla-Curva-A4A_C (Pantalla-Curva-A4A2)
[2016.03.30-04.54.56:428][152]LogEditorViewport: Clicking on Actor (LMB): AmbientSound (AmbientSound3)
[2016.03.30-04.55.11:825][278]LogEditorViewport: Clicking on Actor (LMB): Pantalla-Curva-A4A_C (Pantalla-Curva-A4A2)
[2016.03.30-04.55.18:483][344]LogEditorViewport: Clicking on Actor (LMB): AmbientSound (AmbientSound3)
[2016.03.30-04.57.44:870][617]Cmd: OBJ SAVEPACKAGE PACKAGE="/Game/tv-prueba" FILE="../../../../../../Users/3c0z/Documents/Assets/ELECTRONICASSETS/Saved/Autosaves/Game/tv-prueba_Auto5.umap" SILENT=true AUTOSAVING=true KEEPDIRTY=false
[2016.03.30-04.57.49:237][617]LogSavePackage: Save=2409.993896ms
[2016.03.30-04.57.49:237][617]LogSavePackage: Moving '../../../../../../Users/3c0z/Documents/Assets/ELECTRONICASSETS/Saved/tv-prueba_Auto5722E774E435634B2A7C6C5B67F15940D.tmp' to '../../../../../../Users/3c0z/Documents/Assets/ELECTRONICASSETS/Saved/Autosaves/Game/tv-prueba_Auto5.umap'
[2016.03.30-04.57.49:411][617]LogFileHelpers: Editor autosave (incl. sublevels) for '/Game/tv-prueba' took 7.152
[2016.03.30-04.57.49:411][617]LogFileHelpers: Editor autosave (incl. sublevels) for all levels took 7.152
[2016.03.30-05.01.30:663][ 94]LogPlayLevel: PIE:  No blueprints needed recompiling
[2016.03.30-05.01.30:664][ 94]PIE: New page: PIE session: tv-prueba (Mar 29, 2016, 5:01:30 PM)
[2016.03.30-05.01.30:676][ 94]LogPlayLevel: PIE: StaticDuplicateObject took: (0.010726s)
[2016.03.30-05.01.30:681][ 94]LogPlayLevel: PIE: World Init took: (0.004219s)
[2016.03.30-05.01.30:681][ 94]LogPlayLevel: PIE: Created PIE world by copying editor world from /Game/tv-prueba.tv-prueba to /Game/UEDPIE_0_tv-prueba.tv-prueba (0.015586s)
[2016.03.30-05.01.30:900][ 94]LogWorld: Game class is 'GameMode'
[2016.03.30-05.01.30:905][ 94]LogAIModule: Creating AISystem for world tv-prueba
[2016.03.30-05.01.30:930][ 94]LogWorld: Bringing World /Game/UEDPIE_0_tv-prueba.tv-prueba up for play (max tick rate 0) at 2016.03.29-23.01.30
[2016.03.30-05.01.30:933][ 94]LogWorld: Bringing up level for play took: 0.025718
[2016.03.30-05.01.30:956][ 94]PIE: Info Play in editor start time for /Game/UEDPIE_0_tv-prueba -0.147
[2016.03.30-05.01.45:739][327]LogParticles: Destroying 0 GPU particle simulations for FXSystem 0x0000000058C61A80
[2016.03.30-05.01.45:742][327]LogActorComponent: ReregisterComponent: (/Game/tv-prueba.tv-prueba:PersistentLevel.AmbientSound_1.AudioComponent0) Not currently registered. Aborting.
[2016.03.30-05.06.44:566][270]LogPlayLevel: PIE:  No blueprints needed recompiling
[2016.03.30-05.06.44:567][270]PIE: New page: PIE session: tv-prueba (Mar 29, 2016, 5:06:44 PM)
[2016.03.30-05.06.44:590][270]LogPlayLevel: PIE: StaticDuplicateObject took: (0.021254s)
[2016.03.30-05.06.44:593][270]LogPlayLevel: PIE: World Init took: (0.003017s)
[2016.03.30-05.06.44:593][270]LogPlayLevel: PIE: Created PIE world by copying editor world from /Game/tv-prueba.tv-prueba to /Game/UEDPIE_0_tv-prueba.tv-prueba (0.024739s)
[2016.03.30-05.06.44:815][270]LogWorld: Game class is 'GameMode'
[2016.03.30-05.06.44:821][270]LogAIModule: Creating AISystem for world tv-prueba
[2016.03.30-05.06.44:835][270]LogWorld: Bringing World /Game/UEDPIE_0_tv-prueba.tv-prueba up for play (max tick rate 0) at 2016.03.29-23.06.44
[2016.03.30-05.06.44:837][270]LogWorld: Bringing up level for play took: 0.014720
[2016.03.30-05.06.44:846][270]PIE: Info Play in editor start time for /Game/UEDPIE_0_tv-prueba -0.264
[2016.03.30-05.07.35:270][595]LogEditorFactories: Performing atomic reimport of [C:/Audio Library/Loops/bongo beat13.wav]
[2016.03.30-05.07.35:270][595]LogFactory: FactoryCreateBinary: SoundWave with ReimportSoundFactory (0 0 C:/Audio Library/Loops/bongo beat13.wav)
[2016.03.30-05.07.35:280][595]LogEditorFactories: -- imported successfully
[2016.03.30-05.07.35:344][595]LogAudioDerivedData:Display: Building compressed audio format OGG wave bongo_beat13...
[2016.03.30-05.07.36:286][595]LogAudioDerivedData:Warning: Updated SoundWave->RawPCMDataSize during cooking SoundWave /Game/SmartTVCurved/Texture/bongo_beat13.bongo_beat13.
[2016.03.30-05.08.03:222][880]LogParticles: Destroying 0 GPU particle simulations for FXSystem 0x000000001AB25EE0
[2016.03.30-05.08.03:264][880]LogActorComponent: ReregisterComponent: (/Game/tv-prueba.tv-prueba:PersistentLevel.AmbientSound_1.AudioComponent0) Not currently registered. Aborting.
[2016.03.30-05.10.06:790][331]Cmd: OBJ SAVEPACKAGE PACKAGE="/Game/tv-prueba" FILE="../../../../../../Users/3c0z/Documents/Assets/ELECTRONICASSETS/Saved/Autosaves/Game/tv-prueba_Auto6.umap" SILENT=true AUTOSAVING=true KEEPDIRTY=false
[2016.03.30-05.10.07:255][331]LogSavePackage: Save=265.906738ms
[2016.03.30-05.10.07:256][331]LogSavePackage: Moving '../../../../../../Users/3c0z/Documents/Assets/ELECTRONICASSETS/Saved/tv-prueba_Auto6964F047244608A0D0E72F382F0E09EF5.tmp' to '../../../../../../Users/3c0z/Documents/Assets/ELECTRONICASSETS/Saved/Autosaves/Game/tv-prueba_Auto6.umap'
[2016.03.30-05.10.07:280][331]LogFileHelpers: Editor autosave (incl. sublevels) for '/Game/tv-prueba' took 0.727
[2016.03.30-05.10.07:280][331]LogFileHelpers: Editor autosave (incl. sublevels) for all levels took 0.727
[2016.03.30-05.10.07:337][331]OBJ SavePackage: Generating thumbnails for [1] asset(s) in package [/Game/SmartTVCurved/Blueprint/Pantalla-Curva-A4A] ([1] browsable assets)...
[2016.03.30-05.10.07:421][331]OBJ SavePackage:     Rendered thumbnail for [Blueprint /Game/SmartTVCurved/Blueprint/Pantalla-Curva-A4A.Pantalla-Curva-A4A]
[2016.03.30-05.10.07:421][331]OBJ SavePackage: Finished generating thumbnails for package [/Game/SmartTVCurved/Blueprint/Pantalla-Curva-A4A]
[2016.03.30-05.10.08:682][331]LogSavePackage: Save=1072.382080ms
[2016.03.30-05.10.08:684][331]LogSavePackage: Moving '../../../../../../Users/3c0z/Documents/Assets/ELECTRONICASSETS/Saved/Pantalla-Curva-A4A_Auto67C7BD32B48247E2BA068F3BB21566574.tmp' to '../../../../../../Users/3c0z/Documents/Assets/ELECTRONICASSETS/Saved/Autosaves/Game/SmartTVCurved/Blueprint/Pantalla-Curva-A4A_Auto6.uasset'
[2016.03.30-05.10.08:790][331]OBJ SavePackage: Generating thumbnails for [1] asset(s) in package [/Game/SmartTVCurved/Texture/bongo_beat13] ([1] browsable assets)...
[2016.03.30-05.10.08:838][331]OBJ SavePackage:     Rendered thumbnail for [SoundWave /Game/SmartTVCurved/Texture/bongo_beat13.bongo_beat13]
[2016.03.30-05.10.08:838][331]OBJ SavePackage: Finished generating thumbnails for package [/Game/SmartTVCurved/Texture/bongo_beat13]
[2016.03.30-05.10.09:078][331]LogSavePackage: Save=231.276505ms
[2016.03.30-05.10.09:081][331]LogSavePackage: Moving '../../../../../../Users/3c0z/Documents/Assets/ELECTRONICASSETS/Saved/bongo_beat13_Auto652CEB5FB4A3A20835844CD93F497AED2.tmp' to '../../../../../../Users/3c0z/Documents/Assets/ELECTRONICASSETS/Saved/Autosaves/Game/SmartTVCurved/Texture/bongo_beat13_Auto6.uasset'
[2016.03.30-05.10.09:106][331]LogFileHelpers: Auto-saving content packages took 1.827
[2016.03.30-05.11.50:195][864]LogEditorViewport: Clicking on Actor (LMB): AmbientSound (AmbientSound3)
[2016.03.30-05.15.26:382][  6]LogContentBrowser: Native class hierarchy updated for 'ReferenceViewer' in 0.0233 seconds. Added 3 classes and 2 folders.
[2016.03.30-05.20.11:415][828]Cmd: OBJ SAVEPACKAGE PACKAGE="/Game/tv-prueba" FILE="../../../../../../Users/3c0z/Documents/Assets/ELECTRONICASSETS/Saved/Autosaves/Game/tv-prueba_Auto7.umap" SILENT=true AUTOSAVING=true KEEPDIRTY=false
[2016.03.30-05.20.12:382][828]LogSavePackage: Save=551.660400ms
[2016.03.30-05.20.12:382][828]LogSavePackage: Moving '../../../../../../Users/3c0z/Documents/Assets/ELECTRONICASSETS/Saved/tv-prueba_Auto71C8E72AF41B7DADF7298CF8CFBA6D3DA.tmp' to '../../../../../../Users/3c0z/Documents/Assets/ELECTRONICASSETS/Saved/Autosaves/Game/tv-prueba_Auto7.umap'
[2016.03.30-05.20.12:415][828]LogFileHelpers: Editor autosave (incl. sublevels) for '/Game/tv-prueba' took 1.553
[2016.03.30-05.20.12:415][828]LogFileHelpers: Editor autosave (incl. sublevels) for all levels took 1.553
[2016.03.30-05.20.12:529][828]OBJ SavePackage: Generating thumbnails for [1] asset(s) in package [/Game/SmartTVCurved/Blueprint/Pantalla-Curva-A4A] ([1] browsable assets)...
[2016.03.30-05.20.12:636][828]OBJ SavePackage:     Rendered thumbnail for [Blueprint /Game/SmartTVCurved/Blueprint/Pantalla-Curva-A4A.Pantalla-Curva-A4A]
[2016.03.30-05.20.12:637][828]OBJ SavePackage: Finished generating thumbnails for package [/Game/SmartTVCurved/Blueprint/Pantalla-Curva-A4A]
[2016.03.30-05.20.15:416][828]LogSavePackage: Save=2353.477051ms
[2016.03.30-05.20.15:419][828]LogSavePackage: Moving '../../../../../../Users/3c0z/Documents/Assets/ELECTRONICASSETS/Saved/Pantalla-Curva-A4A_Auto763C89850470C21C63040CD9C4688111A.tmp' to '../../../../../../Users/3c0z/Documents/Assets/ELECTRONICASSETS/Saved/Autosaves/Game/SmartTVCurved/Blueprint/Pantalla-Curva-A4A_Auto7.uasset'
[2016.03.30-05.20.15:462][828]LogFileHelpers: Auto-saving content packages took 3.047
[2016.03.30-05.30.22:243][628]LogFactory: FactoryCreateBinary: MediaPlayer with MediaPlayerFactory (0 0 C:\Users\3c0z\Desktop\Depicable.mp4)
[2016.03.30-05.30.22:292][628]LogWmfMedia:Error: Failed to create source object from URL for C:/Users/3c0z/Desktop/Depicable.mp4
[2016.03.30-05.30.22:311][628]LogWmfMedia:Error: Failed to create source object from URL for C:/Users/3c0z/Desktop/Depicable.mp4
[2016.03.30-05.30.22:326][628]LogContentBrowser:Verbose: The content browser source was changed by the sources view to 'None'
[2016.03.30-05.30.22:327][628]LogContentBrowser:Verbose: The content browser source was changed by the sources view to '/Game/SmartTVCurved/Texture'
[2016.03.30-05.30.26:376][714]LogContentBrowser:Verbose: The content browser source was changed by the sources view to '/Game/SmartTVCurved/Texture'
[2016.03.30-05.30.32:300][852]LogFileHelpers: Editor autosave (incl. sublevels) for '/Game/tv-prueba' took 0.130
[2016.03.30-05.30.32:351][852]OBJ SavePackage: Generating thumbnails for [0] asset(s) in package [/Game/SmartTVCurved/Texture/Depicable] ([1] browsable assets)...
[2016.03.30-05.30.32:378][852]OBJ SavePackage: Finished generating thumbnails for package [/Game/SmartTVCurved/Texture/Depicable]
[2016.03.30-05.30.32:602][852]LogSavePackage: Save=203.863052ms
[2016.03.30-05.30.32:604][852]LogSavePackage: Moving '../../../../../../Users/3c0z/Documents/Assets/ELECTRONICASSETS/Saved/Depicable_Auto81BA314744B0FEF1278DF3EA7D87A2BA6.tmp' to '../../../../../../Users/3c0z/Documents/Assets/ELECTRONICASSETS/Saved/Autosaves/Game/SmartTVCurved/Texture/Depicable_Auto8.uasset'
[2016.03.30-05.30.32:725][852]OBJ SavePackage: Generating thumbnails for [1] asset(s) in package [/Game/SmartTVCurved/Texture/Depicable_Wav] ([1] browsable assets)...
[2016.03.30-05.30.32:767][852]OBJ SavePackage:     Rendered thumbnail for [MediaSoundWave /Game/SmartTVCurved/Texture/Depicable_Wav.Depicable_Wav]
[2016.03.30-05.30.32:767][852]OBJ SavePackage: Finished generating thumbnails for package [/Game/SmartTVCurved/Texture/Depicable_Wav]
[2016.03.30-05.30.32:996][852]LogSavePackage: Save=215.431015ms
[2016.03.30-05.30.32:998][852]LogSavePackage: Moving '../../../../../../Users/3c0z/Documents/Assets/ELECTRONICASSETS/Saved/Depicable_Wav_Auto8966D58F24E9FC0985473F3B2599F9BAC.tmp' to '../../../../../../Users/3c0z/Documents/Assets/ELECTRONICASSETS/Saved/Autosaves/Game/SmartTVCurved/Texture/Depicable_Wav_Auto8.uasset'
[2016.03.30-05.30.33:026][852]LogFileHelpers: Auto-saving content packages took 0.726
[2016.03.30-05.32.58:516][280]BlueprintLog: New page: Pre-PIE auto-recompile
[2016.03.30-05.32.58:555][280]LogPlayLevel: [PIE] Compiling Pantalla-Curva-A4A before PIE...
[2016.03.30-05.32.58:967][280]LogPlayLevel: PIE:  Blueprint regeneration took 451 ms (1 blueprints)
[2016.03.30-05.32.58:968][280]PIE: New page: PIE session: tv-prueba (Mar 29, 2016, 5:32:58 PM)
[2016.03.30-05.32.58:975][280]LogPlayLevel: PIE: StaticDuplicateObject took: (0.005928s)
[2016.03.30-05.32.58:978][280]LogPlayLevel: PIE: World Init took: (0.003257s)
[2016.03.30-05.32.58:979][280]LogPlayLevel: PIE: Created PIE world by copying editor world from /Game/tv-prueba.tv-prueba to /Game/UEDPIE_0_tv-prueba.tv-prueba (0.009637s)
[2016.03.30-05.32.59:020][280]LogWorld: Game class is 'GameMode'
[2016.03.30-05.32.59:024][280]LogAIModule: Creating AISystem for world tv-prueba
[2016.03.30-05.32.59:034][280]LogWorld: Bringing World /Game/UEDPIE_0_tv-prueba.tv-prueba up for play (max tick rate 0) at 2016.03.29-23.32.59
[2016.03.30-05.32.59:036][280]LogWorld: Bringing up level for play took: 0.010787
[2016.03.30-05.32.59:043][280]PIE: Info Play in editor start time for /Game/UEDPIE_0_tv-prueba -0.116
[2016.03.30-05.33.05:325][510]LogParticles: Destroying 0 GPU particle simulations for FXSystem 0x000000002FCAA480
[2016.03.30-05.33.05:328][510]LogActorComponent: ReregisterComponent: (/Game/tv-prueba.tv-prueba:PersistentLevel.AmbientSound_1.AudioComponent0) Not currently registered. Aborting.
[2016.03.30-05.33.52:563][351]LogContentBrowser:Verbose: The content browser source was changed by the sources view to '/Game/SmartTVCurved/Blueprint'
[2016.03.30-05.34.03:789][731]BlueprintLog: New page: Pre-PIE auto-recompile
[2016.03.30-05.34.03:849][731]LogPlayLevel: [PIE] Compiling Pantalla-Curva-A4A before PIE...
[2016.03.30-05.34.04:374][731]LogPlayLevel: PIE:  Blueprint regeneration took 583 ms (1 blueprints)
[2016.03.30-05.34.04:374][731]PIE: New page: PIE session: tv-prueba (Mar 29, 2016, 5:34:04 PM)
[2016.03.30-05.34.04:384][731]LogPlayLevel: PIE: StaticDuplicateObject took: (0.008083s)
[2016.03.30-05.34.04:386][731]LogPlayLevel: PIE: World Init took: (0.002181s)
[2016.03.30-05.34.04:386][731]LogPlayLevel: PIE: Created PIE world by copying editor world from /Game/tv-prueba.tv-prueba to /Game/UEDPIE_0_tv-prueba.tv-prueba (0.010675s)
[2016.03.30-05.34.04:447][731]LogWorld: Game class is 'GameMode'
[2016.03.30-05.34.04:452][731]LogAIModule: Creating AISystem for world tv-prueba
[2016.03.30-05.34.04:464][731]LogWorld: Bringing World /Game/UEDPIE_0_tv-prueba.tv-prueba up for play (max tick rate 0) at 2016.03.29-23.34.04
[2016.03.30-05.34.04:467][731]LogWorld: Bringing up level for play took: 0.012827
[2016.03.30-05.34.04:525][731]PIE: Info Play in editor start time for /Game/UEDPIE_0_tv-prueba 1.363
[2016.03.30-05.34.12:892][941]LogParticles: Destroying 0 GPU particle simulations for FXSystem 0x00000000484B49A0
[2016.03.30-05.34.12:894][941]LogActorComponent: ReregisterComponent: (/Game/tv-prueba.tv-prueba:PersistentLevel.AmbientSound_1.AudioComponent0) Not currently registered. Aborting.
[2016.03.30-05.34.18:007][114]LogPlayLevel: PIE:  No blueprints needed recompiling
[2016.03.30-05.34.18:007][114]PIE: New page: PIE session: tv-prueba (Mar 29, 2016, 5:34:18 PM)
[2016.03.30-05.34.18:020][114]LogPlayLevel: PIE: StaticDuplicateObject took: (0.011642s)
[2016.03.30-05.34.18:023][114]LogPlayLevel: PIE: World Init took: (0.003035s)
[2016.03.30-05.34.18:024][114]LogPlayLevel: PIE: Created PIE world by copying editor world from /Game/tv-prueba.tv-prueba to /Game/UEDPIE_0_tv-prueba.tv-prueba (0.015119s)
[2016.03.30-05.34.18:111][114]LogWorld: Game class is 'GameMode'
[2016.03.30-05.34.18:117][114]LogAIModule: Creating AISystem for world tv-prueba
[2016.03.30-05.34.18:128][114]LogWorld: Bringing World /Game/UEDPIE_0_tv-prueba.tv-prueba up for play (max tick rate 0) at 2016.03.29-23.34.18
[2016.03.30-05.34.18:131][114]LogWorld: Bringing up level for play took: 0.011725
[2016.03.30-05.34.18:240][114]PIE: Info Play in editor start time for /Game/UEDPIE_0_tv-prueba 1.078
[2016.03.30-05.34.32:585][460]LogParticles: Destroying 0 GPU particle simulations for FXSystem 0x0000000031A4E700
[2016.03.30-05.34.32:614][460]LogActorComponent: ReregisterComponent: (/Game/tv-prueba.tv-prueba:PersistentLevel.AmbientSound_1.AudioComponent0) Not currently registered. Aborting.
[2016.03.30-05.40.04:346][749]LogContentBrowser:Verbose: The content browser source was changed by the sources view to '/Game/SmartTVCurved/Mesh'
[2016.03.30-05.40.04:849][756]LogContentBrowser:Verbose: The content browser source was changed by the sources view to '/Game/SmartTVCurved/Texture'
[2016.03.30-05.41.06:740][834]Cmd: OBJ SAVEPACKAGE PACKAGE="/Game/tv-prueba" FILE="../../../../../../Users/3c0z/Documents/Assets/ELECTRONICASSETS/Saved/Autosaves/Game/tv-prueba_Auto9.umap" SILENT=true AUTOSAVING=true KEEPDIRTY=false
[2016.03.30-05.41.07:248][834]LogSavePackage: Save=271.176361ms
[2016.03.30-05.41.07:248][834]LogSavePackage: Moving '../../../../../../Users/3c0z/Documents/Assets/ELECTRONICASSETS/Saved/tv-prueba_Auto97DFB666848644755FCE4ED8935606700.tmp' to '../../../../../../Users/3c0z/Documents/Assets/ELECTRONICASSETS/Saved/Autosaves/Game/tv-prueba_Auto9.umap'
[2016.03.30-05.41.07:274][834]LogFileHelpers: Editor autosave (incl. sublevels) for '/Game/tv-prueba' took 0.760
[2016.03.30-05.41.07:274][834]LogFileHelpers: Editor autosave (incl. sublevels) for all levels took 0.760
[2016.03.30-05.41.07:329][834]OBJ SavePackage: Generating thumbnails for [1] asset(s) in package [/Game/SmartTVCurved/Blueprint/Pantalla-Curva-A4A] ([1] browsable assets)...
[2016.03.30-05.41.07:380][834]OBJ SavePackage:     Rendered thumbnail for [Blueprint /Game/SmartTVCurved/Blueprint/Pantalla-Curva-A4A.Pantalla-Curva-A4A]
[2016.03.30-05.41.07:380][834]OBJ SavePackage: Finished generating thumbnails for package [/Game/SmartTVCurved/Blueprint/Pantalla-Curva-A4A]
[2016.03.30-05.41.08:532][834]LogSavePackage: Save=992.772217ms
[2016.03.30-05.41.08:536][834]LogSavePackage: Moving '../../../../../../Users/3c0z/Documents/Assets/ELECTRONICASSETS/Saved/Pantalla-Curva-A4A_Auto9F3F8F9AD42144DDAEE5AFE9B49B0F176.tmp' to '../../../../../../Users/3c0z/Documents/Assets/ELECTRONICASSETS/Saved/Autosaves/Game/SmartTVCurved/Blueprint/Pantalla-Curva-A4A_Auto9.uasset'
[2016.03.30-05.41.08:580][834]LogFileHelpers: Auto-saving content packages took 1.305
[2016.03.30-05.41.36:550][347]LogContentBrowser:Verbose: The content browser source was changed by the sources view to '/Game/SmartTVCurved/Texture/NewFolder'
[2016.03.30-05.41.38:649][408]LogContentBrowser:Verbose: The content browser source was changed by the sources view to '/Game/SmartTVCurved/Texture/NewFolder'
[2016.03.30-05.41.46:040][601]LogContentBrowser:Verbose: The content browser source was changed by the sources view to '/Game/NewFolder'
[2016.03.30-05.41.49:523][697]LogContentBrowser:Verbose: The content browser source was changed by the sources view to '/Game/y'
[2016.03.30-05.41.53:099][793]LogContentBrowser:Verbose: The content browser source was changed by the sources view to '/Game/SmartTVCurved'
[2016.03.30-05.41.54:814][826]LogContentBrowser:Verbose: The content browser source was changed by the sources view to '/Game/SmartTVCurved/NewFolder'
[2016.03.30-05.41.57:069][889]LogContentBrowser:Verbose: The content browser source was changed by the sources view to '/Game/SmartTVCurved/Movies'
[2016.03.30-05.42.03:092][ 32]LogFactory: FactoryCreateBinary: MediaPlayer with MediaPlayerFactory (0 0 C:\Users\3c0z\Desktop\Depicable.mp4)
[2016.03.30-05.42.03:096][ 32]LogWmfMedia:Error: Failed to create source object from URL for C:/Users/3c0z/Desktop/Depicable.mp4
[2016.03.30-05.42.03:115][ 32]LogWmfMedia:Error: Failed to create source object from URL for C:/Users/3c0z/Desktop/Depicable.mp4
[2016.03.30-05.42.03:128][ 32]LogContentBrowser:Verbose: The content browser source was changed by the sources view to 'None'
[2016.03.30-05.42.03:128][ 32]LogContentBrowser:Verbose: The content browser source was changed by the sources view to '/Game/SmartTVCurved/Movies'
[2016.03.30-05.42.12:290][705]LogWmfMedia:Error: Failed to create source object from URL for C:/Users/3c0z/Desktop/Depicable.mp4
[2016.03.30-05.43.02:931][171]LogContentBrowser:Verbose: The content browser source was changed by the sources view to '/Game/SmartTVCurved/Texture'
[2016.03.30-05.43.11:920][258]LogObjectTools:Warning: ForceReplaceReferences replaced references for a transient object 'Pantalla-Curva-A4A_C_7' or package '/Engine/Transient'.
[2016.03.30-05.43.11:920][258]LogObjectTools:Warning: ForceReplaceReferences replaced references for a transient object 'Default__REINST_Pantalla-Curva-A4A_C_88' or package '/Engine/Transient'.
[2016.03.30-05.43.11:973][258]LogActorComponent: RegisterComponentWithWorld: (/Engine/Transient.World_5:PersistentLevel.Pantalla-Curva-A4A_C_14.StaticMesh) Trying to register component with IsPendingKill() == true. Aborting.
[2016.03.30-05.43.11:974][258]LogObjectTools:Warning: ForceReplaceReferences replaced references for a transient object 'Pantalla-Curva-A4A_C_14' or package '/Engine/Transient'.
[2016.03.30-05.43.12:828][258]LogParticles: Destroying 0 GPU particle simulations for FXSystem 0x0000000035D93E20
[2016.03.30-05.43.20:475][429]LogContentBrowser:Verbose: The content browser source was changed by the sources view to '/Game/SmartTVCurved/Movies'
[2016.03.30-05.43.33:445][705]LogFactory: FactoryCreateBinary: MediaPlayer with MediaPlayerFactory (0 0 C:\Users\3c0z\Desktop\Despicable Me.mp4)
[2016.03.30-05.43.33:949][705]LogContentBrowser:Verbose: The content browser source was changed by the sources view to 'None'
[2016.03.30-05.43.33:950][705]LogContentBrowser:Verbose: The content browser source was changed by the sources view to '/Game/SmartTVCurved/Movies'
[2016.03.30-05.50.44:259][290]LogFactory: FactoryCreateBinary: MediaPlayer with MediaPlayerFactory (0 0 C:\Users\3c0z\Desktop\Despicable Me- Banana Song (50 sec).avi)
[2016.03.30-05.50.44:515][290]LogContentBrowser:Verbose: The content browser source was changed by the sources view to 'None'
[2016.03.30-05.50.44:516][290]LogContentBrowser:Verbose: The content browser source was changed by the sources view to '/Game/SmartTVCurved/Movies'
[2016.03.30-05.51.11:593][651]Cmd: OBJ SAVEPACKAGE PACKAGE="/Game/tv-prueba" FILE="../../../../../../Users/3c0z/Documents/Assets/ELECTRONICASSETS/Saved/Autosaves/Game/tv-prueba_Auto0.umap" SILENT=true AUTOSAVING=true KEEPDIRTY=false
[2016.03.30-05.51.12:646][651]LogSavePackage: Save=589.586731ms
[2016.03.30-05.51.12:647][651]LogSavePackage: Moving '../../../../../../Users/3c0z/Documents/Assets/ELECTRONICASSETS/Saved/tv-prueba_Auto0161668F5415C7C02E8664CB5DC9EFDFB.tmp' to '../../../../../../Users/3c0z/Documents/Assets/ELECTRONICASSETS/Saved/Autosaves/Game/tv-prueba_Auto0.umap'
[2016.03.30-05.51.12:739][651]LogFileHelpers: Editor autosave (incl. sublevels) for '/Game/tv-prueba' took 1.462
[2016.03.30-05.51.12:739][651]LogFileHelpers: Editor autosave (incl. sublevels) for all levels took 1.462
[2016.03.30-05.51.13:025][651]OBJ SavePackage: Generating thumbnails for [1] asset(s) in package [/Game/SmartTVCurved/Blueprint/Pantalla-Curva-A4A] ([1] browsable assets)...
[2016.03.30-05.51.13:126][651]OBJ SavePackage:     Rendered thumbnail for [Blueprint /Game/SmartTVCurved/Blueprint/Pantalla-Curva-A4A.Pantalla-Curva-A4A]
[2016.03.30-05.51.13:126][651]OBJ SavePackage: Finished generating thumbnails for package [/Game/SmartTVCurved/Blueprint/Pantalla-Curva-A4A]
[2016.03.30-05.51.15:619][651]LogSavePackage: Save=2201.378174ms
[2016.03.30-05.51.15:622][651]LogSavePackage: Moving '../../../../../../Users/3c0z/Documents/Assets/ELECTRONICASSETS/Saved/Pantalla-Curva-A4A_Auto020A5D6A4459936BEA119AB94678806EC.tmp' to '../../../../../../Users/3c0z/Documents/Assets/ELECTRONICASSETS/Saved/Autosaves/Game/SmartTVCurved/Blueprint/Pantalla-Curva-A4A_Auto0.uasset'
[2016.03.30-05.51.15:775][651]OBJ SavePackage: Generating thumbnails for [0] asset(s) in package [/Game/SmartTVCurved/Movies/Despicable_Me-_Banana_Song__50_sec_] ([1] browsable assets)...
[2016.03.30-05.51.15:775][651]OBJ SavePackage: Finished generating thumbnails for package [/Game/SmartTVCurved/Movies/Despicable_Me-_Banana_Song__50_sec_]
[2016.03.30-05.51.16:172][651]LogSavePackage: Save=365.509674ms
[2016.03.30-05.51.16:174][651]Log